Mon Mar 17 15:29:51 2025       
+-----------------------------------------------------------------------------------------+
| NVIDIA-SMI 570.124.06             Driver Version: 570.124.06     CUDA Version: 12.8     |
|-----------------------------------------+------------------------+----------------------+
| GPU  Name                 Persistence-M | Bus-Id          Disp.A | Volatile Uncorr. ECC |
| Fan  Temp   Perf          Pwr:Usage/Cap |           Memory-Usage | GPU-Util  Compute M. |
|                                         |                        |               MIG M. |
|=========================================+========================+======================|
|   0  Tesla V100-PCIE-32GB           On  |   00000000:0B:00.0 Off |                    0 |
| N/A   23C    P0             25W /  250W |       1MiB /  32768MiB |      0%      Default |
|                                         |                        |                  N/A |
+-----------------------------------------+------------------------+----------------------+
                                                                                         
+-----------------------------------------------------------------------------------------+
| Processes:                                                                              |
|  GPU   GI   CI              PID   Type   Process name                        GPU Memory |
|        ID   ID                                                               Usage      |
|=========================================================================================|
|  No running processes found                                                             |
+-----------------------------------------------------------------------------------------+
New https://pypi.org/project/ultralytics/8.3.91 available 😃 Update with 'pip install -U ultralytics'
Ultralytics 8.3.88 🚀 Python-3.10.12 torch-2.6.0+cu124 CUDA:0 (Tesla V100-PCIE-32GB, 32494MiB)
[34m[1mengine/trainer: [0mtask=detect, mode=train, model=yolo11m.pt, data=data/pas-cpg512/dataset.yaml, epochs=200, time=None, patience=100, batch=16, imgsz=512, save=True, save_period=-1, cache=False, device=None, workers=0, project=yolo/yolo11m, name=img512_ep200, exist_ok=False, pretrained=True, optimizer=auto, verbose=True, seed=0, deterministic=True, single_cls=False, rect=False, cos_lr=True, close_mosaic=10, resume=False, amp=True, fraction=1.0, profile=False, freeze=None, multi_scale=False, overlap_mask=True, mask_ratio=4, dropout=0.0, val=True, split=val, save_json=False, save_hybrid=False, conf=None, iou=0.7, max_det=300, half=False, dnn=False, plots=True, source=None, vid_stride=1, stream_buffer=False, visualize=False, augment=False, agnostic_nms=False, classes=None, retina_masks=False, embed=None, show=False, save_frames=False, save_txt=False, save_conf=False, save_crop=False, show_labels=True, show_conf=True, show_boxes=True, line_width=None, format=torchscript, keras=False, optimize=False, int8=False, dynamic=False, simplify=True, opset=None, workspace=None, nms=False, lr0=0.01, lrf=0.01, momentum=0.937, weight_decay=0.0005, warmup_epochs=3.0, warmup_momentum=0.8, warmup_bias_lr=0.1, box=7.5, cls=0.5, dfl=1.5, pose=12.0, kobj=1.0, nbs=64, hsv_h=0.015, hsv_s=0.7, hsv_v=0.4, degrees=0.0, translate=0.1, scale=0.5, shear=0.0, perspective=0.0, flipud=0.0, fliplr=0.5, bgr=0.0, mosaic=1.0, mixup=0.0, copy_paste=0.0, copy_paste_mode=flip, auto_augment=randaugment, erasing=0.4, crop_fraction=1.0, cfg=None, tracker=botsort.yaml, save_dir=yolo/yolo11m/img512_ep200
Overriding model.yaml nc=80 with nc=2

                   from  n    params  module                                       arguments                     
  0                  -1  1      1856  ultralytics.nn.modules.conv.Conv             [3, 64, 3, 2]                 
  1                  -1  1     73984  ultralytics.nn.modules.conv.Conv             [64, 128, 3, 2]               
  2                  -1  1    111872  ultralytics.nn.modules.block.C3k2            [128, 256, 1, True, 0.25]     
  3                  -1  1    590336  ultralytics.nn.modules.conv.Conv             [256, 256, 3, 2]              
  4                  -1  1    444928  ultralytics.nn.modules.block.C3k2            [256, 512, 1, True, 0.25]     
  5                  -1  1   2360320  ultralytics.nn.modules.conv.Conv             [512, 512, 3, 2]              
  6                  -1  1   1380352  ultralytics.nn.modules.block.C3k2            [512, 512, 1, True]           
  7                  -1  1   2360320  ultralytics.nn.modules.conv.Conv             [512, 512, 3, 2]              
  8                  -1  1   1380352  ultralytics.nn.modules.block.C3k2            [512, 512, 1, True]           
  9                  -1  1    656896  ultralytics.nn.modules.block.SPPF            [512, 512, 5]                 
 10                  -1  1    990976  ultralytics.nn.modules.block.C2PSA           [512, 512, 1]                 
 11                  -1  1         0  torch.nn.modules.upsampling.Upsample         [None, 2, 'nearest']          
 12             [-1, 6]  1         0  ultralytics.nn.modules.conv.Concat           [1]                           
 13                  -1  1   1642496  ultralytics.nn.modules.block.C3k2            [1024, 512, 1, True]          
 14                  -1  1         0  torch.nn.modules.upsampling.Upsample         [None, 2, 'nearest']          
 15             [-1, 4]  1         0  ultralytics.nn.modules.conv.Concat           [1]                           
 16                  -1  1    542720  ultralytics.nn.modules.block.C3k2            [1024, 256, 1, True]          
 17                  -1  1    590336  ultralytics.nn.modules.conv.Conv             [256, 256, 3, 2]              
 18            [-1, 13]  1         0  ultralytics.nn.modules.conv.Concat           [1]                           
 19                  -1  1   1511424  ultralytics.nn.modules.block.C3k2            [768, 512, 1, True]           
 20                  -1  1   2360320  ultralytics.nn.modules.conv.Conv             [512, 512, 3, 2]              
 21            [-1, 10]  1         0  ultralytics.nn.modules.conv.Concat           [1]                           
 22                  -1  1   1642496  ultralytics.nn.modules.block.C3k2            [1024, 512, 1, True]          
 23        [16, 19, 22]  1   1412566  ultralytics.nn.modules.head.Detect           [2, [256, 512, 512]]          
YOLO11m summary: 231 layers, 20,054,550 parameters, 20,054,534 gradients, 68.2 GFLOPs

Transferred 643/649 items from pretrained weights
Freezing layer 'model.23.dfl.conv.weight'
[34m[1mAMP: [0mrunning Automatic Mixed Precision (AMP) checks...
[34m[1mAMP: [0mchecks passed ✅
[34m[1mtrain: [0mNew cache created: /home/tupystep/monkey_challenge/data/pas-cpg512/labels.cache
[34m[1mval: [0mNew cache created: /home/tupystep/monkey_challenge/data/pas-cpg512/labels.cache
Plotting labels to yolo/yolo11m/img512_ep200/labels.jpg... 
[34m[1moptimizer:[0m 'optimizer=auto' found, ignoring 'lr0=0.01' and 'momentum=0.937' and determining best 'optimizer', 'lr0' and 'momentum' automatically... 
[34m[1moptimizer:[0m AdamW(lr=0.001667, momentum=0.9) with parameter groups 106 weight(decay=0.0), 113 weight(decay=0.0005), 112 bias(decay=0.0)
Image sizes 512 train, 512 val
Using 0 dataloader workers
Logging results to [1myolo/yolo11m/img512_ep200[0m
Starting training for 200 epochs...

      Epoch    GPU_mem   box_loss   cls_loss   dfl_loss  Instances       Size
                   all        215       5771       0.27      0.453      0.334      0.135

      Epoch    GPU_mem   box_loss   cls_loss   dfl_loss  Instances       Size
                   all        215       5771      0.763      0.297      0.342      0.147

      Epoch    GPU_mem   box_loss   cls_loss   dfl_loss  Instances       Size
                   all        215       5771      0.294      0.389       0.29     0.0826

      Epoch    GPU_mem   box_loss   cls_loss   dfl_loss  Instances       Size
                   all        215       5771      0.311      0.501      0.388      0.174

      Epoch    GPU_mem   box_loss   cls_loss   dfl_loss  Instances       Size
                   all        215       5771      0.762      0.273      0.282     0.0891

      Epoch    GPU_mem   box_loss   cls_loss   dfl_loss  Instances       Size
                   all        215       5771      0.341      0.561      0.435      0.226

      Epoch    GPU_mem   box_loss   cls_loss   dfl_loss  Instances       Size
                   all        215       5771      0.262      0.617      0.406      0.164

      Epoch    GPU_mem   box_loss   cls_loss   dfl_loss  Instances       Size
                   all        215       5771      0.407      0.502      0.418      0.175

      Epoch    GPU_mem   box_loss   cls_loss   dfl_loss  Instances       Size
                   all        215       5771      0.385      0.547      0.401      0.153

      Epoch    GPU_mem   box_loss   cls_loss   dfl_loss  Instances       Size
                   all        215       5771      0.344      0.608      0.465      0.222

      Epoch    GPU_mem   box_loss   cls_loss   dfl_loss  Instances       Size
                   all        215       5771      0.376      0.603       0.47      0.211

      Epoch    GPU_mem   box_loss   cls_loss   dfl_loss  Instances       Size
                   all        215       5771      0.415      0.536      0.436      0.167

      Epoch    GPU_mem   box_loss   cls_loss   dfl_loss  Instances       Size
                   all        215       5771      0.283      0.513      0.364      0.125

      Epoch    GPU_mem   box_loss   cls_loss   dfl_loss  Instances       Size
                   all        215       5771      0.413      0.584      0.452      0.158

      Epoch    GPU_mem   box_loss   cls_loss   dfl_loss  Instances       Size
                   all        215       5771      0.361      0.585      0.445       0.15

      Epoch    GPU_mem   box_loss   cls_loss   dfl_loss  Instances       Size
                   all        215       5771      0.415      0.581       0.49      0.284

      Epoch    GPU_mem   box_loss   cls_loss   dfl_loss  Instances       Size
                   all        215       5771      0.358      0.552      0.443      0.211

      Epoch    GPU_mem   box_loss   cls_loss   dfl_loss  Instances       Size
                   all        215       5771      0.412      0.589      0.508      0.268

      Epoch    GPU_mem   box_loss   cls_loss   dfl_loss  Instances       Size
                   all        215       5771      0.365      0.479      0.358      0.105

      Epoch    GPU_mem   box_loss   cls_loss   dfl_loss  Instances       Size
                   all        215       5771      0.395      0.537      0.432      0.171

      Epoch    GPU_mem   box_loss   cls_loss   dfl_loss  Instances       Size
                   all        215       5771      0.455      0.589      0.512      0.304

      Epoch    GPU_mem   box_loss   cls_loss   dfl_loss  Instances       Size
                   all        215       5771       0.45      0.595      0.507      0.287

      Epoch    GPU_mem   box_loss   cls_loss   dfl_loss  Instances       Size
                   all        215       5771      0.346       0.48      0.382      0.112

      Epoch    GPU_mem   box_loss   cls_loss   dfl_loss  Instances       Size
                   all        215       5771       0.48      0.602      0.542      0.324

      Epoch    GPU_mem   box_loss   cls_loss   dfl_loss  Instances       Size
                   all        215       5771      0.326      0.555      0.443      0.217

      Epoch    GPU_mem   box_loss   cls_loss   dfl_loss  Instances       Size
                   all        215       5771      0.445      0.568      0.486      0.227

      Epoch    GPU_mem   box_loss   cls_loss   dfl_loss  Instances       Size
                   all        215       5771      0.349      0.465      0.361      0.135

      Epoch    GPU_mem   box_loss   cls_loss   dfl_loss  Instances       Size
                   all        215       5771      0.431      0.596      0.519      0.301

      Epoch    GPU_mem   box_loss   cls_loss   dfl_loss  Instances       Size
                   all        215       5771      0.468      0.608      0.545      0.294

      Epoch    GPU_mem   box_loss   cls_loss   dfl_loss  Instances       Size
                   all        215       5771      0.448      0.503       0.48      0.171

      Epoch    GPU_mem   box_loss   cls_loss   dfl_loss  Instances       Size
                   all        215       5771       0.47      0.582      0.524      0.315

      Epoch    GPU_mem   box_loss   cls_loss   dfl_loss  Instances       Size
                   all        215       5771      0.459       0.63      0.559      0.342

      Epoch    GPU_mem   box_loss   cls_loss   dfl_loss  Instances       Size
                   all        215       5771      0.357      0.318      0.262      0.101

      Epoch    GPU_mem   box_loss   cls_loss   dfl_loss  Instances       Size
                   all        215       5771      0.428      0.531      0.446      0.182

      Epoch    GPU_mem   box_loss   cls_loss   dfl_loss  Instances       Size
                   all        215       5771      0.446      0.639      0.562       0.34

      Epoch    GPU_mem   box_loss   cls_loss   dfl_loss  Instances       Size
                   all        215       5771       0.39      0.627      0.531       0.32

      Epoch    GPU_mem   box_loss   cls_loss   dfl_loss  Instances       Size
                   all        215       5771      0.468      0.603       0.56      0.328

      Epoch    GPU_mem   box_loss   cls_loss   dfl_loss  Instances       Size
                   all        215       5771      0.358       0.44      0.349     0.0827

      Epoch    GPU_mem   box_loss   cls_loss   dfl_loss  Instances       Size
                   all        215       5771      0.456      0.596      0.499      0.301

      Epoch    GPU_mem   box_loss   cls_loss   dfl_loss  Instances       Size
                   all        215       5771      0.473      0.563      0.509      0.239

      Epoch    GPU_mem   box_loss   cls_loss   dfl_loss  Instances       Size
                   all        215       5771      0.344      0.592      0.473      0.253

      Epoch    GPU_mem   box_loss   cls_loss   dfl_loss  Instances       Size
                   all        215       5771      0.513      0.608      0.564      0.349

      Epoch    GPU_mem   box_loss   cls_loss   dfl_loss  Instances       Size
                   all        215       5771       0.41      0.544      0.423      0.104

      Epoch    GPU_mem   box_loss   cls_loss   dfl_loss  Instances       Size
                   all        215       5771      0.398      0.489      0.416      0.149

      Epoch    GPU_mem   box_loss   cls_loss   dfl_loss  Instances       Size
                   all        215       5771      0.504      0.624      0.569      0.355

      Epoch    GPU_mem   box_loss   cls_loss   dfl_loss  Instances       Size
                   all        215       5771      0.482      0.603      0.525      0.287

      Epoch    GPU_mem   box_loss   cls_loss   dfl_loss  Instances       Size
                   all        215       5771      0.436      0.541      0.446      0.152

      Epoch    GPU_mem   box_loss   cls_loss   dfl_loss  Instances       Size
                   all        215       5771      0.461      0.571      0.507       0.18

      Epoch    GPU_mem   box_loss   cls_loss   dfl_loss  Instances       Size
                   all        215       5771      0.444      0.541      0.481      0.214

      Epoch    GPU_mem   box_loss   cls_loss   dfl_loss  Instances       Size
                   all        215       5771      0.503      0.615      0.558      0.305

      Epoch    GPU_mem   box_loss   cls_loss   dfl_loss  Instances       Size
                   all        215       5771      0.483      0.575      0.518      0.263

      Epoch    GPU_mem   box_loss   cls_loss   dfl_loss  Instances       Size
                   all        215       5771      0.476      0.605      0.546       0.34

      Epoch    GPU_mem   box_loss   cls_loss   dfl_loss  Instances       Size
                   all        215       5771      0.462      0.575      0.507      0.259

      Epoch    GPU_mem   box_loss   cls_loss   dfl_loss  Instances       Size
                   all        215       5771      0.413      0.599      0.505      0.185

      Epoch    GPU_mem   box_loss   cls_loss   dfl_loss  Instances       Size
                   all        215       5771      0.418      0.508      0.424      0.153

      Epoch    GPU_mem   box_loss   cls_loss   dfl_loss  Instances       Size
                   all        215       5771      0.522       0.61      0.572      0.315

      Epoch    GPU_mem   box_loss   cls_loss   dfl_loss  Instances       Size
                   all        215       5771      0.507      0.617      0.566      0.345

      Epoch    GPU_mem   box_loss   cls_loss   dfl_loss  Instances       Size
                   all        215       5771      0.501      0.624      0.563      0.319

      Epoch    GPU_mem   box_loss   cls_loss   dfl_loss  Instances       Size
                   all        215       5771      0.464      0.615      0.551        0.3

      Epoch    GPU_mem   box_loss   cls_loss   dfl_loss  Instances       Size
                   all        215       5771      0.462      0.632      0.569      0.322

      Epoch    GPU_mem   box_loss   cls_loss   dfl_loss  Instances       Size
                   all        215       5771      0.495      0.578       0.54      0.221

      Epoch    GPU_mem   box_loss   cls_loss   dfl_loss  Instances       Size
                   all        215       5771      0.431      0.527      0.435      0.123

      Epoch    GPU_mem   box_loss   cls_loss   dfl_loss  Instances       Size
                   all        215       5771      0.486      0.608      0.567      0.334

      Epoch    GPU_mem   box_loss   cls_loss   dfl_loss  Instances       Size
                   all        215       5771      0.473      0.619      0.539      0.277

      Epoch    GPU_mem   box_loss   cls_loss   dfl_loss  Instances       Size
                   all        215       5771       0.34      0.355      0.271     0.0619

      Epoch    GPU_mem   box_loss   cls_loss   dfl_loss  Instances       Size
                   all        215       5771      0.508      0.589      0.546      0.247

      Epoch    GPU_mem   box_loss   cls_loss   dfl_loss  Instances       Size
                   all        215       5771      0.516      0.608      0.573       0.33

      Epoch    GPU_mem   box_loss   cls_loss   dfl_loss  Instances       Size
                   all        215       5771      0.551      0.589      0.585      0.347

      Epoch    GPU_mem   box_loss   cls_loss   dfl_loss  Instances       Size
                   all        215       5771      0.514      0.606      0.556      0.274

      Epoch    GPU_mem   box_loss   cls_loss   dfl_loss  Instances       Size
                   all        215       5771      0.367      0.467      0.366      0.099

      Epoch    GPU_mem   box_loss   cls_loss   dfl_loss  Instances       Size
                   all        215       5771      0.519      0.611      0.575      0.335

      Epoch    GPU_mem   box_loss   cls_loss   dfl_loss  Instances       Size
                   all        215       5771      0.524      0.601      0.563      0.255

      Epoch    GPU_mem   box_loss   cls_loss   dfl_loss  Instances       Size
                   all        215       5771      0.508      0.622      0.581      0.356

      Epoch    GPU_mem   box_loss   cls_loss   dfl_loss  Instances       Size
                   all        215       5771      0.517      0.608      0.562      0.266

      Epoch    GPU_mem   box_loss   cls_loss   dfl_loss  Instances       Size
                   all        215       5771      0.539      0.621      0.584      0.337

      Epoch    GPU_mem   box_loss   cls_loss   dfl_loss  Instances       Size
                   all        215       5771      0.472       0.64      0.568      0.333

      Epoch    GPU_mem   box_loss   cls_loss   dfl_loss  Instances       Size
                   all        215       5771      0.499       0.59      0.554      0.295

      Epoch    GPU_mem   box_loss   cls_loss   dfl_loss  Instances       Size
                   all        215       5771      0.481       0.56      0.509      0.219

      Epoch    GPU_mem   box_loss   cls_loss   dfl_loss  Instances       Size
                   all        215       5771      0.515      0.585      0.556      0.302

      Epoch    GPU_mem   box_loss   cls_loss   dfl_loss  Instances       Size
                   all        215       5771      0.492      0.583      0.539      0.271

      Epoch    GPU_mem   box_loss   cls_loss   dfl_loss  Instances       Size
                   all        215       5771      0.506      0.616      0.559      0.328

      Epoch    GPU_mem   box_loss   cls_loss   dfl_loss  Instances       Size
                   all        215       5771      0.551      0.629        0.6      0.378

      Epoch    GPU_mem   box_loss   cls_loss   dfl_loss  Instances       Size
                   all        215       5771      0.396      0.508      0.405      0.112

      Epoch    GPU_mem   box_loss   cls_loss   dfl_loss  Instances       Size
                   all        215       5771      0.482      0.579      0.515      0.212

      Epoch    GPU_mem   box_loss   cls_loss   dfl_loss  Instances       Size
                   all        215       5771      0.499      0.602      0.549      0.321

      Epoch    GPU_mem   box_loss   cls_loss   dfl_loss  Instances       Size
                   all        215       5771      0.538      0.608      0.583        0.3

      Epoch    GPU_mem   box_loss   cls_loss   dfl_loss  Instances       Size
                   all        215       5771      0.546      0.625      0.595      0.316

      Epoch    GPU_mem   box_loss   cls_loss   dfl_loss  Instances       Size
                   all        215       5771      0.552      0.623      0.602      0.378

      Epoch    GPU_mem   box_loss   cls_loss   dfl_loss  Instances       Size
                   all        215       5771       0.53      0.627      0.593      0.328

      Epoch    GPU_mem   box_loss   cls_loss   dfl_loss  Instances       Size
                   all        215       5771      0.471      0.559      0.489      0.157

      Epoch    GPU_mem   box_loss   cls_loss   dfl_loss  Instances       Size
                   all        215       5771      0.516      0.622      0.574      0.301

      Epoch    GPU_mem   box_loss   cls_loss   dfl_loss  Instances       Size
                   all        215       5771      0.523      0.619      0.591      0.268

      Epoch    GPU_mem   box_loss   cls_loss   dfl_loss  Instances       Size
                   all        215       5771      0.535      0.616      0.588      0.319

      Epoch    GPU_mem   box_loss   cls_loss   dfl_loss  Instances       Size
                   all        215       5771      0.564      0.628      0.613      0.376

      Epoch    GPU_mem   box_loss   cls_loss   dfl_loss  Instances       Size
                   all        215       5771      0.515      0.618      0.589      0.314

      Epoch    GPU_mem   box_loss   cls_loss   dfl_loss  Instances       Size
                   all        215       5771      0.555      0.629      0.605       0.36

      Epoch    GPU_mem   box_loss   cls_loss   dfl_loss  Instances       Size
                   all        215       5771       0.54      0.613      0.587      0.332

      Epoch    GPU_mem   box_loss   cls_loss   dfl_loss  Instances       Size
                   all        215       5771      0.525      0.637       0.59      0.325

      Epoch    GPU_mem   box_loss   cls_loss   dfl_loss  Instances       Size
                   all        215       5771      0.547      0.638      0.614      0.342

      Epoch    GPU_mem   box_loss   cls_loss   dfl_loss  Instances       Size
                   all        215       5771      0.563      0.634      0.617      0.372

      Epoch    GPU_mem   box_loss   cls_loss   dfl_loss  Instances       Size
                   all        215       5771      0.574      0.628      0.615      0.374

      Epoch    GPU_mem   box_loss   cls_loss   dfl_loss  Instances       Size
                   all        215       5771      0.536      0.625      0.588      0.288

      Epoch    GPU_mem   box_loss   cls_loss   dfl_loss  Instances       Size
                   all        215       5771      0.544      0.625      0.597      0.317

      Epoch    GPU_mem   box_loss   cls_loss   dfl_loss  Instances       Size
                   all        215       5771      0.537      0.646      0.609      0.373

      Epoch    GPU_mem   box_loss   cls_loss   dfl_loss  Instances       Size
                   all        215       5771      0.474      0.573      0.488      0.132

      Epoch    GPU_mem   box_loss   cls_loss   dfl_loss  Instances       Size
                   all        215       5771      0.567       0.62      0.607      0.336

      Epoch    GPU_mem   box_loss   cls_loss   dfl_loss  Instances       Size
                   all        215       5771      0.554      0.643      0.619      0.374

      Epoch    GPU_mem   box_loss   cls_loss   dfl_loss  Instances       Size
                   all        215       5771       0.56      0.627      0.611      0.356

      Epoch    GPU_mem   box_loss   cls_loss   dfl_loss  Instances       Size
                   all        215       5771      0.584      0.637      0.625      0.394

      Epoch    GPU_mem   box_loss   cls_loss   dfl_loss  Instances       Size
                   all        215       5771      0.562      0.631      0.619      0.365

      Epoch    GPU_mem   box_loss   cls_loss   dfl_loss  Instances       Size
                   all        215       5771      0.559      0.626      0.613      0.341

      Epoch    GPU_mem   box_loss   cls_loss   dfl_loss  Instances       Size
                   all        215       5771      0.535      0.653      0.608      0.348

      Epoch    GPU_mem   box_loss   cls_loss   dfl_loss  Instances       Size
                   all        215       5771       0.57      0.631      0.626      0.384

      Epoch    GPU_mem   box_loss   cls_loss   dfl_loss  Instances       Size
                   all        215       5771      0.551      0.646      0.615      0.358

      Epoch    GPU_mem   box_loss   cls_loss   dfl_loss  Instances       Size
                   all        215       5771      0.551      0.613      0.604      0.359

      Epoch    GPU_mem   box_loss   cls_loss   dfl_loss  Instances       Size
                   all        215       5771      0.565      0.627      0.611      0.337

      Epoch    GPU_mem   box_loss   cls_loss   dfl_loss  Instances       Size
                   all        215       5771      0.552      0.635      0.608      0.324

      Epoch    GPU_mem   box_loss   cls_loss   dfl_loss  Instances       Size
                   all        215       5771      0.557      0.635      0.618      0.364

      Epoch    GPU_mem   box_loss   cls_loss   dfl_loss  Instances       Size
                   all        215       5771      0.561      0.631      0.614      0.337

      Epoch    GPU_mem   box_loss   cls_loss   dfl_loss  Instances       Size
                   all        215       5771      0.573      0.623       0.62      0.359

      Epoch    GPU_mem   box_loss   cls_loss   dfl_loss  Instances       Size
                   all        215       5771      0.567      0.636      0.613      0.338

      Epoch    GPU_mem   box_loss   cls_loss   dfl_loss  Instances       Size
                   all        215       5771      0.558       0.64      0.614      0.347

      Epoch    GPU_mem   box_loss   cls_loss   dfl_loss  Instances       Size
                   all        215       5771      0.543      0.628      0.591      0.313

      Epoch    GPU_mem   box_loss   cls_loss   dfl_loss  Instances       Size
                   all        215       5771      0.552      0.637       0.61      0.325

      Epoch    GPU_mem   box_loss   cls_loss   dfl_loss  Instances       Size
                   all        215       5771      0.563      0.641      0.613      0.337

      Epoch    GPU_mem   box_loss   cls_loss   dfl_loss  Instances       Size
                   all        215       5771      0.542      0.639      0.603      0.313

      Epoch    GPU_mem   box_loss   cls_loss   dfl_loss  Instances       Size
                   all        215       5771      0.564      0.644      0.622      0.356

      Epoch    GPU_mem   box_loss   cls_loss   dfl_loss  Instances       Size
                   all        215       5771      0.561      0.642      0.621      0.367

      Epoch    GPU_mem   box_loss   cls_loss   dfl_loss  Instances       Size
                   all        215       5771      0.548      0.618      0.588      0.285

      Epoch    GPU_mem   box_loss   cls_loss   dfl_loss  Instances       Size
                   all        215       5771      0.559      0.647      0.619      0.356

      Epoch    GPU_mem   box_loss   cls_loss   dfl_loss  Instances       Size
                   all        215       5771      0.561      0.638      0.615      0.344

      Epoch    GPU_mem   box_loss   cls_loss   dfl_loss  Instances       Size
                   all        215       5771      0.561      0.633      0.607      0.335

      Epoch    GPU_mem   box_loss   cls_loss   dfl_loss  Instances       Size
                   all        215       5771      0.568      0.641       0.62      0.353

      Epoch    GPU_mem   box_loss   cls_loss   dfl_loss  Instances       Size
                   all        215       5771      0.547      0.637        0.6      0.297

      Epoch    GPU_mem   box_loss   cls_loss   dfl_loss  Instances       Size
                   all        215       5771      0.578      0.637      0.627      0.369

      Epoch    GPU_mem   box_loss   cls_loss   dfl_loss  Instances       Size
                   all        215       5771      0.568      0.639      0.622      0.363

      Epoch    GPU_mem   box_loss   cls_loss   dfl_loss  Instances       Size
                   all        215       5771      0.573      0.638      0.623      0.368

      Epoch    GPU_mem   box_loss   cls_loss   dfl_loss  Instances       Size
                   all        215       5771      0.555      0.621      0.599      0.301

      Epoch    GPU_mem   box_loss   cls_loss   dfl_loss  Instances       Size
                   all        215       5771      0.575      0.627      0.616      0.354

      Epoch    GPU_mem   box_loss   cls_loss   dfl_loss  Instances       Size
                   all        215       5771      0.573      0.641      0.616      0.351

      Epoch    GPU_mem   box_loss   cls_loss   dfl_loss  Instances       Size
                   all        215       5771      0.576      0.636      0.625      0.363

      Epoch    GPU_mem   box_loss   cls_loss   dfl_loss  Instances       Size
                   all        215       5771      0.582      0.634      0.626      0.366

      Epoch    GPU_mem   box_loss   cls_loss   dfl_loss  Instances       Size
                   all        215       5771      0.555      0.652      0.616      0.346

      Epoch    GPU_mem   box_loss   cls_loss   dfl_loss  Instances       Size
                   all        215       5771      0.584      0.628       0.62      0.363

      Epoch    GPU_mem   box_loss   cls_loss   dfl_loss  Instances       Size
                   all        215       5771      0.582      0.634      0.626      0.367

      Epoch    GPU_mem   box_loss   cls_loss   dfl_loss  Instances       Size
                   all        215       5771      0.576      0.629      0.622      0.371

      Epoch    GPU_mem   box_loss   cls_loss   dfl_loss  Instances       Size
                   all        215       5771      0.566      0.634      0.617      0.355

      Epoch    GPU_mem   box_loss   cls_loss   dfl_loss  Instances       Size
                   all        215       5771      0.573      0.634      0.621      0.358

      Epoch    GPU_mem   box_loss   cls_loss   dfl_loss  Instances       Size
                   all        215       5771      0.577      0.634      0.625      0.364

      Epoch    GPU_mem   box_loss   cls_loss   dfl_loss  Instances       Size
                   all        215       5771      0.577      0.633      0.624      0.357

      Epoch    GPU_mem   box_loss   cls_loss   dfl_loss  Instances       Size
                   all        215       5771      0.583      0.627      0.628      0.366

      Epoch    GPU_mem   box_loss   cls_loss   dfl_loss  Instances       Size
                   all        215       5771      0.585      0.624      0.622      0.352

      Epoch    GPU_mem   box_loss   cls_loss   dfl_loss  Instances       Size
                   all        215       5771      0.574      0.629       0.62      0.361

      Epoch    GPU_mem   box_loss   cls_loss   dfl_loss  Instances       Size
                   all        215       5771      0.579      0.628      0.621      0.347

      Epoch    GPU_mem   box_loss   cls_loss   dfl_loss  Instances       Size
                   all        215       5771      0.562      0.638      0.616      0.331

      Epoch    GPU_mem   box_loss   cls_loss   dfl_loss  Instances       Size
                   all        215       5771      0.584      0.629      0.625      0.361

      Epoch    GPU_mem   box_loss   cls_loss   dfl_loss  Instances       Size
                   all        215       5771      0.578      0.636      0.623      0.357

      Epoch    GPU_mem   box_loss   cls_loss   dfl_loss  Instances       Size
                   all        215       5771      0.573      0.635      0.622      0.355

      Epoch    GPU_mem   box_loss   cls_loss   dfl_loss  Instances       Size
                   all        215       5771      0.568      0.635      0.617      0.334

      Epoch    GPU_mem   box_loss   cls_loss   dfl_loss  Instances       Size
                   all        215       5771      0.571      0.631      0.621      0.349

      Epoch    GPU_mem   box_loss   cls_loss   dfl_loss  Instances       Size
                   all        215       5771       0.56       0.64       0.62      0.351

      Epoch    GPU_mem   box_loss   cls_loss   dfl_loss  Instances       Size
                   all        215       5771      0.579      0.631      0.621      0.355

      Epoch    GPU_mem   box_loss   cls_loss   dfl_loss  Instances       Size
                   all        215       5771      0.571      0.639      0.621      0.353

      Epoch    GPU_mem   box_loss   cls_loss   dfl_loss  Instances       Size
                   all        215       5771      0.578      0.638      0.621      0.349

      Epoch    GPU_mem   box_loss   cls_loss   dfl_loss  Instances       Size
                   all        215       5771      0.578      0.635      0.628      0.366

      Epoch    GPU_mem   box_loss   cls_loss   dfl_loss  Instances       Size
                   all        215       5771      0.581      0.634      0.621      0.351

      Epoch    GPU_mem   box_loss   cls_loss   dfl_loss  Instances       Size
                   all        215       5771      0.573      0.639      0.623      0.362

      Epoch    GPU_mem   box_loss   cls_loss   dfl_loss  Instances       Size
                   all        215       5771      0.581      0.632      0.622      0.362

      Epoch    GPU_mem   box_loss   cls_loss   dfl_loss  Instances       Size
                   all        215       5771      0.576      0.634      0.623      0.355

      Epoch    GPU_mem   box_loss   cls_loss   dfl_loss  Instances       Size
                   all        215       5771      0.579      0.627      0.621      0.354

      Epoch    GPU_mem   box_loss   cls_loss   dfl_loss  Instances       Size
                   all        215       5771      0.584      0.622      0.621      0.355

      Epoch    GPU_mem   box_loss   cls_loss   dfl_loss  Instances       Size
                   all        215       5771      0.583      0.627      0.625      0.367

      Epoch    GPU_mem   box_loss   cls_loss   dfl_loss  Instances       Size
                   all        215       5771      0.581      0.633      0.623      0.357

      Epoch    GPU_mem   box_loss   cls_loss   dfl_loss  Instances       Size
                   all        215       5771       0.59      0.617      0.623      0.359

      Epoch    GPU_mem   box_loss   cls_loss   dfl_loss  Instances       Size
                   all        215       5771      0.564      0.648      0.621      0.353

      Epoch    GPU_mem   box_loss   cls_loss   dfl_loss  Instances       Size
                   all        215       5771      0.568      0.639       0.62      0.349

      Epoch    GPU_mem   box_loss   cls_loss   dfl_loss  Instances       Size
                   all        215       5771      0.587      0.624      0.624      0.364

      Epoch    GPU_mem   box_loss   cls_loss   dfl_loss  Instances       Size
                   all        215       5771      0.571      0.643      0.622      0.359

      Epoch    GPU_mem   box_loss   cls_loss   dfl_loss  Instances       Size
                   all        215       5771       0.57      0.646      0.621      0.357

      Epoch    GPU_mem   box_loss   cls_loss   dfl_loss  Instances       Size
                   all        215       5771      0.576       0.64      0.624      0.366

      Epoch    GPU_mem   box_loss   cls_loss   dfl_loss  Instances       Size
                   all        215       5771      0.569      0.644      0.623      0.359

      Epoch    GPU_mem   box_loss   cls_loss   dfl_loss  Instances       Size
                   all        215       5771      0.564       0.65      0.622      0.357

      Epoch    GPU_mem   box_loss   cls_loss   dfl_loss  Instances       Size
                   all        215       5771      0.576       0.64      0.622      0.357

      Epoch    GPU_mem   box_loss   cls_loss   dfl_loss  Instances       Size
                   all        215       5771       0.57       0.65       0.62      0.355

      Epoch    GPU_mem   box_loss   cls_loss   dfl_loss  Instances       Size
                   all        215       5771      0.569       0.65      0.622      0.359

      Epoch    GPU_mem   box_loss   cls_loss   dfl_loss  Instances       Size
                   all        215       5771      0.569      0.648      0.621      0.357

      Epoch    GPU_mem   box_loss   cls_loss   dfl_loss  Instances       Size
                   all        215       5771      0.574       0.64      0.621      0.359

      Epoch    GPU_mem   box_loss   cls_loss   dfl_loss  Instances       Size
                   all        215       5771      0.572      0.644      0.622       0.36

      Epoch    GPU_mem   box_loss   cls_loss   dfl_loss  Instances       Size
                   all        215       5771      0.569      0.648      0.621      0.355

      Epoch    GPU_mem   box_loss   cls_loss   dfl_loss  Instances       Size
                   all        215       5771      0.572      0.645      0.622      0.355
Closing dataloader mosaic

      Epoch    GPU_mem   box_loss   cls_loss   dfl_loss  Instances       Size
                   all        215       5771      0.558      0.643       0.61      0.351

      Epoch    GPU_mem   box_loss   cls_loss   dfl_loss  Instances       Size
                   all        215       5771      0.554      0.641      0.607      0.337

      Epoch    GPU_mem   box_loss   cls_loss   dfl_loss  Instances       Size
                   all        215       5771      0.556      0.645       0.61      0.336

      Epoch    GPU_mem   box_loss   cls_loss   dfl_loss  Instances       Size
                   all        215       5771      0.562       0.64      0.613      0.345

      Epoch    GPU_mem   box_loss   cls_loss   dfl_loss  Instances       Size
                   all        215       5771      0.568      0.635      0.613      0.348

      Epoch    GPU_mem   box_loss   cls_loss   dfl_loss  Instances       Size
                   all        215       5771      0.566      0.642      0.615      0.346

      Epoch    GPU_mem   box_loss   cls_loss   dfl_loss  Instances       Size
                   all        215       5771      0.558      0.647      0.614      0.339

      Epoch    GPU_mem   box_loss   cls_loss   dfl_loss  Instances       Size
                   all        215       5771      0.561      0.643      0.616      0.346

      Epoch    GPU_mem   box_loss   cls_loss   dfl_loss  Instances       Size
                   all        215       5771      0.564      0.644      0.616      0.346

      Epoch    GPU_mem   box_loss   cls_loss   dfl_loss  Instances       Size
                   all        215       5771      0.564      0.643      0.616      0.343

200 epochs completed in 2.614 hours.
Optimizer stripped from yolo/yolo11m/img512_ep200/weights/last.pt, 40.5MB
Optimizer stripped from yolo/yolo11m/img512_ep200/weights/best.pt, 40.5MB

Validating yolo/yolo11m/img512_ep200/weights/best.pt...
Ultralytics 8.3.88 🚀 Python-3.10.12 torch-2.6.0+cu124 CUDA:0 (Tesla V100-PCIE-32GB, 32494MiB)
YOLO11m summary (fused): 125 layers, 20,031,574 parameters, 0 gradients, 67.7 GFLOPs
                   all        215       5771      0.584      0.636      0.625      0.394
            lymphocyte        182       3690      0.705      0.732      0.764      0.464
              monocyte        191       2081      0.463      0.541      0.486      0.323
Speed: 0.2ms preprocess, 2.7ms inference, 0.0ms loss, 1.8ms postprocess per image
Results saved to [1myolo/yolo11m/img512_ep200[0m
