Mon Mar 17 15:29:51 2025       
+-----------------------------------------------------------------------------------------+
| NVIDIA-SMI 570.124.06             Driver Version: 570.124.06     CUDA Version: 12.8     |
|-----------------------------------------+------------------------+----------------------+
| GPU  Name                 Persistence-M | Bus-Id          Disp.A | Volatile Uncorr. ECC |
| Fan  Temp   Perf          Pwr:Usage/Cap |           Memory-Usage | GPU-Util  Compute M. |
|                                         |                        |               MIG M. |
|=========================================+========================+======================|
|   0  Tesla P100-PCIE-16GB           On  |   00000000:0B:00.0 Off |                    0 |
| N/A   29C    P0             25W /  250W |       0MiB /  16384MiB |      0%      Default |
|                                         |                        |                  N/A |
+-----------------------------------------+------------------------+----------------------+
                                                                                         
+-----------------------------------------------------------------------------------------+
| Processes:                                                                              |
|  GPU   GI   CI              PID   Type   Process name                        GPU Memory |
|        ID   ID                                                               Usage      |
|=========================================================================================|
|  No running processes found                                                             |
+-----------------------------------------------------------------------------------------+
New https://pypi.org/project/ultralytics/8.3.91 available 😃 Update with 'pip install -U ultralytics'
Ultralytics 8.3.88 🚀 Python-3.10.12 torch-2.6.0+cu124 CUDA:0 (Tesla P100-PCIE-16GB, 16269MiB)
[34m[1mengine/trainer: [0mtask=detect, mode=train, model=yolo11m.pt, data=data/pas-cpg256/dataset.yaml, epochs=300, time=None, patience=100, batch=16, imgsz=256, save=True, save_period=-1, cache=False, device=None, workers=0, project=yolo/yolo11m, name=img256_ep300, exist_ok=False, pretrained=True, optimizer=auto, verbose=True, seed=0, deterministic=True, single_cls=False, rect=False, cos_lr=True, close_mosaic=10, resume=False, amp=True, fraction=1.0, profile=False, freeze=None, multi_scale=False, overlap_mask=True, mask_ratio=4, dropout=0.0, val=True, split=val, save_json=False, save_hybrid=False, conf=None, iou=0.7, max_det=300, half=False, dnn=False, plots=True, source=None, vid_stride=1, stream_buffer=False, visualize=False, augment=False, agnostic_nms=False, classes=None, retina_masks=False, embed=None, show=False, save_frames=False, save_txt=False, save_conf=False, save_crop=False, show_labels=True, show_conf=True, show_boxes=True, line_width=None, format=torchscript, keras=False, optimize=False, int8=False, dynamic=False, simplify=True, opset=None, workspace=None, nms=False, lr0=0.01, lrf=0.01, momentum=0.937, weight_decay=0.0005, warmup_epochs=3.0, warmup_momentum=0.8, warmup_bias_lr=0.1, box=7.5, cls=0.5, dfl=1.5, pose=12.0, kobj=1.0, nbs=64, hsv_h=0.015, hsv_s=0.7, hsv_v=0.4, degrees=0.0, translate=0.1, scale=0.5, shear=0.0, perspective=0.0, flipud=0.0, fliplr=0.5, bgr=0.0, mosaic=1.0, mixup=0.0, copy_paste=0.0, copy_paste_mode=flip, auto_augment=randaugment, erasing=0.4, crop_fraction=1.0, cfg=None, tracker=botsort.yaml, save_dir=yolo/yolo11m/img256_ep300
Overriding model.yaml nc=80 with nc=2

                   from  n    params  module                                       arguments                     
  0                  -1  1      1856  ultralytics.nn.modules.conv.Conv             [3, 64, 3, 2]                 
  1                  -1  1     73984  ultralytics.nn.modules.conv.Conv             [64, 128, 3, 2]               
  2                  -1  1    111872  ultralytics.nn.modules.block.C3k2            [128, 256, 1, True, 0.25]     
  3                  -1  1    590336  ultralytics.nn.modules.conv.Conv             [256, 256, 3, 2]              
  4                  -1  1    444928  ultralytics.nn.modules.block.C3k2            [256, 512, 1, True, 0.25]     
  5                  -1  1   2360320  ultralytics.nn.modules.conv.Conv             [512, 512, 3, 2]              
  6                  -1  1   1380352  ultralytics.nn.modules.block.C3k2            [512, 512, 1, True]           
  7                  -1  1   2360320  ultralytics.nn.modules.conv.Conv             [512, 512, 3, 2]              
  8                  -1  1   1380352  ultralytics.nn.modules.block.C3k2            [512, 512, 1, True]           
  9                  -1  1    656896  ultralytics.nn.modules.block.SPPF            [512, 512, 5]                 
 10                  -1  1    990976  ultralytics.nn.modules.block.C2PSA           [512, 512, 1]                 
 11                  -1  1         0  torch.nn.modules.upsampling.Upsample         [None, 2, 'nearest']          
 12             [-1, 6]  1         0  ultralytics.nn.modules.conv.Concat           [1]                           
 13                  -1  1   1642496  ultralytics.nn.modules.block.C3k2            [1024, 512, 1, True]          
 14                  -1  1         0  torch.nn.modules.upsampling.Upsample         [None, 2, 'nearest']          
 15             [-1, 4]  1         0  ultralytics.nn.modules.conv.Concat           [1]                           
 16                  -1  1    542720  ultralytics.nn.modules.block.C3k2            [1024, 256, 1, True]          
 17                  -1  1    590336  ultralytics.nn.modules.conv.Conv             [256, 256, 3, 2]              
 18            [-1, 13]  1         0  ultralytics.nn.modules.conv.Concat           [1]                           
 19                  -1  1   1511424  ultralytics.nn.modules.block.C3k2            [768, 512, 1, True]           
 20                  -1  1   2360320  ultralytics.nn.modules.conv.Conv             [512, 512, 3, 2]              
 21            [-1, 10]  1         0  ultralytics.nn.modules.conv.Concat           [1]                           
 22                  -1  1   1642496  ultralytics.nn.modules.block.C3k2            [1024, 512, 1, True]          
 23        [16, 19, 22]  1   1412566  ultralytics.nn.modules.head.Detect           [2, [256, 512, 512]]          
YOLO11m summary: 231 layers, 20,054,550 parameters, 20,054,534 gradients, 68.2 GFLOPs

Transferred 643/649 items from pretrained weights
Freezing layer 'model.23.dfl.conv.weight'
[34m[1mAMP: [0mrunning Automatic Mixed Precision (AMP) checks...
[34m[1mAMP: [0mchecks passed ✅
[34m[1mtrain: [0mNew cache created: /home/tupystep/monkey_challenge/data/pas-cpg256/labels.cache
[34m[1mval: [0mNew cache created: /home/tupystep/monkey_challenge/data/pas-cpg256/labels.cache
Plotting labels to yolo/yolo11m/img256_ep300/labels.jpg... 
[34m[1moptimizer:[0m 'optimizer=auto' found, ignoring 'lr0=0.01' and 'momentum=0.937' and determining best 'optimizer', 'lr0' and 'momentum' automatically... 
[34m[1moptimizer:[0m SGD(lr=0.01, momentum=0.9) with parameter groups 106 weight(decay=0.0), 113 weight(decay=0.0005), 112 bias(decay=0.0)
Image sizes 256 train, 256 val
Using 0 dataloader workers
Logging results to [1myolo/yolo11m/img256_ep300[0m
Starting training for 300 epochs...

      Epoch    GPU_mem   box_loss   cls_loss   dfl_loss  Instances       Size
                   all       1125       6901      0.271      0.252      0.213     0.0713

      Epoch    GPU_mem   box_loss   cls_loss   dfl_loss  Instances       Size
                   all       1125       6901      0.291      0.528      0.393      0.211

      Epoch    GPU_mem   box_loss   cls_loss   dfl_loss  Instances       Size
                   all       1125       6901      0.372      0.486      0.374      0.181

      Epoch    GPU_mem   box_loss   cls_loss   dfl_loss  Instances       Size
                   all       1125       6901      0.357      0.485      0.383      0.204

      Epoch    GPU_mem   box_loss   cls_loss   dfl_loss  Instances       Size
                   all       1125       6901      0.371      0.524      0.411      0.177

      Epoch    GPU_mem   box_loss   cls_loss   dfl_loss  Instances       Size
                   all       1125       6901       0.33      0.524      0.374      0.173

      Epoch    GPU_mem   box_loss   cls_loss   dfl_loss  Instances       Size
                   all       1125       6901      0.385      0.549      0.432       0.21

      Epoch    GPU_mem   box_loss   cls_loss   dfl_loss  Instances       Size
                   all       1125       6901      0.374      0.529      0.382       0.15

      Epoch    GPU_mem   box_loss   cls_loss   dfl_loss  Instances       Size
                   all       1125       6901      0.365      0.571      0.456      0.266

      Epoch    GPU_mem   box_loss   cls_loss   dfl_loss  Instances       Size
                   all       1125       6901      0.429       0.58       0.49       0.29

      Epoch    GPU_mem   box_loss   cls_loss   dfl_loss  Instances       Size
                   all       1125       6901      0.392      0.542      0.437      0.213

      Epoch    GPU_mem   box_loss   cls_loss   dfl_loss  Instances       Size
                   all       1125       6901      0.406      0.578      0.478      0.282

      Epoch    GPU_mem   box_loss   cls_loss   dfl_loss  Instances       Size
                   all       1125       6901      0.444       0.56      0.474      0.248

      Epoch    GPU_mem   box_loss   cls_loss   dfl_loss  Instances       Size
                   all       1125       6901      0.415      0.585      0.499      0.293

      Epoch    GPU_mem   box_loss   cls_loss   dfl_loss  Instances       Size
                   all       1125       6901      0.435      0.592      0.501      0.297

      Epoch    GPU_mem   box_loss   cls_loss   dfl_loss  Instances       Size
                   all       1125       6901       0.42      0.581      0.491      0.295

      Epoch    GPU_mem   box_loss   cls_loss   dfl_loss  Instances       Size
                   all       1125       6901      0.443      0.591      0.516      0.308

      Epoch    GPU_mem   box_loss   cls_loss   dfl_loss  Instances       Size
                   all       1125       6901      0.443      0.587      0.522      0.323

      Epoch    GPU_mem   box_loss   cls_loss   dfl_loss  Instances       Size
                   all       1125       6901      0.443      0.572      0.502      0.291

      Epoch    GPU_mem   box_loss   cls_loss   dfl_loss  Instances       Size
                   all       1125       6901      0.432      0.582      0.503      0.273

      Epoch    GPU_mem   box_loss   cls_loss   dfl_loss  Instances       Size
                   all       1125       6901      0.456      0.551      0.496      0.273

      Epoch    GPU_mem   box_loss   cls_loss   dfl_loss  Instances       Size
                   all       1125       6901       0.47      0.574      0.519      0.309

      Epoch    GPU_mem   box_loss   cls_loss   dfl_loss  Instances       Size
                   all       1125       6901      0.435       0.58      0.497      0.279

      Epoch    GPU_mem   box_loss   cls_loss   dfl_loss  Instances       Size
                   all       1125       6901      0.459       0.57      0.508      0.299

      Epoch    GPU_mem   box_loss   cls_loss   dfl_loss  Instances       Size
                   all       1125       6901      0.447      0.579      0.507       0.29

      Epoch    GPU_mem   box_loss   cls_loss   dfl_loss  Instances       Size
                   all       1125       6901      0.469      0.592      0.524      0.328

      Epoch    GPU_mem   box_loss   cls_loss   dfl_loss  Instances       Size
                   all       1125       6901       0.46      0.588      0.529      0.326

      Epoch    GPU_mem   box_loss   cls_loss   dfl_loss  Instances       Size
                   all       1125       6901      0.463      0.584      0.518      0.309

      Epoch    GPU_mem   box_loss   cls_loss   dfl_loss  Instances       Size
                   all       1125       6901       0.49      0.594      0.539      0.329

      Epoch    GPU_mem   box_loss   cls_loss   dfl_loss  Instances       Size
                   all       1125       6901      0.464       0.57      0.524      0.278

      Epoch    GPU_mem   box_loss   cls_loss   dfl_loss  Instances       Size
                   all       1125       6901      0.494      0.575      0.545      0.326

      Epoch    GPU_mem   box_loss   cls_loss   dfl_loss  Instances       Size
                   all       1125       6901      0.476      0.589      0.535      0.305

      Epoch    GPU_mem   box_loss   cls_loss   dfl_loss  Instances       Size
                   all       1125       6901      0.485      0.583      0.537      0.304

      Epoch    GPU_mem   box_loss   cls_loss   dfl_loss  Instances       Size
                   all       1125       6901      0.469      0.602      0.545      0.318

      Epoch    GPU_mem   box_loss   cls_loss   dfl_loss  Instances       Size
                   all       1125       6901      0.496      0.586      0.549      0.312

      Epoch    GPU_mem   box_loss   cls_loss   dfl_loss  Instances       Size
                   all       1125       6901      0.496      0.591      0.549      0.307

      Epoch    GPU_mem   box_loss   cls_loss   dfl_loss  Instances       Size
                   all       1125       6901      0.502      0.606       0.56      0.326

      Epoch    GPU_mem   box_loss   cls_loss   dfl_loss  Instances       Size
                   all       1125       6901      0.487      0.609      0.552      0.319

      Epoch    GPU_mem   box_loss   cls_loss   dfl_loss  Instances       Size
                   all       1125       6901      0.496      0.587       0.54      0.298

      Epoch    GPU_mem   box_loss   cls_loss   dfl_loss  Instances       Size
                   all       1125       6901      0.508      0.598      0.558      0.338

      Epoch    GPU_mem   box_loss   cls_loss   dfl_loss  Instances       Size
                   all       1125       6901      0.508      0.588      0.556      0.334

      Epoch    GPU_mem   box_loss   cls_loss   dfl_loss  Instances       Size
                   all       1125       6901      0.504       0.61      0.567      0.346

      Epoch    GPU_mem   box_loss   cls_loss   dfl_loss  Instances       Size
                   all       1125       6901      0.494      0.589       0.55      0.304

      Epoch    GPU_mem   box_loss   cls_loss   dfl_loss  Instances       Size
                   all       1125       6901      0.513      0.602      0.564      0.338

      Epoch    GPU_mem   box_loss   cls_loss   dfl_loss  Instances       Size
                   all       1125       6901      0.509      0.595      0.564      0.346

      Epoch    GPU_mem   box_loss   cls_loss   dfl_loss  Instances       Size
                   all       1125       6901      0.513      0.597      0.567      0.334

      Epoch    GPU_mem   box_loss   cls_loss   dfl_loss  Instances       Size
                   all       1125       6901       0.51      0.604      0.566      0.334

      Epoch    GPU_mem   box_loss   cls_loss   dfl_loss  Instances       Size
                   all       1125       6901      0.506      0.609      0.567       0.34

      Epoch    GPU_mem   box_loss   cls_loss   dfl_loss  Instances       Size
                   all       1125       6901      0.524       0.59      0.572      0.341

      Epoch    GPU_mem   box_loss   cls_loss   dfl_loss  Instances       Size
                   all       1125       6901      0.515      0.604      0.577      0.354

      Epoch    GPU_mem   box_loss   cls_loss   dfl_loss  Instances       Size
                   all       1125       6901      0.505      0.603      0.569      0.336

      Epoch    GPU_mem   box_loss   cls_loss   dfl_loss  Instances       Size
                   all       1125       6901      0.524      0.601      0.576      0.331

      Epoch    GPU_mem   box_loss   cls_loss   dfl_loss  Instances       Size
                   all       1125       6901      0.515      0.599      0.574      0.342

      Epoch    GPU_mem   box_loss   cls_loss   dfl_loss  Instances       Size
                   all       1125       6901       0.52      0.601      0.577      0.343

      Epoch    GPU_mem   box_loss   cls_loss   dfl_loss  Instances       Size
                   all       1125       6901      0.523      0.597      0.574      0.345

      Epoch    GPU_mem   box_loss   cls_loss   dfl_loss  Instances       Size
                   all       1125       6901       0.52      0.604      0.577      0.329

      Epoch    GPU_mem   box_loss   cls_loss   dfl_loss  Instances       Size
                   all       1125       6901      0.526      0.601      0.575      0.336

      Epoch    GPU_mem   box_loss   cls_loss   dfl_loss  Instances       Size
                   all       1125       6901      0.531      0.607      0.587      0.357

      Epoch    GPU_mem   box_loss   cls_loss   dfl_loss  Instances       Size
                   all       1125       6901      0.523      0.614      0.586      0.352

      Epoch    GPU_mem   box_loss   cls_loss   dfl_loss  Instances       Size
                   all       1125       6901      0.525      0.598      0.582      0.345

      Epoch    GPU_mem   box_loss   cls_loss   dfl_loss  Instances       Size
                   all       1125       6901      0.524      0.599      0.578      0.333

      Epoch    GPU_mem   box_loss   cls_loss   dfl_loss  Instances       Size
                   all       1125       6901      0.531      0.596      0.581      0.344

      Epoch    GPU_mem   box_loss   cls_loss   dfl_loss  Instances       Size
                   all       1125       6901      0.527      0.603      0.587       0.35

      Epoch    GPU_mem   box_loss   cls_loss   dfl_loss  Instances       Size
                   all       1125       6901      0.529      0.602      0.583      0.343

      Epoch    GPU_mem   box_loss   cls_loss   dfl_loss  Instances       Size
                   all       1125       6901      0.533      0.602      0.587      0.353

      Epoch    GPU_mem   box_loss   cls_loss   dfl_loss  Instances       Size
                   all       1125       6901       0.53      0.609      0.591      0.357

      Epoch    GPU_mem   box_loss   cls_loss   dfl_loss  Instances       Size
                   all       1125       6901      0.531      0.615      0.592      0.356

      Epoch    GPU_mem   box_loss   cls_loss   dfl_loss  Instances       Size
                   all       1125       6901      0.534      0.615      0.597      0.358

      Epoch    GPU_mem   box_loss   cls_loss   dfl_loss  Instances       Size
                   all       1125       6901      0.538        0.6      0.594      0.354

      Epoch    GPU_mem   box_loss   cls_loss   dfl_loss  Instances       Size
                   all       1125       6901       0.54       0.61      0.597      0.367

      Epoch    GPU_mem   box_loss   cls_loss   dfl_loss  Instances       Size
                   all       1125       6901      0.546      0.602      0.594      0.365

      Epoch    GPU_mem   box_loss   cls_loss   dfl_loss  Instances       Size
                   all       1125       6901      0.542      0.609      0.598       0.37

      Epoch    GPU_mem   box_loss   cls_loss   dfl_loss  Instances       Size
                   all       1125       6901      0.538      0.608      0.597      0.367

      Epoch    GPU_mem   box_loss   cls_loss   dfl_loss  Instances       Size
                   all       1125       6901      0.541      0.608      0.598      0.368

      Epoch    GPU_mem   box_loss   cls_loss   dfl_loss  Instances       Size
                   all       1125       6901      0.541      0.603      0.598      0.365

      Epoch    GPU_mem   box_loss   cls_loss   dfl_loss  Instances       Size
                   all       1125       6901      0.538      0.613        0.6       0.37

      Epoch    GPU_mem   box_loss   cls_loss   dfl_loss  Instances       Size
                   all       1125       6901      0.536      0.616      0.599      0.371

      Epoch    GPU_mem   box_loss   cls_loss   dfl_loss  Instances       Size
                   all       1125       6901      0.538       0.61      0.598      0.373

      Epoch    GPU_mem   box_loss   cls_loss   dfl_loss  Instances       Size
                   all       1125       6901      0.541       0.61      0.599      0.374

      Epoch    GPU_mem   box_loss   cls_loss   dfl_loss  Instances       Size
                   all       1125       6901      0.544      0.614        0.6      0.374

      Epoch    GPU_mem   box_loss   cls_loss   dfl_loss  Instances       Size
                   all       1125       6901      0.542       0.62      0.601      0.374

      Epoch    GPU_mem   box_loss   cls_loss   dfl_loss  Instances       Size
                   all       1125       6901      0.546      0.611      0.601      0.376

      Epoch    GPU_mem   box_loss   cls_loss   dfl_loss  Instances       Size
                   all       1125       6901      0.554      0.605      0.603      0.378

      Epoch    GPU_mem   box_loss   cls_loss   dfl_loss  Instances       Size
                   all       1125       6901      0.555      0.602      0.601      0.377

      Epoch    GPU_mem   box_loss   cls_loss   dfl_loss  Instances       Size
                   all       1125       6901      0.547      0.611      0.603      0.378

      Epoch    GPU_mem   box_loss   cls_loss   dfl_loss  Instances       Size
                   all       1125       6901      0.546      0.615      0.603      0.377

      Epoch    GPU_mem   box_loss   cls_loss   dfl_loss  Instances       Size
                   all       1125       6901      0.547       0.61      0.604      0.378

      Epoch    GPU_mem   box_loss   cls_loss   dfl_loss  Instances       Size
                   all       1125       6901      0.548      0.617      0.605      0.378

      Epoch    GPU_mem   box_loss   cls_loss   dfl_loss  Instances       Size
                   all       1125       6901       0.55      0.613      0.606      0.377

      Epoch    GPU_mem   box_loss   cls_loss   dfl_loss  Instances       Size
                   all       1125       6901      0.546       0.62      0.607      0.379

      Epoch    GPU_mem   box_loss   cls_loss   dfl_loss  Instances       Size
                   all       1125       6901      0.543      0.626      0.608       0.38

      Epoch    GPU_mem   box_loss   cls_loss   dfl_loss  Instances       Size
                   all       1125       6901      0.547       0.62      0.609       0.38

      Epoch    GPU_mem   box_loss   cls_loss   dfl_loss  Instances       Size
                   all       1125       6901      0.548      0.616      0.609      0.379

      Epoch    GPU_mem   box_loss   cls_loss   dfl_loss  Instances       Size
                   all       1125       6901      0.549      0.614      0.608      0.379

      Epoch    GPU_mem   box_loss   cls_loss   dfl_loss  Instances       Size
                   all       1125       6901      0.556      0.605      0.609      0.382

      Epoch    GPU_mem   box_loss   cls_loss   dfl_loss  Instances       Size
                   all       1125       6901      0.559      0.604       0.61      0.382

      Epoch    GPU_mem   box_loss   cls_loss   dfl_loss  Instances       Size
                   all       1125       6901      0.553      0.613      0.611      0.383

      Epoch    GPU_mem   box_loss   cls_loss   dfl_loss  Instances       Size
                   all       1125       6901      0.555      0.614      0.612      0.383

      Epoch    GPU_mem   box_loss   cls_loss   dfl_loss  Instances       Size
                   all       1125       6901      0.556      0.617      0.612      0.383

      Epoch    GPU_mem   box_loss   cls_loss   dfl_loss  Instances       Size
                   all       1125       6901      0.553       0.62      0.613      0.384

      Epoch    GPU_mem   box_loss   cls_loss   dfl_loss  Instances       Size
                   all       1125       6901      0.553      0.621      0.613      0.384

      Epoch    GPU_mem   box_loss   cls_loss   dfl_loss  Instances       Size
                   all       1125       6901      0.557      0.614      0.613      0.385

      Epoch    GPU_mem   box_loss   cls_loss   dfl_loss  Instances       Size
                   all       1125       6901      0.559      0.611      0.613      0.386

      Epoch    GPU_mem   box_loss   cls_loss   dfl_loss  Instances       Size
                   all       1125       6901      0.556      0.615      0.613      0.386

      Epoch    GPU_mem   box_loss   cls_loss   dfl_loss  Instances       Size
                   all       1125       6901      0.557      0.616      0.614      0.385

      Epoch    GPU_mem   box_loss   cls_loss   dfl_loss  Instances       Size
                   all       1125       6901      0.559      0.614      0.614      0.384

      Epoch    GPU_mem   box_loss   cls_loss   dfl_loss  Instances       Size
                   all       1125       6901      0.554      0.621      0.614      0.384

      Epoch    GPU_mem   box_loss   cls_loss   dfl_loss  Instances       Size
                   all       1125       6901      0.557      0.615      0.614      0.383

      Epoch    GPU_mem   box_loss   cls_loss   dfl_loss  Instances       Size
                   all       1125       6901      0.559      0.617      0.614      0.383

      Epoch    GPU_mem   box_loss   cls_loss   dfl_loss  Instances       Size
                   all       1125       6901      0.553      0.621      0.615      0.384

      Epoch    GPU_mem   box_loss   cls_loss   dfl_loss  Instances       Size
                   all       1125       6901      0.552      0.624      0.615      0.383

      Epoch    GPU_mem   box_loss   cls_loss   dfl_loss  Instances       Size
                   all       1125       6901      0.553      0.625      0.615      0.383

      Epoch    GPU_mem   box_loss   cls_loss   dfl_loss  Instances       Size
                   all       1125       6901      0.549      0.629      0.615      0.384

      Epoch    GPU_mem   box_loss   cls_loss   dfl_loss  Instances       Size
                   all       1125       6901      0.553      0.625      0.615      0.384

      Epoch    GPU_mem   box_loss   cls_loss   dfl_loss  Instances       Size
                   all       1125       6901      0.554      0.622      0.615      0.384

      Epoch    GPU_mem   box_loss   cls_loss   dfl_loss  Instances       Size
                   all       1125       6901      0.555      0.621      0.616      0.384

      Epoch    GPU_mem   box_loss   cls_loss   dfl_loss  Instances       Size
                   all       1125       6901      0.553      0.623      0.616      0.384

      Epoch    GPU_mem   box_loss   cls_loss   dfl_loss  Instances       Size
                   all       1125       6901      0.556      0.624      0.616      0.385

      Epoch    GPU_mem   box_loss   cls_loss   dfl_loss  Instances       Size
                   all       1125       6901      0.558      0.623      0.617      0.385

      Epoch    GPU_mem   box_loss   cls_loss   dfl_loss  Instances       Size
                   all       1125       6901      0.556      0.623      0.617      0.385

      Epoch    GPU_mem   box_loss   cls_loss   dfl_loss  Instances       Size
                   all       1125       6901      0.554      0.625      0.616      0.385

      Epoch    GPU_mem   box_loss   cls_loss   dfl_loss  Instances       Size
                   all       1125       6901      0.555      0.626      0.616      0.386

      Epoch    GPU_mem   box_loss   cls_loss   dfl_loss  Instances       Size
                   all       1125       6901      0.555      0.622      0.616      0.386

      Epoch    GPU_mem   box_loss   cls_loss   dfl_loss  Instances       Size
                   all       1125       6901      0.557      0.621      0.616      0.387

      Epoch    GPU_mem   box_loss   cls_loss   dfl_loss  Instances       Size
                   all       1125       6901      0.558       0.62      0.617      0.387

      Epoch    GPU_mem   box_loss   cls_loss   dfl_loss  Instances       Size
                   all       1125       6901      0.559      0.619      0.617      0.387

      Epoch    GPU_mem   box_loss   cls_loss   dfl_loss  Instances       Size
                   all       1125       6901      0.559      0.616      0.617      0.388

      Epoch    GPU_mem   box_loss   cls_loss   dfl_loss  Instances       Size
                   all       1125       6901      0.555      0.623      0.617      0.388

      Epoch    GPU_mem   box_loss   cls_loss   dfl_loss  Instances       Size
                   all       1125       6901      0.554      0.625      0.617      0.388

      Epoch    GPU_mem   box_loss   cls_loss   dfl_loss  Instances       Size
                   all       1125       6901      0.554      0.624      0.617      0.389

      Epoch    GPU_mem   box_loss   cls_loss   dfl_loss  Instances       Size
                   all       1125       6901      0.556      0.622      0.617      0.389

      Epoch    GPU_mem   box_loss   cls_loss   dfl_loss  Instances       Size
                   all       1125       6901      0.555      0.621      0.617      0.389

      Epoch    GPU_mem   box_loss   cls_loss   dfl_loss  Instances       Size
                   all       1125       6901      0.554      0.624      0.617      0.389

      Epoch    GPU_mem   box_loss   cls_loss   dfl_loss  Instances       Size
                   all       1125       6901      0.555      0.623      0.618       0.39

      Epoch    GPU_mem   box_loss   cls_loss   dfl_loss  Instances       Size
                   all       1125       6901       0.56      0.617      0.618       0.39

      Epoch    GPU_mem   box_loss   cls_loss   dfl_loss  Instances       Size
                   all       1125       6901      0.556      0.624      0.618       0.39

      Epoch    GPU_mem   box_loss   cls_loss   dfl_loss  Instances       Size
                   all       1125       6901      0.557      0.624      0.618       0.39

      Epoch    GPU_mem   box_loss   cls_loss   dfl_loss  Instances       Size
                   all       1125       6901      0.558      0.623      0.618       0.39

      Epoch    GPU_mem   box_loss   cls_loss   dfl_loss  Instances       Size
                   all       1125       6901      0.561      0.618      0.618       0.39

      Epoch    GPU_mem   box_loss   cls_loss   dfl_loss  Instances       Size
                   all       1125       6901      0.564      0.615      0.619       0.39

      Epoch    GPU_mem   box_loss   cls_loss   dfl_loss  Instances       Size
                   all       1125       6901      0.562      0.619      0.619      0.391

      Epoch    GPU_mem   box_loss   cls_loss   dfl_loss  Instances       Size
                   all       1125       6901      0.564      0.617      0.619      0.391

      Epoch    GPU_mem   box_loss   cls_loss   dfl_loss  Instances       Size
                   all       1125       6901      0.565      0.615      0.619      0.391

      Epoch    GPU_mem   box_loss   cls_loss   dfl_loss  Instances       Size
                   all       1125       6901      0.564      0.617      0.619      0.392

      Epoch    GPU_mem   box_loss   cls_loss   dfl_loss  Instances       Size
                   all       1125       6901      0.565      0.618       0.62      0.392

      Epoch    GPU_mem   box_loss   cls_loss   dfl_loss  Instances       Size
                   all       1125       6901      0.567      0.615       0.62      0.392

      Epoch    GPU_mem   box_loss   cls_loss   dfl_loss  Instances       Size
                   all       1125       6901      0.565      0.617       0.62      0.392

      Epoch    GPU_mem   box_loss   cls_loss   dfl_loss  Instances       Size
                   all       1125       6901      0.564      0.618       0.62      0.392

      Epoch    GPU_mem   box_loss   cls_loss   dfl_loss  Instances       Size
                   all       1125       6901      0.563      0.618       0.62      0.392

      Epoch    GPU_mem   box_loss   cls_loss   dfl_loss  Instances       Size
                   all       1125       6901      0.562      0.621       0.62      0.392

      Epoch    GPU_mem   box_loss   cls_loss   dfl_loss  Instances       Size
                   all       1125       6901      0.562      0.622       0.62      0.393

      Epoch    GPU_mem   box_loss   cls_loss   dfl_loss  Instances       Size
                   all       1125       6901      0.563      0.621       0.62      0.393

      Epoch    GPU_mem   box_loss   cls_loss   dfl_loss  Instances       Size
                   all       1125       6901      0.564       0.62      0.621      0.393

      Epoch    GPU_mem   box_loss   cls_loss   dfl_loss  Instances       Size
                   all       1125       6901      0.564       0.62      0.621      0.393

      Epoch    GPU_mem   box_loss   cls_loss   dfl_loss  Instances       Size
                   all       1125       6901      0.565      0.619      0.621      0.393

      Epoch    GPU_mem   box_loss   cls_loss   dfl_loss  Instances       Size
                   all       1125       6901      0.566      0.615      0.621      0.393

      Epoch    GPU_mem   box_loss   cls_loss   dfl_loss  Instances       Size
                   all       1125       6901      0.566      0.615      0.621      0.393

      Epoch    GPU_mem   box_loss   cls_loss   dfl_loss  Instances       Size
                   all       1125       6901      0.565      0.616      0.621      0.393

      Epoch    GPU_mem   box_loss   cls_loss   dfl_loss  Instances       Size
                   all       1125       6901      0.566      0.616      0.621      0.394

      Epoch    GPU_mem   box_loss   cls_loss   dfl_loss  Instances       Size
                   all       1125       6901      0.566      0.615      0.621      0.394

      Epoch    GPU_mem   box_loss   cls_loss   dfl_loss  Instances       Size
                   all       1125       6901      0.566      0.617      0.621      0.394

      Epoch    GPU_mem   box_loss   cls_loss   dfl_loss  Instances       Size
                   all       1125       6901      0.565      0.617      0.621      0.394

      Epoch    GPU_mem   box_loss   cls_loss   dfl_loss  Instances       Size
                   all       1125       6901      0.564      0.618      0.621      0.394

      Epoch    GPU_mem   box_loss   cls_loss   dfl_loss  Instances       Size
                   all       1125       6901      0.565      0.619      0.621      0.394

      Epoch    GPU_mem   box_loss   cls_loss   dfl_loss  Instances       Size
                   all       1125       6901      0.565       0.62      0.621      0.395

      Epoch    GPU_mem   box_loss   cls_loss   dfl_loss  Instances       Size
                   all       1125       6901      0.564       0.62      0.621      0.395

      Epoch    GPU_mem   box_loss   cls_loss   dfl_loss  Instances       Size
                   all       1125       6901      0.564       0.62      0.621      0.395

      Epoch    GPU_mem   box_loss   cls_loss   dfl_loss  Instances       Size
                   all       1125       6901      0.565       0.62      0.621      0.395

      Epoch    GPU_mem   box_loss   cls_loss   dfl_loss  Instances       Size
                   all       1125       6901      0.565       0.62      0.621      0.395

      Epoch    GPU_mem   box_loss   cls_loss   dfl_loss  Instances       Size
                   all       1125       6901      0.565       0.62      0.621      0.395

      Epoch    GPU_mem   box_loss   cls_loss   dfl_loss  Instances       Size
                   all       1125       6901      0.565       0.62      0.621      0.395

      Epoch    GPU_mem   box_loss   cls_loss   dfl_loss  Instances       Size
                   all       1125       6901      0.565       0.62      0.622      0.396

      Epoch    GPU_mem   box_loss   cls_loss   dfl_loss  Instances       Size
                   all       1125       6901      0.565      0.619      0.622      0.396

      Epoch    GPU_mem   box_loss   cls_loss   dfl_loss  Instances       Size
                   all       1125       6901      0.564      0.621      0.622      0.396

      Epoch    GPU_mem   box_loss   cls_loss   dfl_loss  Instances       Size
                   all       1125       6901      0.563      0.622      0.622      0.396

      Epoch    GPU_mem   box_loss   cls_loss   dfl_loss  Instances       Size
                   all       1125       6901      0.563      0.621      0.622      0.396

      Epoch    GPU_mem   box_loss   cls_loss   dfl_loss  Instances       Size
                   all       1125       6901      0.562      0.624      0.622      0.397

      Epoch    GPU_mem   box_loss   cls_loss   dfl_loss  Instances       Size
                   all       1125       6901      0.562      0.624      0.622      0.397

      Epoch    GPU_mem   box_loss   cls_loss   dfl_loss  Instances       Size
                   all       1125       6901      0.562      0.624      0.623      0.397

      Epoch    GPU_mem   box_loss   cls_loss   dfl_loss  Instances       Size
                   all       1125       6901      0.562      0.625      0.622      0.397

      Epoch    GPU_mem   box_loss   cls_loss   dfl_loss  Instances       Size
                   all       1125       6901      0.562      0.626      0.623      0.397

      Epoch    GPU_mem   box_loss   cls_loss   dfl_loss  Instances       Size
                   all       1125       6901      0.563      0.624      0.623      0.397

      Epoch    GPU_mem   box_loss   cls_loss   dfl_loss  Instances       Size
                   all       1125       6901      0.561      0.627      0.623      0.397

      Epoch    GPU_mem   box_loss   cls_loss   dfl_loss  Instances       Size
                   all       1125       6901      0.561      0.626      0.623      0.398

      Epoch    GPU_mem   box_loss   cls_loss   dfl_loss  Instances       Size
                   all       1125       6901      0.562      0.625      0.623      0.398

      Epoch    GPU_mem   box_loss   cls_loss   dfl_loss  Instances       Size
                   all       1125       6901      0.564      0.623      0.623      0.398

      Epoch    GPU_mem   box_loss   cls_loss   dfl_loss  Instances       Size
                   all       1125       6901      0.564      0.623      0.623      0.398

      Epoch    GPU_mem   box_loss   cls_loss   dfl_loss  Instances       Size
                   all       1125       6901      0.565      0.623      0.623      0.398

      Epoch    GPU_mem   box_loss   cls_loss   dfl_loss  Instances       Size
                   all       1125       6901      0.564      0.625      0.623      0.398

      Epoch    GPU_mem   box_loss   cls_loss   dfl_loss  Instances       Size
                   all       1125       6901      0.564      0.624      0.623      0.398

      Epoch    GPU_mem   box_loss   cls_loss   dfl_loss  Instances       Size
                   all       1125       6901      0.564      0.625      0.623      0.398

      Epoch    GPU_mem   box_loss   cls_loss   dfl_loss  Instances       Size
                   all       1125       6901      0.562      0.626      0.623      0.398

      Epoch    GPU_mem   box_loss   cls_loss   dfl_loss  Instances       Size
                   all       1125       6901      0.563      0.625      0.623      0.398

      Epoch    GPU_mem   box_loss   cls_loss   dfl_loss  Instances       Size
                   all       1125       6901      0.562      0.627      0.623      0.398

      Epoch    GPU_mem   box_loss   cls_loss   dfl_loss  Instances       Size
                   all       1125       6901      0.562      0.627      0.623      0.398

      Epoch    GPU_mem   box_loss   cls_loss   dfl_loss  Instances       Size
                   all       1125       6901      0.562      0.627      0.623      0.398

      Epoch    GPU_mem   box_loss   cls_loss   dfl_loss  Instances       Size
                   all       1125       6901      0.562      0.627      0.624      0.398

      Epoch    GPU_mem   box_loss   cls_loss   dfl_loss  Instances       Size
                   all       1125       6901      0.562      0.629      0.623      0.398

      Epoch    GPU_mem   box_loss   cls_loss   dfl_loss  Instances       Size
                   all       1125       6901      0.562      0.628      0.623      0.398

      Epoch    GPU_mem   box_loss   cls_loss   dfl_loss  Instances       Size
                   all       1125       6901      0.562      0.628      0.624      0.399

      Epoch    GPU_mem   box_loss   cls_loss   dfl_loss  Instances       Size
                   all       1125       6901       0.56       0.63      0.624      0.399

      Epoch    GPU_mem   box_loss   cls_loss   dfl_loss  Instances       Size
                   all       1125       6901      0.559       0.63      0.624      0.399

      Epoch    GPU_mem   box_loss   cls_loss   dfl_loss  Instances       Size
                   all       1125       6901      0.559       0.63      0.624      0.399

      Epoch    GPU_mem   box_loss   cls_loss   dfl_loss  Instances       Size
                   all       1125       6901      0.559      0.629      0.624      0.399

      Epoch    GPU_mem   box_loss   cls_loss   dfl_loss  Instances       Size
                   all       1125       6901       0.56      0.628      0.624      0.399

      Epoch    GPU_mem   box_loss   cls_loss   dfl_loss  Instances       Size
                   all       1125       6901      0.559       0.63      0.624      0.399

      Epoch    GPU_mem   box_loss   cls_loss   dfl_loss  Instances       Size
                   all       1125       6901      0.559       0.63      0.623      0.399

      Epoch    GPU_mem   box_loss   cls_loss   dfl_loss  Instances       Size
                   all       1125       6901      0.561      0.629      0.624        0.4

      Epoch    GPU_mem   box_loss   cls_loss   dfl_loss  Instances       Size
                   all       1125       6901      0.561      0.629      0.624        0.4

      Epoch    GPU_mem   box_loss   cls_loss   dfl_loss  Instances       Size
                   all       1125       6901       0.56       0.63      0.624        0.4

      Epoch    GPU_mem   box_loss   cls_loss   dfl_loss  Instances       Size
                   all       1125       6901       0.56       0.63      0.624        0.4

      Epoch    GPU_mem   box_loss   cls_loss   dfl_loss  Instances       Size
                   all       1125       6901      0.559      0.632      0.624        0.4

      Epoch    GPU_mem   box_loss   cls_loss   dfl_loss  Instances       Size
                   all       1125       6901      0.559      0.631      0.624        0.4

      Epoch    GPU_mem   box_loss   cls_loss   dfl_loss  Instances       Size
                   all       1125       6901      0.559      0.631      0.624        0.4

      Epoch    GPU_mem   box_loss   cls_loss   dfl_loss  Instances       Size
                   all       1125       6901       0.56      0.631      0.624        0.4

      Epoch    GPU_mem   box_loss   cls_loss   dfl_loss  Instances       Size
                   all       1125       6901      0.559      0.632      0.624        0.4

      Epoch    GPU_mem   box_loss   cls_loss   dfl_loss  Instances       Size
                   all       1125       6901      0.559      0.632      0.624        0.4

      Epoch    GPU_mem   box_loss   cls_loss   dfl_loss  Instances       Size
                   all       1125       6901       0.56      0.631      0.624        0.4

      Epoch    GPU_mem   box_loss   cls_loss   dfl_loss  Instances       Size
                   all       1125       6901      0.559      0.632      0.624        0.4

      Epoch    GPU_mem   box_loss   cls_loss   dfl_loss  Instances       Size
                   all       1125       6901      0.559      0.635      0.624        0.4

      Epoch    GPU_mem   box_loss   cls_loss   dfl_loss  Instances       Size
                   all       1125       6901      0.559      0.635      0.624        0.4

      Epoch    GPU_mem   box_loss   cls_loss   dfl_loss  Instances       Size
                   all       1125       6901      0.561      0.633      0.624        0.4

      Epoch    GPU_mem   box_loss   cls_loss   dfl_loss  Instances       Size
                   all       1125       6901      0.561      0.632      0.624      0.401

      Epoch    GPU_mem   box_loss   cls_loss   dfl_loss  Instances       Size
                   all       1125       6901      0.562      0.629      0.624      0.401

      Epoch    GPU_mem   box_loss   cls_loss   dfl_loss  Instances       Size
                   all       1125       6901      0.563      0.629      0.624      0.401

      Epoch    GPU_mem   box_loss   cls_loss   dfl_loss  Instances       Size
                   all       1125       6901      0.564      0.629      0.624      0.401

      Epoch    GPU_mem   box_loss   cls_loss   dfl_loss  Instances       Size
                   all       1125       6901      0.561      0.632      0.624      0.401

      Epoch    GPU_mem   box_loss   cls_loss   dfl_loss  Instances       Size
                   all       1125       6901      0.561      0.633      0.624      0.401

      Epoch    GPU_mem   box_loss   cls_loss   dfl_loss  Instances       Size
                   all       1125       6901      0.561      0.633      0.624      0.401

      Epoch    GPU_mem   box_loss   cls_loss   dfl_loss  Instances       Size
                   all       1125       6901      0.561      0.634      0.624      0.401

      Epoch    GPU_mem   box_loss   cls_loss   dfl_loss  Instances       Size
                   all       1125       6901      0.562      0.634      0.624      0.401

      Epoch    GPU_mem   box_loss   cls_loss   dfl_loss  Instances       Size
                   all       1125       6901      0.563      0.634      0.624      0.401

      Epoch    GPU_mem   box_loss   cls_loss   dfl_loss  Instances       Size
                   all       1125       6901      0.564      0.633      0.624      0.401

      Epoch    GPU_mem   box_loss   cls_loss   dfl_loss  Instances       Size
                   all       1125       6901      0.564      0.632      0.624      0.401

      Epoch    GPU_mem   box_loss   cls_loss   dfl_loss  Instances       Size
                   all       1125       6901      0.564      0.634      0.624      0.401

      Epoch    GPU_mem   box_loss   cls_loss   dfl_loss  Instances       Size
                   all       1125       6901      0.563      0.636      0.624      0.401

      Epoch    GPU_mem   box_loss   cls_loss   dfl_loss  Instances       Size
                   all       1125       6901      0.563      0.635      0.624      0.401

      Epoch    GPU_mem   box_loss   cls_loss   dfl_loss  Instances       Size
                   all       1125       6901      0.564      0.635      0.624      0.401

      Epoch    GPU_mem   box_loss   cls_loss   dfl_loss  Instances       Size
                   all       1125       6901      0.564      0.636      0.624      0.401

      Epoch    GPU_mem   box_loss   cls_loss   dfl_loss  Instances       Size
                   all       1125       6901      0.562      0.638      0.624      0.401

      Epoch    GPU_mem   box_loss   cls_loss   dfl_loss  Instances       Size
                   all       1125       6901      0.562      0.637      0.624      0.401

      Epoch    GPU_mem   box_loss   cls_loss   dfl_loss  Instances       Size
                   all       1125       6901      0.561      0.637      0.624      0.401

      Epoch    GPU_mem   box_loss   cls_loss   dfl_loss  Instances       Size
                   all       1125       6901      0.561      0.637      0.624      0.401

      Epoch    GPU_mem   box_loss   cls_loss   dfl_loss  Instances       Size
                   all       1125       6901       0.56      0.639      0.624      0.402

      Epoch    GPU_mem   box_loss   cls_loss   dfl_loss  Instances       Size
                   all       1125       6901      0.559      0.638      0.624      0.402

      Epoch    GPU_mem   box_loss   cls_loss   dfl_loss  Instances       Size
                   all       1125       6901       0.56      0.639      0.624      0.401

      Epoch    GPU_mem   box_loss   cls_loss   dfl_loss  Instances       Size
                   all       1125       6901       0.56      0.639      0.624      0.401

      Epoch    GPU_mem   box_loss   cls_loss   dfl_loss  Instances       Size
                   all       1125       6901      0.557      0.643      0.624      0.401

      Epoch    GPU_mem   box_loss   cls_loss   dfl_loss  Instances       Size
                   all       1125       6901      0.558      0.642      0.624      0.401

      Epoch    GPU_mem   box_loss   cls_loss   dfl_loss  Instances       Size
                   all       1125       6901      0.558      0.643      0.624      0.401

      Epoch    GPU_mem   box_loss   cls_loss   dfl_loss  Instances       Size
                   all       1125       6901      0.558      0.643      0.624      0.401

      Epoch    GPU_mem   box_loss   cls_loss   dfl_loss  Instances       Size
                   all       1125       6901       0.56       0.64      0.624      0.401

      Epoch    GPU_mem   box_loss   cls_loss   dfl_loss  Instances       Size
                   all       1125       6901      0.561      0.639      0.624      0.401

      Epoch    GPU_mem   box_loss   cls_loss   dfl_loss  Instances       Size
                   all       1125       6901      0.561       0.64      0.624        0.4

      Epoch    GPU_mem   box_loss   cls_loss   dfl_loss  Instances       Size
                   all       1125       6901      0.562      0.637      0.624        0.4

      Epoch    GPU_mem   box_loss   cls_loss   dfl_loss  Instances       Size
                   all       1125       6901       0.56       0.64      0.623      0.401

      Epoch    GPU_mem   box_loss   cls_loss   dfl_loss  Instances       Size
                   all       1125       6901       0.56       0.64      0.623        0.4

      Epoch    GPU_mem   box_loss   cls_loss   dfl_loss  Instances       Size
                   all       1125       6901      0.561      0.639      0.623        0.4

      Epoch    GPU_mem   box_loss   cls_loss   dfl_loss  Instances       Size
                   all       1125       6901      0.561       0.64      0.623        0.4

      Epoch    GPU_mem   box_loss   cls_loss   dfl_loss  Instances       Size
                   all       1125       6901      0.561       0.64      0.623        0.4

      Epoch    GPU_mem   box_loss   cls_loss   dfl_loss  Instances       Size
                   all       1125       6901       0.56       0.64      0.623        0.4

      Epoch    GPU_mem   box_loss   cls_loss   dfl_loss  Instances       Size
                   all       1125       6901      0.561       0.64      0.623        0.4

      Epoch    GPU_mem   box_loss   cls_loss   dfl_loss  Instances       Size
                   all       1125       6901      0.562      0.638      0.623        0.4

      Epoch    GPU_mem   box_loss   cls_loss   dfl_loss  Instances       Size
                   all       1125       6901      0.562      0.637      0.623      0.399

      Epoch    GPU_mem   box_loss   cls_loss   dfl_loss  Instances       Size
                   all       1125       6901      0.562      0.638      0.622      0.399

      Epoch    GPU_mem   box_loss   cls_loss   dfl_loss  Instances       Size
                   all       1125       6901      0.562      0.638      0.623      0.399

      Epoch    GPU_mem   box_loss   cls_loss   dfl_loss  Instances       Size
                   all       1125       6901      0.562      0.637      0.623      0.399

      Epoch    GPU_mem   box_loss   cls_loss   dfl_loss  Instances       Size
                   all       1125       6901      0.562      0.636      0.622      0.399

      Epoch    GPU_mem   box_loss   cls_loss   dfl_loss  Instances       Size
                   all       1125       6901      0.562      0.636      0.622      0.399

      Epoch    GPU_mem   box_loss   cls_loss   dfl_loss  Instances       Size
                   all       1125       6901      0.562      0.636      0.622      0.399

      Epoch    GPU_mem   box_loss   cls_loss   dfl_loss  Instances       Size
                   all       1125       6901      0.562      0.638      0.622      0.399

      Epoch    GPU_mem   box_loss   cls_loss   dfl_loss  Instances       Size
                   all       1125       6901      0.561      0.639      0.622      0.399

      Epoch    GPU_mem   box_loss   cls_loss   dfl_loss  Instances       Size
                   all       1125       6901      0.561      0.639      0.622      0.399

      Epoch    GPU_mem   box_loss   cls_loss   dfl_loss  Instances       Size
                   all       1125       6901      0.561      0.639      0.621      0.399

      Epoch    GPU_mem   box_loss   cls_loss   dfl_loss  Instances       Size
                   all       1125       6901      0.561      0.638      0.621      0.399

      Epoch    GPU_mem   box_loss   cls_loss   dfl_loss  Instances       Size
                   all       1125       6901      0.563      0.635      0.621      0.398

      Epoch    GPU_mem   box_loss   cls_loss   dfl_loss  Instances       Size
                   all       1125       6901      0.564      0.634      0.621      0.398

      Epoch    GPU_mem   box_loss   cls_loss   dfl_loss  Instances       Size
                   all       1125       6901      0.564      0.634      0.621      0.398

      Epoch    GPU_mem   box_loss   cls_loss   dfl_loss  Instances       Size
                   all       1125       6901      0.563      0.635      0.621      0.397

      Epoch    GPU_mem   box_loss   cls_loss   dfl_loss  Instances       Size
                   all       1125       6901      0.563      0.634       0.62      0.398

      Epoch    GPU_mem   box_loss   cls_loss   dfl_loss  Instances       Size
                   all       1125       6901      0.563      0.634       0.62      0.397

      Epoch    GPU_mem   box_loss   cls_loss   dfl_loss  Instances       Size
                   all       1125       6901      0.564      0.632       0.62      0.397

      Epoch    GPU_mem   box_loss   cls_loss   dfl_loss  Instances       Size
                   all       1125       6901      0.564      0.633       0.62      0.397

      Epoch    GPU_mem   box_loss   cls_loss   dfl_loss  Instances       Size
                   all       1125       6901      0.562      0.634       0.62      0.397

      Epoch    GPU_mem   box_loss   cls_loss   dfl_loss  Instances       Size
                   all       1125       6901      0.562      0.634       0.62      0.397

      Epoch    GPU_mem   box_loss   cls_loss   dfl_loss  Instances       Size
                   all       1125       6901      0.562      0.632       0.62      0.396

      Epoch    GPU_mem   box_loss   cls_loss   dfl_loss  Instances       Size
                   all       1125       6901      0.561      0.634      0.619      0.396

      Epoch    GPU_mem   box_loss   cls_loss   dfl_loss  Instances       Size
                   all       1125       6901      0.562      0.633      0.619      0.396

      Epoch    GPU_mem   box_loss   cls_loss   dfl_loss  Instances       Size
                   all       1125       6901      0.561      0.633      0.619      0.396

      Epoch    GPU_mem   box_loss   cls_loss   dfl_loss  Instances       Size
                   all       1125       6901      0.561      0.632      0.619      0.396
Closing dataloader mosaic

      Epoch    GPU_mem   box_loss   cls_loss   dfl_loss  Instances       Size
                   all       1125       6901      0.561      0.631      0.619      0.396

      Epoch    GPU_mem   box_loss   cls_loss   dfl_loss  Instances       Size
                   all       1125       6901      0.562      0.632      0.619      0.396

      Epoch    GPU_mem   box_loss   cls_loss   dfl_loss  Instances       Size
                   all       1125       6901      0.561      0.632      0.618      0.396

      Epoch    GPU_mem   box_loss   cls_loss   dfl_loss  Instances       Size
                   all       1125       6901      0.559      0.633      0.618      0.395

      Epoch    GPU_mem   box_loss   cls_loss   dfl_loss  Instances       Size
                   all       1125       6901      0.559      0.633      0.618      0.395

      Epoch    GPU_mem   box_loss   cls_loss   dfl_loss  Instances       Size
                   all       1125       6901      0.558      0.634      0.618      0.395

      Epoch    GPU_mem   box_loss   cls_loss   dfl_loss  Instances       Size
                   all       1125       6901       0.56      0.633      0.617      0.395

      Epoch    GPU_mem   box_loss   cls_loss   dfl_loss  Instances       Size
                   all       1125       6901       0.56       0.63      0.617      0.395

      Epoch    GPU_mem   box_loss   cls_loss   dfl_loss  Instances       Size
                   all       1125       6901      0.562      0.629      0.617      0.395

      Epoch    GPU_mem   box_loss   cls_loss   dfl_loss  Instances       Size
                   all       1125       6901      0.562      0.627      0.617      0.395

300 epochs completed in 12.698 hours.
Optimizer stripped from yolo/yolo11m/img256_ep300/weights/last.pt, 40.5MB
Optimizer stripped from yolo/yolo11m/img256_ep300/weights/best.pt, 40.5MB

Validating yolo/yolo11m/img256_ep300/weights/best.pt...
Ultralytics 8.3.88 🚀 Python-3.10.12 torch-2.6.0+cu124 CUDA:0 (Tesla P100-PCIE-16GB, 16269MiB)
YOLO11m summary (fused): 125 layers, 20,031,574 parameters, 0 gradients, 67.7 GFLOPs
                   all       1125       6901       0.56      0.638      0.624      0.401
            lymphocyte        714       4398      0.674      0.736      0.759      0.468
              monocyte        702       2503      0.447      0.541      0.489      0.335
Speed: 0.0ms preprocess, 2.5ms inference, 0.0ms loss, 0.7ms postprocess per image
Results saved to [1myolo/yolo11m/img256_ep300[0m
