Sun Apr 20 09:08:59 2025       
+-----------------------------------------------------------------------------------------+
| NVIDIA-SMI 570.124.06             Driver Version: 570.124.06     CUDA Version: 12.8     |
|-----------------------------------------+------------------------+----------------------+
| GPU  Name                 Persistence-M | Bus-Id          Disp.A | Volatile Uncorr. ECC |
| Fan  Temp   Perf          Pwr:Usage/Cap |           Memory-Usage | GPU-Util  Compute M. |
|                                         |                        |               MIG M. |
|=========================================+========================+======================|
|   0  Tesla V100-PCIE-32GB           On  |   00000000:0B:00.0 Off |                    0 |
| N/A   25C    P0             25W /  250W |       1MiB /  32768MiB |      0%      Default |
|                                         |                        |                  N/A |
+-----------------------------------------+------------------------+----------------------+
                                                                                         
+-----------------------------------------------------------------------------------------+
| Processes:                                                                              |
|  GPU   GI   CI              PID   Type   Process name                        GPU Memory |
|        ID   ID                                                               Usage      |
|=========================================================================================|
|  No running processes found                                                             |
+-----------------------------------------------------------------------------------------+
New https://pypi.org/project/ultralytics/8.3.111 available 😃 Update with 'pip install -U ultralytics'
Ultralytics 8.3.88 🚀 Python-3.10.12 torch-2.6.0+cu124 CUDA:0 (Tesla V100-PCIE-32GB, 32494MiB)
[34m[1mengine/trainer: [0mtask=detect, mode=train, model=yolo11m.pt, data=data/seg_box/pas-cpg256/dataset.yaml, epochs=200, time=None, patience=200, batch=16, imgsz=256, save=True, save_period=-1, cache=disk, device=None, workers=0, project=yolo/seg_box, name=img256_ep200_yolo11m, exist_ok=False, pretrained=True, optimizer=auto, verbose=True, seed=0, deterministic=False, single_cls=False, rect=False, cos_lr=True, close_mosaic=0, resume=False, amp=True, fraction=1.0, profile=False, freeze=None, multi_scale=False, overlap_mask=True, mask_ratio=4, dropout=0.0, val=True, split=val, save_json=False, save_hybrid=False, conf=0.001, iou=0.7, max_det=None, half=False, dnn=False, plots=True, source=None, vid_stride=1, stream_buffer=False, visualize=False, augment=False, agnostic_nms=True, classes=None, retina_masks=False, embed=None, show=False, save_frames=False, save_txt=False, save_conf=False, save_crop=False, show_labels=True, show_conf=True, show_boxes=True, line_width=None, format=torchscript, keras=False, optimize=False, int8=False, dynamic=False, simplify=True, opset=None, workspace=None, nms=False, lr0=0.01, lrf=0.01, momentum=0.937, weight_decay=0.0005, warmup_epochs=3.0, warmup_momentum=0.8, warmup_bias_lr=0.1, box=7.5, cls=0.5, dfl=1.5, pose=12.0, kobj=1.0, nbs=64, hsv_h=0.015, hsv_s=0.4, hsv_v=0.4, degrees=15, translate=0.1, scale=0, shear=0.0, perspective=0.0, flipud=0.5, fliplr=0.5, bgr=0.0, mosaic=0, mixup=0.0, copy_paste=0.0, copy_paste_mode=flip, auto_augment=randaugment, erasing=0, crop_fraction=1.0, cfg=None, tracker=botsort.yaml, save_dir=yolo/seg_box/img256_ep200_yolo11m
Overriding model.yaml nc=80 with nc=2

                   from  n    params  module                                       arguments                     
  0                  -1  1      1856  ultralytics.nn.modules.conv.Conv             [3, 64, 3, 2]                 
  1                  -1  1     73984  ultralytics.nn.modules.conv.Conv             [64, 128, 3, 2]               
  2                  -1  1    111872  ultralytics.nn.modules.block.C3k2            [128, 256, 1, True, 0.25]     
  3                  -1  1    590336  ultralytics.nn.modules.conv.Conv             [256, 256, 3, 2]              
  4                  -1  1    444928  ultralytics.nn.modules.block.C3k2            [256, 512, 1, True, 0.25]     
  5                  -1  1   2360320  ultralytics.nn.modules.conv.Conv             [512, 512, 3, 2]              
  6                  -1  1   1380352  ultralytics.nn.modules.block.C3k2            [512, 512, 1, True]           
  7                  -1  1   2360320  ultralytics.nn.modules.conv.Conv             [512, 512, 3, 2]              
  8                  -1  1   1380352  ultralytics.nn.modules.block.C3k2            [512, 512, 1, True]           
  9                  -1  1    656896  ultralytics.nn.modules.block.SPPF            [512, 512, 5]                 
 10                  -1  1    990976  ultralytics.nn.modules.block.C2PSA           [512, 512, 1]                 
 11                  -1  1         0  torch.nn.modules.upsampling.Upsample         [None, 2, 'nearest']          
 12             [-1, 6]  1         0  ultralytics.nn.modules.conv.Concat           [1]                           
 13                  -1  1   1642496  ultralytics.nn.modules.block.C3k2            [1024, 512, 1, True]          
 14                  -1  1         0  torch.nn.modules.upsampling.Upsample         [None, 2, 'nearest']          
 15             [-1, 4]  1         0  ultralytics.nn.modules.conv.Concat           [1]                           
 16                  -1  1    542720  ultralytics.nn.modules.block.C3k2            [1024, 256, 1, True]          
 17                  -1  1    590336  ultralytics.nn.modules.conv.Conv             [256, 256, 3, 2]              
 18            [-1, 13]  1         0  ultralytics.nn.modules.conv.Concat           [1]                           
 19                  -1  1   1511424  ultralytics.nn.modules.block.C3k2            [768, 512, 1, True]           
 20                  -1  1   2360320  ultralytics.nn.modules.conv.Conv             [512, 512, 3, 2]              
 21            [-1, 10]  1         0  ultralytics.nn.modules.conv.Concat           [1]                           
 22                  -1  1   1642496  ultralytics.nn.modules.block.C3k2            [1024, 512, 1, True]          
 23        [16, 19, 22]  1   1412566  ultralytics.nn.modules.head.Detect           [2, [256, 512, 512]]          
YOLO11m summary: 231 layers, 20,054,550 parameters, 20,054,534 gradients, 68.2 GFLOPs

Transferred 643/649 items from pretrained weights
Freezing layer 'model.23.dfl.conv.weight'
[34m[1mAMP: [0mrunning Automatic Mixed Precision (AMP) checks...
[34m[1mAMP: [0mchecks passed ✅
[34m[1mtrain: [0mWARNING ⚠️ /home/tupystep/monkey_challenge/data/seg_box/pas-cpg256/images/A_P000001_PAS_CPG_ROI0_20.png: 1 duplicate labels removed
[34m[1mtrain: [0mWARNING ⚠️ /home/tupystep/monkey_challenge/data/seg_box/pas-cpg256/images/A_P000002_PAS_CPG_ROI0_83.png: 1 duplicate labels removed
[34m[1mtrain: [0mWARNING ⚠️ /home/tupystep/monkey_challenge/data/seg_box/pas-cpg256/images/A_P000002_PAS_CPG_ROI1_53.png: 1 duplicate labels removed
[34m[1mtrain: [0mWARNING ⚠️ /home/tupystep/monkey_challenge/data/seg_box/pas-cpg256/images/A_P000002_PAS_CPG_ROI2_36.png: 1 duplicate labels removed
[34m[1mtrain: [0mWARNING ⚠️ /home/tupystep/monkey_challenge/data/seg_box/pas-cpg256/images/A_P000005_PAS_CPG_ROI2_6.png: 1 duplicate labels removed
[34m[1mtrain: [0mWARNING ⚠️ /home/tupystep/monkey_challenge/data/seg_box/pas-cpg256/images/A_P000006_PAS_CPG_ROI1_39.png: 1 duplicate labels removed
[34m[1mtrain: [0mWARNING ⚠️ /home/tupystep/monkey_challenge/data/seg_box/pas-cpg256/images/A_P000006_PAS_CPG_ROI1_43.png: 1 duplicate labels removed
[34m[1mtrain: [0mWARNING ⚠️ /home/tupystep/monkey_challenge/data/seg_box/pas-cpg256/images/A_P000016_PAS_CPG_ROI0_33.png: 1 duplicate labels removed
[34m[1mtrain: [0mWARNING ⚠️ /home/tupystep/monkey_challenge/data/seg_box/pas-cpg256/images/A_P000016_PAS_CPG_ROI1_18.png: 1 duplicate labels removed
[34m[1mtrain: [0mWARNING ⚠️ /home/tupystep/monkey_challenge/data/seg_box/pas-cpg256/images/A_P000018_PAS_CPG_ROI1_45.png: 1 duplicate labels removed
[34m[1mtrain: [0mWARNING ⚠️ /home/tupystep/monkey_challenge/data/seg_box/pas-cpg256/images/A_P000021_PAS_CPG_ROI0_42.png: 1 duplicate labels removed
[34m[1mtrain: [0mWARNING ⚠️ /home/tupystep/monkey_challenge/data/seg_box/pas-cpg256/images/A_P000022_PAS_CPG_ROI1_26.png: 1 duplicate labels removed
[34m[1mtrain: [0mWARNING ⚠️ /home/tupystep/monkey_challenge/data/seg_box/pas-cpg256/images/A_P000029_PAS_CPG_ROI0_43.png: 1 duplicate labels removed
[34m[1mtrain: [0mWARNING ⚠️ /home/tupystep/monkey_challenge/data/seg_box/pas-cpg256/images/A_P000030_PAS_CPG_ROI1_11.png: 1 duplicate labels removed
[34m[1mtrain: [0mWARNING ⚠️ /home/tupystep/monkey_challenge/data/seg_box/pas-cpg256/images/A_P000032_PAS_CPG_ROI0_42.png: 1 duplicate labels removed
[34m[1mtrain: [0mWARNING ⚠️ /home/tupystep/monkey_challenge/data/seg_box/pas-cpg256/images/A_P000034_PAS_CPG_ROI1_17.png: 1 duplicate labels removed
[34m[1mtrain: [0mWARNING ⚠️ /home/tupystep/monkey_challenge/data/seg_box/pas-cpg256/images/A_P000035_PAS_CPG_ROI0_11.png: 1 duplicate labels removed
[34m[1mtrain: [0mWARNING ⚠️ /home/tupystep/monkey_challenge/data/seg_box/pas-cpg256/images/A_P000035_PAS_CPG_ROI2_32.png: 1 duplicate labels removed
[34m[1mtrain: [0mWARNING ⚠️ /home/tupystep/monkey_challenge/data/seg_box/pas-cpg256/images/A_P000037_PAS_CPG_ROI0_49.png: 1 duplicate labels removed
[34m[1mtrain: [0mWARNING ⚠️ /home/tupystep/monkey_challenge/data/seg_box/pas-cpg256/images/A_P000038_PAS_CPG_ROI0_113.png: 1 duplicate labels removed
[34m[1mtrain: [0mWARNING ⚠️ /home/tupystep/monkey_challenge/data/seg_box/pas-cpg256/images/B_P000001_PAS_CPG_ROI1_20.png: 1 duplicate labels removed
[34m[1mtrain: [0mWARNING ⚠️ /home/tupystep/monkey_challenge/data/seg_box/pas-cpg256/images/B_P000009_PAS_CPG_ROI2_4.png: 1 duplicate labels removed
[34m[1mtrain: [0mWARNING ⚠️ /home/tupystep/monkey_challenge/data/seg_box/pas-cpg256/images/B_P000011_PAS_CPG_ROI0_8.png: 1 duplicate labels removed
[34m[1mtrain: [0mWARNING ⚠️ /home/tupystep/monkey_challenge/data/seg_box/pas-cpg256/images/B_P000012_PAS_CPG_ROI1_18.png: 1 duplicate labels removed
[34m[1mtrain: [0mWARNING ⚠️ /home/tupystep/monkey_challenge/data/seg_box/pas-cpg256/images/B_P000014_PAS_CPG_ROI1_35.png: 1 duplicate labels removed
[34m[1mtrain: [0mWARNING ⚠️ /home/tupystep/monkey_challenge/data/seg_box/pas-cpg256/images/B_P000020_PAS_CPG_ROI1_5.png: 1 duplicate labels removed
[34m[1mtrain: [0mWARNING ⚠️ /home/tupystep/monkey_challenge/data/seg_box/pas-cpg256/images/C_P000021_PAS_CPG_ROI0_38.png: 2 duplicate labels removed
[34m[1mtrain: [0mWARNING ⚠️ /home/tupystep/monkey_challenge/data/seg_box/pas-cpg256/images/C_P000021_PAS_CPG_ROI1_2.png: 1 duplicate labels removed
[34m[1mtrain: [0mWARNING ⚠️ /home/tupystep/monkey_challenge/data/seg_box/pas-cpg256/images/C_P000023_PAS_CPG_ROI1_5.png: 1 duplicate labels removed
[34m[1mtrain: [0mWARNING ⚠️ /home/tupystep/monkey_challenge/data/seg_box/pas-cpg256/images/C_P000028_PAS_CPG_ROI0_7.png: 1 duplicate labels removed
[34m[1mtrain: [0mWARNING ⚠️ /home/tupystep/monkey_challenge/data/seg_box/pas-cpg256/images/C_P000028_PAS_CPG_ROI0_96.png: 1 duplicate labels removed
[34m[1mtrain: [0mWARNING ⚠️ /home/tupystep/monkey_challenge/data/seg_box/pas-cpg256/images/C_P000032_PAS_CPG_ROI0_38.png: 1 duplicate labels removed
[34m[1mtrain: [0mWARNING ⚠️ /home/tupystep/monkey_challenge/data/seg_box/pas-cpg256/images/C_P000035_PAS_CPG_ROI0_1.png: 1 duplicate labels removed
[34m[1mtrain: [0mWARNING ⚠️ /home/tupystep/monkey_challenge/data/seg_box/pas-cpg256/images/C_P000037_PAS_CPG_ROI0_28.png: 2 duplicate labels removed
[34m[1mtrain: [0mWARNING ⚠️ /home/tupystep/monkey_challenge/data/seg_box/pas-cpg256/images/C_P000037_PAS_CPG_ROI0_34.png: 1 duplicate labels removed
[34m[1mtrain: [0mWARNING ⚠️ /home/tupystep/monkey_challenge/data/seg_box/pas-cpg256/images/C_P000037_PAS_CPG_ROI0_39.png: 1 duplicate labels removed
[34m[1mtrain: [0mWARNING ⚠️ /home/tupystep/monkey_challenge/data/seg_box/pas-cpg256/images/C_P000037_PAS_CPG_ROI1_5.png: 2 duplicate labels removed
[34m[1mtrain: [0mWARNING ⚠️ /home/tupystep/monkey_challenge/data/seg_box/pas-cpg256/images/C_P000037_PAS_CPG_ROI1_8.png: 1 duplicate labels removed
[34m[1mtrain: [0mWARNING ⚠️ /home/tupystep/monkey_challenge/data/seg_box/pas-cpg256/images/C_P000038_PAS_CPG_ROI0_33.png: 1 duplicate labels removed
[34m[1mtrain: [0mWARNING ⚠️ /home/tupystep/monkey_challenge/data/seg_box/pas-cpg256/images/C_P000039_PAS_CPG_ROI0_21.png: 1 duplicate labels removed
[34m[1mtrain: [0mWARNING ⚠️ /home/tupystep/monkey_challenge/data/seg_box/pas-cpg256/images/C_P000039_PAS_CPG_ROI1_46.png: 1 duplicate labels removed
[34m[1mtrain: [0mWARNING ⚠️ /home/tupystep/monkey_challenge/data/seg_box/pas-cpg256/images/C_P000039_PAS_CPG_ROI1_53.png: 1 duplicate labels removed
[34m[1mtrain: [0mWARNING ⚠️ /home/tupystep/monkey_challenge/data/seg_box/pas-cpg256/images/C_P000039_PAS_CPG_ROI1_66.png: 1 duplicate labels removed
[34m[1mtrain: [0mWARNING ⚠️ /home/tupystep/monkey_challenge/data/seg_box/pas-cpg256/images/C_P000040_PAS_CPG_ROI1_13.png: 1 duplicate labels removed
[34m[1mtrain: [0mWARNING ⚠️ /home/tupystep/monkey_challenge/data/seg_box/pas-cpg256/images/D_P000003_PAS_CPG_ROI0_9.png: 1 duplicate labels removed
[34m[1mtrain: [0mWARNING ⚠️ /home/tupystep/monkey_challenge/data/seg_box/pas-cpg256/images/D_P000005_PAS_CPG_ROI1_17.png: 1 duplicate labels removed
[34m[1mtrain: [0mWARNING ⚠️ /home/tupystep/monkey_challenge/data/seg_box/pas-cpg256/images/D_P000011_PAS_CPG_ROI1_19.png: 1 duplicate labels removed
[34m[1mtrain: [0mWARNING ⚠️ /home/tupystep/monkey_challenge/data/seg_box/pas-cpg256/images/D_P000011_PAS_CPG_ROI1_8.png: 1 duplicate labels removed
[34m[1mtrain: [0mWARNING ⚠️ /home/tupystep/monkey_challenge/data/seg_box/pas-cpg256/images/D_P000018_PAS_CPG_ROI1_150.png: 1 duplicate labels removed
[34m[1mtrain: [0mWARNING ⚠️ /home/tupystep/monkey_challenge/data/seg_box/pas-cpg256/images/D_P000018_PAS_CPG_ROI1_95.png: 1 duplicate labels removed
[34m[1mtrain: [0mNew cache created: /home/tupystep/monkey_challenge/data/seg_box/pas-cpg256/labels.cache
[34m[1mval: [0mWARNING ⚠️ /home/tupystep/monkey_challenge/data/seg_box/pas-cpg256/images/A_P000011_PAS_CPG_ROI1_6.png: 1 duplicate labels removed
[34m[1mval: [0mWARNING ⚠️ /home/tupystep/monkey_challenge/data/seg_box/pas-cpg256/images/A_P000021_PAS_CPG_ROI0_51.png: 1 duplicate labels removed
[34m[1mval: [0mWARNING ⚠️ /home/tupystep/monkey_challenge/data/seg_box/pas-cpg256/images/A_P000031_PAS_CPG_ROI0_35.png: 1 duplicate labels removed
[34m[1mval: [0mWARNING ⚠️ /home/tupystep/monkey_challenge/data/seg_box/pas-cpg256/images/B_P000002_PAS_CPG_ROI3_31.png: 1 duplicate labels removed
[34m[1mval: [0mWARNING ⚠️ /home/tupystep/monkey_challenge/data/seg_box/pas-cpg256/images/B_P000014_PAS_CPG_ROI0_33.png: 1 duplicate labels removed
[34m[1mval: [0mWARNING ⚠️ /home/tupystep/monkey_challenge/data/seg_box/pas-cpg256/images/B_P000015_PAS_CPG_ROI0_30.png: 1 duplicate labels removed
[34m[1mval: [0mWARNING ⚠️ /home/tupystep/monkey_challenge/data/seg_box/pas-cpg256/images/B_P000017_PAS_CPG_ROI0_33.png: 1 duplicate labels removed
[34m[1mval: [0mWARNING ⚠️ /home/tupystep/monkey_challenge/data/seg_box/pas-cpg256/images/C_P000037_PAS_CPG_ROI0_5.png: 1 duplicate labels removed
[34m[1mval: [0mWARNING ⚠️ /home/tupystep/monkey_challenge/data/seg_box/pas-cpg256/images/C_P000038_PAS_CPG_ROI0_34.png: 1 duplicate labels removed
[34m[1mval: [0mWARNING ⚠️ /home/tupystep/monkey_challenge/data/seg_box/pas-cpg256/images/C_P000039_PAS_CPG_ROI1_31.png: 1 duplicate labels removed
[34m[1mval: [0mWARNING ⚠️ /home/tupystep/monkey_challenge/data/seg_box/pas-cpg256/images/D_P000018_PAS_CPG_ROI0_34.png: 1 duplicate labels removed
[34m[1mval: [0mNew cache created: /home/tupystep/monkey_challenge/data/seg_box/pas-cpg256/labels.cache
Plotting labels to yolo/seg_box/img256_ep200_yolo11m/labels.jpg... 
[34m[1moptimizer:[0m 'optimizer=auto' found, ignoring 'lr0=0.01' and 'momentum=0.937' and determining best 'optimizer', 'lr0' and 'momentum' automatically... 
[34m[1moptimizer:[0m SGD(lr=0.01, momentum=0.9) with parameter groups 106 weight(decay=0.0), 113 weight(decay=0.0005), 112 bias(decay=0.0)
Image sizes 256 train, 256 val
Using 0 dataloader workers
Logging results to [1myolo/seg_box/img256_ep200_yolo11m[0m
Starting training for 200 epochs...

      Epoch    GPU_mem   box_loss   cls_loss   dfl_loss  Instances       Size
                   all       2139      14415      0.404      0.454      0.362        0.2

      Epoch    GPU_mem   box_loss   cls_loss   dfl_loss  Instances       Size
                   all       2139      14415      0.323      0.381      0.308      0.153

      Epoch    GPU_mem   box_loss   cls_loss   dfl_loss  Instances       Size
                   all       2139      14415      0.274      0.283      0.298      0.157

      Epoch    GPU_mem   box_loss   cls_loss   dfl_loss  Instances       Size
                   all       2139      14415      0.352       0.41      0.314      0.178

      Epoch    GPU_mem   box_loss   cls_loss   dfl_loss  Instances       Size
                   all       2139      14415      0.402      0.308      0.269      0.154

      Epoch    GPU_mem   box_loss   cls_loss   dfl_loss  Instances       Size
                   all       2139      14415      0.412      0.437      0.365      0.225

      Epoch    GPU_mem   box_loss   cls_loss   dfl_loss  Instances       Size
                   all       2139      14415      0.376       0.47      0.363        0.2

      Epoch    GPU_mem   box_loss   cls_loss   dfl_loss  Instances       Size
                   all       2139      14415      0.396      0.427       0.36      0.203

      Epoch    GPU_mem   box_loss   cls_loss   dfl_loss  Instances       Size
                   all       2139      14415      0.431      0.456      0.384      0.226

      Epoch    GPU_mem   box_loss   cls_loss   dfl_loss  Instances       Size
                   all       2139      14415      0.445      0.461      0.401      0.234

      Epoch    GPU_mem   box_loss   cls_loss   dfl_loss  Instances       Size
                   all       2139      14415      0.418      0.482      0.405      0.238

      Epoch    GPU_mem   box_loss   cls_loss   dfl_loss  Instances       Size
                   all       2139      14415      0.434       0.49      0.405      0.231

      Epoch    GPU_mem   box_loss   cls_loss   dfl_loss  Instances       Size
                   all       2139      14415      0.454      0.472      0.413      0.251

      Epoch    GPU_mem   box_loss   cls_loss   dfl_loss  Instances       Size
                   all       2139      14415      0.462      0.492      0.424      0.266

      Epoch    GPU_mem   box_loss   cls_loss   dfl_loss  Instances       Size
                   all       2139      14415      0.442      0.476      0.413      0.253

      Epoch    GPU_mem   box_loss   cls_loss   dfl_loss  Instances       Size
                   all       2139      14415       0.45      0.454      0.398      0.238

      Epoch    GPU_mem   box_loss   cls_loss   dfl_loss  Instances       Size
                   all       2139      14415      0.475      0.496      0.438      0.259

      Epoch    GPU_mem   box_loss   cls_loss   dfl_loss  Instances       Size
                   all       2139      14415      0.462      0.495      0.435      0.266

      Epoch    GPU_mem   box_loss   cls_loss   dfl_loss  Instances       Size
                   all       2139      14415      0.462      0.493      0.426      0.255

      Epoch    GPU_mem   box_loss   cls_loss   dfl_loss  Instances       Size
                   all       2139      14415      0.484      0.481      0.431      0.253

      Epoch    GPU_mem   box_loss   cls_loss   dfl_loss  Instances       Size
                   all       2139      14415      0.476      0.515      0.445       0.27

      Epoch    GPU_mem   box_loss   cls_loss   dfl_loss  Instances       Size
                   all       2139      14415      0.482      0.502      0.449      0.262

      Epoch    GPU_mem   box_loss   cls_loss   dfl_loss  Instances       Size
                   all       2139      14415      0.484      0.498      0.449      0.262

      Epoch    GPU_mem   box_loss   cls_loss   dfl_loss  Instances       Size
                   all       2139      14415      0.466      0.502      0.439      0.263

      Epoch    GPU_mem   box_loss   cls_loss   dfl_loss  Instances       Size
                   all       2139      14415      0.495      0.511      0.458      0.272

      Epoch    GPU_mem   box_loss   cls_loss   dfl_loss  Instances       Size
                   all       2139      14415      0.504      0.513      0.463      0.265

      Epoch    GPU_mem   box_loss   cls_loss   dfl_loss  Instances       Size
                   all       2139      14415      0.495      0.518      0.455      0.275

      Epoch    GPU_mem   box_loss   cls_loss   dfl_loss  Instances       Size
                   all       2139      14415      0.501      0.513      0.462      0.285

      Epoch    GPU_mem   box_loss   cls_loss   dfl_loss  Instances       Size
                   all       2139      14415      0.503      0.516       0.47      0.283

      Epoch    GPU_mem   box_loss   cls_loss   dfl_loss  Instances       Size
                   all       2139      14415      0.494      0.508      0.461      0.277

      Epoch    GPU_mem   box_loss   cls_loss   dfl_loss  Instances       Size
                   all       2139      14415      0.505      0.519      0.469      0.279

      Epoch    GPU_mem   box_loss   cls_loss   dfl_loss  Instances       Size
                   all       2139      14415       0.51      0.521      0.477      0.293

      Epoch    GPU_mem   box_loss   cls_loss   dfl_loss  Instances       Size
                   all       2139      14415      0.505      0.517      0.471      0.291

      Epoch    GPU_mem   box_loss   cls_loss   dfl_loss  Instances       Size
                   all       2139      14415      0.519       0.52      0.481      0.294

      Epoch    GPU_mem   box_loss   cls_loss   dfl_loss  Instances       Size
                   all       2139      14415      0.514       0.53      0.483      0.297

      Epoch    GPU_mem   box_loss   cls_loss   dfl_loss  Instances       Size
                   all       2139      14415      0.499      0.526      0.476      0.292

      Epoch    GPU_mem   box_loss   cls_loss   dfl_loss  Instances       Size
                   all       2139      14415      0.522      0.523      0.484      0.292

      Epoch    GPU_mem   box_loss   cls_loss   dfl_loss  Instances       Size
                   all       2139      14415      0.515      0.527      0.484      0.298

      Epoch    GPU_mem   box_loss   cls_loss   dfl_loss  Instances       Size
                   all       2139      14415      0.518      0.534       0.49      0.302

      Epoch    GPU_mem   box_loss   cls_loss   dfl_loss  Instances       Size
                   all       2139      14415      0.516      0.533      0.492      0.302

      Epoch    GPU_mem   box_loss   cls_loss   dfl_loss  Instances       Size
                   all       2139      14415      0.519      0.536      0.492      0.305

      Epoch    GPU_mem   box_loss   cls_loss   dfl_loss  Instances       Size
                   all       2139      14415      0.514      0.546      0.495      0.303

      Epoch    GPU_mem   box_loss   cls_loss   dfl_loss  Instances       Size
                   all       2139      14415      0.517      0.531      0.492        0.3

      Epoch    GPU_mem   box_loss   cls_loss   dfl_loss  Instances       Size
                   all       2139      14415      0.529       0.54      0.501      0.311

      Epoch    GPU_mem   box_loss   cls_loss   dfl_loss  Instances       Size
                   all       2139      14415      0.528      0.539        0.5      0.312

      Epoch    GPU_mem   box_loss   cls_loss   dfl_loss  Instances       Size
                   all       2139      14415      0.521      0.531      0.497      0.305

      Epoch    GPU_mem   box_loss   cls_loss   dfl_loss  Instances       Size
                   all       2139      14415      0.524      0.532      0.497      0.303

      Epoch    GPU_mem   box_loss   cls_loss   dfl_loss  Instances       Size
                   all       2139      14415      0.528      0.534      0.496      0.309

      Epoch    GPU_mem   box_loss   cls_loss   dfl_loss  Instances       Size
                   all       2139      14415       0.54       0.53      0.503      0.307

      Epoch    GPU_mem   box_loss   cls_loss   dfl_loss  Instances       Size
                   all       2139      14415      0.539      0.535      0.506      0.316

      Epoch    GPU_mem   box_loss   cls_loss   dfl_loss  Instances       Size
                   all       2139      14415       0.53      0.542      0.504      0.312

      Epoch    GPU_mem   box_loss   cls_loss   dfl_loss  Instances       Size
                   all       2139      14415      0.539      0.536      0.504      0.308

      Epoch    GPU_mem   box_loss   cls_loss   dfl_loss  Instances       Size
                   all       2139      14415      0.541       0.54      0.505      0.313

      Epoch    GPU_mem   box_loss   cls_loss   dfl_loss  Instances       Size
                   all       2139      14415      0.538      0.543      0.507      0.315

      Epoch    GPU_mem   box_loss   cls_loss   dfl_loss  Instances       Size
                   all       2139      14415      0.537      0.552      0.513      0.322

      Epoch    GPU_mem   box_loss   cls_loss   dfl_loss  Instances       Size
                   all       2139      14415      0.541      0.541       0.51      0.319

      Epoch    GPU_mem   box_loss   cls_loss   dfl_loss  Instances       Size
                   all       2139      14415      0.544      0.538      0.509      0.319

      Epoch    GPU_mem   box_loss   cls_loss   dfl_loss  Instances       Size
                   all       2139      14415      0.543      0.541      0.512       0.32

      Epoch    GPU_mem   box_loss   cls_loss   dfl_loss  Instances       Size
                   all       2139      14415      0.541      0.543       0.51      0.314

      Epoch    GPU_mem   box_loss   cls_loss   dfl_loss  Instances       Size
                   all       2139      14415      0.545      0.542      0.512      0.318

      Epoch    GPU_mem   box_loss   cls_loss   dfl_loss  Instances       Size
                   all       2139      14415      0.543      0.549      0.514      0.316

      Epoch    GPU_mem   box_loss   cls_loss   dfl_loss  Instances       Size
                   all       2139      14415      0.546      0.547      0.516      0.322

      Epoch    GPU_mem   box_loss   cls_loss   dfl_loss  Instances       Size
                   all       2139      14415      0.544      0.549      0.515      0.322

      Epoch    GPU_mem   box_loss   cls_loss   dfl_loss  Instances       Size
                   all       2139      14415      0.545      0.546      0.512      0.319

      Epoch    GPU_mem   box_loss   cls_loss   dfl_loss  Instances       Size
                   all       2139      14415      0.546      0.542       0.51      0.318

      Epoch    GPU_mem   box_loss   cls_loss   dfl_loss  Instances       Size
                   all       2139      14415      0.554      0.538      0.514      0.322

      Epoch    GPU_mem   box_loss   cls_loss   dfl_loss  Instances       Size
                   all       2139      14415      0.552       0.54      0.517      0.321

      Epoch    GPU_mem   box_loss   cls_loss   dfl_loss  Instances       Size
                   all       2139      14415      0.554      0.539      0.516      0.321

      Epoch    GPU_mem   box_loss   cls_loss   dfl_loss  Instances       Size
                   all       2139      14415      0.551      0.547      0.519      0.323

      Epoch    GPU_mem   box_loss   cls_loss   dfl_loss  Instances       Size
                   all       2139      14415      0.551      0.551      0.518      0.323

      Epoch    GPU_mem   box_loss   cls_loss   dfl_loss  Instances       Size
                   all       2139      14415      0.556      0.547       0.52      0.326

      Epoch    GPU_mem   box_loss   cls_loss   dfl_loss  Instances       Size
                   all       2139      14415      0.552       0.55      0.522      0.327

      Epoch    GPU_mem   box_loss   cls_loss   dfl_loss  Instances       Size
                   all       2139      14415      0.552      0.548       0.52      0.326

      Epoch    GPU_mem   box_loss   cls_loss   dfl_loss  Instances       Size
                   all       2139      14415      0.549       0.55      0.519      0.324

      Epoch    GPU_mem   box_loss   cls_loss   dfl_loss  Instances       Size
                   all       2139      14415      0.554      0.546      0.518      0.324

      Epoch    GPU_mem   box_loss   cls_loss   dfl_loss  Instances       Size
                   all       2139      14415      0.552      0.549      0.519      0.324

      Epoch    GPU_mem   box_loss   cls_loss   dfl_loss  Instances       Size
                   all       2139      14415      0.557      0.551      0.522      0.326

      Epoch    GPU_mem   box_loss   cls_loss   dfl_loss  Instances       Size
                   all       2139      14415      0.556      0.548      0.521      0.326

      Epoch    GPU_mem   box_loss   cls_loss   dfl_loss  Instances       Size
                   all       2139      14415      0.551       0.55      0.522      0.327

      Epoch    GPU_mem   box_loss   cls_loss   dfl_loss  Instances       Size
                   all       2139      14415      0.548      0.553       0.52      0.324

      Epoch    GPU_mem   box_loss   cls_loss   dfl_loss  Instances       Size
                   all       2139      14415      0.555      0.553      0.523      0.327

      Epoch    GPU_mem   box_loss   cls_loss   dfl_loss  Instances       Size
                   all       2139      14415      0.558      0.556      0.523      0.327

      Epoch    GPU_mem   box_loss   cls_loss   dfl_loss  Instances       Size
                   all       2139      14415      0.558      0.556      0.523      0.328

      Epoch    GPU_mem   box_loss   cls_loss   dfl_loss  Instances       Size
                   all       2139      14415      0.557      0.558      0.524      0.329

      Epoch    GPU_mem   box_loss   cls_loss   dfl_loss  Instances       Size
                   all       2139      14415      0.555      0.557      0.523      0.328

      Epoch    GPU_mem   box_loss   cls_loss   dfl_loss  Instances       Size
                   all       2139      14415       0.55       0.56      0.521      0.328

      Epoch    GPU_mem   box_loss   cls_loss   dfl_loss  Instances       Size
                   all       2139      14415      0.551      0.558       0.52      0.327

      Epoch    GPU_mem   box_loss   cls_loss   dfl_loss  Instances       Size
                   all       2139      14415      0.553      0.555       0.52      0.327

      Epoch    GPU_mem   box_loss   cls_loss   dfl_loss  Instances       Size
                   all       2139      14415      0.556      0.554       0.52      0.327

      Epoch    GPU_mem   box_loss   cls_loss   dfl_loss  Instances       Size
                   all       2139      14415      0.554      0.555       0.52      0.329

      Epoch    GPU_mem   box_loss   cls_loss   dfl_loss  Instances       Size
                   all       2139      14415      0.556      0.554       0.52      0.328

      Epoch    GPU_mem   box_loss   cls_loss   dfl_loss  Instances       Size
                   all       2139      14415      0.555      0.553       0.52      0.327

      Epoch    GPU_mem   box_loss   cls_loss   dfl_loss  Instances       Size
                   all       2139      14415      0.552      0.553      0.519      0.326

      Epoch    GPU_mem   box_loss   cls_loss   dfl_loss  Instances       Size
                   all       2139      14415      0.552      0.551      0.519      0.326

      Epoch    GPU_mem   box_loss   cls_loss   dfl_loss  Instances       Size
                   all       2139      14415      0.552      0.551      0.518      0.326

      Epoch    GPU_mem   box_loss   cls_loss   dfl_loss  Instances       Size
                   all       2139      14415      0.552       0.55      0.518      0.325

      Epoch    GPU_mem   box_loss   cls_loss   dfl_loss  Instances       Size
                   all       2139      14415      0.552       0.55      0.518      0.325

      Epoch    GPU_mem   box_loss   cls_loss   dfl_loss  Instances       Size
                   all       2139      14415      0.548      0.555      0.518      0.326

      Epoch    GPU_mem   box_loss   cls_loss   dfl_loss  Instances       Size
                   all       2139      14415      0.548      0.553      0.517      0.326

      Epoch    GPU_mem   box_loss   cls_loss   dfl_loss  Instances       Size
                   all       2139      14415      0.548      0.555      0.517      0.326

      Epoch    GPU_mem   box_loss   cls_loss   dfl_loss  Instances       Size
                   all       2139      14415      0.544      0.556      0.518      0.326

      Epoch    GPU_mem   box_loss   cls_loss   dfl_loss  Instances       Size
                   all       2139      14415      0.543      0.556      0.517      0.326

      Epoch    GPU_mem   box_loss   cls_loss   dfl_loss  Instances       Size
                   all       2139      14415      0.543      0.555      0.516      0.325

      Epoch    GPU_mem   box_loss   cls_loss   dfl_loss  Instances       Size
                   all       2139      14415      0.547       0.55      0.515      0.325

      Epoch    GPU_mem   box_loss   cls_loss   dfl_loss  Instances       Size
                   all       2139      14415      0.547      0.552      0.515      0.325

      Epoch    GPU_mem   box_loss   cls_loss   dfl_loss  Instances       Size
                   all       2139      14415      0.548      0.553      0.515      0.325

      Epoch    GPU_mem   box_loss   cls_loss   dfl_loss  Instances       Size
                   all       2139      14415      0.548      0.552      0.515      0.325

      Epoch    GPU_mem   box_loss   cls_loss   dfl_loss  Instances       Size
                   all       2139      14415      0.547      0.553      0.515      0.325

      Epoch    GPU_mem   box_loss   cls_loss   dfl_loss  Instances       Size
                   all       2139      14415      0.548       0.55      0.514      0.325

      Epoch    GPU_mem   box_loss   cls_loss   dfl_loss  Instances       Size
                   all       2139      14415      0.544      0.553      0.514      0.325

      Epoch    GPU_mem   box_loss   cls_loss   dfl_loss  Instances       Size
                   all       2139      14415      0.544      0.554      0.514      0.324

      Epoch    GPU_mem   box_loss   cls_loss   dfl_loss  Instances       Size
                   all       2139      14415      0.541      0.556      0.513      0.324

      Epoch    GPU_mem   box_loss   cls_loss   dfl_loss  Instances       Size
                   all       2139      14415      0.541      0.557      0.513      0.324

      Epoch    GPU_mem   box_loss   cls_loss   dfl_loss  Instances       Size
                   all       2139      14415      0.543      0.556      0.512      0.324

      Epoch    GPU_mem   box_loss   cls_loss   dfl_loss  Instances       Size
                   all       2139      14415      0.543      0.556      0.512      0.324

      Epoch    GPU_mem   box_loss   cls_loss   dfl_loss  Instances       Size
                   all       2139      14415      0.542      0.558      0.512      0.323

      Epoch    GPU_mem   box_loss   cls_loss   dfl_loss  Instances       Size
                   all       2139      14415      0.542       0.56      0.512      0.323

      Epoch    GPU_mem   box_loss   cls_loss   dfl_loss  Instances       Size
                   all       2139      14415      0.544      0.556      0.511      0.323

      Epoch    GPU_mem   box_loss   cls_loss   dfl_loss  Instances       Size
                   all       2139      14415      0.544      0.557      0.511      0.323

      Epoch    GPU_mem   box_loss   cls_loss   dfl_loss  Instances       Size
                   all       2139      14415      0.544      0.556       0.51      0.322

      Epoch    GPU_mem   box_loss   cls_loss   dfl_loss  Instances       Size
                   all       2139      14415      0.545      0.554       0.51      0.322

      Epoch    GPU_mem   box_loss   cls_loss   dfl_loss  Instances       Size
                   all       2139      14415      0.545      0.554       0.51      0.322

      Epoch    GPU_mem   box_loss   cls_loss   dfl_loss  Instances       Size
                   all       2139      14415      0.547       0.55      0.509      0.322

      Epoch    GPU_mem   box_loss   cls_loss   dfl_loss  Instances       Size
                   all       2139      14415      0.548      0.549      0.509      0.321

      Epoch    GPU_mem   box_loss   cls_loss   dfl_loss  Instances       Size
                   all       2139      14415      0.548       0.55      0.508      0.321

      Epoch    GPU_mem   box_loss   cls_loss   dfl_loss  Instances       Size
                   all       2139      14415      0.548      0.549      0.508      0.321

      Epoch    GPU_mem   box_loss   cls_loss   dfl_loss  Instances       Size
                   all       2139      14415      0.547       0.55      0.508      0.321

      Epoch    GPU_mem   box_loss   cls_loss   dfl_loss  Instances       Size
                   all       2139      14415      0.548      0.549      0.508      0.321

      Epoch    GPU_mem   box_loss   cls_loss   dfl_loss  Instances       Size
                   all       2139      14415      0.549      0.549      0.508      0.321

      Epoch    GPU_mem   box_loss   cls_loss   dfl_loss  Instances       Size
                   all       2139      14415      0.549      0.549      0.508      0.321

      Epoch    GPU_mem   box_loss   cls_loss   dfl_loss  Instances       Size
                   all       2139      14415      0.548      0.551      0.508      0.321

      Epoch    GPU_mem   box_loss   cls_loss   dfl_loss  Instances       Size
                   all       2139      14415      0.548      0.549      0.508      0.322

      Epoch    GPU_mem   box_loss   cls_loss   dfl_loss  Instances       Size
                   all       2139      14415      0.548      0.549      0.507      0.321

      Epoch    GPU_mem   box_loss   cls_loss   dfl_loss  Instances       Size
                   all       2139      14415      0.548      0.548      0.507      0.321

      Epoch    GPU_mem   box_loss   cls_loss   dfl_loss  Instances       Size
                   all       2139      14415      0.548      0.548      0.507      0.321

      Epoch    GPU_mem   box_loss   cls_loss   dfl_loss  Instances       Size
                   all       2139      14415      0.547      0.548      0.506      0.321

      Epoch    GPU_mem   box_loss   cls_loss   dfl_loss  Instances       Size
                   all       2139      14415      0.546       0.55      0.506      0.321

      Epoch    GPU_mem   box_loss   cls_loss   dfl_loss  Instances       Size
                   all       2139      14415      0.547       0.55      0.506      0.321

      Epoch    GPU_mem   box_loss   cls_loss   dfl_loss  Instances       Size
                   all       2139      14415      0.546       0.55      0.505      0.321

      Epoch    GPU_mem   box_loss   cls_loss   dfl_loss  Instances       Size
                   all       2139      14415      0.547      0.548      0.505      0.321

      Epoch    GPU_mem   box_loss   cls_loss   dfl_loss  Instances       Size
                   all       2139      14415      0.546      0.549      0.504      0.321

      Epoch    GPU_mem   box_loss   cls_loss   dfl_loss  Instances       Size
                   all       2139      14415      0.546      0.549      0.504       0.32

      Epoch    GPU_mem   box_loss   cls_loss   dfl_loss  Instances       Size
                   all       2139      14415      0.546      0.548      0.504       0.32

      Epoch    GPU_mem   box_loss   cls_loss   dfl_loss  Instances       Size
                   all       2139      14415      0.545      0.548      0.504       0.32

      Epoch    GPU_mem   box_loss   cls_loss   dfl_loss  Instances       Size
                   all       2139      14415      0.545      0.548      0.503       0.32

      Epoch    GPU_mem   box_loss   cls_loss   dfl_loss  Instances       Size
                   all       2139      14415      0.544      0.548      0.503       0.32

      Epoch    GPU_mem   box_loss   cls_loss   dfl_loss  Instances       Size
                   all       2139      14415      0.543      0.549      0.503       0.32

      Epoch    GPU_mem   box_loss   cls_loss   dfl_loss  Instances       Size
                   all       2139      14415      0.543      0.548      0.503       0.32

      Epoch    GPU_mem   box_loss   cls_loss   dfl_loss  Instances       Size
                   all       2139      14415      0.544      0.548      0.502       0.32

      Epoch    GPU_mem   box_loss   cls_loss   dfl_loss  Instances       Size
                   all       2139      14415      0.543      0.548      0.502       0.32

      Epoch    GPU_mem   box_loss   cls_loss   dfl_loss  Instances       Size
                   all       2139      14415      0.544      0.548      0.502       0.32

      Epoch    GPU_mem   box_loss   cls_loss   dfl_loss  Instances       Size
                   all       2139      14415      0.544      0.547      0.502       0.32

      Epoch    GPU_mem   box_loss   cls_loss   dfl_loss  Instances       Size
                   all       2139      14415      0.543      0.549      0.502       0.32

      Epoch    GPU_mem   box_loss   cls_loss   dfl_loss  Instances       Size
                   all       2139      14415      0.543      0.547      0.501      0.319

      Epoch    GPU_mem   box_loss   cls_loss   dfl_loss  Instances       Size
                   all       2139      14415      0.543      0.548      0.501      0.319

      Epoch    GPU_mem   box_loss   cls_loss   dfl_loss  Instances       Size
                   all       2139      14415      0.542      0.548      0.501      0.319

      Epoch    GPU_mem   box_loss   cls_loss   dfl_loss  Instances       Size
                   all       2139      14415      0.542      0.549      0.501      0.319

      Epoch    GPU_mem   box_loss   cls_loss   dfl_loss  Instances       Size
                   all       2139      14415      0.541      0.549        0.5      0.318

      Epoch    GPU_mem   box_loss   cls_loss   dfl_loss  Instances       Size
                   all       2139      14415       0.54       0.55      0.501      0.319

      Epoch    GPU_mem   box_loss   cls_loss   dfl_loss  Instances       Size
                   all       2139      14415       0.54       0.55        0.5      0.319

      Epoch    GPU_mem   box_loss   cls_loss   dfl_loss  Instances       Size
                   all       2139      14415      0.539       0.55        0.5      0.318

      Epoch    GPU_mem   box_loss   cls_loss   dfl_loss  Instances       Size
                   all       2139      14415       0.54       0.55      0.499      0.318

      Epoch    GPU_mem   box_loss   cls_loss   dfl_loss  Instances       Size
                   all       2139      14415      0.539      0.551        0.5      0.318

      Epoch    GPU_mem   box_loss   cls_loss   dfl_loss  Instances       Size
                   all       2139      14415       0.54      0.551      0.499      0.318

      Epoch    GPU_mem   box_loss   cls_loss   dfl_loss  Instances       Size
                   all       2139      14415       0.54      0.549      0.499      0.318

      Epoch    GPU_mem   box_loss   cls_loss   dfl_loss  Instances       Size
                   all       2139      14415      0.538       0.55      0.499      0.318

      Epoch    GPU_mem   box_loss   cls_loss   dfl_loss  Instances       Size
                   all       2139      14415      0.538       0.55      0.499      0.318

      Epoch    GPU_mem   box_loss   cls_loss   dfl_loss  Instances       Size
                   all       2139      14415      0.538       0.55      0.499      0.318

      Epoch    GPU_mem   box_loss   cls_loss   dfl_loss  Instances       Size
                   all       2139      14415      0.538       0.55      0.498      0.318

      Epoch    GPU_mem   box_loss   cls_loss   dfl_loss  Instances       Size
                   all       2139      14415      0.537       0.55      0.498      0.318

      Epoch    GPU_mem   box_loss   cls_loss   dfl_loss  Instances       Size
                   all       2139      14415      0.537       0.55      0.498      0.318

      Epoch    GPU_mem   box_loss   cls_loss   dfl_loss  Instances       Size
                   all       2139      14415      0.539      0.549      0.498      0.317

      Epoch    GPU_mem   box_loss   cls_loss   dfl_loss  Instances       Size
                   all       2139      14415      0.538      0.549      0.498      0.317

      Epoch    GPU_mem   box_loss   cls_loss   dfl_loss  Instances       Size
                   all       2139      14415      0.537      0.548      0.497      0.317

      Epoch    GPU_mem   box_loss   cls_loss   dfl_loss  Instances       Size
                   all       2139      14415      0.537      0.548      0.497      0.317

      Epoch    GPU_mem   box_loss   cls_loss   dfl_loss  Instances       Size
                   all       2139      14415      0.538      0.547      0.497      0.317

      Epoch    GPU_mem   box_loss   cls_loss   dfl_loss  Instances       Size
                   all       2139      14415      0.537      0.546      0.496      0.317

      Epoch    GPU_mem   box_loss   cls_loss   dfl_loss  Instances       Size
                   all       2139      14415      0.537      0.547      0.496      0.316

      Epoch    GPU_mem   box_loss   cls_loss   dfl_loss  Instances       Size
                   all       2139      14415      0.538      0.547      0.496      0.316

      Epoch    GPU_mem   box_loss   cls_loss   dfl_loss  Instances       Size
                   all       2139      14415      0.537      0.547      0.496      0.316

      Epoch    GPU_mem   box_loss   cls_loss   dfl_loss  Instances       Size
                   all       2139      14415      0.537      0.546      0.495      0.316

      Epoch    GPU_mem   box_loss   cls_loss   dfl_loss  Instances       Size
                   all       2139      14415      0.537      0.548      0.495      0.316

      Epoch    GPU_mem   box_loss   cls_loss   dfl_loss  Instances       Size
                   all       2139      14415      0.537      0.547      0.495      0.316

      Epoch    GPU_mem   box_loss   cls_loss   dfl_loss  Instances       Size
                   all       2139      14415      0.537      0.547      0.495      0.316

      Epoch    GPU_mem   box_loss   cls_loss   dfl_loss  Instances       Size
                   all       2139      14415      0.537      0.547      0.495      0.315

      Epoch    GPU_mem   box_loss   cls_loss   dfl_loss  Instances       Size
                   all       2139      14415      0.537      0.547      0.494      0.315

      Epoch    GPU_mem   box_loss   cls_loss   dfl_loss  Instances       Size
                   all       2139      14415      0.536      0.547      0.494      0.315

      Epoch    GPU_mem   box_loss   cls_loss   dfl_loss  Instances       Size
                   all       2139      14415      0.536      0.547      0.494      0.315

      Epoch    GPU_mem   box_loss   cls_loss   dfl_loss  Instances       Size
                   all       2139      14415      0.534      0.547      0.494      0.315

      Epoch    GPU_mem   box_loss   cls_loss   dfl_loss  Instances       Size
                   all       2139      14415      0.535      0.547      0.493      0.315

      Epoch    GPU_mem   box_loss   cls_loss   dfl_loss  Instances       Size
                   all       2139      14415      0.535      0.547      0.494      0.315

      Epoch    GPU_mem   box_loss   cls_loss   dfl_loss  Instances       Size
                   all       2139      14415      0.536      0.546      0.493      0.315

      Epoch    GPU_mem   box_loss   cls_loss   dfl_loss  Instances       Size
                   all       2139      14415      0.537      0.545      0.493      0.314

      Epoch    GPU_mem   box_loss   cls_loss   dfl_loss  Instances       Size
                   all       2139      14415      0.537      0.545      0.493      0.314

      Epoch    GPU_mem   box_loss   cls_loss   dfl_loss  Instances       Size
                   all       2139      14415      0.538      0.544      0.493      0.314

      Epoch    GPU_mem   box_loss   cls_loss   dfl_loss  Instances       Size
                   all       2139      14415       0.54      0.541      0.492      0.314

      Epoch    GPU_mem   box_loss   cls_loss   dfl_loss  Instances       Size
                   all       2139      14415      0.539      0.541      0.492      0.313

      Epoch    GPU_mem   box_loss   cls_loss   dfl_loss  Instances       Size
                   all       2139      14415      0.539      0.541      0.492      0.313

      Epoch    GPU_mem   box_loss   cls_loss   dfl_loss  Instances       Size
                   all       2139      14415      0.539      0.541      0.492      0.313

      Epoch    GPU_mem   box_loss   cls_loss   dfl_loss  Instances       Size
                   all       2139      14415      0.538      0.542      0.492      0.313

200 epochs completed in 5.525 hours.
Optimizer stripped from yolo/seg_box/img256_ep200_yolo11m/weights/last.pt, 40.5MB
Optimizer stripped from yolo/seg_box/img256_ep200_yolo11m/weights/best.pt, 40.5MB

Validating yolo/seg_box/img256_ep200_yolo11m/weights/best.pt...
Ultralytics 8.3.88 🚀 Python-3.10.12 torch-2.6.0+cu124 CUDA:0 (Tesla V100-PCIE-32GB, 32494MiB)
YOLO11m summary (fused): 125 layers, 20,031,574 parameters, 0 gradients, 67.7 GFLOPs
                   all       2139      14415      0.557      0.558      0.524      0.329
            lymphocyte       1384       9370      0.653      0.693      0.675      0.441
              monocyte       1372       5045       0.46      0.423      0.374      0.218
Speed: 0.0ms preprocess, 0.8ms inference, 0.0ms loss, 0.6ms postprocess per image
Results saved to [1myolo/seg_box/img256_ep200_yolo11m[0m

Validating yolo with iou=0.7
Ultralytics 8.3.88 🚀 Python-3.10.12 torch-2.6.0+cu124 CUDA:0 (Tesla V100-PCIE-32GB, 32494MiB)
YOLO11m summary (fused): 125 layers, 20,031,574 parameters, 0 gradients, 67.7 GFLOPs
[34m[1mval: [0mWARNING ⚠️ /home/tupystep/monkey_challenge/data/seg_box/pas-cpg256/images/A_P000011_PAS_CPG_ROI1_6.png: 1 duplicate labels removed
[34m[1mval: [0mWARNING ⚠️ /home/tupystep/monkey_challenge/data/seg_box/pas-cpg256/images/A_P000021_PAS_CPG_ROI0_51.png: 1 duplicate labels removed
[34m[1mval: [0mWARNING ⚠️ /home/tupystep/monkey_challenge/data/seg_box/pas-cpg256/images/A_P000031_PAS_CPG_ROI0_35.png: 1 duplicate labels removed
[34m[1mval: [0mWARNING ⚠️ /home/tupystep/monkey_challenge/data/seg_box/pas-cpg256/images/B_P000002_PAS_CPG_ROI3_31.png: 1 duplicate labels removed
[34m[1mval: [0mWARNING ⚠️ /home/tupystep/monkey_challenge/data/seg_box/pas-cpg256/images/B_P000014_PAS_CPG_ROI0_33.png: 1 duplicate labels removed
[34m[1mval: [0mWARNING ⚠️ /home/tupystep/monkey_challenge/data/seg_box/pas-cpg256/images/B_P000015_PAS_CPG_ROI0_30.png: 1 duplicate labels removed
[34m[1mval: [0mWARNING ⚠️ /home/tupystep/monkey_challenge/data/seg_box/pas-cpg256/images/B_P000017_PAS_CPG_ROI0_33.png: 1 duplicate labels removed
[34m[1mval: [0mWARNING ⚠️ /home/tupystep/monkey_challenge/data/seg_box/pas-cpg256/images/C_P000037_PAS_CPG_ROI0_5.png: 1 duplicate labels removed
[34m[1mval: [0mWARNING ⚠️ /home/tupystep/monkey_challenge/data/seg_box/pas-cpg256/images/C_P000038_PAS_CPG_ROI0_34.png: 1 duplicate labels removed
[34m[1mval: [0mWARNING ⚠️ /home/tupystep/monkey_challenge/data/seg_box/pas-cpg256/images/C_P000039_PAS_CPG_ROI1_31.png: 1 duplicate labels removed
[34m[1mval: [0mWARNING ⚠️ /home/tupystep/monkey_challenge/data/seg_box/pas-cpg256/images/D_P000018_PAS_CPG_ROI0_34.png: 1 duplicate labels removed
                   all       2139      14415      0.539      0.541      0.492      0.313
            lymphocyte       1384       9370      0.645      0.671      0.647      0.429
              monocyte       1372       5045      0.434      0.411      0.336      0.196
Speed: 0.0ms preprocess, 1.9ms inference, 0.0ms loss, 0.5ms postprocess per image
Results saved to [1myolo/seg_box/img256_ep200_yolo11m/iou0.7[0m

Validating yolo with iou=0.3
Ultralytics 8.3.88 🚀 Python-3.10.12 torch-2.6.0+cu124 CUDA:0 (Tesla V100-PCIE-32GB, 32494MiB)
[34m[1mval: [0mWARNING ⚠️ /home/tupystep/monkey_challenge/data/seg_box/pas-cpg256/images/A_P000011_PAS_CPG_ROI1_6.png: 1 duplicate labels removed
[34m[1mval: [0mWARNING ⚠️ /home/tupystep/monkey_challenge/data/seg_box/pas-cpg256/images/A_P000021_PAS_CPG_ROI0_51.png: 1 duplicate labels removed
[34m[1mval: [0mWARNING ⚠️ /home/tupystep/monkey_challenge/data/seg_box/pas-cpg256/images/A_P000031_PAS_CPG_ROI0_35.png: 1 duplicate labels removed
[34m[1mval: [0mWARNING ⚠️ /home/tupystep/monkey_challenge/data/seg_box/pas-cpg256/images/B_P000002_PAS_CPG_ROI3_31.png: 1 duplicate labels removed
[34m[1mval: [0mWARNING ⚠️ /home/tupystep/monkey_challenge/data/seg_box/pas-cpg256/images/B_P000014_PAS_CPG_ROI0_33.png: 1 duplicate labels removed
[34m[1mval: [0mWARNING ⚠️ /home/tupystep/monkey_challenge/data/seg_box/pas-cpg256/images/B_P000015_PAS_CPG_ROI0_30.png: 1 duplicate labels removed
[34m[1mval: [0mWARNING ⚠️ /home/tupystep/monkey_challenge/data/seg_box/pas-cpg256/images/B_P000017_PAS_CPG_ROI0_33.png: 1 duplicate labels removed
[34m[1mval: [0mWARNING ⚠️ /home/tupystep/monkey_challenge/data/seg_box/pas-cpg256/images/C_P000037_PAS_CPG_ROI0_5.png: 1 duplicate labels removed
[34m[1mval: [0mWARNING ⚠️ /home/tupystep/monkey_challenge/data/seg_box/pas-cpg256/images/C_P000038_PAS_CPG_ROI0_34.png: 1 duplicate labels removed
[34m[1mval: [0mWARNING ⚠️ /home/tupystep/monkey_challenge/data/seg_box/pas-cpg256/images/C_P000039_PAS_CPG_ROI1_31.png: 1 duplicate labels removed
[34m[1mval: [0mWARNING ⚠️ /home/tupystep/monkey_challenge/data/seg_box/pas-cpg256/images/D_P000018_PAS_CPG_ROI0_34.png: 1 duplicate labels removed
                   all       2139      14415      0.533      0.547      0.494      0.317
            lymphocyte       1384       9370      0.643      0.672      0.649      0.435
              monocyte       1372       5045      0.424      0.421      0.339      0.199
Speed: 0.0ms preprocess, 1.8ms inference, 0.0ms loss, 0.5ms postprocess per image
Results saved to [1myolo/seg_box/img256_ep200_yolo11m/iou0.3[0m

Validating yolo with iou=0.1
Ultralytics 8.3.88 🚀 Python-3.10.12 torch-2.6.0+cu124 CUDA:0 (Tesla V100-PCIE-32GB, 32494MiB)
[34m[1mval: [0mWARNING ⚠️ /home/tupystep/monkey_challenge/data/seg_box/pas-cpg256/images/A_P000011_PAS_CPG_ROI1_6.png: 1 duplicate labels removed
[34m[1mval: [0mWARNING ⚠️ /home/tupystep/monkey_challenge/data/seg_box/pas-cpg256/images/A_P000021_PAS_CPG_ROI0_51.png: 1 duplicate labels removed
[34m[1mval: [0mWARNING ⚠️ /home/tupystep/monkey_challenge/data/seg_box/pas-cpg256/images/A_P000031_PAS_CPG_ROI0_35.png: 1 duplicate labels removed
[34m[1mval: [0mWARNING ⚠️ /home/tupystep/monkey_challenge/data/seg_box/pas-cpg256/images/B_P000002_PAS_CPG_ROI3_31.png: 1 duplicate labels removed
[34m[1mval: [0mWARNING ⚠️ /home/tupystep/monkey_challenge/data/seg_box/pas-cpg256/images/B_P000014_PAS_CPG_ROI0_33.png: 1 duplicate labels removed
[34m[1mval: [0mWARNING ⚠️ /home/tupystep/monkey_challenge/data/seg_box/pas-cpg256/images/B_P000015_PAS_CPG_ROI0_30.png: 1 duplicate labels removed
[34m[1mval: [0mWARNING ⚠️ /home/tupystep/monkey_challenge/data/seg_box/pas-cpg256/images/B_P000017_PAS_CPG_ROI0_33.png: 1 duplicate labels removed
[34m[1mval: [0mWARNING ⚠️ /home/tupystep/monkey_challenge/data/seg_box/pas-cpg256/images/C_P000037_PAS_CPG_ROI0_5.png: 1 duplicate labels removed
[34m[1mval: [0mWARNING ⚠️ /home/tupystep/monkey_challenge/data/seg_box/pas-cpg256/images/C_P000038_PAS_CPG_ROI0_34.png: 1 duplicate labels removed
[34m[1mval: [0mWARNING ⚠️ /home/tupystep/monkey_challenge/data/seg_box/pas-cpg256/images/C_P000039_PAS_CPG_ROI1_31.png: 1 duplicate labels removed
[34m[1mval: [0mWARNING ⚠️ /home/tupystep/monkey_challenge/data/seg_box/pas-cpg256/images/D_P000018_PAS_CPG_ROI0_34.png: 1 duplicate labels removed
                   all       2139      14415      0.541      0.537      0.489      0.318
            lymphocyte       1384       9370      0.652      0.655       0.64      0.436
              monocyte       1372       5045      0.429      0.418      0.337        0.2
Speed: 0.1ms preprocess, 1.8ms inference, 0.0ms loss, 0.7ms postprocess per image
Results saved to [1myolo/seg_box/img256_ep200_yolo11m/iou0.1[0m
