Mon Mar 17 15:29:54 2025       
+-----------------------------------------------------------------------------------------+
| NVIDIA-SMI 570.124.06             Driver Version: 570.124.06     CUDA Version: 12.8     |
|-----------------------------------------+------------------------+----------------------+
| GPU  Name                 Persistence-M | Bus-Id          Disp.A | Volatile Uncorr. ECC |
| Fan  Temp   Perf          Pwr:Usage/Cap |           Memory-Usage | GPU-Util  Compute M. |
|                                         |                        |               MIG M. |
|=========================================+========================+======================|
|   0  NVIDIA A100-PCIE-40GB          On  |   00000000:0B:00.0 Off |                    0 |
| N/A   25C    P0             31W /  250W |       1MiB /  40960MiB |      0%      Default |
|                                         |                        |             Disabled |
+-----------------------------------------+------------------------+----------------------+
                                                                                         
+-----------------------------------------------------------------------------------------+
| Processes:                                                                              |
|  GPU   GI   CI              PID   Type   Process name                        GPU Memory |
|        ID   ID                                                               Usage      |
|=========================================================================================|
|  No running processes found                                                             |
+-----------------------------------------------------------------------------------------+
New https://pypi.org/project/ultralytics/8.3.91 available 😃 Update with 'pip install -U ultralytics'
Ultralytics 8.3.88 🚀 Python-3.10.12 torch-2.6.0+cu124 CUDA:0 (NVIDIA A100-PCIE-40GB, 40442MiB)
[34m[1mengine/trainer: [0mtask=detect, mode=train, model=yolo11m.pt, data=data/pas-cpg512/dataset.yaml, epochs=300, time=None, patience=100, batch=16, imgsz=512, save=True, save_period=-1, cache=False, device=None, workers=0, project=yolo/yolo11m, name=img512_ep300, exist_ok=False, pretrained=True, optimizer=auto, verbose=True, seed=0, deterministic=True, single_cls=False, rect=False, cos_lr=True, close_mosaic=10, resume=False, amp=True, fraction=1.0, profile=False, freeze=None, multi_scale=False, overlap_mask=True, mask_ratio=4, dropout=0.0, val=True, split=val, save_json=False, save_hybrid=False, conf=None, iou=0.7, max_det=300, half=False, dnn=False, plots=True, source=None, vid_stride=1, stream_buffer=False, visualize=False, augment=False, agnostic_nms=False, classes=None, retina_masks=False, embed=None, show=False, save_frames=False, save_txt=False, save_conf=False, save_crop=False, show_labels=True, show_conf=True, show_boxes=True, line_width=None, format=torchscript, keras=False, optimize=False, int8=False, dynamic=False, simplify=True, opset=None, workspace=None, nms=False, lr0=0.01, lrf=0.01, momentum=0.937, weight_decay=0.0005, warmup_epochs=3.0, warmup_momentum=0.8, warmup_bias_lr=0.1, box=7.5, cls=0.5, dfl=1.5, pose=12.0, kobj=1.0, nbs=64, hsv_h=0.015, hsv_s=0.7, hsv_v=0.4, degrees=0.0, translate=0.1, scale=0.5, shear=0.0, perspective=0.0, flipud=0.0, fliplr=0.5, bgr=0.0, mosaic=1.0, mixup=0.0, copy_paste=0.0, copy_paste_mode=flip, auto_augment=randaugment, erasing=0.4, crop_fraction=1.0, cfg=None, tracker=botsort.yaml, save_dir=yolo/yolo11m/img512_ep300
Overriding model.yaml nc=80 with nc=2

                   from  n    params  module                                       arguments                     
  0                  -1  1      1856  ultralytics.nn.modules.conv.Conv             [3, 64, 3, 2]                 
  1                  -1  1     73984  ultralytics.nn.modules.conv.Conv             [64, 128, 3, 2]               
  2                  -1  1    111872  ultralytics.nn.modules.block.C3k2            [128, 256, 1, True, 0.25]     
  3                  -1  1    590336  ultralytics.nn.modules.conv.Conv             [256, 256, 3, 2]              
  4                  -1  1    444928  ultralytics.nn.modules.block.C3k2            [256, 512, 1, True, 0.25]     
  5                  -1  1   2360320  ultralytics.nn.modules.conv.Conv             [512, 512, 3, 2]              
  6                  -1  1   1380352  ultralytics.nn.modules.block.C3k2            [512, 512, 1, True]           
  7                  -1  1   2360320  ultralytics.nn.modules.conv.Conv             [512, 512, 3, 2]              
  8                  -1  1   1380352  ultralytics.nn.modules.block.C3k2            [512, 512, 1, True]           
  9                  -1  1    656896  ultralytics.nn.modules.block.SPPF            [512, 512, 5]                 
 10                  -1  1    990976  ultralytics.nn.modules.block.C2PSA           [512, 512, 1]                 
 11                  -1  1         0  torch.nn.modules.upsampling.Upsample         [None, 2, 'nearest']          
 12             [-1, 6]  1         0  ultralytics.nn.modules.conv.Concat           [1]                           
 13                  -1  1   1642496  ultralytics.nn.modules.block.C3k2            [1024, 512, 1, True]          
 14                  -1  1         0  torch.nn.modules.upsampling.Upsample         [None, 2, 'nearest']          
 15             [-1, 4]  1         0  ultralytics.nn.modules.conv.Concat           [1]                           
 16                  -1  1    542720  ultralytics.nn.modules.block.C3k2            [1024, 256, 1, True]          
 17                  -1  1    590336  ultralytics.nn.modules.conv.Conv             [256, 256, 3, 2]              
 18            [-1, 13]  1         0  ultralytics.nn.modules.conv.Concat           [1]                           
 19                  -1  1   1511424  ultralytics.nn.modules.block.C3k2            [768, 512, 1, True]           
 20                  -1  1   2360320  ultralytics.nn.modules.conv.Conv             [512, 512, 3, 2]              
 21            [-1, 10]  1         0  ultralytics.nn.modules.conv.Concat           [1]                           
 22                  -1  1   1642496  ultralytics.nn.modules.block.C3k2            [1024, 512, 1, True]          
 23        [16, 19, 22]  1   1412566  ultralytics.nn.modules.head.Detect           [2, [256, 512, 512]]          
YOLO11m summary: 231 layers, 20,054,550 parameters, 20,054,534 gradients, 68.2 GFLOPs

Transferred 643/649 items from pretrained weights
Freezing layer 'model.23.dfl.conv.weight'
[34m[1mAMP: [0mrunning Automatic Mixed Precision (AMP) checks...
[34m[1mAMP: [0mchecks passed ✅
[34m[1mtrain: [0mNew cache created: /home/tupystep/monkey_challenge/data/pas-cpg512/labels.cache
[34m[1mval: [0mNew cache created: /home/tupystep/monkey_challenge/data/pas-cpg512/labels.cache
Plotting labels to yolo/yolo11m/img512_ep300/labels.jpg... 
[34m[1moptimizer:[0m 'optimizer=auto' found, ignoring 'lr0=0.01' and 'momentum=0.937' and determining best 'optimizer', 'lr0' and 'momentum' automatically... 
[34m[1moptimizer:[0m AdamW(lr=0.001667, momentum=0.9) with parameter groups 106 weight(decay=0.0), 113 weight(decay=0.0005), 112 bias(decay=0.0)
Image sizes 512 train, 512 val
Using 0 dataloader workers
Logging results to [1myolo/yolo11m/img512_ep300[0m
Starting training for 300 epochs...

      Epoch    GPU_mem   box_loss   cls_loss   dfl_loss  Instances       Size
                   all        215       5771      0.308      0.341      0.248     0.0916

      Epoch    GPU_mem   box_loss   cls_loss   dfl_loss  Instances       Size
                   all        215       5771      0.759      0.296      0.321      0.133

      Epoch    GPU_mem   box_loss   cls_loss   dfl_loss  Instances       Size
                   all        215       5771      0.253        0.4      0.278      0.119

      Epoch    GPU_mem   box_loss   cls_loss   dfl_loss  Instances       Size
                   all        215       5771      0.234      0.302      0.209     0.0682

      Epoch    GPU_mem   box_loss   cls_loss   dfl_loss  Instances       Size
                   all        215       5771      0.137      0.159     0.0981     0.0205

      Epoch    GPU_mem   box_loss   cls_loss   dfl_loss  Instances       Size
                   all        215       5771      0.143      0.139     0.0826     0.0159

      Epoch    GPU_mem   box_loss   cls_loss   dfl_loss  Instances       Size
                   all        215       5771      0.265      0.592      0.404      0.141

      Epoch    GPU_mem   box_loss   cls_loss   dfl_loss  Instances       Size
                   all        215       5771      0.337      0.454      0.336      0.114

      Epoch    GPU_mem   box_loss   cls_loss   dfl_loss  Instances       Size
                   all        215       5771      0.346      0.485      0.362      0.143

      Epoch    GPU_mem   box_loss   cls_loss   dfl_loss  Instances       Size
                   all        215       5771      0.391      0.555      0.441      0.215

      Epoch    GPU_mem   box_loss   cls_loss   dfl_loss  Instances       Size
                   all        215       5771      0.307      0.533      0.376      0.127

      Epoch    GPU_mem   box_loss   cls_loss   dfl_loss  Instances       Size
                   all        215       5771      0.233      0.203      0.162     0.0474

      Epoch    GPU_mem   box_loss   cls_loss   dfl_loss  Instances       Size
                   all        215       5771      0.307       0.61      0.453      0.261

      Epoch    GPU_mem   box_loss   cls_loss   dfl_loss  Instances       Size
                   all        215       5771      0.426      0.531      0.443      0.254

      Epoch    GPU_mem   box_loss   cls_loss   dfl_loss  Instances       Size
                   all        215       5771      0.323      0.449      0.334     0.0979

      Epoch    GPU_mem   box_loss   cls_loss   dfl_loss  Instances       Size
                   all        215       5771      0.354      0.597      0.453      0.226

      Epoch    GPU_mem   box_loss   cls_loss   dfl_loss  Instances       Size
                   all        215       5771       0.39      0.589      0.476      0.237

      Epoch    GPU_mem   box_loss   cls_loss   dfl_loss  Instances       Size
                   all        215       5771      0.397      0.573      0.465      0.207

      Epoch    GPU_mem   box_loss   cls_loss   dfl_loss  Instances       Size
                   all        215       5771      0.407      0.522      0.415      0.194

      Epoch    GPU_mem   box_loss   cls_loss   dfl_loss  Instances       Size
                   all        215       5771      0.235      0.244       0.16     0.0428

      Epoch    GPU_mem   box_loss   cls_loss   dfl_loss  Instances       Size
                   all        215       5771      0.434      0.559      0.478      0.269

      Epoch    GPU_mem   box_loss   cls_loss   dfl_loss  Instances       Size
                   all        215       5771      0.417      0.597      0.511      0.268

      Epoch    GPU_mem   box_loss   cls_loss   dfl_loss  Instances       Size
                   all        215       5771      0.368      0.581      0.475      0.167

      Epoch    GPU_mem   box_loss   cls_loss   dfl_loss  Instances       Size
                   all        215       5771      0.453      0.602      0.518      0.299

      Epoch    GPU_mem   box_loss   cls_loss   dfl_loss  Instances       Size
                   all        215       5771      0.404      0.527      0.435      0.191

      Epoch    GPU_mem   box_loss   cls_loss   dfl_loss  Instances       Size
                   all        215       5771      0.443      0.618      0.516      0.303

      Epoch    GPU_mem   box_loss   cls_loss   dfl_loss  Instances       Size
                   all        215       5771      0.468      0.592      0.524      0.288

      Epoch    GPU_mem   box_loss   cls_loss   dfl_loss  Instances       Size
                   all        215       5771      0.416      0.604      0.503      0.304

      Epoch    GPU_mem   box_loss   cls_loss   dfl_loss  Instances       Size
                   all        215       5771      0.437      0.629       0.53      0.322

      Epoch    GPU_mem   box_loss   cls_loss   dfl_loss  Instances       Size
                   all        215       5771      0.425      0.597      0.507      0.304

      Epoch    GPU_mem   box_loss   cls_loss   dfl_loss  Instances       Size
                   all        215       5771      0.395      0.596      0.506      0.237

      Epoch    GPU_mem   box_loss   cls_loss   dfl_loss  Instances       Size
                   all        215       5771       0.46      0.607      0.537       0.31

      Epoch    GPU_mem   box_loss   cls_loss   dfl_loss  Instances       Size
                   all        215       5771      0.478      0.589      0.535      0.326

      Epoch    GPU_mem   box_loss   cls_loss   dfl_loss  Instances       Size
                   all        215       5771      0.363      0.617      0.481      0.236

      Epoch    GPU_mem   box_loss   cls_loss   dfl_loss  Instances       Size
                   all        215       5771      0.412      0.561       0.49      0.275

      Epoch    GPU_mem   box_loss   cls_loss   dfl_loss  Instances       Size
                   all        215       5771      0.395      0.645      0.526      0.306

      Epoch    GPU_mem   box_loss   cls_loss   dfl_loss  Instances       Size
                   all        215       5771       0.49      0.591      0.537      0.275

      Epoch    GPU_mem   box_loss   cls_loss   dfl_loss  Instances       Size
                   all        215       5771      0.347      0.453      0.371      0.107

      Epoch    GPU_mem   box_loss   cls_loss   dfl_loss  Instances       Size
                   all        215       5771      0.482      0.598      0.538      0.286

      Epoch    GPU_mem   box_loss   cls_loss   dfl_loss  Instances       Size
                   all        215       5771      0.424      0.546      0.439      0.239

      Epoch    GPU_mem   box_loss   cls_loss   dfl_loss  Instances       Size
                   all        215       5771      0.386      0.522      0.454      0.232

      Epoch    GPU_mem   box_loss   cls_loss   dfl_loss  Instances       Size
                   all        215       5771      0.504      0.602      0.556      0.338

      Epoch    GPU_mem   box_loss   cls_loss   dfl_loss  Instances       Size
                   all        215       5771       0.47      0.583      0.511      0.285

      Epoch    GPU_mem   box_loss   cls_loss   dfl_loss  Instances       Size
                   all        215       5771      0.494      0.612       0.55      0.327

      Epoch    GPU_mem   box_loss   cls_loss   dfl_loss  Instances       Size
                   all        215       5771      0.474      0.602      0.546      0.327

      Epoch    GPU_mem   box_loss   cls_loss   dfl_loss  Instances       Size
                   all        215       5771      0.498      0.627      0.552      0.345

      Epoch    GPU_mem   box_loss   cls_loss   dfl_loss  Instances       Size
                   all        215       5771      0.474      0.602        0.5      0.287

      Epoch    GPU_mem   box_loss   cls_loss   dfl_loss  Instances       Size
                   all        215       5771      0.421      0.538      0.449      0.115

      Epoch    GPU_mem   box_loss   cls_loss   dfl_loss  Instances       Size
                   all        215       5771      0.396      0.523      0.449      0.178

      Epoch    GPU_mem   box_loss   cls_loss   dfl_loss  Instances       Size
                   all        215       5771      0.495      0.586      0.545      0.295

      Epoch    GPU_mem   box_loss   cls_loss   dfl_loss  Instances       Size
                   all        215       5771      0.511      0.605       0.56      0.343

      Epoch    GPU_mem   box_loss   cls_loss   dfl_loss  Instances       Size
                   all        215       5771      0.513      0.614       0.58      0.358

      Epoch    GPU_mem   box_loss   cls_loss   dfl_loss  Instances       Size
                   all        215       5771      0.464       0.62      0.557       0.35

      Epoch    GPU_mem   box_loss   cls_loss   dfl_loss  Instances       Size
                   all        215       5771       0.43      0.563      0.476      0.173

      Epoch    GPU_mem   box_loss   cls_loss   dfl_loss  Instances       Size
                   all        215       5771       0.45      0.563      0.478      0.176

      Epoch    GPU_mem   box_loss   cls_loss   dfl_loss  Instances       Size
                   all        215       5771      0.382      0.489      0.366      0.125

      Epoch    GPU_mem   box_loss   cls_loss   dfl_loss  Instances       Size
                   all        215       5771      0.461       0.59      0.531      0.241

      Epoch    GPU_mem   box_loss   cls_loss   dfl_loss  Instances       Size
                   all        215       5771      0.439      0.522      0.448      0.157

      Epoch    GPU_mem   box_loss   cls_loss   dfl_loss  Instances       Size
                   all        215       5771        0.5      0.605      0.565      0.309

      Epoch    GPU_mem   box_loss   cls_loss   dfl_loss  Instances       Size
                   all        215       5771      0.466      0.615      0.566      0.323

      Epoch    GPU_mem   box_loss   cls_loss   dfl_loss  Instances       Size
                   all        215       5771      0.512      0.616       0.58      0.341

      Epoch    GPU_mem   box_loss   cls_loss   dfl_loss  Instances       Size
                   all        215       5771      0.467      0.586      0.527       0.28

      Epoch    GPU_mem   box_loss   cls_loss   dfl_loss  Instances       Size
                   all        215       5771      0.488      0.612      0.574      0.352

      Epoch    GPU_mem   box_loss   cls_loss   dfl_loss  Instances       Size
                   all        215       5771      0.507      0.635      0.577      0.315

      Epoch    GPU_mem   box_loss   cls_loss   dfl_loss  Instances       Size
                   all        215       5771       0.49      0.585      0.531      0.265

      Epoch    GPU_mem   box_loss   cls_loss   dfl_loss  Instances       Size
                   all        215       5771      0.511      0.637      0.575      0.327

      Epoch    GPU_mem   box_loss   cls_loss   dfl_loss  Instances       Size
                   all        215       5771       0.46      0.592      0.527      0.294

      Epoch    GPU_mem   box_loss   cls_loss   dfl_loss  Instances       Size
                   all        215       5771      0.515      0.604      0.574      0.358

      Epoch    GPU_mem   box_loss   cls_loss   dfl_loss  Instances       Size
                   all        215       5771      0.526      0.613      0.571      0.336

      Epoch    GPU_mem   box_loss   cls_loss   dfl_loss  Instances       Size
                   all        215       5771      0.434      0.531      0.455       0.15

      Epoch    GPU_mem   box_loss   cls_loss   dfl_loss  Instances       Size
                   all        215       5771      0.507      0.635       0.59       0.37

      Epoch    GPU_mem   box_loss   cls_loss   dfl_loss  Instances       Size
                   all        215       5771      0.509      0.598      0.543      0.199

      Epoch    GPU_mem   box_loss   cls_loss   dfl_loss  Instances       Size
                   all        215       5771      0.471       0.62      0.559      0.323

      Epoch    GPU_mem   box_loss   cls_loss   dfl_loss  Instances       Size
                   all        215       5771      0.505      0.584      0.549      0.258

      Epoch    GPU_mem   box_loss   cls_loss   dfl_loss  Instances       Size
                   all        215       5771       0.51      0.615      0.559      0.309

      Epoch    GPU_mem   box_loss   cls_loss   dfl_loss  Instances       Size
                   all        215       5771      0.484      0.613      0.553      0.274

      Epoch    GPU_mem   box_loss   cls_loss   dfl_loss  Instances       Size
                   all        215       5771      0.492      0.604      0.555      0.323

      Epoch    GPU_mem   box_loss   cls_loss   dfl_loss  Instances       Size
                   all        215       5771      0.516      0.607      0.565      0.306

      Epoch    GPU_mem   box_loss   cls_loss   dfl_loss  Instances       Size
                   all        215       5771      0.519      0.633      0.584      0.365

      Epoch    GPU_mem   box_loss   cls_loss   dfl_loss  Instances       Size
                   all        215       5771      0.467      0.627      0.557      0.346

      Epoch    GPU_mem   box_loss   cls_loss   dfl_loss  Instances       Size
                   all        215       5771      0.497      0.579      0.526      0.264

      Epoch    GPU_mem   box_loss   cls_loss   dfl_loss  Instances       Size
                   all        215       5771      0.504      0.599       0.55      0.282

      Epoch    GPU_mem   box_loss   cls_loss   dfl_loss  Instances       Size
                   all        215       5771      0.504      0.598      0.546      0.252

      Epoch    GPU_mem   box_loss   cls_loss   dfl_loss  Instances       Size
                   all        215       5771      0.479       0.57      0.506      0.201

      Epoch    GPU_mem   box_loss   cls_loss   dfl_loss  Instances       Size
                   all        215       5771      0.504      0.607      0.561      0.274

      Epoch    GPU_mem   box_loss   cls_loss   dfl_loss  Instances       Size
                   all        215       5771       0.52      0.612      0.568      0.316

      Epoch    GPU_mem   box_loss   cls_loss   dfl_loss  Instances       Size
                   all        215       5771      0.539      0.639        0.6      0.366

      Epoch    GPU_mem   box_loss   cls_loss   dfl_loss  Instances       Size
                   all        215       5771      0.547      0.619        0.6      0.367

      Epoch    GPU_mem   box_loss   cls_loss   dfl_loss  Instances       Size
                   all        215       5771       0.51      0.632      0.586      0.332

      Epoch    GPU_mem   box_loss   cls_loss   dfl_loss  Instances       Size
                   all        215       5771      0.493      0.588      0.544      0.278

      Epoch    GPU_mem   box_loss   cls_loss   dfl_loss  Instances       Size
                   all        215       5771      0.522      0.629      0.595      0.346

      Epoch    GPU_mem   box_loss   cls_loss   dfl_loss  Instances       Size
                   all        215       5771      0.486       0.59      0.548      0.254

      Epoch    GPU_mem   box_loss   cls_loss   dfl_loss  Instances       Size
                   all        215       5771       0.51      0.616      0.588      0.351

      Epoch    GPU_mem   box_loss   cls_loss   dfl_loss  Instances       Size
                   all        215       5771      0.544      0.643      0.609      0.377

      Epoch    GPU_mem   box_loss   cls_loss   dfl_loss  Instances       Size
                   all        215       5771      0.506      0.625      0.592      0.342

      Epoch    GPU_mem   box_loss   cls_loss   dfl_loss  Instances       Size
                   all        215       5771      0.507      0.608      0.558      0.248

      Epoch    GPU_mem   box_loss   cls_loss   dfl_loss  Instances       Size
                   all        215       5771      0.535      0.627      0.587      0.346

      Epoch    GPU_mem   box_loss   cls_loss   dfl_loss  Instances       Size
                   all        215       5771      0.528      0.614      0.584       0.32

      Epoch    GPU_mem   box_loss   cls_loss   dfl_loss  Instances       Size
                   all        215       5771      0.537      0.635      0.592      0.312

      Epoch    GPU_mem   box_loss   cls_loss   dfl_loss  Instances       Size
                   all        215       5771      0.555      0.645      0.619      0.378

      Epoch    GPU_mem   box_loss   cls_loss   dfl_loss  Instances       Size
                   all        215       5771      0.537      0.627      0.602      0.355

      Epoch    GPU_mem   box_loss   cls_loss   dfl_loss  Instances       Size
                   all        215       5771      0.517      0.603      0.561      0.255

      Epoch    GPU_mem   box_loss   cls_loss   dfl_loss  Instances       Size
                   all        215       5771      0.546      0.598      0.592      0.331

      Epoch    GPU_mem   box_loss   cls_loss   dfl_loss  Instances       Size
                   all        215       5771      0.499      0.605      0.558      0.265

      Epoch    GPU_mem   box_loss   cls_loss   dfl_loss  Instances       Size
                   all        215       5771      0.395      0.431      0.346     0.0733

      Epoch    GPU_mem   box_loss   cls_loss   dfl_loss  Instances       Size
                   all        215       5771       0.55      0.618        0.6      0.341

      Epoch    GPU_mem   box_loss   cls_loss   dfl_loss  Instances       Size
                   all        215       5771      0.537      0.618      0.613      0.376

      Epoch    GPU_mem   box_loss   cls_loss   dfl_loss  Instances       Size
                   all        215       5771      0.547      0.638      0.614      0.387

      Epoch    GPU_mem   box_loss   cls_loss   dfl_loss  Instances       Size
                   all        215       5771      0.541      0.618      0.597      0.364

      Epoch    GPU_mem   box_loss   cls_loss   dfl_loss  Instances       Size
                   all        215       5771      0.548      0.639      0.611      0.379

      Epoch    GPU_mem   box_loss   cls_loss   dfl_loss  Instances       Size
                   all        215       5771      0.534      0.624      0.592      0.317

      Epoch    GPU_mem   box_loss   cls_loss   dfl_loss  Instances       Size
                   all        215       5771      0.529      0.618      0.578      0.312

      Epoch    GPU_mem   box_loss   cls_loss   dfl_loss  Instances       Size
                   all        215       5771      0.518      0.625      0.583      0.323

      Epoch    GPU_mem   box_loss   cls_loss   dfl_loss  Instances       Size
                   all        215       5771      0.546      0.638      0.609       0.35

      Epoch    GPU_mem   box_loss   cls_loss   dfl_loss  Instances       Size
                   all        215       5771      0.547       0.63      0.605      0.381

      Epoch    GPU_mem   box_loss   cls_loss   dfl_loss  Instances       Size
                   all        215       5771      0.536       0.64       0.61      0.362

      Epoch    GPU_mem   box_loss   cls_loss   dfl_loss  Instances       Size
                   all        215       5771      0.519      0.619      0.569       0.28

      Epoch    GPU_mem   box_loss   cls_loss   dfl_loss  Instances       Size
                   all        215       5771      0.539      0.625      0.592      0.345

      Epoch    GPU_mem   box_loss   cls_loss   dfl_loss  Instances       Size
                   all        215       5771      0.555      0.637      0.612      0.339

      Epoch    GPU_mem   box_loss   cls_loss   dfl_loss  Instances       Size
                   all        215       5771      0.556      0.634      0.609      0.366

      Epoch    GPU_mem   box_loss   cls_loss   dfl_loss  Instances       Size
                   all        215       5771      0.554      0.631      0.606      0.355

      Epoch    GPU_mem   box_loss   cls_loss   dfl_loss  Instances       Size
                   all        215       5771       0.57      0.626      0.616      0.355

      Epoch    GPU_mem   box_loss   cls_loss   dfl_loss  Instances       Size
                   all        215       5771      0.524      0.609      0.576      0.277

      Epoch    GPU_mem   box_loss   cls_loss   dfl_loss  Instances       Size
                   all        215       5771      0.541      0.615      0.588      0.302

      Epoch    GPU_mem   box_loss   cls_loss   dfl_loss  Instances       Size
                   all        215       5771      0.559      0.635      0.613      0.377

      Epoch    GPU_mem   box_loss   cls_loss   dfl_loss  Instances       Size
                   all        215       5771      0.549      0.633      0.613      0.363

      Epoch    GPU_mem   box_loss   cls_loss   dfl_loss  Instances       Size
                   all        215       5771      0.547      0.619      0.598      0.314

      Epoch    GPU_mem   box_loss   cls_loss   dfl_loss  Instances       Size
                   all        215       5771      0.545      0.628      0.613      0.368

      Epoch    GPU_mem   box_loss   cls_loss   dfl_loss  Instances       Size
                   all        215       5771      0.521      0.626      0.567      0.262

      Epoch    GPU_mem   box_loss   cls_loss   dfl_loss  Instances       Size
                   all        215       5771       0.55       0.63      0.601      0.315

      Epoch    GPU_mem   box_loss   cls_loss   dfl_loss  Instances       Size
                   all        215       5771      0.553      0.631      0.605      0.322

      Epoch    GPU_mem   box_loss   cls_loss   dfl_loss  Instances       Size
                   all        215       5771      0.537      0.608      0.577      0.308

      Epoch    GPU_mem   box_loss   cls_loss   dfl_loss  Instances       Size
                   all        215       5771       0.56      0.644      0.613      0.356

      Epoch    GPU_mem   box_loss   cls_loss   dfl_loss  Instances       Size
                   all        215       5771      0.563      0.624      0.615      0.368

      Epoch    GPU_mem   box_loss   cls_loss   dfl_loss  Instances       Size
                   all        215       5771      0.574      0.622      0.619      0.347

      Epoch    GPU_mem   box_loss   cls_loss   dfl_loss  Instances       Size
                   all        215       5771      0.572      0.621      0.618      0.359

      Epoch    GPU_mem   box_loss   cls_loss   dfl_loss  Instances       Size
                   all        215       5771      0.567      0.623       0.62      0.374

      Epoch    GPU_mem   box_loss   cls_loss   dfl_loss  Instances       Size
                   all        215       5771      0.562      0.623      0.612      0.343

      Epoch    GPU_mem   box_loss   cls_loss   dfl_loss  Instances       Size
                   all        215       5771      0.575      0.633      0.625      0.373

      Epoch    GPU_mem   box_loss   cls_loss   dfl_loss  Instances       Size
                   all        215       5771      0.563      0.623       0.61      0.316

      Epoch    GPU_mem   box_loss   cls_loss   dfl_loss  Instances       Size
                   all        215       5771       0.58      0.624      0.625      0.392

      Epoch    GPU_mem   box_loss   cls_loss   dfl_loss  Instances       Size
                   all        215       5771      0.554      0.623      0.619      0.383

      Epoch    GPU_mem   box_loss   cls_loss   dfl_loss  Instances       Size
                   all        215       5771      0.566       0.63       0.61      0.319

      Epoch    GPU_mem   box_loss   cls_loss   dfl_loss  Instances       Size
                   all        215       5771      0.581      0.627      0.617      0.382

      Epoch    GPU_mem   box_loss   cls_loss   dfl_loss  Instances       Size
                   all        215       5771      0.578      0.626      0.619      0.352

      Epoch    GPU_mem   box_loss   cls_loss   dfl_loss  Instances       Size
                   all        215       5771      0.567      0.625      0.619      0.375

      Epoch    GPU_mem   box_loss   cls_loss   dfl_loss  Instances       Size
                   all        215       5771      0.575      0.634      0.621      0.371

      Epoch    GPU_mem   box_loss   cls_loss   dfl_loss  Instances       Size
                   all        215       5771      0.556      0.629      0.601      0.335

      Epoch    GPU_mem   box_loss   cls_loss   dfl_loss  Instances       Size
                   all        215       5771       0.57      0.615      0.613      0.332

      Epoch    GPU_mem   box_loss   cls_loss   dfl_loss  Instances       Size
                   all        215       5771      0.567      0.637      0.615      0.333

      Epoch    GPU_mem   box_loss   cls_loss   dfl_loss  Instances       Size
                   all        215       5771      0.573       0.63      0.618      0.346

      Epoch    GPU_mem   box_loss   cls_loss   dfl_loss  Instances       Size
                   all        215       5771      0.579      0.628      0.618      0.332

      Epoch    GPU_mem   box_loss   cls_loss   dfl_loss  Instances       Size
                   all        215       5771      0.565      0.642      0.622      0.355

      Epoch    GPU_mem   box_loss   cls_loss   dfl_loss  Instances       Size
                   all        215       5771      0.578      0.633      0.625      0.376

      Epoch    GPU_mem   box_loss   cls_loss   dfl_loss  Instances       Size
                   all        215       5771      0.559      0.641      0.618      0.365

      Epoch    GPU_mem   box_loss   cls_loss   dfl_loss  Instances       Size
                   all        215       5771      0.583      0.636      0.627      0.367

      Epoch    GPU_mem   box_loss   cls_loss   dfl_loss  Instances       Size
                   all        215       5771      0.567      0.647       0.62       0.36

      Epoch    GPU_mem   box_loss   cls_loss   dfl_loss  Instances       Size
                   all        215       5771      0.574      0.628      0.614      0.335

      Epoch    GPU_mem   box_loss   cls_loss   dfl_loss  Instances       Size
                   all        215       5771      0.576      0.621      0.622      0.377

      Epoch    GPU_mem   box_loss   cls_loss   dfl_loss  Instances       Size
                   all        215       5771      0.573      0.627      0.624      0.368

      Epoch    GPU_mem   box_loss   cls_loss   dfl_loss  Instances       Size
                   all        215       5771      0.575       0.62      0.621      0.378

      Epoch    GPU_mem   box_loss   cls_loss   dfl_loss  Instances       Size
                   all        215       5771      0.574      0.642      0.626      0.364

      Epoch    GPU_mem   box_loss   cls_loss   dfl_loss  Instances       Size
                   all        215       5771      0.583      0.631      0.631      0.379

      Epoch    GPU_mem   box_loss   cls_loss   dfl_loss  Instances       Size
                   all        215       5771      0.567      0.646      0.625       0.36

      Epoch    GPU_mem   box_loss   cls_loss   dfl_loss  Instances       Size
                   all        215       5771      0.576      0.648      0.629       0.38

      Epoch    GPU_mem   box_loss   cls_loss   dfl_loss  Instances       Size
                   all        215       5771      0.566       0.65      0.624      0.369

      Epoch    GPU_mem   box_loss   cls_loss   dfl_loss  Instances       Size
                   all        215       5771      0.578      0.639      0.622      0.354

      Epoch    GPU_mem   box_loss   cls_loss   dfl_loss  Instances       Size
                   all        215       5771      0.566       0.65      0.628      0.376

      Epoch    GPU_mem   box_loss   cls_loss   dfl_loss  Instances       Size
                   all        215       5771       0.58       0.64      0.628      0.366

      Epoch    GPU_mem   box_loss   cls_loss   dfl_loss  Instances       Size
                   all        215       5771      0.582      0.633      0.627      0.378

      Epoch    GPU_mem   box_loss   cls_loss   dfl_loss  Instances       Size
                   all        215       5771      0.569      0.643      0.628      0.367

      Epoch    GPU_mem   box_loss   cls_loss   dfl_loss  Instances       Size
                   all        215       5771       0.59      0.615      0.625      0.368

      Epoch    GPU_mem   box_loss   cls_loss   dfl_loss  Instances       Size
                   all        215       5771      0.578      0.642      0.625      0.375

      Epoch    GPU_mem   box_loss   cls_loss   dfl_loss  Instances       Size
                   all        215       5771       0.54      0.633      0.587      0.273

      Epoch    GPU_mem   box_loss   cls_loss   dfl_loss  Instances       Size
                   all        215       5771      0.573      0.641      0.628      0.376

      Epoch    GPU_mem   box_loss   cls_loss   dfl_loss  Instances       Size
                   all        215       5771      0.564      0.644      0.621      0.342

      Epoch    GPU_mem   box_loss   cls_loss   dfl_loss  Instances       Size
                   all        215       5771      0.574      0.633      0.622      0.364

      Epoch    GPU_mem   box_loss   cls_loss   dfl_loss  Instances       Size
                   all        215       5771      0.578      0.638      0.623      0.359

      Epoch    GPU_mem   box_loss   cls_loss   dfl_loss  Instances       Size
                   all        215       5771      0.576      0.647      0.629      0.383

      Epoch    GPU_mem   box_loss   cls_loss   dfl_loss  Instances       Size
                   all        215       5771      0.564       0.66      0.625      0.368

      Epoch    GPU_mem   box_loss   cls_loss   dfl_loss  Instances       Size
                   all        215       5771      0.577       0.64      0.627      0.382

      Epoch    GPU_mem   box_loss   cls_loss   dfl_loss  Instances       Size
                   all        215       5771      0.581      0.634      0.625      0.372

      Epoch    GPU_mem   box_loss   cls_loss   dfl_loss  Instances       Size
                   all        215       5771       0.56      0.649      0.619      0.347

      Epoch    GPU_mem   box_loss   cls_loss   dfl_loss  Instances       Size
                   all        215       5771      0.563       0.65      0.619      0.352

      Epoch    GPU_mem   box_loss   cls_loss   dfl_loss  Instances       Size
                   all        215       5771      0.572      0.645      0.623      0.363

      Epoch    GPU_mem   box_loss   cls_loss   dfl_loss  Instances       Size
                   all        215       5771      0.575       0.64      0.625      0.365

      Epoch    GPU_mem   box_loss   cls_loss   dfl_loss  Instances       Size
                   all        215       5771      0.569       0.65      0.623      0.373

      Epoch    GPU_mem   box_loss   cls_loss   dfl_loss  Instances       Size
                   all        215       5771      0.564      0.656      0.624      0.364

      Epoch    GPU_mem   box_loss   cls_loss   dfl_loss  Instances       Size
                   all        215       5771      0.567      0.654      0.625      0.366

      Epoch    GPU_mem   box_loss   cls_loss   dfl_loss  Instances       Size
                   all        215       5771      0.576      0.648      0.626      0.363

      Epoch    GPU_mem   box_loss   cls_loss   dfl_loss  Instances       Size
                   all        215       5771      0.578      0.628      0.618       0.35

      Epoch    GPU_mem   box_loss   cls_loss   dfl_loss  Instances       Size
                   all        215       5771      0.567      0.645       0.62      0.353

      Epoch    GPU_mem   box_loss   cls_loss   dfl_loss  Instances       Size
                   all        215       5771      0.568      0.653      0.623      0.367

      Epoch    GPU_mem   box_loss   cls_loss   dfl_loss  Instances       Size
                   all        215       5771      0.571      0.641      0.621      0.368

      Epoch    GPU_mem   box_loss   cls_loss   dfl_loss  Instances       Size
                   all        215       5771      0.559       0.66       0.62      0.364

      Epoch    GPU_mem   box_loss   cls_loss   dfl_loss  Instances       Size
                   all        215       5771      0.564      0.646      0.619      0.357

      Epoch    GPU_mem   box_loss   cls_loss   dfl_loss  Instances       Size
                   all        215       5771      0.583      0.627      0.615      0.344

      Epoch    GPU_mem   box_loss   cls_loss   dfl_loss  Instances       Size
                   all        215       5771      0.581      0.631      0.622       0.36

      Epoch    GPU_mem   box_loss   cls_loss   dfl_loss  Instances       Size
                   all        215       5771      0.564      0.646      0.621       0.36

      Epoch    GPU_mem   box_loss   cls_loss   dfl_loss  Instances       Size
                   all        215       5771      0.565      0.644      0.622      0.347

      Epoch    GPU_mem   box_loss   cls_loss   dfl_loss  Instances       Size
                   all        215       5771       0.57       0.65      0.624      0.366

      Epoch    GPU_mem   box_loss   cls_loss   dfl_loss  Instances       Size
                   all        215       5771      0.571       0.65      0.625      0.362

      Epoch    GPU_mem   box_loss   cls_loss   dfl_loss  Instances       Size
                   all        215       5771      0.564      0.646      0.621      0.358

      Epoch    GPU_mem   box_loss   cls_loss   dfl_loss  Instances       Size
                   all        215       5771      0.579      0.648      0.627       0.37

      Epoch    GPU_mem   box_loss   cls_loss   dfl_loss  Instances       Size
                   all        215       5771      0.578      0.636       0.62      0.354

      Epoch    GPU_mem   box_loss   cls_loss   dfl_loss  Instances       Size
                   all        215       5771      0.574      0.643      0.622      0.358

      Epoch    GPU_mem   box_loss   cls_loss   dfl_loss  Instances       Size
                   all        215       5771      0.576      0.636       0.62       0.36

      Epoch    GPU_mem   box_loss   cls_loss   dfl_loss  Instances       Size
                   all        215       5771      0.573      0.637      0.613      0.339

      Epoch    GPU_mem   box_loss   cls_loss   dfl_loss  Instances       Size
                   all        215       5771      0.558      0.656      0.615      0.347

      Epoch    GPU_mem   box_loss   cls_loss   dfl_loss  Instances       Size
                   all        215       5771      0.559      0.658      0.617      0.356

      Epoch    GPU_mem   box_loss   cls_loss   dfl_loss  Instances       Size
                   all        215       5771      0.559       0.65      0.614      0.349

      Epoch    GPU_mem   box_loss   cls_loss   dfl_loss  Instances       Size
                   all        215       5771      0.566      0.654      0.619      0.367

      Epoch    GPU_mem   box_loss   cls_loss   dfl_loss  Instances       Size
                   all        215       5771      0.577      0.644      0.622      0.378

      Epoch    GPU_mem   box_loss   cls_loss   dfl_loss  Instances       Size
                   all        215       5771      0.582      0.631      0.618      0.362

      Epoch    GPU_mem   box_loss   cls_loss   dfl_loss  Instances       Size
                   all        215       5771      0.567      0.642      0.617      0.359

      Epoch    GPU_mem   box_loss   cls_loss   dfl_loss  Instances       Size
                   all        215       5771      0.567       0.64      0.615      0.357

      Epoch    GPU_mem   box_loss   cls_loss   dfl_loss  Instances       Size
                   all        215       5771      0.573      0.641      0.617      0.354

      Epoch    GPU_mem   box_loss   cls_loss   dfl_loss  Instances       Size
                   all        215       5771      0.566      0.646      0.616      0.358

      Epoch    GPU_mem   box_loss   cls_loss   dfl_loss  Instances       Size
                   all        215       5771      0.561      0.653      0.614      0.357

      Epoch    GPU_mem   box_loss   cls_loss   dfl_loss  Instances       Size
                   all        215       5771      0.571      0.651      0.619      0.367

      Epoch    GPU_mem   box_loss   cls_loss   dfl_loss  Instances       Size
                   all        215       5771       0.57      0.648       0.62      0.365

      Epoch    GPU_mem   box_loss   cls_loss   dfl_loss  Instances       Size
                   all        215       5771      0.569       0.65      0.618      0.356

      Epoch    GPU_mem   box_loss   cls_loss   dfl_loss  Instances       Size
                   all        215       5771      0.565      0.643      0.615      0.353

      Epoch    GPU_mem   box_loss   cls_loss   dfl_loss  Instances       Size
                   all        215       5771       0.56      0.654      0.617      0.358

      Epoch    GPU_mem   box_loss   cls_loss   dfl_loss  Instances       Size
                   all        215       5771      0.565      0.655       0.62      0.367

      Epoch    GPU_mem   box_loss   cls_loss   dfl_loss  Instances       Size
                   all        215       5771      0.582       0.63      0.617      0.356

      Epoch    GPU_mem   box_loss   cls_loss   dfl_loss  Instances       Size
                   all        215       5771      0.566      0.645      0.616      0.358

      Epoch    GPU_mem   box_loss   cls_loss   dfl_loss  Instances       Size
                   all        215       5771      0.565      0.647      0.615      0.356

      Epoch    GPU_mem   box_loss   cls_loss   dfl_loss  Instances       Size
                   all        215       5771      0.562      0.642      0.613      0.352

      Epoch    GPU_mem   box_loss   cls_loss   dfl_loss  Instances       Size
                   all        215       5771      0.565      0.647      0.615      0.361

      Epoch    GPU_mem   box_loss   cls_loss   dfl_loss  Instances       Size
                   all        215       5771       0.57      0.637      0.616      0.361

      Epoch    GPU_mem   box_loss   cls_loss   dfl_loss  Instances       Size
                   all        215       5771      0.571      0.645      0.615      0.352

      Epoch    GPU_mem   box_loss   cls_loss   dfl_loss  Instances       Size
                   all        215       5771      0.569      0.646      0.616      0.361

      Epoch    GPU_mem   box_loss   cls_loss   dfl_loss  Instances       Size
                   all        215       5771      0.569      0.649      0.614      0.359

      Epoch    GPU_mem   box_loss   cls_loss   dfl_loss  Instances       Size
                   all        215       5771      0.568      0.655      0.616      0.362

      Epoch    GPU_mem   box_loss   cls_loss   dfl_loss  Instances       Size
                   all        215       5771      0.573      0.647      0.615      0.357

      Epoch    GPU_mem   box_loss   cls_loss   dfl_loss  Instances       Size
                   all        215       5771      0.567      0.647      0.613      0.354

      Epoch    GPU_mem   box_loss   cls_loss   dfl_loss  Instances       Size
                   all        215       5771       0.56      0.658      0.616      0.356

      Epoch    GPU_mem   box_loss   cls_loss   dfl_loss  Instances       Size
                   all        215       5771       0.56      0.662      0.617      0.362

      Epoch    GPU_mem   box_loss   cls_loss   dfl_loss  Instances       Size
                   all        215       5771      0.564      0.653      0.617      0.365

      Epoch    GPU_mem   box_loss   cls_loss   dfl_loss  Instances       Size
                   all        215       5771      0.568      0.646      0.615      0.362
[34m[1mEarlyStopping: [0mTraining stopped early as no improvement observed in last 100 epochs. Best results observed at epoch 141, best model saved as best.pt.
To update EarlyStopping(patience=100) pass a new patience value, i.e. `patience=300` or use `patience=0` to disable EarlyStopping.

241 epochs completed in 2.827 hours.
Optimizer stripped from yolo/yolo11m/img512_ep300/weights/last.pt, 40.5MB
Optimizer stripped from yolo/yolo11m/img512_ep300/weights/best.pt, 40.5MB

Validating yolo/yolo11m/img512_ep300/weights/best.pt...
Ultralytics 8.3.88 🚀 Python-3.10.12 torch-2.6.0+cu124 CUDA:0 (NVIDIA A100-PCIE-40GB, 40442MiB)
YOLO11m summary (fused): 125 layers, 20,031,574 parameters, 0 gradients, 67.7 GFLOPs
                   all        215       5771      0.579      0.625      0.625      0.392
            lymphocyte        182       3690      0.687      0.753      0.772      0.473
              monocyte        191       2081      0.471      0.496      0.478      0.311
Speed: 0.2ms preprocess, 2.4ms inference, 0.0ms loss, 2.3ms postprocess per image
Results saved to [1myolo/yolo11m/img512_ep300[0m
