Thu Apr 10 18:17:33 2025       
+-----------------------------------------------------------------------------------------+
| NVIDIA-SMI 570.124.06             Driver Version: 570.124.06     CUDA Version: 12.8     |
|-----------------------------------------+------------------------+----------------------+
| GPU  Name                 Persistence-M | Bus-Id          Disp.A | Volatile Uncorr. ECC |
| Fan  Temp   Perf          Pwr:Usage/Cap |           Memory-Usage | GPU-Util  Compute M. |
|                                         |                        |               MIG M. |
|=========================================+========================+======================|
|   0  Tesla V100-PCIE-32GB           On  |   00000000:0B:00.0 Off |                    0 |
| N/A   23C    P0             25W /  250W |       1MiB /  32768MiB |      0%      Default |
|                                         |                        |                  N/A |
+-----------------------------------------+------------------------+----------------------+
                                                                                         
+-----------------------------------------------------------------------------------------+
| Processes:                                                                              |
|  GPU   GI   CI              PID   Type   Process name                        GPU Memory |
|        ID   ID                                                               Usage      |
|=========================================================================================|
|  No running processes found                                                             |
+-----------------------------------------------------------------------------------------+
New https://pypi.org/project/ultralytics/8.3.106 available 😃 Update with 'pip install -U ultralytics'
Ultralytics 8.3.88 🚀 Python-3.10.12 torch-2.6.0+cu124 CUDA:0 (Tesla V100-PCIE-32GB, 32494MiB)
[34m[1mengine/trainer: [0mtask=detect, mode=train, model=yolo11m.pt, data=data/basic_box/pas-cpg256/dataset.yaml, epochs=200, time=None, patience=200, batch=16, imgsz=256, save=True, save_period=-1, cache=disk, device=None, workers=0, project=yolo/basic_box/default_aug, name=img256_ep200_yolo11m, exist_ok=False, pretrained=True, optimizer=auto, verbose=True, seed=0, deterministic=False, single_cls=False, rect=False, cos_lr=True, close_mosaic=10, resume=False, amp=True, fraction=1.0, profile=False, freeze=None, multi_scale=False, overlap_mask=True, mask_ratio=4, dropout=0.0, val=True, split=val, save_json=False, save_hybrid=False, conf=0.001, iou=0.7, max_det=None, half=False, dnn=False, plots=True, source=None, vid_stride=1, stream_buffer=False, visualize=False, augment=False, agnostic_nms=True, classes=None, retina_masks=False, embed=None, show=False, save_frames=False, save_txt=False, save_conf=False, save_crop=False, show_labels=True, show_conf=True, show_boxes=True, line_width=None, format=torchscript, keras=False, optimize=False, int8=False, dynamic=False, simplify=True, opset=None, workspace=None, nms=False, lr0=0.01, lrf=0.01, momentum=0.937, weight_decay=0.0005, warmup_epochs=3.0, warmup_momentum=0.8, warmup_bias_lr=0.1, box=7.5, cls=0.5, dfl=1.5, pose=12.0, kobj=1.0, nbs=64, hsv_h=0.015, hsv_s=0.7, hsv_v=0.4, degrees=0.0, translate=0.1, scale=0.5, shear=0.0, perspective=0.0, flipud=0.0, fliplr=0.5, bgr=0.0, mosaic=1.0, mixup=0.0, copy_paste=0.0, copy_paste_mode=flip, auto_augment=randaugment, erasing=0.4, crop_fraction=1.0, cfg=None, tracker=botsort.yaml, save_dir=yolo/basic_box/default_aug/img256_ep200_yolo11m
Overriding model.yaml nc=80 with nc=2

                   from  n    params  module                                       arguments                     
  0                  -1  1      1856  ultralytics.nn.modules.conv.Conv             [3, 64, 3, 2]                 
  1                  -1  1     73984  ultralytics.nn.modules.conv.Conv             [64, 128, 3, 2]               
  2                  -1  1    111872  ultralytics.nn.modules.block.C3k2            [128, 256, 1, True, 0.25]     
  3                  -1  1    590336  ultralytics.nn.modules.conv.Conv             [256, 256, 3, 2]              
  4                  -1  1    444928  ultralytics.nn.modules.block.C3k2            [256, 512, 1, True, 0.25]     
  5                  -1  1   2360320  ultralytics.nn.modules.conv.Conv             [512, 512, 3, 2]              
  6                  -1  1   1380352  ultralytics.nn.modules.block.C3k2            [512, 512, 1, True]           
  7                  -1  1   2360320  ultralytics.nn.modules.conv.Conv             [512, 512, 3, 2]              
  8                  -1  1   1380352  ultralytics.nn.modules.block.C3k2            [512, 512, 1, True]           
  9                  -1  1    656896  ultralytics.nn.modules.block.SPPF            [512, 512, 5]                 
 10                  -1  1    990976  ultralytics.nn.modules.block.C2PSA           [512, 512, 1]                 
 11                  -1  1         0  torch.nn.modules.upsampling.Upsample         [None, 2, 'nearest']          
 12             [-1, 6]  1         0  ultralytics.nn.modules.conv.Concat           [1]                           
 13                  -1  1   1642496  ultralytics.nn.modules.block.C3k2            [1024, 512, 1, True]          
 14                  -1  1         0  torch.nn.modules.upsampling.Upsample         [None, 2, 'nearest']          
 15             [-1, 4]  1         0  ultralytics.nn.modules.conv.Concat           [1]                           
 16                  -1  1    542720  ultralytics.nn.modules.block.C3k2            [1024, 256, 1, True]          
 17                  -1  1    590336  ultralytics.nn.modules.conv.Conv             [256, 256, 3, 2]              
 18            [-1, 13]  1         0  ultralytics.nn.modules.conv.Concat           [1]                           
 19                  -1  1   1511424  ultralytics.nn.modules.block.C3k2            [768, 512, 1, True]           
 20                  -1  1   2360320  ultralytics.nn.modules.conv.Conv             [512, 512, 3, 2]              
 21            [-1, 10]  1         0  ultralytics.nn.modules.conv.Concat           [1]                           
 22                  -1  1   1642496  ultralytics.nn.modules.block.C3k2            [1024, 512, 1, True]          
 23        [16, 19, 22]  1   1412566  ultralytics.nn.modules.head.Detect           [2, [256, 512, 512]]          
YOLO11m summary: 231 layers, 20,054,550 parameters, 20,054,534 gradients, 68.2 GFLOPs

Transferred 643/649 items from pretrained weights
Freezing layer 'model.23.dfl.conv.weight'
[34m[1mAMP: [0mrunning Automatic Mixed Precision (AMP) checks...
[34m[1mAMP: [0mchecks passed ✅
[34m[1mtrain: [0mNew cache created: /home/tupystep/monkey_challenge/data/basic_box/pas-cpg256/labels.cache
[34m[1mval: [0mNew cache created: /home/tupystep/monkey_challenge/data/basic_box/pas-cpg256/labels.cache
Plotting labels to yolo/basic_box/default_aug/img256_ep200_yolo11m/labels.jpg... 
[34m[1moptimizer:[0m 'optimizer=auto' found, ignoring 'lr0=0.01' and 'momentum=0.937' and determining best 'optimizer', 'lr0' and 'momentum' automatically... 
[34m[1moptimizer:[0m SGD(lr=0.01, momentum=0.9) with parameter groups 106 weight(decay=0.0), 113 weight(decay=0.0005), 112 bias(decay=0.0)
Image sizes 256 train, 256 val
Using 0 dataloader workers
Logging results to [1myolo/basic_box/default_aug/img256_ep200_yolo11m[0m
Starting training for 200 epochs...

      Epoch    GPU_mem   box_loss   cls_loss   dfl_loss  Instances       Size
                   all       2139      14426      0.382      0.489      0.403      0.204

      Epoch    GPU_mem   box_loss   cls_loss   dfl_loss  Instances       Size
                   all       2139      14426      0.331      0.544      0.413      0.218

      Epoch    GPU_mem   box_loss   cls_loss   dfl_loss  Instances       Size
                   all       2139      14426       0.34      0.568      0.411      0.226

      Epoch    GPU_mem   box_loss   cls_loss   dfl_loss  Instances       Size
                   all       2139      14426      0.354      0.572      0.427      0.228

      Epoch    GPU_mem   box_loss   cls_loss   dfl_loss  Instances       Size
                   all       2139      14426       0.32      0.555      0.402      0.202

      Epoch    GPU_mem   box_loss   cls_loss   dfl_loss  Instances       Size
                   all       2139      14426       0.38      0.566      0.459      0.263

      Epoch    GPU_mem   box_loss   cls_loss   dfl_loss  Instances       Size
                   all       2139      14426      0.378      0.573       0.47      0.279

      Epoch    GPU_mem   box_loss   cls_loss   dfl_loss  Instances       Size
                   all       2139      14426      0.384      0.589      0.475      0.255

      Epoch    GPU_mem   box_loss   cls_loss   dfl_loss  Instances       Size
                   all       2139      14426      0.421       0.58      0.484      0.271

      Epoch    GPU_mem   box_loss   cls_loss   dfl_loss  Instances       Size
                   all       2139      14426       0.43      0.596      0.507      0.308

      Epoch    GPU_mem   box_loss   cls_loss   dfl_loss  Instances       Size
                   all       2139      14426      0.402      0.559      0.462      0.234

      Epoch    GPU_mem   box_loss   cls_loss   dfl_loss  Instances       Size
                   all       2139      14426      0.435      0.572      0.488      0.278

      Epoch    GPU_mem   box_loss   cls_loss   dfl_loss  Instances       Size
                   all       2139      14426      0.444       0.57      0.492      0.271

      Epoch    GPU_mem   box_loss   cls_loss   dfl_loss  Instances       Size
                   all       2139      14426      0.441      0.596      0.515      0.295

      Epoch    GPU_mem   box_loss   cls_loss   dfl_loss  Instances       Size
                   all       2139      14426      0.422      0.596      0.501      0.267

      Epoch    GPU_mem   box_loss   cls_loss   dfl_loss  Instances       Size
                   all       2139      14426      0.444      0.556      0.489      0.272

      Epoch    GPU_mem   box_loss   cls_loss   dfl_loss  Instances       Size
                   all       2139      14426      0.461      0.583      0.523      0.305

      Epoch    GPU_mem   box_loss   cls_loss   dfl_loss  Instances       Size
                   all       2139      14426      0.446      0.576      0.513      0.297

      Epoch    GPU_mem   box_loss   cls_loss   dfl_loss  Instances       Size
                   all       2139      14426       0.44      0.598      0.516      0.297

      Epoch    GPU_mem   box_loss   cls_loss   dfl_loss  Instances       Size
                   all       2139      14426      0.457      0.588       0.51      0.289

      Epoch    GPU_mem   box_loss   cls_loss   dfl_loss  Instances       Size
                   all       2139      14426      0.474      0.585      0.528      0.311

      Epoch    GPU_mem   box_loss   cls_loss   dfl_loss  Instances       Size
                   all       2139      14426      0.485      0.591      0.535      0.323

      Epoch    GPU_mem   box_loss   cls_loss   dfl_loss  Instances       Size
                   all       2139      14426      0.463       0.56      0.502      0.278

      Epoch    GPU_mem   box_loss   cls_loss   dfl_loss  Instances       Size
                   all       2139      14426      0.487      0.602      0.546      0.311

      Epoch    GPU_mem   box_loss   cls_loss   dfl_loss  Instances       Size
                   all       2139      14426      0.468      0.604      0.535      0.299

      Epoch    GPU_mem   box_loss   cls_loss   dfl_loss  Instances       Size
                   all       2139      14426      0.487      0.593      0.541      0.319

      Epoch    GPU_mem   box_loss   cls_loss   dfl_loss  Instances       Size
                   all       2139      14426      0.501      0.602      0.552      0.327

      Epoch    GPU_mem   box_loss   cls_loss   dfl_loss  Instances       Size
                   all       2139      14426      0.482      0.597      0.541        0.3

      Epoch    GPU_mem   box_loss   cls_loss   dfl_loss  Instances       Size
                   all       2139      14426      0.506      0.583      0.545      0.328

      Epoch    GPU_mem   box_loss   cls_loss   dfl_loss  Instances       Size
                   all       2139      14426      0.472      0.617      0.554      0.327

      Epoch    GPU_mem   box_loss   cls_loss   dfl_loss  Instances       Size
                   all       2139      14426      0.489        0.6      0.551      0.319

      Epoch    GPU_mem   box_loss   cls_loss   dfl_loss  Instances       Size
                   all       2139      14426      0.504      0.605      0.558      0.332

      Epoch    GPU_mem   box_loss   cls_loss   dfl_loss  Instances       Size
                   all       2139      14426      0.497      0.603      0.555      0.331

      Epoch    GPU_mem   box_loss   cls_loss   dfl_loss  Instances       Size
                   all       2139      14426      0.494      0.596      0.561      0.336

      Epoch    GPU_mem   box_loss   cls_loss   dfl_loss  Instances       Size
                   all       2139      14426      0.507      0.602      0.563      0.328

      Epoch    GPU_mem   box_loss   cls_loss   dfl_loss  Instances       Size
                   all       2139      14426      0.508      0.599      0.555      0.327

      Epoch    GPU_mem   box_loss   cls_loss   dfl_loss  Instances       Size
                   all       2139      14426      0.507        0.6      0.553        0.3

      Epoch    GPU_mem   box_loss   cls_loss   dfl_loss  Instances       Size
                   all       2139      14426      0.502      0.614       0.57      0.331

      Epoch    GPU_mem   box_loss   cls_loss   dfl_loss  Instances       Size
                   all       2139      14426      0.515      0.602      0.567      0.331

      Epoch    GPU_mem   box_loss   cls_loss   dfl_loss  Instances       Size
                   all       2139      14426      0.518      0.607      0.572      0.332

      Epoch    GPU_mem   box_loss   cls_loss   dfl_loss  Instances       Size
                   all       2139      14426      0.522      0.606      0.574      0.338

      Epoch    GPU_mem   box_loss   cls_loss   dfl_loss  Instances       Size
                   all       2139      14426      0.519      0.608      0.574      0.339

      Epoch    GPU_mem   box_loss   cls_loss   dfl_loss  Instances       Size
                   all       2139      14426      0.522      0.615      0.579      0.351

      Epoch    GPU_mem   box_loss   cls_loss   dfl_loss  Instances       Size
                   all       2139      14426      0.519      0.624      0.585      0.353

      Epoch    GPU_mem   box_loss   cls_loss   dfl_loss  Instances       Size
                   all       2139      14426      0.515       0.61      0.569       0.33

      Epoch    GPU_mem   box_loss   cls_loss   dfl_loss  Instances       Size
                   all       2139      14426      0.522      0.615      0.581      0.346

      Epoch    GPU_mem   box_loss   cls_loss   dfl_loss  Instances       Size
                   all       2139      14426      0.524      0.607      0.574      0.327

      Epoch    GPU_mem   box_loss   cls_loss   dfl_loss  Instances       Size
                   all       2139      14426      0.524      0.613      0.581      0.333

      Epoch    GPU_mem   box_loss   cls_loss   dfl_loss  Instances       Size
                   all       2139      14426      0.521      0.616      0.579      0.338

      Epoch    GPU_mem   box_loss   cls_loss   dfl_loss  Instances       Size
                   all       2139      14426      0.524      0.616      0.584      0.342

      Epoch    GPU_mem   box_loss   cls_loss   dfl_loss  Instances       Size
                   all       2139      14426       0.53      0.617      0.589      0.351

      Epoch    GPU_mem   box_loss   cls_loss   dfl_loss  Instances       Size
                   all       2139      14426      0.525      0.613      0.587      0.316

      Epoch    GPU_mem   box_loss   cls_loss   dfl_loss  Instances       Size
                   all       2139      14426      0.529      0.614      0.588      0.334

      Epoch    GPU_mem   box_loss   cls_loss   dfl_loss  Instances       Size
                   all       2139      14426       0.53      0.617       0.59      0.357

      Epoch    GPU_mem   box_loss   cls_loss   dfl_loss  Instances       Size
                   all       2139      14426      0.536      0.609      0.593      0.353

      Epoch    GPU_mem   box_loss   cls_loss   dfl_loss  Instances       Size
                   all       2139      14426      0.538      0.618      0.595       0.35

      Epoch    GPU_mem   box_loss   cls_loss   dfl_loss  Instances       Size
                   all       2139      14426      0.537      0.617      0.593      0.338

      Epoch    GPU_mem   box_loss   cls_loss   dfl_loss  Instances       Size
                   all       2139      14426      0.537      0.615      0.593      0.344

      Epoch    GPU_mem   box_loss   cls_loss   dfl_loss  Instances       Size
                   all       2139      14426      0.533      0.621      0.598      0.357

      Epoch    GPU_mem   box_loss   cls_loss   dfl_loss  Instances       Size
                   all       2139      14426      0.541       0.62        0.6      0.354

      Epoch    GPU_mem   box_loss   cls_loss   dfl_loss  Instances       Size
                   all       2139      14426      0.536      0.625      0.599      0.347

      Epoch    GPU_mem   box_loss   cls_loss   dfl_loss  Instances       Size
                   all       2139      14426      0.535       0.62      0.595      0.337

      Epoch    GPU_mem   box_loss   cls_loss   dfl_loss  Instances       Size
                   all       2139      14426      0.532      0.618      0.589      0.328

      Epoch    GPU_mem   box_loss   cls_loss   dfl_loss  Instances       Size
                   all       2139      14426      0.538      0.619      0.594      0.345

      Epoch    GPU_mem   box_loss   cls_loss   dfl_loss  Instances       Size
                   all       2139      14426      0.547      0.616      0.598      0.355

      Epoch    GPU_mem   box_loss   cls_loss   dfl_loss  Instances       Size
                   all       2139      14426      0.543      0.615      0.596      0.353

      Epoch    GPU_mem   box_loss   cls_loss   dfl_loss  Instances       Size
                   all       2139      14426       0.54      0.625      0.597       0.35

      Epoch    GPU_mem   box_loss   cls_loss   dfl_loss  Instances       Size
                   all       2139      14426      0.541      0.626      0.601      0.348

      Epoch    GPU_mem   box_loss   cls_loss   dfl_loss  Instances       Size
                   all       2139      14426      0.542       0.63      0.605      0.356

      Epoch    GPU_mem   box_loss   cls_loss   dfl_loss  Instances       Size
                   all       2139      14426      0.544       0.63      0.606      0.357

      Epoch    GPU_mem   box_loss   cls_loss   dfl_loss  Instances       Size
                   all       2139      14426      0.556      0.615      0.606       0.36

      Epoch    GPU_mem   box_loss   cls_loss   dfl_loss  Instances       Size
                   all       2139      14426      0.554      0.619      0.608      0.362

      Epoch    GPU_mem   box_loss   cls_loss   dfl_loss  Instances       Size
                   all       2139      14426      0.552      0.626      0.609      0.365

      Epoch    GPU_mem   box_loss   cls_loss   dfl_loss  Instances       Size
                   all       2139      14426      0.549      0.624      0.608       0.36

      Epoch    GPU_mem   box_loss   cls_loss   dfl_loss  Instances       Size
                   all       2139      14426      0.552      0.621      0.608      0.361

      Epoch    GPU_mem   box_loss   cls_loss   dfl_loss  Instances       Size
                   all       2139      14426      0.549      0.622      0.608      0.359

      Epoch    GPU_mem   box_loss   cls_loss   dfl_loss  Instances       Size
                   all       2139      14426      0.548      0.625      0.608      0.358

      Epoch    GPU_mem   box_loss   cls_loss   dfl_loss  Instances       Size
                   all       2139      14426      0.544      0.634       0.61      0.362

      Epoch    GPU_mem   box_loss   cls_loss   dfl_loss  Instances       Size
                   all       2139      14426      0.551      0.627      0.611      0.362

      Epoch    GPU_mem   box_loss   cls_loss   dfl_loss  Instances       Size
                   all       2139      14426      0.553      0.624      0.611      0.361

      Epoch    GPU_mem   box_loss   cls_loss   dfl_loss  Instances       Size
                   all       2139      14426      0.552      0.626      0.613      0.363

      Epoch    GPU_mem   box_loss   cls_loss   dfl_loss  Instances       Size
                   all       2139      14426      0.552      0.623      0.613      0.366

      Epoch    GPU_mem   box_loss   cls_loss   dfl_loss  Instances       Size
                   all       2139      14426      0.559      0.622      0.615      0.369

      Epoch    GPU_mem   box_loss   cls_loss   dfl_loss  Instances       Size
                   all       2139      14426      0.558      0.625      0.614       0.37

      Epoch    GPU_mem   box_loss   cls_loss   dfl_loss  Instances       Size
                   all       2139      14426      0.552       0.63      0.613      0.369

      Epoch    GPU_mem   box_loss   cls_loss   dfl_loss  Instances       Size
                   all       2139      14426      0.551      0.626      0.612      0.365

      Epoch    GPU_mem   box_loss   cls_loss   dfl_loss  Instances       Size
                   all       2139      14426      0.555      0.621      0.612      0.363

      Epoch    GPU_mem   box_loss   cls_loss   dfl_loss  Instances       Size
                   all       2139      14426      0.558      0.621      0.614      0.365

      Epoch    GPU_mem   box_loss   cls_loss   dfl_loss  Instances       Size
                   all       2139      14426      0.554      0.624      0.614      0.365

      Epoch    GPU_mem   box_loss   cls_loss   dfl_loss  Instances       Size
                   all       2139      14426      0.563      0.621      0.616      0.366

      Epoch    GPU_mem   box_loss   cls_loss   dfl_loss  Instances       Size
                   all       2139      14426      0.561      0.626      0.616      0.365

      Epoch    GPU_mem   box_loss   cls_loss   dfl_loss  Instances       Size
                   all       2139      14426      0.565      0.624      0.615      0.363

      Epoch    GPU_mem   box_loss   cls_loss   dfl_loss  Instances       Size
                   all       2139      14426      0.563      0.624      0.616      0.364

      Epoch    GPU_mem   box_loss   cls_loss   dfl_loss  Instances       Size
                   all       2139      14426      0.564      0.625      0.617      0.365

      Epoch    GPU_mem   box_loss   cls_loss   dfl_loss  Instances       Size
                   all       2139      14426      0.565      0.627      0.618      0.366

      Epoch    GPU_mem   box_loss   cls_loss   dfl_loss  Instances       Size
                   all       2139      14426      0.567      0.627      0.619      0.367

      Epoch    GPU_mem   box_loss   cls_loss   dfl_loss  Instances       Size
                   all       2139      14426      0.568      0.626      0.619      0.369

      Epoch    GPU_mem   box_loss   cls_loss   dfl_loss  Instances       Size
                   all       2139      14426      0.565      0.629       0.62       0.37

      Epoch    GPU_mem   box_loss   cls_loss   dfl_loss  Instances       Size
                   all       2139      14426      0.565       0.63      0.621       0.37

      Epoch    GPU_mem   box_loss   cls_loss   dfl_loss  Instances       Size
                   all       2139      14426      0.564      0.633      0.622      0.371

      Epoch    GPU_mem   box_loss   cls_loss   dfl_loss  Instances       Size
                   all       2139      14426      0.568       0.63      0.622      0.373

      Epoch    GPU_mem   box_loss   cls_loss   dfl_loss  Instances       Size
                   all       2139      14426      0.569      0.629      0.623      0.374

      Epoch    GPU_mem   box_loss   cls_loss   dfl_loss  Instances       Size
                   all       2139      14426      0.566      0.634      0.623      0.374

      Epoch    GPU_mem   box_loss   cls_loss   dfl_loss  Instances       Size
                   all       2139      14426      0.567      0.632      0.623      0.375

      Epoch    GPU_mem   box_loss   cls_loss   dfl_loss  Instances       Size
                   all       2139      14426      0.568      0.632      0.624      0.376

      Epoch    GPU_mem   box_loss   cls_loss   dfl_loss  Instances       Size
                   all       2139      14426      0.569       0.63      0.623      0.376

      Epoch    GPU_mem   box_loss   cls_loss   dfl_loss  Instances       Size
                   all       2139      14426      0.569       0.63      0.623      0.377

      Epoch    GPU_mem   box_loss   cls_loss   dfl_loss  Instances       Size
                   all       2139      14426       0.57      0.631      0.624      0.377

      Epoch    GPU_mem   box_loss   cls_loss   dfl_loss  Instances       Size
                   all       2139      14426      0.568      0.632      0.624      0.378

      Epoch    GPU_mem   box_loss   cls_loss   dfl_loss  Instances       Size
                   all       2139      14426       0.57       0.63      0.625      0.378

      Epoch    GPU_mem   box_loss   cls_loss   dfl_loss  Instances       Size
                   all       2139      14426       0.57      0.632      0.625      0.378

      Epoch    GPU_mem   box_loss   cls_loss   dfl_loss  Instances       Size
                   all       2139      14426       0.57      0.632      0.625      0.378

      Epoch    GPU_mem   box_loss   cls_loss   dfl_loss  Instances       Size
                   all       2139      14426      0.571      0.632      0.625      0.379

      Epoch    GPU_mem   box_loss   cls_loss   dfl_loss  Instances       Size
                   all       2139      14426       0.57      0.631      0.625      0.379

      Epoch    GPU_mem   box_loss   cls_loss   dfl_loss  Instances       Size
                   all       2139      14426      0.568      0.633      0.625       0.38

      Epoch    GPU_mem   box_loss   cls_loss   dfl_loss  Instances       Size
                   all       2139      14426      0.569      0.632      0.625       0.38

      Epoch    GPU_mem   box_loss   cls_loss   dfl_loss  Instances       Size
                   all       2139      14426      0.569      0.632      0.625       0.38

      Epoch    GPU_mem   box_loss   cls_loss   dfl_loss  Instances       Size
                   all       2139      14426       0.57      0.632      0.625       0.38

      Epoch    GPU_mem   box_loss   cls_loss   dfl_loss  Instances       Size
                   all       2139      14426      0.569      0.633      0.626      0.381

      Epoch    GPU_mem   box_loss   cls_loss   dfl_loss  Instances       Size
                   all       2139      14426       0.57      0.633      0.626      0.381

      Epoch    GPU_mem   box_loss   cls_loss   dfl_loss  Instances       Size
                   all       2139      14426      0.568      0.635      0.626      0.381

      Epoch    GPU_mem   box_loss   cls_loss   dfl_loss  Instances       Size
                   all       2139      14426      0.567      0.635      0.626      0.381

      Epoch    GPU_mem   box_loss   cls_loss   dfl_loss  Instances       Size
                   all       2139      14426      0.565      0.637      0.626      0.381

      Epoch    GPU_mem   box_loss   cls_loss   dfl_loss  Instances       Size
                   all       2139      14426      0.564      0.637      0.626      0.381

      Epoch    GPU_mem   box_loss   cls_loss   dfl_loss  Instances       Size
                   all       2139      14426      0.565      0.639      0.626      0.382

      Epoch    GPU_mem   box_loss   cls_loss   dfl_loss  Instances       Size
                   all       2139      14426      0.564      0.639      0.626      0.382

      Epoch    GPU_mem   box_loss   cls_loss   dfl_loss  Instances       Size
                   all       2139      14426      0.565      0.638      0.626      0.382

      Epoch    GPU_mem   box_loss   cls_loss   dfl_loss  Instances       Size
                   all       2139      14426      0.568      0.637      0.626      0.382

      Epoch    GPU_mem   box_loss   cls_loss   dfl_loss  Instances       Size
                   all       2139      14426      0.568      0.636      0.626      0.383

      Epoch    GPU_mem   box_loss   cls_loss   dfl_loss  Instances       Size
                   all       2139      14426      0.569      0.635      0.626      0.383

      Epoch    GPU_mem   box_loss   cls_loss   dfl_loss  Instances       Size
                   all       2139      14426       0.57      0.634      0.627      0.383

      Epoch    GPU_mem   box_loss   cls_loss   dfl_loss  Instances       Size
                   all       2139      14426      0.569      0.635      0.627      0.383

      Epoch    GPU_mem   box_loss   cls_loss   dfl_loss  Instances       Size
                   all       2139      14426      0.569      0.636      0.627      0.384

      Epoch    GPU_mem   box_loss   cls_loss   dfl_loss  Instances       Size
                   all       2139      14426      0.569      0.636      0.627      0.384

      Epoch    GPU_mem   box_loss   cls_loss   dfl_loss  Instances       Size
                   all       2139      14426       0.57      0.636      0.627      0.384

      Epoch    GPU_mem   box_loss   cls_loss   dfl_loss  Instances       Size
                   all       2139      14426      0.568      0.636      0.627      0.384

      Epoch    GPU_mem   box_loss   cls_loss   dfl_loss  Instances       Size
                   all       2139      14426      0.568      0.637      0.627      0.384

      Epoch    GPU_mem   box_loss   cls_loss   dfl_loss  Instances       Size
                   all       2139      14426      0.569      0.636      0.627      0.384

      Epoch    GPU_mem   box_loss   cls_loss   dfl_loss  Instances       Size
                   all       2139      14426      0.569      0.637      0.627      0.385

      Epoch    GPU_mem   box_loss   cls_loss   dfl_loss  Instances       Size
                   all       2139      14426       0.57      0.636      0.628      0.385

      Epoch    GPU_mem   box_loss   cls_loss   dfl_loss  Instances       Size
                   all       2139      14426      0.571      0.635      0.628      0.385

      Epoch    GPU_mem   box_loss   cls_loss   dfl_loss  Instances       Size
                   all       2139      14426      0.571      0.635      0.628      0.385

      Epoch    GPU_mem   box_loss   cls_loss   dfl_loss  Instances       Size
                   all       2139      14426      0.571      0.635      0.628      0.385

      Epoch    GPU_mem   box_loss   cls_loss   dfl_loss  Instances       Size
                   all       2139      14426      0.572      0.634      0.628      0.385

      Epoch    GPU_mem   box_loss   cls_loss   dfl_loss  Instances       Size
                   all       2139      14426      0.572      0.634      0.628      0.386

      Epoch    GPU_mem   box_loss   cls_loss   dfl_loss  Instances       Size
                   all       2139      14426      0.572      0.635      0.628      0.386

      Epoch    GPU_mem   box_loss   cls_loss   dfl_loss  Instances       Size
                   all       2139      14426      0.573      0.633      0.628      0.386

      Epoch    GPU_mem   box_loss   cls_loss   dfl_loss  Instances       Size
                   all       2139      14426      0.573      0.633      0.628      0.386

      Epoch    GPU_mem   box_loss   cls_loss   dfl_loss  Instances       Size
                   all       2139      14426      0.566      0.641      0.628      0.386

      Epoch    GPU_mem   box_loss   cls_loss   dfl_loss  Instances       Size
                   all       2139      14426      0.568       0.64      0.628      0.386

      Epoch    GPU_mem   box_loss   cls_loss   dfl_loss  Instances       Size
                   all       2139      14426      0.569      0.639      0.628      0.386

      Epoch    GPU_mem   box_loss   cls_loss   dfl_loss  Instances       Size
                   all       2139      14426      0.568       0.64      0.628      0.387

      Epoch    GPU_mem   box_loss   cls_loss   dfl_loss  Instances       Size
                   all       2139      14426      0.567      0.642      0.628      0.387

      Epoch    GPU_mem   box_loss   cls_loss   dfl_loss  Instances       Size
                   all       2139      14426      0.568      0.641      0.628      0.387

      Epoch    GPU_mem   box_loss   cls_loss   dfl_loss  Instances       Size
                   all       2139      14426      0.568      0.641      0.628      0.387

      Epoch    GPU_mem   box_loss   cls_loss   dfl_loss  Instances       Size
                   all       2139      14426      0.568      0.641      0.628      0.387

      Epoch    GPU_mem   box_loss   cls_loss   dfl_loss  Instances       Size
                   all       2139      14426      0.568      0.642      0.629      0.388

      Epoch    GPU_mem   box_loss   cls_loss   dfl_loss  Instances       Size
                   all       2139      14426      0.568      0.641      0.628      0.388

      Epoch    GPU_mem   box_loss   cls_loss   dfl_loss  Instances       Size
                   all       2139      14426      0.567      0.642      0.629      0.388

      Epoch    GPU_mem   box_loss   cls_loss   dfl_loss  Instances       Size
                   all       2139      14426      0.568      0.642      0.629      0.388

      Epoch    GPU_mem   box_loss   cls_loss   dfl_loss  Instances       Size
                   all       2139      14426      0.567      0.643      0.629      0.388

      Epoch    GPU_mem   box_loss   cls_loss   dfl_loss  Instances       Size
                   all       2139      14426      0.569      0.641      0.629      0.388

      Epoch    GPU_mem   box_loss   cls_loss   dfl_loss  Instances       Size
                   all       2139      14426      0.569      0.641      0.629      0.388

      Epoch    GPU_mem   box_loss   cls_loss   dfl_loss  Instances       Size
                   all       2139      14426      0.569      0.641      0.629      0.388

      Epoch    GPU_mem   box_loss   cls_loss   dfl_loss  Instances       Size
                   all       2139      14426      0.569      0.641      0.629      0.389

      Epoch    GPU_mem   box_loss   cls_loss   dfl_loss  Instances       Size
                   all       2139      14426      0.569      0.641      0.629      0.389

      Epoch    GPU_mem   box_loss   cls_loss   dfl_loss  Instances       Size
                   all       2139      14426       0.57      0.641      0.629      0.389

      Epoch    GPU_mem   box_loss   cls_loss   dfl_loss  Instances       Size
                   all       2139      14426      0.569      0.641      0.629       0.39

      Epoch    GPU_mem   box_loss   cls_loss   dfl_loss  Instances       Size
                   all       2139      14426      0.569      0.641      0.629       0.39

      Epoch    GPU_mem   box_loss   cls_loss   dfl_loss  Instances       Size
                   all       2139      14426       0.57      0.639      0.629       0.39

      Epoch    GPU_mem   box_loss   cls_loss   dfl_loss  Instances       Size
                   all       2139      14426       0.57      0.639      0.629       0.39

      Epoch    GPU_mem   box_loss   cls_loss   dfl_loss  Instances       Size
                   all       2139      14426      0.571      0.637      0.629       0.39

      Epoch    GPU_mem   box_loss   cls_loss   dfl_loss  Instances       Size
                   all       2139      14426      0.571      0.638      0.629       0.39

      Epoch    GPU_mem   box_loss   cls_loss   dfl_loss  Instances       Size
                   all       2139      14426      0.572      0.637      0.629       0.39

      Epoch    GPU_mem   box_loss   cls_loss   dfl_loss  Instances       Size
                   all       2139      14426       0.57       0.64      0.629       0.39

      Epoch    GPU_mem   box_loss   cls_loss   dfl_loss  Instances       Size
                   all       2139      14426       0.57      0.641      0.629       0.39

      Epoch    GPU_mem   box_loss   cls_loss   dfl_loss  Instances       Size
                   all       2139      14426       0.57       0.64      0.629      0.391

      Epoch    GPU_mem   box_loss   cls_loss   dfl_loss  Instances       Size
                   all       2139      14426      0.569      0.641      0.629      0.391

      Epoch    GPU_mem   box_loss   cls_loss   dfl_loss  Instances       Size
                   all       2139      14426      0.569       0.64      0.629      0.391

      Epoch    GPU_mem   box_loss   cls_loss   dfl_loss  Instances       Size
                   all       2139      14426      0.568      0.641      0.629      0.391

      Epoch    GPU_mem   box_loss   cls_loss   dfl_loss  Instances       Size
                   all       2139      14426      0.569      0.639      0.629      0.391

      Epoch    GPU_mem   box_loss   cls_loss   dfl_loss  Instances       Size
                   all       2139      14426      0.569       0.64      0.629      0.391

      Epoch    GPU_mem   box_loss   cls_loss   dfl_loss  Instances       Size
                   all       2139      14426       0.57      0.639      0.629      0.391

      Epoch    GPU_mem   box_loss   cls_loss   dfl_loss  Instances       Size
                   all       2139      14426       0.57       0.64      0.629      0.391

      Epoch    GPU_mem   box_loss   cls_loss   dfl_loss  Instances       Size
                   all       2139      14426       0.57      0.641      0.629      0.391

      Epoch    GPU_mem   box_loss   cls_loss   dfl_loss  Instances       Size
                   all       2139      14426      0.568      0.641      0.629      0.391

      Epoch    GPU_mem   box_loss   cls_loss   dfl_loss  Instances       Size
                   all       2139      14426      0.567      0.642      0.629      0.391

      Epoch    GPU_mem   box_loss   cls_loss   dfl_loss  Instances       Size
                   all       2139      14426      0.566      0.644      0.629      0.391

      Epoch    GPU_mem   box_loss   cls_loss   dfl_loss  Instances       Size
                   all       2139      14426      0.568      0.642      0.629      0.391

      Epoch    GPU_mem   box_loss   cls_loss   dfl_loss  Instances       Size
                   all       2139      14426      0.569      0.641      0.629      0.391
Closing dataloader mosaic

      Epoch    GPU_mem   box_loss   cls_loss   dfl_loss  Instances       Size
                   all       2139      14426      0.565      0.645      0.629      0.391

      Epoch    GPU_mem   box_loss   cls_loss   dfl_loss  Instances       Size
                   all       2139      14426      0.566      0.645      0.629      0.391

      Epoch    GPU_mem   box_loss   cls_loss   dfl_loss  Instances       Size
                   all       2139      14426      0.565      0.646      0.629      0.392

      Epoch    GPU_mem   box_loss   cls_loss   dfl_loss  Instances       Size
                   all       2139      14426      0.565      0.645      0.629      0.392

      Epoch    GPU_mem   box_loss   cls_loss   dfl_loss  Instances       Size
                   all       2139      14426      0.565      0.646      0.629      0.392

      Epoch    GPU_mem   box_loss   cls_loss   dfl_loss  Instances       Size
                   all       2139      14426      0.565      0.646      0.629      0.392

      Epoch    GPU_mem   box_loss   cls_loss   dfl_loss  Instances       Size
                   all       2139      14426      0.571      0.639      0.629      0.392

      Epoch    GPU_mem   box_loss   cls_loss   dfl_loss  Instances       Size
                   all       2139      14426       0.57       0.64      0.629      0.392

      Epoch    GPU_mem   box_loss   cls_loss   dfl_loss  Instances       Size
                   all       2139      14426      0.568      0.643      0.629      0.393

      Epoch    GPU_mem   box_loss   cls_loss   dfl_loss  Instances       Size
                   all       2139      14426      0.568      0.643      0.629      0.393

200 epochs completed in 5.776 hours.
Optimizer stripped from yolo/basic_box/default_aug/img256_ep200_yolo11m/weights/last.pt, 40.5MB
Optimizer stripped from yolo/basic_box/default_aug/img256_ep200_yolo11m/weights/best.pt, 40.5MB

Validating yolo/basic_box/default_aug/img256_ep200_yolo11m/weights/best.pt...
Ultralytics 8.3.88 🚀 Python-3.10.12 torch-2.6.0+cu124 CUDA:0 (Tesla V100-PCIE-32GB, 32494MiB)
YOLO11m summary (fused): 125 layers, 20,031,574 parameters, 0 gradients, 67.7 GFLOPs
                   all       2139      14426      0.569      0.642      0.629      0.393
            lymphocyte       1384       9376      0.684      0.751      0.772      0.464
              monocyte       1372       5050      0.454      0.533      0.486      0.321
Speed: 0.1ms preprocess, 0.8ms inference, 0.0ms loss, 0.9ms postprocess per image
Results saved to [1myolo/basic_box/default_aug/img256_ep200_yolo11m[0m

Validating yolo with iou=0.3
Ultralytics 8.3.88 🚀 Python-3.10.12 torch-2.6.0+cu124 CUDA:0 (Tesla V100-PCIE-32GB, 32494MiB)
YOLO11m summary (fused): 125 layers, 20,031,574 parameters, 0 gradients, 67.7 GFLOPs
                   all       2139      14426      0.583      0.601      0.575      0.358
            lymphocyte       1384       9376      0.695      0.724      0.722      0.438
              monocyte       1372       5050      0.472      0.477      0.427      0.278
Speed: 0.0ms preprocess, 1.8ms inference, 0.0ms loss, 0.5ms postprocess per image
Results saved to [1myolo/basic_box/default_aug/img256_ep200_yolo11m/iou0.3[0m

Validating yolo with iou=0.1
Ultralytics 8.3.88 🚀 Python-3.10.12 torch-2.6.0+cu124 CUDA:0 (Tesla V100-PCIE-32GB, 32494MiB)
                   all       2139      14426      0.579      0.478      0.479      0.301
            lymphocyte       1384       9376      0.683       0.58      0.606       0.37
              monocyte       1372       5050      0.475      0.375      0.352      0.232
Speed: 0.0ms preprocess, 1.8ms inference, 0.0ms loss, 0.5ms postprocess per image
Results saved to [1myolo/basic_box/default_aug/img256_ep200_yolo11m/iou0.1[0m
