Wed Apr 23 09:03:23 2025       
+-----------------------------------------------------------------------------------------+
| NVIDIA-SMI 570.124.06             Driver Version: 570.124.06     CUDA Version: 12.8     |
|-----------------------------------------+------------------------+----------------------+
| GPU  Name                 Persistence-M | Bus-Id          Disp.A | Volatile Uncorr. ECC |
| Fan  Temp   Perf          Pwr:Usage/Cap |           Memory-Usage | GPU-Util  Compute M. |
|                                         |                        |               MIG M. |
|=========================================+========================+======================|
|   0  NVIDIA A100-PCIE-40GB          On  |   00000000:0B:00.0 Off |                    0 |
| N/A   22C    P0             31W /  250W |       1MiB /  40960MiB |      0%      Default |
|                                         |                        |             Disabled |
+-----------------------------------------+------------------------+----------------------+
                                                                                         
+-----------------------------------------------------------------------------------------+
| Processes:                                                                              |
|  GPU   GI   CI              PID   Type   Process name                        GPU Memory |
|        ID   ID                                                               Usage      |
|=========================================================================================|
|  No running processes found                                                             |
+-----------------------------------------------------------------------------------------+
New https://pypi.org/project/ultralytics/8.3.114 available 😃 Update with 'pip install -U ultralytics'
Ultralytics 8.3.88 🚀 Python-3.10.12 torch-2.6.0+cu124 CUDA:0 (NVIDIA A100-PCIE-40GB, 40442MiB)
[34m[1mengine/trainer: [0mtask=detect, mode=train, model=yolo11m.pt, data=data/pure_seg_box/pas-cpg512_pad5/dataset.yaml, epochs=200, time=None, patience=200, batch=16, imgsz=512, save=True, save_period=-1, cache=disk, device=None, workers=0, project=yolo/pure_box/padding5, name=img512_ep200_yolo11m, exist_ok=False, pretrained=True, optimizer=auto, verbose=True, seed=0, deterministic=False, single_cls=False, rect=False, cos_lr=True, close_mosaic=0, resume=False, amp=True, fraction=1.0, profile=False, freeze=None, multi_scale=False, overlap_mask=True, mask_ratio=4, dropout=0.0, val=True, split=val, save_json=False, save_hybrid=False, conf=0.001, iou=0.7, max_det=None, half=False, dnn=False, plots=True, source=None, vid_stride=1, stream_buffer=False, visualize=False, augment=False, agnostic_nms=True, classes=None, retina_masks=False, embed=None, show=False, save_frames=False, save_txt=False, save_conf=False, save_crop=False, show_labels=True, show_conf=True, show_boxes=True, line_width=None, format=torchscript, keras=False, optimize=False, int8=False, dynamic=False, simplify=True, opset=None, workspace=None, nms=False, lr0=0.01, lrf=0.01, momentum=0.937, weight_decay=0.0005, warmup_epochs=3.0, warmup_momentum=0.8, warmup_bias_lr=0.1, box=7.5, cls=0.5, dfl=1.5, pose=12.0, kobj=1.0, nbs=64, hsv_h=0.015, hsv_s=0.4, hsv_v=0.4, degrees=15, translate=0.1, scale=0, shear=0.0, perspective=0.0, flipud=0.5, fliplr=0.5, bgr=0.0, mosaic=0, mixup=0.0, copy_paste=0.0, copy_paste_mode=flip, auto_augment=randaugment, erasing=0, crop_fraction=1.0, cfg=None, tracker=botsort.yaml, save_dir=yolo/pure_box/padding5/img512_ep200_yolo11m
Overriding model.yaml nc=80 with nc=2

                   from  n    params  module                                       arguments                     
  0                  -1  1      1856  ultralytics.nn.modules.conv.Conv             [3, 64, 3, 2]                 
  1                  -1  1     73984  ultralytics.nn.modules.conv.Conv             [64, 128, 3, 2]               
  2                  -1  1    111872  ultralytics.nn.modules.block.C3k2            [128, 256, 1, True, 0.25]     
  3                  -1  1    590336  ultralytics.nn.modules.conv.Conv             [256, 256, 3, 2]              
  4                  -1  1    444928  ultralytics.nn.modules.block.C3k2            [256, 512, 1, True, 0.25]     
  5                  -1  1   2360320  ultralytics.nn.modules.conv.Conv             [512, 512, 3, 2]              
  6                  -1  1   1380352  ultralytics.nn.modules.block.C3k2            [512, 512, 1, True]           
  7                  -1  1   2360320  ultralytics.nn.modules.conv.Conv             [512, 512, 3, 2]              
  8                  -1  1   1380352  ultralytics.nn.modules.block.C3k2            [512, 512, 1, True]           
  9                  -1  1    656896  ultralytics.nn.modules.block.SPPF            [512, 512, 5]                 
 10                  -1  1    990976  ultralytics.nn.modules.block.C2PSA           [512, 512, 1]                 
 11                  -1  1         0  torch.nn.modules.upsampling.Upsample         [None, 2, 'nearest']          
 12             [-1, 6]  1         0  ultralytics.nn.modules.conv.Concat           [1]                           
 13                  -1  1   1642496  ultralytics.nn.modules.block.C3k2            [1024, 512, 1, True]          
 14                  -1  1         0  torch.nn.modules.upsampling.Upsample         [None, 2, 'nearest']          
 15             [-1, 4]  1         0  ultralytics.nn.modules.conv.Concat           [1]                           
 16                  -1  1    542720  ultralytics.nn.modules.block.C3k2            [1024, 256, 1, True]          
 17                  -1  1    590336  ultralytics.nn.modules.conv.Conv             [256, 256, 3, 2]              
 18            [-1, 13]  1         0  ultralytics.nn.modules.conv.Concat           [1]                           
 19                  -1  1   1511424  ultralytics.nn.modules.block.C3k2            [768, 512, 1, True]           
 20                  -1  1   2360320  ultralytics.nn.modules.conv.Conv             [512, 512, 3, 2]              
 21            [-1, 10]  1         0  ultralytics.nn.modules.conv.Concat           [1]                           
 22                  -1  1   1642496  ultralytics.nn.modules.block.C3k2            [1024, 512, 1, True]          
 23        [16, 19, 22]  1   1412566  ultralytics.nn.modules.head.Detect           [2, [256, 512, 512]]          
YOLO11m summary: 231 layers, 20,054,550 parameters, 20,054,534 gradients, 68.2 GFLOPs

Transferred 643/649 items from pretrained weights
Freezing layer 'model.23.dfl.conv.weight'
[34m[1mAMP: [0mrunning Automatic Mixed Precision (AMP) checks...
[34m[1mAMP: [0mchecks passed ✅
[34m[1mtrain: [0mWARNING ⚠️ /home/tupystep/monkey_challenge/data/pure_seg_box/pas-cpg512_pad5/images/A_P000001_PAS_CPG_ROI0_4.png: 1 duplicate labels removed
[34m[1mtrain: [0mWARNING ⚠️ /home/tupystep/monkey_challenge/data/pure_seg_box/pas-cpg512_pad5/images/A_P000005_PAS_CPG_ROI1_1.png: 1 duplicate labels removed
[34m[1mtrain: [0mWARNING ⚠️ /home/tupystep/monkey_challenge/data/pure_seg_box/pas-cpg512_pad5/images/A_P000005_PAS_CPG_ROI4_2.png: 1 duplicate labels removed
[34m[1mtrain: [0mWARNING ⚠️ /home/tupystep/monkey_challenge/data/pure_seg_box/pas-cpg512_pad5/images/A_P000016_PAS_CPG_ROI0_7.png: 1 duplicate labels removed
[34m[1mtrain: [0mWARNING ⚠️ /home/tupystep/monkey_challenge/data/pure_seg_box/pas-cpg512_pad5/images/A_P000030_PAS_CPG_ROI1_3.png: 1 duplicate labels removed
[34m[1mtrain: [0mWARNING ⚠️ /home/tupystep/monkey_challenge/data/pure_seg_box/pas-cpg512_pad5/images/C_P000031_PAS_CPG_ROI0_3.png: 1 duplicate labels removed
[34m[1mtrain: [0mWARNING ⚠️ /home/tupystep/monkey_challenge/data/pure_seg_box/pas-cpg512_pad5/images/C_P000034_PAS_CPG_ROI0_14.png: 1 duplicate labels removed
[34m[1mtrain: [0mWARNING ⚠️ /home/tupystep/monkey_challenge/data/pure_seg_box/pas-cpg512_pad5/images/C_P000035_PAS_CPG_ROI0_7.png: 1 duplicate labels removed
[34m[1mtrain: [0mWARNING ⚠️ /home/tupystep/monkey_challenge/data/pure_seg_box/pas-cpg512_pad5/images/D_P000002_PAS_CPG_ROI0_6.png: 1 duplicate labels removed
[34m[1mtrain: [0mWARNING ⚠️ /home/tupystep/monkey_challenge/data/pure_seg_box/pas-cpg512_pad5/images/D_P000006_PAS_CPG_ROI0_2.png: 1 duplicate labels removed
[34m[1mtrain: [0mWARNING ⚠️ /home/tupystep/monkey_challenge/data/pure_seg_box/pas-cpg512_pad5/images/D_P000007_PAS_CPG_ROI0_3.png: 1 duplicate labels removed
[34m[1mtrain: [0mWARNING ⚠️ /home/tupystep/monkey_challenge/data/pure_seg_box/pas-cpg512_pad5/images/D_P000018_PAS_CPG_ROI0_4.png: 1 duplicate labels removed
[34m[1mtrain: [0mWARNING ⚠️ /home/tupystep/monkey_challenge/data/pure_seg_box/pas-cpg512_pad5/images/D_P000018_PAS_CPG_ROI1_21.png: 1 duplicate labels removed
[34m[1mtrain: [0mNew cache created: /home/tupystep/monkey_challenge/data/pure_seg_box/pas-cpg512_pad5/labels.cache
[34m[1mval: [0mNew cache created: /home/tupystep/monkey_challenge/data/pure_seg_box/pas-cpg512_pad5/labels.cache
Plotting labels to yolo/pure_box/padding5/img512_ep200_yolo11m/labels.jpg... 
[34m[1moptimizer:[0m 'optimizer=auto' found, ignoring 'lr0=0.01' and 'momentum=0.937' and determining best 'optimizer', 'lr0' and 'momentum' automatically... 
[34m[1moptimizer:[0m AdamW(lr=0.001667, momentum=0.9) with parameter groups 106 weight(decay=0.0), 113 weight(decay=0.0005), 112 bias(decay=0.0)
Image sizes 512 train, 512 val
Using 0 dataloader workers
Logging results to [1myolo/pure_box/padding5/img512_ep200_yolo11m[0m
Starting training for 200 epochs...

      Epoch    GPU_mem   box_loss   cls_loss   dfl_loss  Instances       Size
                   all        444      11487      0.296      0.371      0.245      0.148

      Epoch    GPU_mem   box_loss   cls_loss   dfl_loss  Instances       Size
                   all        444      11487      0.774      0.297        0.3      0.124

      Epoch    GPU_mem   box_loss   cls_loss   dfl_loss  Instances       Size
                   all        444      11487      0.266      0.296      0.281      0.162

      Epoch    GPU_mem   box_loss   cls_loss   dfl_loss  Instances       Size
                   all        444      11487      0.351       0.41      0.313      0.177

      Epoch    GPU_mem   box_loss   cls_loss   dfl_loss  Instances       Size
                   all        444      11487      0.341      0.431      0.331      0.189

      Epoch    GPU_mem   box_loss   cls_loss   dfl_loss  Instances       Size
                   all        444      11487      0.764      0.276      0.269      0.179

      Epoch    GPU_mem   box_loss   cls_loss   dfl_loss  Instances       Size
                   all        444      11487      0.344      0.428      0.325      0.206

      Epoch    GPU_mem   box_loss   cls_loss   dfl_loss  Instances       Size
                   all        444      11487      0.377        0.4      0.326      0.213

      Epoch    GPU_mem   box_loss   cls_loss   dfl_loss  Instances       Size
                   all        444      11487      0.396      0.345      0.314      0.188

      Epoch    GPU_mem   box_loss   cls_loss   dfl_loss  Instances       Size
                   all        444      11487      0.449      0.394       0.33      0.229

      Epoch    GPU_mem   box_loss   cls_loss   dfl_loss  Instances       Size
                   all        444      11487      0.427      0.411      0.349      0.227

      Epoch    GPU_mem   box_loss   cls_loss   dfl_loss  Instances       Size
                   all        444      11487      0.477      0.438      0.387      0.259

      Epoch    GPU_mem   box_loss   cls_loss   dfl_loss  Instances       Size
                   all        444      11487      0.447      0.438      0.382      0.263

      Epoch    GPU_mem   box_loss   cls_loss   dfl_loss  Instances       Size
                   all        444      11487      0.649      0.306      0.311      0.202

      Epoch    GPU_mem   box_loss   cls_loss   dfl_loss  Instances       Size
                   all        444      11487      0.397      0.437      0.363      0.241

      Epoch    GPU_mem   box_loss   cls_loss   dfl_loss  Instances       Size
                   all        444      11487      0.356      0.421      0.338       0.21

      Epoch    GPU_mem   box_loss   cls_loss   dfl_loss  Instances       Size
                   all        444      11487      0.401      0.422      0.357      0.237

      Epoch    GPU_mem   box_loss   cls_loss   dfl_loss  Instances       Size
                   all        444      11487      0.466       0.46      0.418       0.26

      Epoch    GPU_mem   box_loss   cls_loss   dfl_loss  Instances       Size
                   all        444      11487       0.42      0.448      0.386      0.252

      Epoch    GPU_mem   box_loss   cls_loss   dfl_loss  Instances       Size
                   all        444      11487       0.47      0.432      0.369      0.251

      Epoch    GPU_mem   box_loss   cls_loss   dfl_loss  Instances       Size
                   all        444      11487      0.498       0.47       0.43       0.27

      Epoch    GPU_mem   box_loss   cls_loss   dfl_loss  Instances       Size
                   all        444      11487      0.493      0.469      0.427      0.295

      Epoch    GPU_mem   box_loss   cls_loss   dfl_loss  Instances       Size
                   all        444      11487      0.416      0.441      0.374      0.245

      Epoch    GPU_mem   box_loss   cls_loss   dfl_loss  Instances       Size
                   all        444      11487      0.466      0.452      0.409      0.267

      Epoch    GPU_mem   box_loss   cls_loss   dfl_loss  Instances       Size
                   all        444      11487      0.442      0.447      0.384      0.253

      Epoch    GPU_mem   box_loss   cls_loss   dfl_loss  Instances       Size
                   all        444      11487      0.493      0.483      0.433        0.3

      Epoch    GPU_mem   box_loss   cls_loss   dfl_loss  Instances       Size
                   all        444      11487       0.45      0.466      0.407       0.28

      Epoch    GPU_mem   box_loss   cls_loss   dfl_loss  Instances       Size
                   all        444      11487      0.499       0.47      0.434      0.303

      Epoch    GPU_mem   box_loss   cls_loss   dfl_loss  Instances       Size
                   all        444      11487      0.434      0.435      0.378      0.265

      Epoch    GPU_mem   box_loss   cls_loss   dfl_loss  Instances       Size
                   all        444      11487       0.42      0.442      0.384      0.259

      Epoch    GPU_mem   box_loss   cls_loss   dfl_loss  Instances       Size
                   all        444      11487      0.504      0.476      0.439      0.301

      Epoch    GPU_mem   box_loss   cls_loss   dfl_loss  Instances       Size
                   all        444      11487      0.473      0.465      0.423      0.292

      Epoch    GPU_mem   box_loss   cls_loss   dfl_loss  Instances       Size
                   all        444      11487       0.46      0.434      0.393      0.269

      Epoch    GPU_mem   box_loss   cls_loss   dfl_loss  Instances       Size
                   all        444      11487      0.433      0.378      0.351      0.237

      Epoch    GPU_mem   box_loss   cls_loss   dfl_loss  Instances       Size
                   all        444      11487      0.506      0.476       0.44        0.3

      Epoch    GPU_mem   box_loss   cls_loss   dfl_loss  Instances       Size
                   all        444      11487      0.443      0.434      0.386      0.265

      Epoch    GPU_mem   box_loss   cls_loss   dfl_loss  Instances       Size
                   all        444      11487      0.483      0.464      0.426      0.294

      Epoch    GPU_mem   box_loss   cls_loss   dfl_loss  Instances       Size
                   all        444      11487      0.501       0.49      0.451      0.313

      Epoch    GPU_mem   box_loss   cls_loss   dfl_loss  Instances       Size
                   all        444      11487      0.488      0.485      0.435      0.289

      Epoch    GPU_mem   box_loss   cls_loss   dfl_loss  Instances       Size
                   all        444      11487      0.436      0.439      0.379      0.262

      Epoch    GPU_mem   box_loss   cls_loss   dfl_loss  Instances       Size
                   all        444      11487      0.499      0.469      0.432      0.285

      Epoch    GPU_mem   box_loss   cls_loss   dfl_loss  Instances       Size
                   all        444      11487      0.506      0.482      0.448      0.309

      Epoch    GPU_mem   box_loss   cls_loss   dfl_loss  Instances       Size
                   all        444      11487      0.503      0.492       0.45      0.301

      Epoch    GPU_mem   box_loss   cls_loss   dfl_loss  Instances       Size
                   all        444      11487      0.487      0.461      0.428      0.301

      Epoch    GPU_mem   box_loss   cls_loss   dfl_loss  Instances       Size
                   all        444      11487      0.509      0.474      0.443      0.311

      Epoch    GPU_mem   box_loss   cls_loss   dfl_loss  Instances       Size
                   all        444      11487      0.494      0.482      0.444      0.305

      Epoch    GPU_mem   box_loss   cls_loss   dfl_loss  Instances       Size
                   all        444      11487      0.501      0.496      0.457      0.313

      Epoch    GPU_mem   box_loss   cls_loss   dfl_loss  Instances       Size
                   all        444      11487      0.517      0.483      0.457      0.304

      Epoch    GPU_mem   box_loss   cls_loss   dfl_loss  Instances       Size
                   all        444      11487      0.523       0.48      0.455      0.312

      Epoch    GPU_mem   box_loss   cls_loss   dfl_loss  Instances       Size
                   all        444      11487      0.441      0.457      0.399      0.271

      Epoch    GPU_mem   box_loss   cls_loss   dfl_loss  Instances       Size
                   all        444      11487       0.52      0.484      0.453      0.315

      Epoch    GPU_mem   box_loss   cls_loss   dfl_loss  Instances       Size
                   all        444      11487      0.529      0.494      0.471      0.329

      Epoch    GPU_mem   box_loss   cls_loss   dfl_loss  Instances       Size
                   all        444      11487      0.498      0.473      0.437      0.306

      Epoch    GPU_mem   box_loss   cls_loss   dfl_loss  Instances       Size
                   all        444      11487      0.478      0.471      0.422      0.281

      Epoch    GPU_mem   box_loss   cls_loss   dfl_loss  Instances       Size
                   all        444      11487      0.527      0.491      0.466      0.313

      Epoch    GPU_mem   box_loss   cls_loss   dfl_loss  Instances       Size
                   all        444      11487      0.487      0.483      0.436      0.306

      Epoch    GPU_mem   box_loss   cls_loss   dfl_loss  Instances       Size
                   all        444      11487      0.517      0.493      0.458      0.313

      Epoch    GPU_mem   box_loss   cls_loss   dfl_loss  Instances       Size
                   all        444      11487       0.52      0.481      0.454      0.315

      Epoch    GPU_mem   box_loss   cls_loss   dfl_loss  Instances       Size
                   all        444      11487      0.531      0.469      0.455      0.321

      Epoch    GPU_mem   box_loss   cls_loss   dfl_loss  Instances       Size
                   all        444      11487      0.523      0.486      0.459      0.319

      Epoch    GPU_mem   box_loss   cls_loss   dfl_loss  Instances       Size
                   all        444      11487      0.501      0.491      0.449      0.314

      Epoch    GPU_mem   box_loss   cls_loss   dfl_loss  Instances       Size
                   all        444      11487      0.525      0.493      0.465      0.318

      Epoch    GPU_mem   box_loss   cls_loss   dfl_loss  Instances       Size
                   all        444      11487      0.517      0.484      0.454       0.32

      Epoch    GPU_mem   box_loss   cls_loss   dfl_loss  Instances       Size
                   all        444      11487      0.524      0.478      0.458       0.32

      Epoch    GPU_mem   box_loss   cls_loss   dfl_loss  Instances       Size
                   all        444      11487      0.511      0.476      0.446      0.307

      Epoch    GPU_mem   box_loss   cls_loss   dfl_loss  Instances       Size
                   all        444      11487      0.539      0.497      0.474      0.333

      Epoch    GPU_mem   box_loss   cls_loss   dfl_loss  Instances       Size
                   all        444      11487      0.525      0.481      0.458      0.323

      Epoch    GPU_mem   box_loss   cls_loss   dfl_loss  Instances       Size
                   all        444      11487      0.536      0.498      0.469      0.327

      Epoch    GPU_mem   box_loss   cls_loss   dfl_loss  Instances       Size
                   all        444      11487      0.513       0.48      0.453      0.315

      Epoch    GPU_mem   box_loss   cls_loss   dfl_loss  Instances       Size
                   all        444      11487      0.522      0.498      0.462      0.321

      Epoch    GPU_mem   box_loss   cls_loss   dfl_loss  Instances       Size
                   all        444      11487      0.508      0.487      0.447      0.312

      Epoch    GPU_mem   box_loss   cls_loss   dfl_loss  Instances       Size
                   all        444      11487       0.53      0.491      0.466      0.325

      Epoch    GPU_mem   box_loss   cls_loss   dfl_loss  Instances       Size
                   all        444      11487      0.518      0.483      0.453      0.316

      Epoch    GPU_mem   box_loss   cls_loss   dfl_loss  Instances       Size
                   all        444      11487      0.508      0.462      0.433      0.302

      Epoch    GPU_mem   box_loss   cls_loss   dfl_loss  Instances       Size
                   all        444      11487      0.529      0.494      0.474      0.332

      Epoch    GPU_mem   box_loss   cls_loss   dfl_loss  Instances       Size
                   all        444      11487      0.536      0.498      0.472      0.331

      Epoch    GPU_mem   box_loss   cls_loss   dfl_loss  Instances       Size
                   all        444      11487      0.523      0.492       0.47      0.327

      Epoch    GPU_mem   box_loss   cls_loss   dfl_loss  Instances       Size
                   all        444      11487      0.518      0.477      0.452      0.315

      Epoch    GPU_mem   box_loss   cls_loss   dfl_loss  Instances       Size
                   all        444      11487      0.517      0.499      0.455      0.316

      Epoch    GPU_mem   box_loss   cls_loss   dfl_loss  Instances       Size
                   all        444      11487      0.536      0.501      0.472      0.334

      Epoch    GPU_mem   box_loss   cls_loss   dfl_loss  Instances       Size
                   all        444      11487      0.539      0.481       0.47      0.331

      Epoch    GPU_mem   box_loss   cls_loss   dfl_loss  Instances       Size
                   all        444      11487      0.539      0.494      0.473       0.33

      Epoch    GPU_mem   box_loss   cls_loss   dfl_loss  Instances       Size
                   all        444      11487      0.532      0.504      0.473      0.331

      Epoch    GPU_mem   box_loss   cls_loss   dfl_loss  Instances       Size
                   all        444      11487      0.538      0.499      0.478      0.328

      Epoch    GPU_mem   box_loss   cls_loss   dfl_loss  Instances       Size
                   all        444      11487      0.546      0.491      0.474       0.33

      Epoch    GPU_mem   box_loss   cls_loss   dfl_loss  Instances       Size
                   all        444      11487      0.538      0.487      0.475      0.334

      Epoch    GPU_mem   box_loss   cls_loss   dfl_loss  Instances       Size
                   all        444      11487      0.544      0.499       0.48      0.335

      Epoch    GPU_mem   box_loss   cls_loss   dfl_loss  Instances       Size
                   all        444      11487      0.546      0.506      0.483      0.336

      Epoch    GPU_mem   box_loss   cls_loss   dfl_loss  Instances       Size
                   all        444      11487      0.544      0.501      0.483      0.336

      Epoch    GPU_mem   box_loss   cls_loss   dfl_loss  Instances       Size
                   all        444      11487      0.537       0.51      0.479      0.333

      Epoch    GPU_mem   box_loss   cls_loss   dfl_loss  Instances       Size
                   all        444      11487      0.547      0.501      0.485       0.33

      Epoch    GPU_mem   box_loss   cls_loss   dfl_loss  Instances       Size
                   all        444      11487      0.544      0.495      0.477      0.337

      Epoch    GPU_mem   box_loss   cls_loss   dfl_loss  Instances       Size
                   all        444      11487      0.539        0.5      0.485      0.338

      Epoch    GPU_mem   box_loss   cls_loss   dfl_loss  Instances       Size
                   all        444      11487      0.532      0.496      0.474      0.334

      Epoch    GPU_mem   box_loss   cls_loss   dfl_loss  Instances       Size
                   all        444      11487      0.544      0.505      0.485      0.338

      Epoch    GPU_mem   box_loss   cls_loss   dfl_loss  Instances       Size
                   all        444      11487      0.522      0.515      0.477      0.331

      Epoch    GPU_mem   box_loss   cls_loss   dfl_loss  Instances       Size
                   all        444      11487      0.532      0.508       0.48      0.333

      Epoch    GPU_mem   box_loss   cls_loss   dfl_loss  Instances       Size
                   all        444      11487       0.52      0.502      0.468      0.322

      Epoch    GPU_mem   box_loss   cls_loss   dfl_loss  Instances       Size
                   all        444      11487      0.508       0.49      0.455      0.315

      Epoch    GPU_mem   box_loss   cls_loss   dfl_loss  Instances       Size
                   all        444      11487      0.565      0.487       0.48      0.343

      Epoch    GPU_mem   box_loss   cls_loss   dfl_loss  Instances       Size
                   all        444      11487      0.539      0.491      0.469      0.332

      Epoch    GPU_mem   box_loss   cls_loss   dfl_loss  Instances       Size
                   all        444      11487      0.542      0.508      0.474      0.337

      Epoch    GPU_mem   box_loss   cls_loss   dfl_loss  Instances       Size
                   all        444      11487      0.536      0.504      0.479      0.336

      Epoch    GPU_mem   box_loss   cls_loss   dfl_loss  Instances       Size
                   all        444      11487      0.565      0.483      0.482      0.339

      Epoch    GPU_mem   box_loss   cls_loss   dfl_loss  Instances       Size
                   all        444      11487      0.547      0.498      0.484      0.341

      Epoch    GPU_mem   box_loss   cls_loss   dfl_loss  Instances       Size
                   all        444      11487      0.535      0.496      0.474      0.331

      Epoch    GPU_mem   box_loss   cls_loss   dfl_loss  Instances       Size
                   all        444      11487      0.541      0.501      0.477      0.337

      Epoch    GPU_mem   box_loss   cls_loss   dfl_loss  Instances       Size
                   all        444      11487       0.53      0.512      0.478      0.339

      Epoch    GPU_mem   box_loss   cls_loss   dfl_loss  Instances       Size
                   all        444      11487      0.541      0.497      0.474      0.333

      Epoch    GPU_mem   box_loss   cls_loss   dfl_loss  Instances       Size
                   all        444      11487      0.554      0.497      0.481      0.337

      Epoch    GPU_mem   box_loss   cls_loss   dfl_loss  Instances       Size
                   all        444      11487      0.547      0.492      0.476      0.336

      Epoch    GPU_mem   box_loss   cls_loss   dfl_loss  Instances       Size
                   all        444      11487      0.549      0.498      0.481      0.337

      Epoch    GPU_mem   box_loss   cls_loss   dfl_loss  Instances       Size
                   all        444      11487      0.535      0.489      0.467      0.328

      Epoch    GPU_mem   box_loss   cls_loss   dfl_loss  Instances       Size
                   all        444      11487       0.54      0.492      0.469      0.332

      Epoch    GPU_mem   box_loss   cls_loss   dfl_loss  Instances       Size
                   all        444      11487      0.549      0.499      0.474      0.335

      Epoch    GPU_mem   box_loss   cls_loss   dfl_loss  Instances       Size
                   all        444      11487      0.546      0.501       0.48      0.341

      Epoch    GPU_mem   box_loss   cls_loss   dfl_loss  Instances       Size
                   all        444      11487      0.543      0.503      0.478      0.335

      Epoch    GPU_mem   box_loss   cls_loss   dfl_loss  Instances       Size
                   all        444      11487      0.544      0.498      0.476      0.335

      Epoch    GPU_mem   box_loss   cls_loss   dfl_loss  Instances       Size
                   all        444      11487      0.538      0.486      0.465      0.324

      Epoch    GPU_mem   box_loss   cls_loss   dfl_loss  Instances       Size
                   all        444      11487      0.532      0.492      0.466      0.331

      Epoch    GPU_mem   box_loss   cls_loss   dfl_loss  Instances       Size
                   all        444      11487      0.539      0.498       0.47      0.331

      Epoch    GPU_mem   box_loss   cls_loss   dfl_loss  Instances       Size
                   all        444      11487      0.546      0.497      0.477      0.338

      Epoch    GPU_mem   box_loss   cls_loss   dfl_loss  Instances       Size
                   all        444      11487      0.534        0.5      0.468      0.327

      Epoch    GPU_mem   box_loss   cls_loss   dfl_loss  Instances       Size
                   all        444      11487      0.538      0.498      0.473      0.336

      Epoch    GPU_mem   box_loss   cls_loss   dfl_loss  Instances       Size
                   all        444      11487      0.535      0.497       0.47      0.332

      Epoch    GPU_mem   box_loss   cls_loss   dfl_loss  Instances       Size
                   all        444      11487      0.536      0.496       0.47      0.333

      Epoch    GPU_mem   box_loss   cls_loss   dfl_loss  Instances       Size
                   all        444      11487      0.553      0.496      0.477      0.335

      Epoch    GPU_mem   box_loss   cls_loss   dfl_loss  Instances       Size
                   all        444      11487      0.543      0.501      0.475       0.33

      Epoch    GPU_mem   box_loss   cls_loss   dfl_loss  Instances       Size
                   all        444      11487      0.538      0.489      0.464      0.329

      Epoch    GPU_mem   box_loss   cls_loss   dfl_loss  Instances       Size
                   all        444      11487      0.548      0.495      0.476      0.336

      Epoch    GPU_mem   box_loss   cls_loss   dfl_loss  Instances       Size
                   all        444      11487      0.539      0.502      0.471       0.33

      Epoch    GPU_mem   box_loss   cls_loss   dfl_loss  Instances       Size
                   all        444      11487       0.54      0.502      0.471      0.334

      Epoch    GPU_mem   box_loss   cls_loss   dfl_loss  Instances       Size
                   all        444      11487      0.544      0.489      0.466      0.331

      Epoch    GPU_mem   box_loss   cls_loss   dfl_loss  Instances       Size
                   all        444      11487      0.542      0.502      0.473      0.334

      Epoch    GPU_mem   box_loss   cls_loss   dfl_loss  Instances       Size
                   all        444      11487      0.542      0.491      0.465      0.328

      Epoch    GPU_mem   box_loss   cls_loss   dfl_loss  Instances       Size
                   all        444      11487      0.543      0.492      0.468      0.331

      Epoch    GPU_mem   box_loss   cls_loss   dfl_loss  Instances       Size
                   all        444      11487      0.534        0.5      0.464      0.328

      Epoch    GPU_mem   box_loss   cls_loss   dfl_loss  Instances       Size
                   all        444      11487      0.539      0.502       0.47      0.332

      Epoch    GPU_mem   box_loss   cls_loss   dfl_loss  Instances       Size
                   all        444      11487      0.547      0.495       0.47      0.331

      Epoch    GPU_mem   box_loss   cls_loss   dfl_loss  Instances       Size
                   all        444      11487      0.544      0.498      0.468      0.331

      Epoch    GPU_mem   box_loss   cls_loss   dfl_loss  Instances       Size
                   all        444      11487      0.544      0.484      0.465      0.329

      Epoch    GPU_mem   box_loss   cls_loss   dfl_loss  Instances       Size
                   all        444      11487      0.533        0.5      0.464      0.326

      Epoch    GPU_mem   box_loss   cls_loss   dfl_loss  Instances       Size
                   all        444      11487      0.553      0.487      0.465      0.329

      Epoch    GPU_mem   box_loss   cls_loss   dfl_loss  Instances       Size
                   all        444      11487      0.539      0.494      0.462      0.326

      Epoch    GPU_mem   box_loss   cls_loss   dfl_loss  Instances       Size
                   all        444      11487      0.547      0.489      0.464       0.33

      Epoch    GPU_mem   box_loss   cls_loss   dfl_loss  Instances       Size
                   all        444      11487      0.547      0.482      0.458      0.325

      Epoch    GPU_mem   box_loss   cls_loss   dfl_loss  Instances       Size
                   all        444      11487      0.539      0.498      0.463       0.33

      Epoch    GPU_mem   box_loss   cls_loss   dfl_loss  Instances       Size
                   all        444      11487       0.54      0.494      0.461      0.328

      Epoch    GPU_mem   box_loss   cls_loss   dfl_loss  Instances       Size
                   all        444      11487      0.547      0.485      0.457      0.323

      Epoch    GPU_mem   box_loss   cls_loss   dfl_loss  Instances       Size
                   all        444      11487       0.54      0.487      0.456      0.324

      Epoch    GPU_mem   box_loss   cls_loss   dfl_loss  Instances       Size
                   all        444      11487      0.541      0.488      0.457      0.323

      Epoch    GPU_mem   box_loss   cls_loss   dfl_loss  Instances       Size
                   all        444      11487      0.548      0.486      0.458      0.324

      Epoch    GPU_mem   box_loss   cls_loss   dfl_loss  Instances       Size
                   all        444      11487      0.538      0.487      0.458      0.325

      Epoch    GPU_mem   box_loss   cls_loss   dfl_loss  Instances       Size
                   all        444      11487      0.539      0.486      0.457      0.327

      Epoch    GPU_mem   box_loss   cls_loss   dfl_loss  Instances       Size
                   all        444      11487      0.547       0.48      0.456      0.324

      Epoch    GPU_mem   box_loss   cls_loss   dfl_loss  Instances       Size
                   all        444      11487      0.539      0.496      0.462      0.327

      Epoch    GPU_mem   box_loss   cls_loss   dfl_loss  Instances       Size
                   all        444      11487      0.544      0.486      0.455      0.323

      Epoch    GPU_mem   box_loss   cls_loss   dfl_loss  Instances       Size
                   all        444      11487      0.548      0.479      0.451      0.322

      Epoch    GPU_mem   box_loss   cls_loss   dfl_loss  Instances       Size
                   all        444      11487      0.552      0.481      0.458      0.326

      Epoch    GPU_mem   box_loss   cls_loss   dfl_loss  Instances       Size
                   all        444      11487       0.55      0.479      0.452      0.324

      Epoch    GPU_mem   box_loss   cls_loss   dfl_loss  Instances       Size
                   all        444      11487      0.538      0.479       0.45      0.321

      Epoch    GPU_mem   box_loss   cls_loss   dfl_loss  Instances       Size
                   all        444      11487      0.537       0.49      0.453      0.323

      Epoch    GPU_mem   box_loss   cls_loss   dfl_loss  Instances       Size
                   all        444      11487      0.546      0.479      0.453      0.321

      Epoch    GPU_mem   box_loss   cls_loss   dfl_loss  Instances       Size
                   all        444      11487       0.54      0.484      0.454      0.322

      Epoch    GPU_mem   box_loss   cls_loss   dfl_loss  Instances       Size
                   all        444      11487      0.537      0.489      0.456      0.325

      Epoch    GPU_mem   box_loss   cls_loss   dfl_loss  Instances       Size
                   all        444      11487      0.533      0.485      0.454      0.322

      Epoch    GPU_mem   box_loss   cls_loss   dfl_loss  Instances       Size
                   all        444      11487      0.543       0.48      0.454      0.324

      Epoch    GPU_mem   box_loss   cls_loss   dfl_loss  Instances       Size
                   all        444      11487      0.533      0.485      0.449       0.32

      Epoch    GPU_mem   box_loss   cls_loss   dfl_loss  Instances       Size
                   all        444      11487      0.531       0.49      0.451      0.322

      Epoch    GPU_mem   box_loss   cls_loss   dfl_loss  Instances       Size
                   all        444      11487      0.548      0.478      0.453      0.323

      Epoch    GPU_mem   box_loss   cls_loss   dfl_loss  Instances       Size
                   all        444      11487      0.552      0.473      0.452      0.322

      Epoch    GPU_mem   box_loss   cls_loss   dfl_loss  Instances       Size
                   all        444      11487      0.543      0.483       0.45       0.32

      Epoch    GPU_mem   box_loss   cls_loss   dfl_loss  Instances       Size
                   all        444      11487      0.542      0.473      0.447      0.317

      Epoch    GPU_mem   box_loss   cls_loss   dfl_loss  Instances       Size
                   all        444      11487      0.538      0.487       0.45       0.32

      Epoch    GPU_mem   box_loss   cls_loss   dfl_loss  Instances       Size
                   all        444      11487      0.541      0.482      0.452       0.32

      Epoch    GPU_mem   box_loss   cls_loss   dfl_loss  Instances       Size
                   all        444      11487      0.545      0.482      0.452      0.321

      Epoch    GPU_mem   box_loss   cls_loss   dfl_loss  Instances       Size
                   all        444      11487      0.551      0.475      0.451      0.321

      Epoch    GPU_mem   box_loss   cls_loss   dfl_loss  Instances       Size
                   all        444      11487      0.553      0.474       0.45      0.319

      Epoch    GPU_mem   box_loss   cls_loss   dfl_loss  Instances       Size
                   all        444      11487      0.547      0.475      0.451      0.321

      Epoch    GPU_mem   box_loss   cls_loss   dfl_loss  Instances       Size
                   all        444      11487      0.546      0.476       0.45       0.32

      Epoch    GPU_mem   box_loss   cls_loss   dfl_loss  Instances       Size
                   all        444      11487      0.547      0.473      0.447      0.319

      Epoch    GPU_mem   box_loss   cls_loss   dfl_loss  Instances       Size
                   all        444      11487      0.546      0.476      0.448      0.319

      Epoch    GPU_mem   box_loss   cls_loss   dfl_loss  Instances       Size
                   all        444      11487      0.545      0.476      0.449       0.32

      Epoch    GPU_mem   box_loss   cls_loss   dfl_loss  Instances       Size
                   all        444      11487       0.54      0.482       0.45      0.321

      Epoch    GPU_mem   box_loss   cls_loss   dfl_loss  Instances       Size
                   all        444      11487      0.539      0.482      0.449      0.319

      Epoch    GPU_mem   box_loss   cls_loss   dfl_loss  Instances       Size
                   all        444      11487      0.544      0.477       0.45       0.32

      Epoch    GPU_mem   box_loss   cls_loss   dfl_loss  Instances       Size
                   all        444      11487      0.547      0.473      0.449       0.32

      Epoch    GPU_mem   box_loss   cls_loss   dfl_loss  Instances       Size
                   all        444      11487      0.542       0.48       0.45      0.321

      Epoch    GPU_mem   box_loss   cls_loss   dfl_loss  Instances       Size
                   all        444      11487      0.539      0.482       0.45       0.32

      Epoch    GPU_mem   box_loss   cls_loss   dfl_loss  Instances       Size
                   all        444      11487       0.54      0.479      0.449      0.321

      Epoch    GPU_mem   box_loss   cls_loss   dfl_loss  Instances       Size
                   all        444      11487      0.544      0.475      0.448      0.319

      Epoch    GPU_mem   box_loss   cls_loss   dfl_loss  Instances       Size
                   all        444      11487      0.537       0.48      0.449       0.32

      Epoch    GPU_mem   box_loss   cls_loss   dfl_loss  Instances       Size
                   all        444      11487       0.54      0.478      0.448       0.32

      Epoch    GPU_mem   box_loss   cls_loss   dfl_loss  Instances       Size
                   all        444      11487      0.538      0.478      0.448       0.32

      Epoch    GPU_mem   box_loss   cls_loss   dfl_loss  Instances       Size
                   all        444      11487       0.54      0.478      0.447      0.319

      Epoch    GPU_mem   box_loss   cls_loss   dfl_loss  Instances       Size
                   all        444      11487      0.542      0.477      0.447      0.319

      Epoch    GPU_mem   box_loss   cls_loss   dfl_loss  Instances       Size
                   all        444      11487      0.549      0.473      0.447      0.319

      Epoch    GPU_mem   box_loss   cls_loss   dfl_loss  Instances       Size
                   all        444      11487      0.547      0.476      0.448      0.319

      Epoch    GPU_mem   box_loss   cls_loss   dfl_loss  Instances       Size
                   all        444      11487      0.549      0.475      0.448      0.319

      Epoch    GPU_mem   box_loss   cls_loss   dfl_loss  Instances       Size
                   all        444      11487      0.551      0.474      0.449      0.319

200 epochs completed in 2.280 hours.
Optimizer stripped from yolo/pure_box/padding5/img512_ep200_yolo11m/weights/last.pt, 40.5MB
Optimizer stripped from yolo/pure_box/padding5/img512_ep200_yolo11m/weights/best.pt, 40.5MB

Validating yolo/pure_box/padding5/img512_ep200_yolo11m/weights/best.pt...
Ultralytics 8.3.88 🚀 Python-3.10.12 torch-2.6.0+cu124 CUDA:0 (NVIDIA A100-PCIE-40GB, 40442MiB)
YOLO11m summary (fused): 125 layers, 20,031,574 parameters, 0 gradients, 67.7 GFLOPs
                   all        444      11487      0.565      0.487       0.48      0.343
            lymphocyte        375       7293      0.713      0.568      0.627      0.455
              monocyte        400       4194      0.417      0.407      0.334      0.231
Speed: 0.3ms preprocess, 2.2ms inference, 0.0ms loss, 1.4ms postprocess per image
Results saved to [1myolo/pure_box/padding5/img512_ep200_yolo11m[0m

Validating yolo with iou=0.7
Ultralytics 8.3.88 🚀 Python-3.10.12 torch-2.6.0+cu124 CUDA:0 (NVIDIA A100-PCIE-40GB, 40442MiB)
YOLO11m summary (fused): 125 layers, 20,031,574 parameters, 0 gradients, 67.7 GFLOPs
                   all        444      11487       0.55      0.475      0.449      0.319
            lymphocyte        375       7293      0.659      0.594      0.601      0.433
              monocyte        400       4194      0.441      0.356      0.297      0.206
Speed: 0.5ms preprocess, 2.8ms inference, 0.0ms loss, 1.1ms postprocess per image
Results saved to [1myolo/pure_box/padding5/img512_ep200_yolo11m/iou0.7[0m

Validating yolo with iou=0.3
Ultralytics 8.3.88 🚀 Python-3.10.12 torch-2.6.0+cu124 CUDA:0 (NVIDIA A100-PCIE-40GB, 40442MiB)
                   all        444      11487      0.554      0.472      0.455      0.329
            lymphocyte        375       7293      0.662      0.591      0.605      0.444
              monocyte        400       4194      0.445      0.354      0.305      0.213
Speed: 0.5ms preprocess, 2.8ms inference, 0.0ms loss, 0.9ms postprocess per image
Results saved to [1myolo/pure_box/padding5/img512_ep200_yolo11m/iou0.3[0m

Validating yolo with iou=0.1
Ultralytics 8.3.88 🚀 Python-3.10.12 torch-2.6.0+cu124 CUDA:0 (NVIDIA A100-PCIE-40GB, 40442MiB)
                   all        444      11487      0.561       0.45      0.444      0.325
            lymphocyte        375       7293      0.668      0.561      0.587      0.437
              monocyte        400       4194      0.453      0.339      0.301      0.213
Speed: 0.5ms preprocess, 2.8ms inference, 0.0ms loss, 1.1ms postprocess per image
Results saved to [1myolo/pure_box/padding5/img512_ep200_yolo11m/iou0.1[0m
