Mon Mar 17 22:24:28 2025       
+-----------------------------------------------------------------------------------------+
| NVIDIA-SMI 570.124.06             Driver Version: 570.124.06     CUDA Version: 12.8     |
|-----------------------------------------+------------------------+----------------------+
| GPU  Name                 Persistence-M | Bus-Id          Disp.A | Volatile Uncorr. ECC |
| Fan  Temp   Perf          Pwr:Usage/Cap |           Memory-Usage | GPU-Util  Compute M. |
|                                         |                        |               MIG M. |
|=========================================+========================+======================|
|   0  NVIDIA A100 80GB PCIe          On  |   00000000:0B:00.0 Off |                    0 |
| N/A   32C    P0             62W /  300W |       1MiB /  81920MiB |      7%      Default |
|                                         |                        |             Disabled |
+-----------------------------------------+------------------------+----------------------+
|   1  NVIDIA A100 80GB PCIe          On  |   00000000:1C:00.0 Off |                    0 |
| N/A   23C    P0             39W /  300W |       1MiB /  81920MiB |      0%      Default |
|                                         |                        |             Disabled |
+-----------------------------------------+------------------------+----------------------+
                                                                                         
+-----------------------------------------------------------------------------------------+
| Processes:                                                                              |
|  GPU   GI   CI              PID   Type   Process name                        GPU Memory |
|        ID   ID                                                               Usage      |
|=========================================================================================|
|  No running processes found                                                             |
+-----------------------------------------------------------------------------------------+
New https://pypi.org/project/ultralytics/8.3.92 available 😃 Update with 'pip install -U ultralytics'
Ultralytics 8.3.88 🚀 Python-3.10.12 torch-2.6.0+cu124 CUDA:0 (NVIDIA A100 80GB PCIe, 81154MiB)
[34m[1mengine/trainer: [0mtask=detect, mode=train, model=yolo11m.pt, data=data/pas-cpg128/dataset.yaml, epochs=200, time=None, patience=100, batch=16, imgsz=128, save=True, save_period=-1, cache=False, device=None, workers=0, project=yolo/yolo11m, name=img128_ep200, exist_ok=False, pretrained=True, optimizer=auto, verbose=True, seed=0, deterministic=True, single_cls=False, rect=False, cos_lr=True, close_mosaic=10, resume=False, amp=True, fraction=1.0, profile=False, freeze=None, multi_scale=False, overlap_mask=True, mask_ratio=4, dropout=0.0, val=True, split=val, save_json=False, save_hybrid=False, conf=None, iou=0.7, max_det=300, half=False, dnn=False, plots=True, source=None, vid_stride=1, stream_buffer=False, visualize=False, augment=False, agnostic_nms=False, classes=None, retina_masks=False, embed=None, show=False, save_frames=False, save_txt=False, save_conf=False, save_crop=False, show_labels=True, show_conf=True, show_boxes=True, line_width=None, format=torchscript, keras=False, optimize=False, int8=False, dynamic=False, simplify=True, opset=None, workspace=None, nms=False, lr0=0.01, lrf=0.01, momentum=0.937, weight_decay=0.0005, warmup_epochs=3.0, warmup_momentum=0.8, warmup_bias_lr=0.1, box=7.5, cls=0.5, dfl=1.5, pose=12.0, kobj=1.0, nbs=64, hsv_h=0.015, hsv_s=0.7, hsv_v=0.4, degrees=0.0, translate=0.1, scale=0.5, shear=0.0, perspective=0.0, flipud=0.0, fliplr=0.5, bgr=0.0, mosaic=1.0, mixup=0.0, copy_paste=0.0, copy_paste_mode=flip, auto_augment=randaugment, erasing=0.4, crop_fraction=1.0, cfg=None, tracker=botsort.yaml, save_dir=yolo/yolo11m/img128_ep200
Overriding model.yaml nc=80 with nc=2

                   from  n    params  module                                       arguments                     
  0                  -1  1      1856  ultralytics.nn.modules.conv.Conv             [3, 64, 3, 2]                 
  1                  -1  1     73984  ultralytics.nn.modules.conv.Conv             [64, 128, 3, 2]               
  2                  -1  1    111872  ultralytics.nn.modules.block.C3k2            [128, 256, 1, True, 0.25]     
  3                  -1  1    590336  ultralytics.nn.modules.conv.Conv             [256, 256, 3, 2]              
  4                  -1  1    444928  ultralytics.nn.modules.block.C3k2            [256, 512, 1, True, 0.25]     
  5                  -1  1   2360320  ultralytics.nn.modules.conv.Conv             [512, 512, 3, 2]              
  6                  -1  1   1380352  ultralytics.nn.modules.block.C3k2            [512, 512, 1, True]           
  7                  -1  1   2360320  ultralytics.nn.modules.conv.Conv             [512, 512, 3, 2]              
  8                  -1  1   1380352  ultralytics.nn.modules.block.C3k2            [512, 512, 1, True]           
  9                  -1  1    656896  ultralytics.nn.modules.block.SPPF            [512, 512, 5]                 
 10                  -1  1    990976  ultralytics.nn.modules.block.C2PSA           [512, 512, 1]                 
 11                  -1  1         0  torch.nn.modules.upsampling.Upsample         [None, 2, 'nearest']          
 12             [-1, 6]  1         0  ultralytics.nn.modules.conv.Concat           [1]                           
 13                  -1  1   1642496  ultralytics.nn.modules.block.C3k2            [1024, 512, 1, True]          
 14                  -1  1         0  torch.nn.modules.upsampling.Upsample         [None, 2, 'nearest']          
 15             [-1, 4]  1         0  ultralytics.nn.modules.conv.Concat           [1]                           
 16                  -1  1    542720  ultralytics.nn.modules.block.C3k2            [1024, 256, 1, True]          
 17                  -1  1    590336  ultralytics.nn.modules.conv.Conv             [256, 256, 3, 2]              
 18            [-1, 13]  1         0  ultralytics.nn.modules.conv.Concat           [1]                           
 19                  -1  1   1511424  ultralytics.nn.modules.block.C3k2            [768, 512, 1, True]           
 20                  -1  1   2360320  ultralytics.nn.modules.conv.Conv             [512, 512, 3, 2]              
 21            [-1, 10]  1         0  ultralytics.nn.modules.conv.Concat           [1]                           
 22                  -1  1   1642496  ultralytics.nn.modules.block.C3k2            [1024, 512, 1, True]          
 23        [16, 19, 22]  1   1412566  ultralytics.nn.modules.head.Detect           [2, [256, 512, 512]]          
YOLO11m summary: 231 layers, 20,054,550 parameters, 20,054,534 gradients, 68.2 GFLOPs

Transferred 643/649 items from pretrained weights
Freezing layer 'model.23.dfl.conv.weight'
[34m[1mAMP: [0mrunning Automatic Mixed Precision (AMP) checks...
[34m[1mAMP: [0mchecks passed ✅
[34m[1mtrain: [0mNew cache created: /home/tupystep/monkey_challenge/data/pas-cpg128/labels.cache
[34m[1mval: [0mNew cache created: /home/tupystep/monkey_challenge/data/pas-cpg128/labels.cache
Plotting labels to yolo/yolo11m/img128_ep200/labels.jpg... 
[34m[1moptimizer:[0m 'optimizer=auto' found, ignoring 'lr0=0.01' and 'momentum=0.937' and determining best 'optimizer', 'lr0' and 'momentum' automatically... 
[34m[1moptimizer:[0m SGD(lr=0.01, momentum=0.9) with parameter groups 106 weight(decay=0.0), 113 weight(decay=0.0005), 112 bias(decay=0.0)
Image sizes 128 train, 128 val
Using 0 dataloader workers
Logging results to [1myolo/yolo11m/img128_ep200[0m
Starting training for 200 epochs...

      Epoch    GPU_mem   box_loss   cls_loss   dfl_loss  Instances       Size
                   all       4769       8079      0.346      0.488      0.392      0.215

      Epoch    GPU_mem   box_loss   cls_loss   dfl_loss  Instances       Size
                   all       4769       8079      0.303      0.506      0.321      0.119

      Epoch    GPU_mem   box_loss   cls_loss   dfl_loss  Instances       Size
                   all       4769       8079      0.303      0.417      0.307      0.136

      Epoch    GPU_mem   box_loss   cls_loss   dfl_loss  Instances       Size
                   all       4769       8079      0.349      0.514      0.393      0.188

      Epoch    GPU_mem   box_loss   cls_loss   dfl_loss  Instances       Size
                   all       4769       8079      0.368      0.549      0.404      0.214

      Epoch    GPU_mem   box_loss   cls_loss   dfl_loss  Instances       Size
                   all       4769       8079      0.361      0.549      0.419      0.206

      Epoch    GPU_mem   box_loss   cls_loss   dfl_loss  Instances       Size
                   all       4769       8079       0.38      0.547      0.432      0.224

      Epoch    GPU_mem   box_loss   cls_loss   dfl_loss  Instances       Size
                   all       4769       8079      0.387      0.557      0.438      0.246

      Epoch    GPU_mem   box_loss   cls_loss   dfl_loss  Instances       Size
                   all       4769       8079        0.4      0.568      0.459      0.245

      Epoch    GPU_mem   box_loss   cls_loss   dfl_loss  Instances       Size
                   all       4769       8079      0.406      0.549      0.449      0.221

      Epoch    GPU_mem   box_loss   cls_loss   dfl_loss  Instances       Size
                   all       4769       8079      0.421      0.557      0.467      0.252

      Epoch    GPU_mem   box_loss   cls_loss   dfl_loss  Instances       Size
                   all       4769       8079      0.415      0.555      0.457      0.245

      Epoch    GPU_mem   box_loss   cls_loss   dfl_loss  Instances       Size
                   all       4769       8079      0.404      0.566      0.461      0.249

      Epoch    GPU_mem   box_loss   cls_loss   dfl_loss  Instances       Size
                   all       4769       8079       0.43      0.565      0.473      0.253

      Epoch    GPU_mem   box_loss   cls_loss   dfl_loss  Instances       Size
                   all       4769       8079      0.425      0.566      0.471      0.252

      Epoch    GPU_mem   box_loss   cls_loss   dfl_loss  Instances       Size
                   all       4769       8079      0.418      0.565      0.467      0.245

      Epoch    GPU_mem   box_loss   cls_loss   dfl_loss  Instances       Size
                   all       4769       8079      0.437      0.574      0.485      0.263

      Epoch    GPU_mem   box_loss   cls_loss   dfl_loss  Instances       Size
                   all       4769       8079      0.432      0.571      0.476      0.239

      Epoch    GPU_mem   box_loss   cls_loss   dfl_loss  Instances       Size
                   all       4769       8079      0.443      0.556      0.476      0.248

      Epoch    GPU_mem   box_loss   cls_loss   dfl_loss  Instances       Size
                   all       4769       8079      0.443      0.558      0.479       0.25

      Epoch    GPU_mem   box_loss   cls_loss   dfl_loss  Instances       Size
                   all       4769       8079      0.444      0.553      0.477      0.245

      Epoch    GPU_mem   box_loss   cls_loss   dfl_loss  Instances       Size
                   all       4769       8079       0.44      0.561      0.474       0.24

      Epoch    GPU_mem   box_loss   cls_loss   dfl_loss  Instances       Size
                   all       4769       8079      0.441       0.56      0.478      0.246

      Epoch    GPU_mem   box_loss   cls_loss   dfl_loss  Instances       Size
                   all       4769       8079      0.443      0.553      0.477      0.245

      Epoch    GPU_mem   box_loss   cls_loss   dfl_loss  Instances       Size
                   all       4769       8079      0.441      0.555      0.478      0.245

      Epoch    GPU_mem   box_loss   cls_loss   dfl_loss  Instances       Size
                   all       4769       8079      0.444      0.549      0.478      0.246

      Epoch    GPU_mem   box_loss   cls_loss   dfl_loss  Instances       Size
                   all       4769       8079      0.444      0.547      0.479      0.247

      Epoch    GPU_mem   box_loss   cls_loss   dfl_loss  Instances       Size
                   all       4769       8079      0.443       0.55       0.48      0.249

      Epoch    GPU_mem   box_loss   cls_loss   dfl_loss  Instances       Size
                   all       4769       8079      0.447      0.548      0.481      0.251

      Epoch    GPU_mem   box_loss   cls_loss   dfl_loss  Instances       Size
                   all       4769       8079      0.446      0.548      0.481       0.25

      Epoch    GPU_mem   box_loss   cls_loss   dfl_loss  Instances       Size
                   all       4769       8079      0.448      0.548      0.482       0.25

      Epoch    GPU_mem   box_loss   cls_loss   dfl_loss  Instances       Size
                   all       4769       8079      0.449       0.55      0.482       0.25

      Epoch    GPU_mem   box_loss   cls_loss   dfl_loss  Instances       Size
                   all       4769       8079      0.448      0.551      0.483       0.25

      Epoch    GPU_mem   box_loss   cls_loss   dfl_loss  Instances       Size
                   all       4769       8079      0.448      0.554      0.483      0.252

      Epoch    GPU_mem   box_loss   cls_loss   dfl_loss  Instances       Size
                   all       4769       8079      0.448      0.557      0.484      0.253

      Epoch    GPU_mem   box_loss   cls_loss   dfl_loss  Instances       Size
                   all       4769       8079       0.45      0.557      0.485      0.254

      Epoch    GPU_mem   box_loss   cls_loss   dfl_loss  Instances       Size
                   all       4769       8079      0.451      0.556      0.487      0.256

      Epoch    GPU_mem   box_loss   cls_loss   dfl_loss  Instances       Size
                   all       4769       8079      0.453      0.558      0.488      0.258

      Epoch    GPU_mem   box_loss   cls_loss   dfl_loss  Instances       Size
                   all       4769       8079      0.453       0.56      0.489      0.259

      Epoch    GPU_mem   box_loss   cls_loss   dfl_loss  Instances       Size
                   all       4769       8079      0.454      0.557       0.49       0.26

      Epoch    GPU_mem   box_loss   cls_loss   dfl_loss  Instances       Size
                   all       4769       8079      0.456      0.559      0.491       0.26

      Epoch    GPU_mem   box_loss   cls_loss   dfl_loss  Instances       Size
                   all       4769       8079      0.455      0.561      0.491      0.261

      Epoch    GPU_mem   box_loss   cls_loss   dfl_loss  Instances       Size
                   all       4769       8079      0.455      0.557      0.491      0.261

      Epoch    GPU_mem   box_loss   cls_loss   dfl_loss  Instances       Size
                   all       4769       8079      0.454      0.559      0.491      0.262

      Epoch    GPU_mem   box_loss   cls_loss   dfl_loss  Instances       Size
                   all       4769       8079      0.456      0.553      0.492      0.263

      Epoch    GPU_mem   box_loss   cls_loss   dfl_loss  Instances       Size
                   all       4769       8079      0.456      0.555      0.492      0.263

      Epoch    GPU_mem   box_loss   cls_loss   dfl_loss  Instances       Size
                   all       4769       8079      0.457      0.553      0.493      0.263

      Epoch    GPU_mem   box_loss   cls_loss   dfl_loss  Instances       Size
                   all       4769       8079      0.457      0.554      0.494      0.265

      Epoch    GPU_mem   box_loss   cls_loss   dfl_loss  Instances       Size
                   all       4769       8079      0.457      0.552      0.495      0.265

      Epoch    GPU_mem   box_loss   cls_loss   dfl_loss  Instances       Size
                   all       4769       8079      0.457      0.551      0.496      0.266

      Epoch    GPU_mem   box_loss   cls_loss   dfl_loss  Instances       Size
                   all       4769       8079      0.457      0.554      0.496      0.267

      Epoch    GPU_mem   box_loss   cls_loss   dfl_loss  Instances       Size
                   all       4769       8079      0.458      0.554      0.496      0.267

      Epoch    GPU_mem   box_loss   cls_loss   dfl_loss  Instances       Size
                   all       4769       8079      0.461      0.554      0.497      0.268

      Epoch    GPU_mem   box_loss   cls_loss   dfl_loss  Instances       Size
                   all       4769       8079      0.459      0.558      0.498      0.268

      Epoch    GPU_mem   box_loss   cls_loss   dfl_loss  Instances       Size
                   all       4769       8079      0.461      0.558      0.499       0.27

      Epoch    GPU_mem   box_loss   cls_loss   dfl_loss  Instances       Size
                   all       4769       8079      0.462      0.561        0.5      0.271

      Epoch    GPU_mem   box_loss   cls_loss   dfl_loss  Instances       Size
                   all       4769       8079      0.462      0.563      0.501      0.272

      Epoch    GPU_mem   box_loss   cls_loss   dfl_loss  Instances       Size
                   all       4769       8079      0.462      0.564      0.502      0.273

      Epoch    GPU_mem   box_loss   cls_loss   dfl_loss  Instances       Size
                   all       4769       8079      0.464      0.562      0.502      0.273

      Epoch    GPU_mem   box_loss   cls_loss   dfl_loss  Instances       Size
                   all       4769       8079      0.461      0.568      0.503      0.273

      Epoch    GPU_mem   box_loss   cls_loss   dfl_loss  Instances       Size
                   all       4769       8079      0.462      0.567      0.503      0.273

      Epoch    GPU_mem   box_loss   cls_loss   dfl_loss  Instances       Size
                   all       4769       8079      0.463      0.567      0.503      0.272

      Epoch    GPU_mem   box_loss   cls_loss   dfl_loss  Instances       Size
                   all       4769       8079      0.464      0.564      0.503      0.272

      Epoch    GPU_mem   box_loss   cls_loss   dfl_loss  Instances       Size
                   all       4769       8079      0.466      0.567      0.504      0.272

      Epoch    GPU_mem   box_loss   cls_loss   dfl_loss  Instances       Size
                   all       4769       8079      0.465      0.563      0.504      0.272

      Epoch    GPU_mem   box_loss   cls_loss   dfl_loss  Instances       Size
                   all       4769       8079      0.466      0.565      0.504      0.271

      Epoch    GPU_mem   box_loss   cls_loss   dfl_loss  Instances       Size
                   all       4769       8079      0.465      0.566      0.505      0.271

      Epoch    GPU_mem   box_loss   cls_loss   dfl_loss  Instances       Size
                   all       4769       8079      0.469      0.565      0.506      0.272

      Epoch    GPU_mem   box_loss   cls_loss   dfl_loss  Instances       Size
                   all       4769       8079       0.47      0.562      0.507      0.273

      Epoch    GPU_mem   box_loss   cls_loss   dfl_loss  Instances       Size
                   all       4769       8079       0.47      0.562      0.508      0.274

      Epoch    GPU_mem   box_loss   cls_loss   dfl_loss  Instances       Size
                   all       4769       8079      0.474      0.561      0.509      0.274

      Epoch    GPU_mem   box_loss   cls_loss   dfl_loss  Instances       Size
                   all       4769       8079      0.471      0.565       0.51      0.276

      Epoch    GPU_mem   box_loss   cls_loss   dfl_loss  Instances       Size
                   all       4769       8079      0.472      0.562       0.51      0.276

      Epoch    GPU_mem   box_loss   cls_loss   dfl_loss  Instances       Size
                   all       4769       8079      0.474      0.561      0.511      0.278

      Epoch    GPU_mem   box_loss   cls_loss   dfl_loss  Instances       Size
                   all       4769       8079      0.475      0.562      0.512      0.279

      Epoch    GPU_mem   box_loss   cls_loss   dfl_loss  Instances       Size
                   all       4769       8079      0.476      0.562      0.513       0.28

      Epoch    GPU_mem   box_loss   cls_loss   dfl_loss  Instances       Size
                   all       4769       8079      0.478       0.56      0.515      0.281

      Epoch    GPU_mem   box_loss   cls_loss   dfl_loss  Instances       Size
                   all       4769       8079      0.477       0.56      0.515      0.281

      Epoch    GPU_mem   box_loss   cls_loss   dfl_loss  Instances       Size
                   all       4769       8079      0.475      0.564      0.515      0.281

      Epoch    GPU_mem   box_loss   cls_loss   dfl_loss  Instances       Size
                   all       4769       8079      0.477      0.564      0.516      0.282

      Epoch    GPU_mem   box_loss   cls_loss   dfl_loss  Instances       Size
                   all       4769       8079       0.48      0.563      0.517      0.283

      Epoch    GPU_mem   box_loss   cls_loss   dfl_loss  Instances       Size
                   all       4769       8079      0.479      0.566      0.518      0.284

      Epoch    GPU_mem   box_loss   cls_loss   dfl_loss  Instances       Size
                   all       4769       8079       0.48      0.565      0.519      0.284

      Epoch    GPU_mem   box_loss   cls_loss   dfl_loss  Instances       Size
                   all       4769       8079      0.481      0.565      0.519      0.284

      Epoch    GPU_mem   box_loss   cls_loss   dfl_loss  Instances       Size
                   all       4769       8079       0.48      0.568      0.521      0.284

      Epoch    GPU_mem   box_loss   cls_loss   dfl_loss  Instances       Size
                   all       4769       8079       0.48      0.571      0.521      0.284

      Epoch    GPU_mem   box_loss   cls_loss   dfl_loss  Instances       Size
                   all       4769       8079       0.48      0.571      0.521      0.284

      Epoch    GPU_mem   box_loss   cls_loss   dfl_loss  Instances       Size
                   all       4769       8079      0.484      0.568      0.522      0.285

      Epoch    GPU_mem   box_loss   cls_loss   dfl_loss  Instances       Size
                   all       4769       8079      0.485      0.567      0.522      0.285

      Epoch    GPU_mem   box_loss   cls_loss   dfl_loss  Instances       Size
                   all       4769       8079      0.485      0.567      0.523      0.285

      Epoch    GPU_mem   box_loss   cls_loss   dfl_loss  Instances       Size
                   all       4769       8079      0.485      0.568      0.523      0.286

      Epoch    GPU_mem   box_loss   cls_loss   dfl_loss  Instances       Size
                   all       4769       8079      0.485      0.566      0.523      0.286

      Epoch    GPU_mem   box_loss   cls_loss   dfl_loss  Instances       Size
                   all       4769       8079      0.487      0.566      0.524      0.287

      Epoch    GPU_mem   box_loss   cls_loss   dfl_loss  Instances       Size
                   all       4769       8079      0.486      0.567      0.525      0.288

      Epoch    GPU_mem   box_loss   cls_loss   dfl_loss  Instances       Size
                   all       4769       8079      0.487      0.565      0.525      0.289

      Epoch    GPU_mem   box_loss   cls_loss   dfl_loss  Instances       Size
                   all       4769       8079      0.487      0.566      0.526      0.289

      Epoch    GPU_mem   box_loss   cls_loss   dfl_loss  Instances       Size
                   all       4769       8079      0.485      0.571      0.526      0.288

      Epoch    GPU_mem   box_loss   cls_loss   dfl_loss  Instances       Size
                   all       4769       8079      0.486      0.572      0.527      0.289

      Epoch    GPU_mem   box_loss   cls_loss   dfl_loss  Instances       Size
                   all       4769       8079      0.485      0.574      0.527      0.288

      Epoch    GPU_mem   box_loss   cls_loss   dfl_loss  Instances       Size
                   all       4769       8079      0.486      0.573      0.527      0.289

      Epoch    GPU_mem   box_loss   cls_loss   dfl_loss  Instances       Size
                   all       4769       8079      0.486      0.571      0.527      0.288

      Epoch    GPU_mem   box_loss   cls_loss   dfl_loss  Instances       Size
                   all       4769       8079      0.487      0.571      0.528      0.288

      Epoch    GPU_mem   box_loss   cls_loss   dfl_loss  Instances       Size
                   all       4769       8079      0.488       0.57      0.529      0.289

      Epoch    GPU_mem   box_loss   cls_loss   dfl_loss  Instances       Size
                   all       4769       8079      0.488      0.574      0.529      0.289

      Epoch    GPU_mem   box_loss   cls_loss   dfl_loss  Instances       Size
                   all       4769       8079      0.489      0.572      0.529       0.29

      Epoch    GPU_mem   box_loss   cls_loss   dfl_loss  Instances       Size
                   all       4769       8079      0.488      0.573      0.529       0.29

      Epoch    GPU_mem   box_loss   cls_loss   dfl_loss  Instances       Size
                   all       4769       8079      0.489      0.572       0.53       0.29

      Epoch    GPU_mem   box_loss   cls_loss   dfl_loss  Instances       Size
                   all       4769       8079      0.491      0.574       0.53       0.29

      Epoch    GPU_mem   box_loss   cls_loss   dfl_loss  Instances       Size
                   all       4769       8079       0.49      0.576      0.531      0.291

      Epoch    GPU_mem   box_loss   cls_loss   dfl_loss  Instances       Size
                   all       4769       8079      0.487      0.578      0.531       0.29

      Epoch    GPU_mem   box_loss   cls_loss   dfl_loss  Instances       Size
                   all       4769       8079      0.486       0.58      0.532      0.291

      Epoch    GPU_mem   box_loss   cls_loss   dfl_loss  Instances       Size
                   all       4769       8079      0.487       0.58      0.533      0.292

      Epoch    GPU_mem   box_loss   cls_loss   dfl_loss  Instances       Size
                   all       4769       8079      0.488      0.578      0.534      0.293

      Epoch    GPU_mem   box_loss   cls_loss   dfl_loss  Instances       Size
                   all       4769       8079      0.487      0.582      0.534      0.293

      Epoch    GPU_mem   box_loss   cls_loss   dfl_loss  Instances       Size
                   all       4769       8079      0.487      0.584      0.534      0.293

      Epoch    GPU_mem   box_loss   cls_loss   dfl_loss  Instances       Size
                   all       4769       8079      0.485      0.584      0.535      0.293

      Epoch    GPU_mem   box_loss   cls_loss   dfl_loss  Instances       Size
                   all       4769       8079      0.486      0.584      0.536      0.293

      Epoch    GPU_mem   box_loss   cls_loss   dfl_loss  Instances       Size
                   all       4769       8079      0.485      0.582      0.535      0.292

      Epoch    GPU_mem   box_loss   cls_loss   dfl_loss  Instances       Size
                   all       4769       8079      0.483      0.586      0.536      0.292

      Epoch    GPU_mem   box_loss   cls_loss   dfl_loss  Instances       Size
                   all       4769       8079      0.485      0.585      0.536      0.292

      Epoch    GPU_mem   box_loss   cls_loss   dfl_loss  Instances       Size
                   all       4769       8079      0.488      0.583      0.537      0.293

      Epoch    GPU_mem   box_loss   cls_loss   dfl_loss  Instances       Size
                   all       4769       8079      0.486      0.586      0.537      0.294

      Epoch    GPU_mem   box_loss   cls_loss   dfl_loss  Instances       Size
                   all       4769       8079      0.486      0.588      0.538      0.295

      Epoch    GPU_mem   box_loss   cls_loss   dfl_loss  Instances       Size
                   all       4769       8079      0.487      0.589      0.538      0.296

      Epoch    GPU_mem   box_loss   cls_loss   dfl_loss  Instances       Size
                   all       4769       8079       0.49      0.584      0.539      0.296

      Epoch    GPU_mem   box_loss   cls_loss   dfl_loss  Instances       Size
                   all       4769       8079      0.491      0.586       0.54      0.297

      Epoch    GPU_mem   box_loss   cls_loss   dfl_loss  Instances       Size
                   all       4769       8079      0.491      0.587       0.54      0.297

      Epoch    GPU_mem   box_loss   cls_loss   dfl_loss  Instances       Size
                   all       4769       8079      0.494      0.582      0.541      0.297

      Epoch    GPU_mem   box_loss   cls_loss   dfl_loss  Instances       Size
                   all       4769       8079      0.495      0.584      0.541      0.298

      Epoch    GPU_mem   box_loss   cls_loss   dfl_loss  Instances       Size
                   all       4769       8079      0.497      0.584      0.542      0.297

      Epoch    GPU_mem   box_loss   cls_loss   dfl_loss  Instances       Size
                   all       4769       8079      0.497      0.585      0.542      0.297

      Epoch    GPU_mem   box_loss   cls_loss   dfl_loss  Instances       Size
                   all       4769       8079      0.496      0.586      0.543      0.297

      Epoch    GPU_mem   box_loss   cls_loss   dfl_loss  Instances       Size
                   all       4769       8079      0.495      0.589      0.543      0.298

      Epoch    GPU_mem   box_loss   cls_loss   dfl_loss  Instances       Size
                   all       4769       8079      0.494      0.589      0.544      0.298

      Epoch    GPU_mem   box_loss   cls_loss   dfl_loss  Instances       Size
                   all       4769       8079      0.497      0.587      0.545      0.298

      Epoch    GPU_mem   box_loss   cls_loss   dfl_loss  Instances       Size
                   all       4769       8079      0.499      0.585      0.545      0.298

      Epoch    GPU_mem   box_loss   cls_loss   dfl_loss  Instances       Size
                   all       4769       8079      0.501      0.585      0.546      0.299

      Epoch    GPU_mem   box_loss   cls_loss   dfl_loss  Instances       Size
                   all       4769       8079      0.499      0.587      0.546      0.298

      Epoch    GPU_mem   box_loss   cls_loss   dfl_loss  Instances       Size
                   all       4769       8079      0.496       0.59      0.546      0.298

      Epoch    GPU_mem   box_loss   cls_loss   dfl_loss  Instances       Size
                   all       4769       8079      0.501      0.583      0.546      0.297

      Epoch    GPU_mem   box_loss   cls_loss   dfl_loss  Instances       Size
                   all       4769       8079        0.5      0.584      0.547      0.297

      Epoch    GPU_mem   box_loss   cls_loss   dfl_loss  Instances       Size
                   all       4769       8079      0.501      0.585      0.547      0.297

      Epoch    GPU_mem   box_loss   cls_loss   dfl_loss  Instances       Size
                   all       4769       8079      0.501      0.582      0.547      0.297

      Epoch    GPU_mem   box_loss   cls_loss   dfl_loss  Instances       Size
                   all       4769       8079      0.498      0.587      0.547      0.297

      Epoch    GPU_mem   box_loss   cls_loss   dfl_loss  Instances       Size
                   all       4769       8079      0.499      0.586      0.547      0.297

      Epoch    GPU_mem   box_loss   cls_loss   dfl_loss  Instances       Size
                   all       4769       8079        0.5      0.588      0.548      0.298

      Epoch    GPU_mem   box_loss   cls_loss   dfl_loss  Instances       Size
                   all       4769       8079      0.502      0.586      0.549      0.299

      Epoch    GPU_mem   box_loss   cls_loss   dfl_loss  Instances       Size
                   all       4769       8079      0.504      0.583      0.549      0.299

      Epoch    GPU_mem   box_loss   cls_loss   dfl_loss  Instances       Size
                   all       4769       8079      0.504      0.585       0.55        0.3

      Epoch    GPU_mem   box_loss   cls_loss   dfl_loss  Instances       Size
                   all       4769       8079      0.507      0.581      0.551        0.3

      Epoch    GPU_mem   box_loss   cls_loss   dfl_loss  Instances       Size
                   all       4769       8079      0.509      0.581      0.551        0.3

      Epoch    GPU_mem   box_loss   cls_loss   dfl_loss  Instances       Size
                   all       4769       8079      0.509      0.582      0.552        0.3

      Epoch    GPU_mem   box_loss   cls_loss   dfl_loss  Instances       Size
                   all       4769       8079       0.51      0.579      0.552        0.3

      Epoch    GPU_mem   box_loss   cls_loss   dfl_loss  Instances       Size
                   all       4769       8079       0.51      0.581      0.552        0.3

      Epoch    GPU_mem   box_loss   cls_loss   dfl_loss  Instances       Size
                   all       4769       8079      0.511      0.578      0.553        0.3

      Epoch    GPU_mem   box_loss   cls_loss   dfl_loss  Instances       Size
                   all       4769       8079      0.511      0.578      0.553        0.3

      Epoch    GPU_mem   box_loss   cls_loss   dfl_loss  Instances       Size
                   all       4769       8079      0.512      0.578      0.554        0.3

      Epoch    GPU_mem   box_loss   cls_loss   dfl_loss  Instances       Size
                   all       4769       8079      0.508      0.584      0.554        0.3

      Epoch    GPU_mem   box_loss   cls_loss   dfl_loss  Instances       Size
                   all       4769       8079      0.508      0.586      0.554      0.301

      Epoch    GPU_mem   box_loss   cls_loss   dfl_loss  Instances       Size
                   all       4769       8079      0.509      0.584      0.555      0.301

      Epoch    GPU_mem   box_loss   cls_loss   dfl_loss  Instances       Size
                   all       4769       8079      0.508      0.588      0.555      0.301

      Epoch    GPU_mem   box_loss   cls_loss   dfl_loss  Instances       Size
                   all       4769       8079       0.51      0.587      0.556      0.301

      Epoch    GPU_mem   box_loss   cls_loss   dfl_loss  Instances       Size
                   all       4769       8079      0.511      0.586      0.556      0.301

      Epoch    GPU_mem   box_loss   cls_loss   dfl_loss  Instances       Size
                   all       4769       8079      0.513      0.584      0.556      0.301

      Epoch    GPU_mem   box_loss   cls_loss   dfl_loss  Instances       Size
                   all       4769       8079      0.513      0.587      0.557      0.301

      Epoch    GPU_mem   box_loss   cls_loss   dfl_loss  Instances       Size
                   all       4769       8079      0.514      0.588      0.557      0.301

      Epoch    GPU_mem   box_loss   cls_loss   dfl_loss  Instances       Size
                   all       4769       8079      0.513      0.588      0.558      0.301

      Epoch    GPU_mem   box_loss   cls_loss   dfl_loss  Instances       Size
                   all       4769       8079      0.514      0.587      0.558      0.301

      Epoch    GPU_mem   box_loss   cls_loss   dfl_loss  Instances       Size
                   all       4769       8079      0.514      0.586      0.558        0.3

      Epoch    GPU_mem   box_loss   cls_loss   dfl_loss  Instances       Size
                   all       4769       8079      0.515      0.584      0.558        0.3

      Epoch    GPU_mem   box_loss   cls_loss   dfl_loss  Instances       Size
                   all       4769       8079      0.514      0.583      0.558        0.3

      Epoch    GPU_mem   box_loss   cls_loss   dfl_loss  Instances       Size
                   all       4769       8079      0.515      0.585      0.559      0.299

      Epoch    GPU_mem   box_loss   cls_loss   dfl_loss  Instances       Size
                   all       4769       8079      0.515      0.584      0.559      0.299

      Epoch    GPU_mem   box_loss   cls_loss   dfl_loss  Instances       Size
                   all       4769       8079      0.516      0.585      0.559      0.298

      Epoch    GPU_mem   box_loss   cls_loss   dfl_loss  Instances       Size
                   all       4769       8079      0.515      0.588      0.559      0.298

      Epoch    GPU_mem   box_loss   cls_loss   dfl_loss  Instances       Size
                   all       4769       8079      0.517      0.586      0.559      0.297

      Epoch    GPU_mem   box_loss   cls_loss   dfl_loss  Instances       Size
                   all       4769       8079      0.516      0.587       0.56      0.298

      Epoch    GPU_mem   box_loss   cls_loss   dfl_loss  Instances       Size
                   all       4769       8079      0.517      0.587       0.56      0.298

      Epoch    GPU_mem   box_loss   cls_loss   dfl_loss  Instances       Size
                   all       4769       8079      0.517       0.59       0.56      0.297

      Epoch    GPU_mem   box_loss   cls_loss   dfl_loss  Instances       Size
                   all       4769       8079      0.517      0.591      0.561      0.297

      Epoch    GPU_mem   box_loss   cls_loss   dfl_loss  Instances       Size
                   all       4769       8079      0.517      0.592      0.561      0.297

      Epoch    GPU_mem   box_loss   cls_loss   dfl_loss  Instances       Size
                   all       4769       8079      0.516      0.594      0.561      0.297

      Epoch    GPU_mem   box_loss   cls_loss   dfl_loss  Instances       Size
                   all       4769       8079      0.516      0.595      0.561      0.297

      Epoch    GPU_mem   box_loss   cls_loss   dfl_loss  Instances       Size
                   all       4769       8079      0.514      0.595      0.561      0.297

      Epoch    GPU_mem   box_loss   cls_loss   dfl_loss  Instances       Size
                   all       4769       8079      0.515      0.594      0.562      0.297

      Epoch    GPU_mem   box_loss   cls_loss   dfl_loss  Instances       Size
                   all       4769       8079      0.514      0.596      0.562      0.296

      Epoch    GPU_mem   box_loss   cls_loss   dfl_loss  Instances       Size
                   all       4769       8079      0.515      0.597      0.562      0.297

      Epoch    GPU_mem   box_loss   cls_loss   dfl_loss  Instances       Size
                   all       4769       8079      0.515      0.597      0.563      0.296

      Epoch    GPU_mem   box_loss   cls_loss   dfl_loss  Instances       Size
                   all       4769       8079      0.514      0.597      0.563      0.296

      Epoch    GPU_mem   box_loss   cls_loss   dfl_loss  Instances       Size
                   all       4769       8079      0.514      0.598      0.563      0.296
Closing dataloader mosaic

      Epoch    GPU_mem   box_loss   cls_loss   dfl_loss  Instances       Size
                   all       4769       8079      0.518      0.595      0.564      0.298

      Epoch    GPU_mem   box_loss   cls_loss   dfl_loss  Instances       Size
                   all       4769       8079      0.518      0.594      0.564        0.3

      Epoch    GPU_mem   box_loss   cls_loss   dfl_loss  Instances       Size
                   all       4769       8079      0.522      0.593      0.565      0.301

      Epoch    GPU_mem   box_loss   cls_loss   dfl_loss  Instances       Size
                   all       4769       8079      0.523      0.595      0.565      0.303

      Epoch    GPU_mem   box_loss   cls_loss   dfl_loss  Instances       Size
                   all       4769       8079      0.524      0.594      0.566      0.304

      Epoch    GPU_mem   box_loss   cls_loss   dfl_loss  Instances       Size
                   all       4769       8079      0.524      0.595      0.567      0.306

      Epoch    GPU_mem   box_loss   cls_loss   dfl_loss  Instances       Size
                   all       4769       8079      0.522      0.597      0.567      0.307

      Epoch    GPU_mem   box_loss   cls_loss   dfl_loss  Instances       Size
                   all       4769       8079      0.522      0.597      0.568      0.308

      Epoch    GPU_mem   box_loss   cls_loss   dfl_loss  Instances       Size
                   all       4769       8079      0.522      0.598      0.568      0.309

      Epoch    GPU_mem   box_loss   cls_loss   dfl_loss  Instances       Size
                   all       4769       8079      0.521      0.601      0.568       0.31

200 epochs completed in 20.253 hours.
Optimizer stripped from yolo/yolo11m/img128_ep200/weights/last.pt, 40.5MB
Optimizer stripped from yolo/yolo11m/img128_ep200/weights/best.pt, 40.5MB

Validating yolo/yolo11m/img128_ep200/weights/best.pt...
Ultralytics 8.3.88 🚀 Python-3.10.12 torch-2.6.0+cu124 CUDA:0 (NVIDIA A100 80GB PCIe, 81154MiB)
YOLO11m summary (fused): 125 layers, 20,031,574 parameters, 0 gradients, 67.7 GFLOPs
                   all       4769       8079      0.521        0.6      0.568      0.309
            lymphocyte       1877       5202      0.636      0.708      0.707      0.373
              monocyte       1619       2877      0.407      0.493       0.43      0.246
Speed: 0.0ms preprocess, 0.5ms inference, 0.0ms loss, 0.7ms postprocess per image
Results saved to [1myolo/yolo11m/img128_ep200[0m
