Wed Apr 16 09:03:04 2025       
+-----------------------------------------------------------------------------------------+
| NVIDIA-SMI 570.124.06             Driver Version: 570.124.06     CUDA Version: 12.8     |
|-----------------------------------------+------------------------+----------------------+
| GPU  Name                 Persistence-M | Bus-Id          Disp.A | Volatile Uncorr. ECC |
| Fan  Temp   Perf          Pwr:Usage/Cap |           Memory-Usage | GPU-Util  Compute M. |
|                                         |                        |               MIG M. |
|=========================================+========================+======================|
|   0  NVIDIA A100-PCIE-40GB          On  |   00000000:0B:00.0 Off |                    0 |
| N/A   45C    P0             35W /  250W |       1MiB /  40960MiB |      0%      Default |
|                                         |                        |             Disabled |
+-----------------------------------------+------------------------+----------------------+
                                                                                         
+-----------------------------------------------------------------------------------------+
| Processes:                                                                              |
|  GPU   GI   CI              PID   Type   Process name                        GPU Memory |
|        ID   ID                                                               Usage      |
|=========================================================================================|
|  No running processes found                                                             |
+-----------------------------------------------------------------------------------------+
New https://pypi.org/project/ultralytics/8.3.109 available 😃 Update with 'pip install -U ultralytics'
Ultralytics 8.3.88 🚀 Python-3.10.12 torch-2.6.0+cu124 CUDA:0 (NVIDIA A100-PCIE-40GB, 40442MiB)
[34m[1mengine/trainer: [0mtask=detect, mode=train, model=yolo11m.pt, data=data/basic_box/pas-cpg128/dataset.yaml, epochs=100, time=None, patience=100, batch=16, imgsz=128, save=True, save_period=-1, cache=disk, device=None, workers=0, project=yolo/basic_box, name=img128_ep100_yolo11m, exist_ok=False, pretrained=True, optimizer=auto, verbose=True, seed=0, deterministic=False, single_cls=False, rect=False, cos_lr=True, close_mosaic=0, resume=False, amp=True, fraction=1.0, profile=False, freeze=None, multi_scale=False, overlap_mask=True, mask_ratio=4, dropout=0.0, val=True, split=val, save_json=False, save_hybrid=False, conf=0.001, iou=0.7, max_det=None, half=False, dnn=False, plots=True, source=None, vid_stride=1, stream_buffer=False, visualize=False, augment=False, agnostic_nms=True, classes=None, retina_masks=False, embed=None, show=False, save_frames=False, save_txt=False, save_conf=False, save_crop=False, show_labels=True, show_conf=True, show_boxes=True, line_width=None, format=torchscript, keras=False, optimize=False, int8=False, dynamic=False, simplify=True, opset=None, workspace=None, nms=False, lr0=0.01, lrf=0.01, momentum=0.937, weight_decay=0.0005, warmup_epochs=3.0, warmup_momentum=0.8, warmup_bias_lr=0.1, box=7.5, cls=0.5, dfl=1.5, pose=12.0, kobj=1.0, nbs=64, hsv_h=0.015, hsv_s=0.4, hsv_v=0.4, degrees=15, translate=0.1, scale=0, shear=0.0, perspective=0.0, flipud=0.5, fliplr=0.5, bgr=0.0, mosaic=0, mixup=0.0, copy_paste=0.0, copy_paste_mode=flip, auto_augment=randaugment, erasing=0, crop_fraction=1.0, cfg=None, tracker=botsort.yaml, save_dir=yolo/basic_box/img128_ep100_yolo11m
Overriding model.yaml nc=80 with nc=2

                   from  n    params  module                                       arguments                     
  0                  -1  1      1856  ultralytics.nn.modules.conv.Conv             [3, 64, 3, 2]                 
  1                  -1  1     73984  ultralytics.nn.modules.conv.Conv             [64, 128, 3, 2]               
  2                  -1  1    111872  ultralytics.nn.modules.block.C3k2            [128, 256, 1, True, 0.25]     
  3                  -1  1    590336  ultralytics.nn.modules.conv.Conv             [256, 256, 3, 2]              
  4                  -1  1    444928  ultralytics.nn.modules.block.C3k2            [256, 512, 1, True, 0.25]     
  5                  -1  1   2360320  ultralytics.nn.modules.conv.Conv             [512, 512, 3, 2]              
  6                  -1  1   1380352  ultralytics.nn.modules.block.C3k2            [512, 512, 1, True]           
  7                  -1  1   2360320  ultralytics.nn.modules.conv.Conv             [512, 512, 3, 2]              
  8                  -1  1   1380352  ultralytics.nn.modules.block.C3k2            [512, 512, 1, True]           
  9                  -1  1    656896  ultralytics.nn.modules.block.SPPF            [512, 512, 5]                 
 10                  -1  1    990976  ultralytics.nn.modules.block.C2PSA           [512, 512, 1]                 
 11                  -1  1         0  torch.nn.modules.upsampling.Upsample         [None, 2, 'nearest']          
 12             [-1, 6]  1         0  ultralytics.nn.modules.conv.Concat           [1]                           
 13                  -1  1   1642496  ultralytics.nn.modules.block.C3k2            [1024, 512, 1, True]          
 14                  -1  1         0  torch.nn.modules.upsampling.Upsample         [None, 2, 'nearest']          
 15             [-1, 4]  1         0  ultralytics.nn.modules.conv.Concat           [1]                           
 16                  -1  1    542720  ultralytics.nn.modules.block.C3k2            [1024, 256, 1, True]          
 17                  -1  1    590336  ultralytics.nn.modules.conv.Conv             [256, 256, 3, 2]              
 18            [-1, 13]  1         0  ultralytics.nn.modules.conv.Concat           [1]                           
 19                  -1  1   1511424  ultralytics.nn.modules.block.C3k2            [768, 512, 1, True]           
 20                  -1  1   2360320  ultralytics.nn.modules.conv.Conv             [512, 512, 3, 2]              
 21            [-1, 10]  1         0  ultralytics.nn.modules.conv.Concat           [1]                           
 22                  -1  1   1642496  ultralytics.nn.modules.block.C3k2            [1024, 512, 1, True]          
 23        [16, 19, 22]  1   1412566  ultralytics.nn.modules.head.Detect           [2, [256, 512, 512]]          
YOLO11m summary: 231 layers, 20,054,550 parameters, 20,054,534 gradients, 68.2 GFLOPs

Transferred 643/649 items from pretrained weights
Freezing layer 'model.23.dfl.conv.weight'
[34m[1mAMP: [0mrunning Automatic Mixed Precision (AMP) checks...
[34m[1mAMP: [0mchecks passed ✅
[34m[1mtrain: [0mNew cache created: /home/tupystep/monkey_challenge/data/basic_box/pas-cpg128/labels.cache
[34m[1mval: [0mNew cache created: /home/tupystep/monkey_challenge/data/basic_box/pas-cpg128/labels.cache
Plotting labels to yolo/basic_box/img128_ep100_yolo11m/labels.jpg... 
[34m[1moptimizer:[0m 'optimizer=auto' found, ignoring 'lr0=0.01' and 'momentum=0.937' and determining best 'optimizer', 'lr0' and 'momentum' automatically... 
[34m[1moptimizer:[0m SGD(lr=0.01, momentum=0.9) with parameter groups 106 weight(decay=0.0), 113 weight(decay=0.0005), 112 bias(decay=0.0)
Image sizes 128 train, 128 val
Using 0 dataloader workers
Logging results to [1myolo/basic_box/img128_ep100_yolo11m[0m
Starting training for 100 epochs...

      Epoch    GPU_mem   box_loss   cls_loss   dfl_loss  Instances       Size
                   all       9561      16340      0.364      0.497        0.4      0.252

      Epoch    GPU_mem   box_loss   cls_loss   dfl_loss  Instances       Size
                   all       9561      16340      0.327      0.541      0.428      0.204

      Epoch    GPU_mem   box_loss   cls_loss   dfl_loss  Instances       Size
                   all       9561      16340      0.345      0.559      0.425      0.224

      Epoch    GPU_mem   box_loss   cls_loss   dfl_loss  Instances       Size
                   all       9561      16340      0.328      0.561      0.428      0.251

      Epoch    GPU_mem   box_loss   cls_loss   dfl_loss  Instances       Size
                   all       9561      16340      0.381      0.569      0.462      0.236

      Epoch    GPU_mem   box_loss   cls_loss   dfl_loss  Instances       Size
                   all       9561      16340      0.381      0.571      0.463      0.261

      Epoch    GPU_mem   box_loss   cls_loss   dfl_loss  Instances       Size
                   all       9561      16340      0.419      0.581       0.49      0.278

      Epoch    GPU_mem   box_loss   cls_loss   dfl_loss  Instances       Size
                   all       9561      16340      0.422      0.578      0.495      0.251

      Epoch    GPU_mem   box_loss   cls_loss   dfl_loss  Instances       Size
                   all       9561      16340      0.426      0.589        0.5      0.273

      Epoch    GPU_mem   box_loss   cls_loss   dfl_loss  Instances       Size
                   all       9561      16340      0.437      0.591      0.511      0.268

      Epoch    GPU_mem   box_loss   cls_loss   dfl_loss  Instances       Size
                   all       9561      16340      0.455      0.572      0.514      0.305

      Epoch    GPU_mem   box_loss   cls_loss   dfl_loss  Instances       Size
                   all       9561      16340      0.451       0.59      0.519      0.282

      Epoch    GPU_mem   box_loss   cls_loss   dfl_loss  Instances       Size
                   all       9561      16340      0.448      0.598      0.526       0.29

      Epoch    GPU_mem   box_loss   cls_loss   dfl_loss  Instances       Size
                   all       9561      16340      0.459      0.593      0.529      0.278

      Epoch    GPU_mem   box_loss   cls_loss   dfl_loss  Instances       Size
                   all       9561      16340      0.454      0.605      0.534      0.292

      Epoch    GPU_mem   box_loss   cls_loss   dfl_loss  Instances       Size
                   all       9561      16340      0.451      0.605      0.536      0.281

      Epoch    GPU_mem   box_loss   cls_loss   dfl_loss  Instances       Size
                   all       9561      16340      0.461      0.602      0.537      0.284

      Epoch    GPU_mem   box_loss   cls_loss   dfl_loss  Instances       Size
                   all       9561      16340      0.468      0.602      0.541      0.302

      Epoch    GPU_mem   box_loss   cls_loss   dfl_loss  Instances       Size
                   all       9561      16340      0.469      0.603      0.542      0.304

      Epoch    GPU_mem   box_loss   cls_loss   dfl_loss  Instances       Size
                   all       9561      16340      0.469      0.606      0.545      0.297

      Epoch    GPU_mem   box_loss   cls_loss   dfl_loss  Instances       Size
                   all       9561      16340      0.478      0.601      0.546      0.292

      Epoch    GPU_mem   box_loss   cls_loss   dfl_loss  Instances       Size
                   all       9561      16340      0.483        0.6      0.547      0.287

      Epoch    GPU_mem   box_loss   cls_loss   dfl_loss  Instances       Size
                   all       9561      16340      0.484      0.601      0.549      0.294

      Epoch    GPU_mem   box_loss   cls_loss   dfl_loss  Instances       Size
                   all       9561      16340      0.482      0.606      0.551      0.299

      Epoch    GPU_mem   box_loss   cls_loss   dfl_loss  Instances       Size
                   all       9561      16340      0.484      0.606      0.553      0.298

      Epoch    GPU_mem   box_loss   cls_loss   dfl_loss  Instances       Size
                   all       9561      16340      0.487      0.603      0.554      0.297

      Epoch    GPU_mem   box_loss   cls_loss   dfl_loss  Instances       Size
                   all       9561      16340      0.486      0.605      0.555      0.298

      Epoch    GPU_mem   box_loss   cls_loss   dfl_loss  Instances       Size
                   all       9561      16340      0.488      0.605      0.557        0.3

      Epoch    GPU_mem   box_loss   cls_loss   dfl_loss  Instances       Size
                   all       9561      16340      0.488      0.607      0.557        0.3

      Epoch    GPU_mem   box_loss   cls_loss   dfl_loss  Instances       Size
                   all       9561      16340      0.491      0.606      0.558      0.299

      Epoch    GPU_mem   box_loss   cls_loss   dfl_loss  Instances       Size
                   all       9561      16340      0.488       0.61      0.559        0.3

      Epoch    GPU_mem   box_loss   cls_loss   dfl_loss  Instances       Size
                   all       9561      16340       0.49      0.607      0.559      0.302

      Epoch    GPU_mem   box_loss   cls_loss   dfl_loss  Instances       Size
                   all       9561      16340      0.492      0.607       0.56      0.302

      Epoch    GPU_mem   box_loss   cls_loss   dfl_loss  Instances       Size
                   all       9561      16340      0.492      0.608      0.561      0.303

      Epoch    GPU_mem   box_loss   cls_loss   dfl_loss  Instances       Size
                   all       9561      16340      0.491      0.609      0.561      0.303

      Epoch    GPU_mem   box_loss   cls_loss   dfl_loss  Instances       Size
                   all       9561      16340      0.493      0.607      0.561      0.303

      Epoch    GPU_mem   box_loss   cls_loss   dfl_loss  Instances       Size
                   all       9561      16340      0.494      0.607      0.562      0.304

      Epoch    GPU_mem   box_loss   cls_loss   dfl_loss  Instances       Size
                   all       9561      16340      0.493      0.611      0.562      0.304

      Epoch    GPU_mem   box_loss   cls_loss   dfl_loss  Instances       Size
                   all       9561      16340      0.494      0.609      0.562      0.305

      Epoch    GPU_mem   box_loss   cls_loss   dfl_loss  Instances       Size
                   all       9561      16340      0.494       0.61      0.563      0.306

      Epoch    GPU_mem   box_loss   cls_loss   dfl_loss  Instances       Size
                   all       9561      16340      0.493      0.612      0.564      0.307

      Epoch    GPU_mem   box_loss   cls_loss   dfl_loss  Instances       Size
                   all       9561      16340      0.496      0.611      0.565      0.308

      Epoch    GPU_mem   box_loss   cls_loss   dfl_loss  Instances       Size
                   all       9561      16340      0.494      0.612      0.566      0.309

      Epoch    GPU_mem   box_loss   cls_loss   dfl_loss  Instances       Size
                   all       9561      16340      0.495      0.614      0.567      0.311

      Epoch    GPU_mem   box_loss   cls_loss   dfl_loss  Instances       Size
                   all       9561      16340      0.496      0.613      0.568      0.313

      Epoch    GPU_mem   box_loss   cls_loss   dfl_loss  Instances       Size
                   all       9561      16340      0.496      0.613      0.569      0.314

      Epoch    GPU_mem   box_loss   cls_loss   dfl_loss  Instances       Size
                   all       9561      16340      0.497      0.615       0.57      0.316

      Epoch    GPU_mem   box_loss   cls_loss   dfl_loss  Instances       Size
                   all       9561      16340      0.497      0.617      0.571      0.317

      Epoch    GPU_mem   box_loss   cls_loss   dfl_loss  Instances       Size
                   all       9561      16340      0.499      0.616      0.572      0.319

      Epoch    GPU_mem   box_loss   cls_loss   dfl_loss  Instances       Size
                   all       9561      16340        0.5      0.618      0.573      0.321

      Epoch    GPU_mem   box_loss   cls_loss   dfl_loss  Instances       Size
                   all       9561      16340        0.5      0.619      0.574      0.322

      Epoch    GPU_mem   box_loss   cls_loss   dfl_loss  Instances       Size
                   all       9561      16340        0.5      0.622      0.575      0.324

      Epoch    GPU_mem   box_loss   cls_loss   dfl_loss  Instances       Size
                   all       9561      16340      0.501      0.619      0.576      0.325

      Epoch    GPU_mem   box_loss   cls_loss   dfl_loss  Instances       Size
                   all       9561      16340      0.504      0.619      0.576      0.327

      Epoch    GPU_mem   box_loss   cls_loss   dfl_loss  Instances       Size
                   all       9561      16340      0.502      0.623      0.577      0.328

      Epoch    GPU_mem   box_loss   cls_loss   dfl_loss  Instances       Size
                   all       9561      16340      0.504      0.622      0.578      0.329

      Epoch    GPU_mem   box_loss   cls_loss   dfl_loss  Instances       Size
                   all       9561      16340      0.505      0.623       0.58       0.33

      Epoch    GPU_mem   box_loss   cls_loss   dfl_loss  Instances       Size
                   all       9561      16340      0.506      0.623       0.58      0.332

      Epoch    GPU_mem   box_loss   cls_loss   dfl_loss  Instances       Size
                   all       9561      16340      0.509      0.621      0.581      0.334

      Epoch    GPU_mem   box_loss   cls_loss   dfl_loss  Instances       Size
                   all       9561      16340       0.51      0.621      0.582      0.336

      Epoch    GPU_mem   box_loss   cls_loss   dfl_loss  Instances       Size
                   all       9561      16340      0.512      0.621      0.583       0.34

      Epoch    GPU_mem   box_loss   cls_loss   dfl_loss  Instances       Size
                   all       9561      16340      0.513      0.622      0.584      0.342

      Epoch    GPU_mem   box_loss   cls_loss   dfl_loss  Instances       Size
                   all       9561      16340      0.515      0.621      0.585      0.344

      Epoch    GPU_mem   box_loss   cls_loss   dfl_loss  Instances       Size
                   all       9561      16340      0.516      0.622      0.586      0.347

      Epoch    GPU_mem   box_loss   cls_loss   dfl_loss  Instances       Size
                   all       9561      16340      0.515      0.623      0.587      0.349

      Epoch    GPU_mem   box_loss   cls_loss   dfl_loss  Instances       Size
                   all       9561      16340      0.516      0.622      0.587      0.351

      Epoch    GPU_mem   box_loss   cls_loss   dfl_loss  Instances       Size
                   all       9561      16340      0.518      0.621      0.587      0.352

      Epoch    GPU_mem   box_loss   cls_loss   dfl_loss  Instances       Size
                   all       9561      16340       0.52      0.621      0.588      0.352

      Epoch    GPU_mem   box_loss   cls_loss   dfl_loss  Instances       Size
                   all       9561      16340      0.523       0.62      0.589      0.353

      Epoch    GPU_mem   box_loss   cls_loss   dfl_loss  Instances       Size
                   all       9561      16340      0.523      0.621       0.59      0.354

      Epoch    GPU_mem   box_loss   cls_loss   dfl_loss  Instances       Size
                   all       9561      16340      0.523      0.621      0.591      0.355

      Epoch    GPU_mem   box_loss   cls_loss   dfl_loss  Instances       Size
                   all       9561      16340      0.524       0.62      0.591      0.356

      Epoch    GPU_mem   box_loss   cls_loss   dfl_loss  Instances       Size
                   all       9561      16340      0.526      0.619      0.592      0.357

      Epoch    GPU_mem   box_loss   cls_loss   dfl_loss  Instances       Size
                   all       9561      16340      0.527      0.618      0.593      0.359

      Epoch    GPU_mem   box_loss   cls_loss   dfl_loss  Instances       Size
                   all       9561      16340      0.528      0.619      0.594       0.36

      Epoch    GPU_mem   box_loss   cls_loss   dfl_loss  Instances       Size
                   all       9561      16340      0.531      0.617      0.594      0.361

      Epoch    GPU_mem   box_loss   cls_loss   dfl_loss  Instances       Size
                   all       9561      16340      0.532      0.617      0.595      0.362

      Epoch    GPU_mem   box_loss   cls_loss   dfl_loss  Instances       Size
                   all       9561      16340      0.533      0.618      0.596      0.364

      Epoch    GPU_mem   box_loss   cls_loss   dfl_loss  Instances       Size
                   all       9561      16340      0.534      0.618      0.596      0.365

      Epoch    GPU_mem   box_loss   cls_loss   dfl_loss  Instances       Size
                   all       9561      16340      0.534      0.619      0.597      0.366

      Epoch    GPU_mem   box_loss   cls_loss   dfl_loss  Instances       Size
                   all       9561      16340      0.536      0.619      0.598      0.367

      Epoch    GPU_mem   box_loss   cls_loss   dfl_loss  Instances       Size
                   all       9561      16340      0.536      0.618      0.599      0.368

      Epoch    GPU_mem   box_loss   cls_loss   dfl_loss  Instances       Size
                   all       9561      16340      0.538      0.617        0.6       0.37

      Epoch    GPU_mem   box_loss   cls_loss   dfl_loss  Instances       Size
                   all       9561      16340      0.537       0.62      0.601      0.371

      Epoch    GPU_mem   box_loss   cls_loss   dfl_loss  Instances       Size
                   all       9561      16340      0.538      0.619      0.601      0.372

      Epoch    GPU_mem   box_loss   cls_loss   dfl_loss  Instances       Size
                   all       9561      16340      0.538      0.621      0.602      0.372

      Epoch    GPU_mem   box_loss   cls_loss   dfl_loss  Instances       Size
                   all       9561      16340      0.539       0.62      0.603      0.373

      Epoch    GPU_mem   box_loss   cls_loss   dfl_loss  Instances       Size
                   all       9561      16340      0.539      0.621      0.603      0.373

      Epoch    GPU_mem   box_loss   cls_loss   dfl_loss  Instances       Size
                   all       9561      16340       0.54      0.619      0.604      0.374

      Epoch    GPU_mem   box_loss   cls_loss   dfl_loss  Instances       Size
                   all       9561      16340      0.541       0.62      0.605      0.375

      Epoch    GPU_mem   box_loss   cls_loss   dfl_loss  Instances       Size
                   all       9561      16340       0.54      0.623      0.605      0.375

      Epoch    GPU_mem   box_loss   cls_loss   dfl_loss  Instances       Size
                   all       9561      16340      0.542      0.621      0.606      0.375

      Epoch    GPU_mem   box_loss   cls_loss   dfl_loss  Instances       Size
                   all       9561      16340      0.542      0.621      0.607      0.376

      Epoch    GPU_mem   box_loss   cls_loss   dfl_loss  Instances       Size
                   all       9561      16340      0.543      0.622      0.607      0.376

      Epoch    GPU_mem   box_loss   cls_loss   dfl_loss  Instances       Size
                   all       9561      16340      0.543      0.621      0.608      0.376

      Epoch    GPU_mem   box_loss   cls_loss   dfl_loss  Instances       Size
                   all       9561      16340      0.544      0.621      0.608      0.376

      Epoch    GPU_mem   box_loss   cls_loss   dfl_loss  Instances       Size
                   all       9561      16340      0.546       0.62      0.608      0.376

      Epoch    GPU_mem   box_loss   cls_loss   dfl_loss  Instances       Size
                   all       9561      16340      0.548      0.618      0.609      0.377

      Epoch    GPU_mem   box_loss   cls_loss   dfl_loss  Instances       Size
                   all       9561      16340      0.548      0.618      0.609      0.377

      Epoch    GPU_mem   box_loss   cls_loss   dfl_loss  Instances       Size
                   all       9561      16340      0.548      0.618       0.61      0.377

100 epochs completed in 8.175 hours.
Optimizer stripped from yolo/basic_box/img128_ep100_yolo11m/weights/last.pt, 40.5MB
Optimizer stripped from yolo/basic_box/img128_ep100_yolo11m/weights/best.pt, 40.5MB

Validating yolo/basic_box/img128_ep100_yolo11m/weights/best.pt...
Ultralytics 8.3.88 🚀 Python-3.10.12 torch-2.6.0+cu124 CUDA:0 (NVIDIA A100-PCIE-40GB, 40442MiB)
YOLO11m summary (fused): 125 layers, 20,031,574 parameters, 0 gradients, 67.7 GFLOPs
                   all       9561      16340      0.548      0.618       0.61      0.377
            lymphocyte       3731      10591      0.631      0.749      0.746      0.446
              monocyte       3213       5749      0.465      0.488      0.474      0.308
Speed: 0.0ms preprocess, 0.4ms inference, 0.0ms loss, 0.6ms postprocess per image
Results saved to [1myolo/basic_box/img128_ep100_yolo11m[0m

Validating yolo with iou=0.3
Ultralytics 8.3.88 🚀 Python-3.10.12 torch-2.6.0+cu124 CUDA:0 (NVIDIA A100-PCIE-40GB, 40442MiB)
YOLO11m summary (fused): 125 layers, 20,031,574 parameters, 0 gradients, 67.7 GFLOPs
                   all       9561      16340      0.562      0.554       0.53      0.327
            lymphocyte       3731      10591      0.643      0.696      0.679      0.411
              monocyte       3213       5749      0.481      0.412      0.381      0.244
Speed: 0.0ms preprocess, 0.7ms inference, 0.0ms loss, 0.5ms postprocess per image
Results saved to [1myolo/basic_box/img128_ep100_yolo11m/iou0.3[0m

Validating yolo with iou=0.1
Ultralytics 8.3.88 🚀 Python-3.10.12 torch-2.6.0+cu124 CUDA:0 (NVIDIA A100-PCIE-40GB, 40442MiB)
                   all       9561      16340      0.545      0.439      0.435      0.273
            lymphocyte       3731      10591      0.637      0.561      0.573      0.352
              monocyte       3213       5749      0.454      0.318      0.298      0.194
Speed: 0.0ms preprocess, 0.6ms inference, 0.0ms loss, 0.5ms postprocess per image
Results saved to [1myolo/basic_box/img128_ep100_yolo11m/iou0.1[0m
