Sun Apr 20 21:34:21 2025       
+-----------------------------------------------------------------------------------------+
| NVIDIA-SMI 570.124.06             Driver Version: 570.124.06     CUDA Version: 12.8     |
|-----------------------------------------+------------------------+----------------------+
| GPU  Name                 Persistence-M | Bus-Id          Disp.A | Volatile Uncorr. ECC |
| Fan  Temp   Perf          Pwr:Usage/Cap |           Memory-Usage | GPU-Util  Compute M. |
|                                         |                        |               MIG M. |
|=========================================+========================+======================|
|   0  NVIDIA A100 80GB PCIe          On  |   00000000:0B:00.0 Off |                    0 |
| N/A   31C    P0             44W /  300W |       1MiB /  81920MiB |      0%      Default |
|                                         |                        |             Disabled |
+-----------------------------------------+------------------------+----------------------+
                                                                                         
+-----------------------------------------------------------------------------------------+
| Processes:                                                                              |
|  GPU   GI   CI              PID   Type   Process name                        GPU Memory |
|        ID   ID                                                               Usage      |
|=========================================================================================|
|  No running processes found                                                             |
+-----------------------------------------------------------------------------------------+
New https://pypi.org/project/ultralytics/8.3.111 available 😃 Update with 'pip install -U ultralytics'
Ultralytics 8.3.88 🚀 Python-3.10.12 torch-2.6.0+cu124 CUDA:0 (NVIDIA A100 80GB PCIe, 81154MiB)
[34m[1mengine/trainer: [0mtask=detect, mode=train, model=yolo11m.pt, data=data/pure_seg_box/pas-cpg512/dataset.yaml, epochs=200, time=None, patience=200, batch=16, imgsz=512, save=True, save_period=-1, cache=disk, device=None, workers=0, project=yolo/pure_box, name=img512_ep200_yolo11m, exist_ok=False, pretrained=True, optimizer=auto, verbose=True, seed=0, deterministic=False, single_cls=False, rect=False, cos_lr=True, close_mosaic=0, resume=False, amp=True, fraction=1.0, profile=False, freeze=None, multi_scale=False, overlap_mask=True, mask_ratio=4, dropout=0.0, val=True, split=val, save_json=False, save_hybrid=False, conf=0.001, iou=0.7, max_det=None, half=False, dnn=False, plots=True, source=None, vid_stride=1, stream_buffer=False, visualize=False, augment=False, agnostic_nms=True, classes=None, retina_masks=False, embed=None, show=False, save_frames=False, save_txt=False, save_conf=False, save_crop=False, show_labels=True, show_conf=True, show_boxes=True, line_width=None, format=torchscript, keras=False, optimize=False, int8=False, dynamic=False, simplify=True, opset=None, workspace=None, nms=False, lr0=0.01, lrf=0.01, momentum=0.937, weight_decay=0.0005, warmup_epochs=3.0, warmup_momentum=0.8, warmup_bias_lr=0.1, box=7.5, cls=0.5, dfl=1.5, pose=12.0, kobj=1.0, nbs=64, hsv_h=0.015, hsv_s=0.4, hsv_v=0.4, degrees=15, translate=0.1, scale=0, shear=0.0, perspective=0.0, flipud=0.5, fliplr=0.5, bgr=0.0, mosaic=0, mixup=0.0, copy_paste=0.0, copy_paste_mode=flip, auto_augment=randaugment, erasing=0, crop_fraction=1.0, cfg=None, tracker=botsort.yaml, save_dir=yolo/pure_box/img512_ep200_yolo11m
Overriding model.yaml nc=80 with nc=2

                   from  n    params  module                                       arguments                     
  0                  -1  1      1856  ultralytics.nn.modules.conv.Conv             [3, 64, 3, 2]                 
  1                  -1  1     73984  ultralytics.nn.modules.conv.Conv             [64, 128, 3, 2]               
  2                  -1  1    111872  ultralytics.nn.modules.block.C3k2            [128, 256, 1, True, 0.25]     
  3                  -1  1    590336  ultralytics.nn.modules.conv.Conv             [256, 256, 3, 2]              
  4                  -1  1    444928  ultralytics.nn.modules.block.C3k2            [256, 512, 1, True, 0.25]     
  5                  -1  1   2360320  ultralytics.nn.modules.conv.Conv             [512, 512, 3, 2]              
  6                  -1  1   1380352  ultralytics.nn.modules.block.C3k2            [512, 512, 1, True]           
  7                  -1  1   2360320  ultralytics.nn.modules.conv.Conv             [512, 512, 3, 2]              
  8                  -1  1   1380352  ultralytics.nn.modules.block.C3k2            [512, 512, 1, True]           
  9                  -1  1    656896  ultralytics.nn.modules.block.SPPF            [512, 512, 5]                 
 10                  -1  1    990976  ultralytics.nn.modules.block.C2PSA           [512, 512, 1]                 
 11                  -1  1         0  torch.nn.modules.upsampling.Upsample         [None, 2, 'nearest']          
 12             [-1, 6]  1         0  ultralytics.nn.modules.conv.Concat           [1]                           
 13                  -1  1   1642496  ultralytics.nn.modules.block.C3k2            [1024, 512, 1, True]          
 14                  -1  1         0  torch.nn.modules.upsampling.Upsample         [None, 2, 'nearest']          
 15             [-1, 4]  1         0  ultralytics.nn.modules.conv.Concat           [1]                           
 16                  -1  1    542720  ultralytics.nn.modules.block.C3k2            [1024, 256, 1, True]          
 17                  -1  1    590336  ultralytics.nn.modules.conv.Conv             [256, 256, 3, 2]              
 18            [-1, 13]  1         0  ultralytics.nn.modules.conv.Concat           [1]                           
 19                  -1  1   1511424  ultralytics.nn.modules.block.C3k2            [768, 512, 1, True]           
 20                  -1  1   2360320  ultralytics.nn.modules.conv.Conv             [512, 512, 3, 2]              
 21            [-1, 10]  1         0  ultralytics.nn.modules.conv.Concat           [1]                           
 22                  -1  1   1642496  ultralytics.nn.modules.block.C3k2            [1024, 512, 1, True]          
 23        [16, 19, 22]  1   1412566  ultralytics.nn.modules.head.Detect           [2, [256, 512, 512]]          
YOLO11m summary: 231 layers, 20,054,550 parameters, 20,054,534 gradients, 68.2 GFLOPs

Transferred 643/649 items from pretrained weights
Freezing layer 'model.23.dfl.conv.weight'
[34m[1mAMP: [0mrunning Automatic Mixed Precision (AMP) checks...
[34m[1mAMP: [0mchecks passed ✅
[34m[1mtrain: [0mWARNING ⚠️ /home/tupystep/monkey_challenge/data/pure_seg_box/pas-cpg512/images/A_P000001_PAS_CPG_ROI0_4.png: 1 duplicate labels removed
[34m[1mtrain: [0mWARNING ⚠️ /home/tupystep/monkey_challenge/data/pure_seg_box/pas-cpg512/images/A_P000005_PAS_CPG_ROI1_1.png: 1 duplicate labels removed
[34m[1mtrain: [0mWARNING ⚠️ /home/tupystep/monkey_challenge/data/pure_seg_box/pas-cpg512/images/A_P000005_PAS_CPG_ROI4_2.png: 1 duplicate labels removed
[34m[1mtrain: [0mWARNING ⚠️ /home/tupystep/monkey_challenge/data/pure_seg_box/pas-cpg512/images/A_P000016_PAS_CPG_ROI0_7.png: 1 duplicate labels removed
[34m[1mtrain: [0mWARNING ⚠️ /home/tupystep/monkey_challenge/data/pure_seg_box/pas-cpg512/images/A_P000030_PAS_CPG_ROI1_3.png: 1 duplicate labels removed
[34m[1mtrain: [0mWARNING ⚠️ /home/tupystep/monkey_challenge/data/pure_seg_box/pas-cpg512/images/C_P000031_PAS_CPG_ROI0_3.png: 1 duplicate labels removed
[34m[1mtrain: [0mWARNING ⚠️ /home/tupystep/monkey_challenge/data/pure_seg_box/pas-cpg512/images/C_P000034_PAS_CPG_ROI0_14.png: 1 duplicate labels removed
[34m[1mtrain: [0mWARNING ⚠️ /home/tupystep/monkey_challenge/data/pure_seg_box/pas-cpg512/images/C_P000035_PAS_CPG_ROI0_7.png: 1 duplicate labels removed
[34m[1mtrain: [0mWARNING ⚠️ /home/tupystep/monkey_challenge/data/pure_seg_box/pas-cpg512/images/D_P000002_PAS_CPG_ROI0_6.png: 1 duplicate labels removed
[34m[1mtrain: [0mWARNING ⚠️ /home/tupystep/monkey_challenge/data/pure_seg_box/pas-cpg512/images/D_P000006_PAS_CPG_ROI0_2.png: 1 duplicate labels removed
[34m[1mtrain: [0mWARNING ⚠️ /home/tupystep/monkey_challenge/data/pure_seg_box/pas-cpg512/images/D_P000007_PAS_CPG_ROI0_3.png: 1 duplicate labels removed
[34m[1mtrain: [0mWARNING ⚠️ /home/tupystep/monkey_challenge/data/pure_seg_box/pas-cpg512/images/D_P000018_PAS_CPG_ROI0_4.png: 1 duplicate labels removed
[34m[1mtrain: [0mWARNING ⚠️ /home/tupystep/monkey_challenge/data/pure_seg_box/pas-cpg512/images/D_P000018_PAS_CPG_ROI1_21.png: 1 duplicate labels removed
[34m[1mtrain: [0mNew cache created: /home/tupystep/monkey_challenge/data/pure_seg_box/pas-cpg512/labels.cache
[34m[1mval: [0mNew cache created: /home/tupystep/monkey_challenge/data/pure_seg_box/pas-cpg512/labels.cache
Plotting labels to yolo/pure_box/img512_ep200_yolo11m/labels.jpg... 
[34m[1moptimizer:[0m 'optimizer=auto' found, ignoring 'lr0=0.01' and 'momentum=0.937' and determining best 'optimizer', 'lr0' and 'momentum' automatically... 
[34m[1moptimizer:[0m AdamW(lr=0.001667, momentum=0.9) with parameter groups 106 weight(decay=0.0), 113 weight(decay=0.0005), 112 bias(decay=0.0)
Image sizes 512 train, 512 val
Using 0 dataloader workers
Logging results to [1myolo/pure_box/img512_ep200_yolo11m[0m
Starting training for 200 epochs...

      Epoch    GPU_mem   box_loss   cls_loss   dfl_loss  Instances       Size
                   all        444      11487      0.252      0.313      0.156     0.0699

      Epoch    GPU_mem   box_loss   cls_loss   dfl_loss  Instances       Size
                   all        444      11487      0.136      0.327       0.08     0.0368

      Epoch    GPU_mem   box_loss   cls_loss   dfl_loss  Instances       Size
                   all        444      11487       0.74      0.246       0.22      0.104

      Epoch    GPU_mem   box_loss   cls_loss   dfl_loss  Instances       Size
                   all        444      11487      0.277      0.375      0.263      0.116

      Epoch    GPU_mem   box_loss   cls_loss   dfl_loss  Instances       Size
                   all        444      11487       0.38      0.285      0.241      0.117

      Epoch    GPU_mem   box_loss   cls_loss   dfl_loss  Instances       Size
                   all        444      11487      0.298      0.328      0.247      0.129

      Epoch    GPU_mem   box_loss   cls_loss   dfl_loss  Instances       Size
                   all        444      11487      0.191      0.386      0.118      0.049

      Epoch    GPU_mem   box_loss   cls_loss   dfl_loss  Instances       Size
                   all        444      11487      0.335      0.327      0.261      0.135

      Epoch    GPU_mem   box_loss   cls_loss   dfl_loss  Instances       Size
                   all        444      11487      0.347      0.384      0.299      0.154

      Epoch    GPU_mem   box_loss   cls_loss   dfl_loss  Instances       Size
                   all        444      11487      0.431      0.404       0.34      0.191

      Epoch    GPU_mem   box_loss   cls_loss   dfl_loss  Instances       Size
                   all        444      11487      0.706      0.267      0.271      0.125

      Epoch    GPU_mem   box_loss   cls_loss   dfl_loss  Instances       Size
                   all        444      11487      0.411      0.404      0.344      0.186

      Epoch    GPU_mem   box_loss   cls_loss   dfl_loss  Instances       Size
                   all        444      11487      0.429       0.42       0.35      0.203

      Epoch    GPU_mem   box_loss   cls_loss   dfl_loss  Instances       Size
                   all        444      11487      0.367       0.41      0.323      0.172

      Epoch    GPU_mem   box_loss   cls_loss   dfl_loss  Instances       Size
                   all        444      11487      0.413      0.408      0.331      0.182

      Epoch    GPU_mem   box_loss   cls_loss   dfl_loss  Instances       Size
                   all        444      11487        0.4      0.413      0.342      0.197

      Epoch    GPU_mem   box_loss   cls_loss   dfl_loss  Instances       Size
                   all        444      11487      0.431      0.409      0.353      0.191

      Epoch    GPU_mem   box_loss   cls_loss   dfl_loss  Instances       Size
                   all        444      11487      0.465       0.42      0.368      0.208

      Epoch    GPU_mem   box_loss   cls_loss   dfl_loss  Instances       Size
                   all        444      11487       0.45      0.421      0.364      0.196

      Epoch    GPU_mem   box_loss   cls_loss   dfl_loss  Instances       Size
                   all        444      11487      0.454      0.425      0.361      0.212

      Epoch    GPU_mem   box_loss   cls_loss   dfl_loss  Instances       Size
                   all        444      11487      0.436      0.414       0.35      0.201

      Epoch    GPU_mem   box_loss   cls_loss   dfl_loss  Instances       Size
                   all        444      11487      0.464      0.436       0.38      0.224

      Epoch    GPU_mem   box_loss   cls_loss   dfl_loss  Instances       Size
                   all        444      11487      0.454      0.433      0.376      0.206

      Epoch    GPU_mem   box_loss   cls_loss   dfl_loss  Instances       Size
                   all        444      11487      0.456      0.412      0.362        0.2

      Epoch    GPU_mem   box_loss   cls_loss   dfl_loss  Instances       Size
                   all        444      11487       0.47      0.433      0.381       0.21

      Epoch    GPU_mem   box_loss   cls_loss   dfl_loss  Instances       Size
                   all        444      11487      0.439      0.424      0.353      0.215

      Epoch    GPU_mem   box_loss   cls_loss   dfl_loss  Instances       Size
                   all        444      11487      0.408        0.4      0.336      0.198

      Epoch    GPU_mem   box_loss   cls_loss   dfl_loss  Instances       Size
                   all        444      11487      0.462      0.431      0.377      0.229

      Epoch    GPU_mem   box_loss   cls_loss   dfl_loss  Instances       Size
                   all        444      11487      0.441      0.412      0.356      0.209

      Epoch    GPU_mem   box_loss   cls_loss   dfl_loss  Instances       Size
                   all        444      11487      0.398      0.374       0.31      0.179

      Epoch    GPU_mem   box_loss   cls_loss   dfl_loss  Instances       Size
                   all        444      11487      0.446      0.413      0.357      0.219

      Epoch    GPU_mem   box_loss   cls_loss   dfl_loss  Instances       Size
                   all        444      11487      0.467      0.432      0.381      0.228

      Epoch    GPU_mem   box_loss   cls_loss   dfl_loss  Instances       Size
                   all        444      11487       0.47      0.434       0.38      0.227

      Epoch    GPU_mem   box_loss   cls_loss   dfl_loss  Instances       Size
                   all        444      11487      0.425      0.389      0.337      0.193

      Epoch    GPU_mem   box_loss   cls_loss   dfl_loss  Instances       Size
                   all        444      11487      0.451      0.423       0.37      0.213

      Epoch    GPU_mem   box_loss   cls_loss   dfl_loss  Instances       Size
                   all        444      11487      0.473      0.429      0.379       0.23

      Epoch    GPU_mem   box_loss   cls_loss   dfl_loss  Instances       Size
                   all        444      11487      0.474      0.437      0.389      0.233

      Epoch    GPU_mem   box_loss   cls_loss   dfl_loss  Instances       Size
                   all        444      11487      0.468      0.444      0.389      0.227

      Epoch    GPU_mem   box_loss   cls_loss   dfl_loss  Instances       Size
                   all        444      11487      0.431      0.386      0.334      0.187

      Epoch    GPU_mem   box_loss   cls_loss   dfl_loss  Instances       Size
                   all        444      11487      0.437      0.405      0.349      0.217

      Epoch    GPU_mem   box_loss   cls_loss   dfl_loss  Instances       Size
                   all        444      11487      0.506      0.435      0.403      0.237

      Epoch    GPU_mem   box_loss   cls_loss   dfl_loss  Instances       Size
                   all        444      11487       0.51      0.446      0.405      0.238

      Epoch    GPU_mem   box_loss   cls_loss   dfl_loss  Instances       Size
                   all        444      11487      0.447      0.422      0.361       0.22

      Epoch    GPU_mem   box_loss   cls_loss   dfl_loss  Instances       Size
                   all        444      11487      0.483       0.44      0.389      0.239

      Epoch    GPU_mem   box_loss   cls_loss   dfl_loss  Instances       Size
                   all        444      11487      0.466      0.434      0.379      0.237

      Epoch    GPU_mem   box_loss   cls_loss   dfl_loss  Instances       Size
                   all        444      11487      0.502      0.437      0.403      0.243

      Epoch    GPU_mem   box_loss   cls_loss   dfl_loss  Instances       Size
                   all        444      11487      0.488       0.45      0.404      0.242

      Epoch    GPU_mem   box_loss   cls_loss   dfl_loss  Instances       Size
                   all        444      11487      0.485      0.429      0.389      0.222

      Epoch    GPU_mem   box_loss   cls_loss   dfl_loss  Instances       Size
                   all        444      11487       0.49       0.45      0.405      0.241

      Epoch    GPU_mem   box_loss   cls_loss   dfl_loss  Instances       Size
                   all        444      11487       0.49      0.441      0.397      0.234

      Epoch    GPU_mem   box_loss   cls_loss   dfl_loss  Instances       Size
                   all        444      11487       0.47      0.447      0.384      0.242

      Epoch    GPU_mem   box_loss   cls_loss   dfl_loss  Instances       Size
                   all        444      11487      0.502      0.437      0.406      0.248

      Epoch    GPU_mem   box_loss   cls_loss   dfl_loss  Instances       Size
                   all        444      11487      0.507      0.453       0.41      0.251

      Epoch    GPU_mem   box_loss   cls_loss   dfl_loss  Instances       Size
                   all        444      11487      0.486      0.441      0.396      0.234

      Epoch    GPU_mem   box_loss   cls_loss   dfl_loss  Instances       Size
                   all        444      11487      0.509      0.439      0.405      0.239

      Epoch    GPU_mem   box_loss   cls_loss   dfl_loss  Instances       Size
                   all        444      11487      0.489      0.432      0.386      0.235

      Epoch    GPU_mem   box_loss   cls_loss   dfl_loss  Instances       Size
                   all        444      11487      0.487      0.446      0.405      0.242

      Epoch    GPU_mem   box_loss   cls_loss   dfl_loss  Instances       Size
                   all        444      11487      0.494      0.445        0.4      0.241

      Epoch    GPU_mem   box_loss   cls_loss   dfl_loss  Instances       Size
                   all        444      11487      0.499      0.445      0.411      0.244

      Epoch    GPU_mem   box_loss   cls_loss   dfl_loss  Instances       Size
                   all        444      11487      0.503      0.455      0.414      0.256

      Epoch    GPU_mem   box_loss   cls_loss   dfl_loss  Instances       Size
                   all        444      11487      0.498       0.47      0.411      0.248

      Epoch    GPU_mem   box_loss   cls_loss   dfl_loss  Instances       Size
                   all        444      11487      0.496      0.454      0.405      0.236

      Epoch    GPU_mem   box_loss   cls_loss   dfl_loss  Instances       Size
                   all        444      11487      0.491      0.441      0.397      0.241

      Epoch    GPU_mem   box_loss   cls_loss   dfl_loss  Instances       Size
                   all        444      11487      0.489      0.455      0.405      0.242

      Epoch    GPU_mem   box_loss   cls_loss   dfl_loss  Instances       Size
                   all        444      11487      0.493      0.445      0.401      0.241

      Epoch    GPU_mem   box_loss   cls_loss   dfl_loss  Instances       Size
                   all        444      11487      0.522      0.451      0.422      0.252

      Epoch    GPU_mem   box_loss   cls_loss   dfl_loss  Instances       Size
                   all        444      11487      0.505      0.443      0.411       0.25

      Epoch    GPU_mem   box_loss   cls_loss   dfl_loss  Instances       Size
                   all        444      11487      0.521       0.46      0.423      0.254

      Epoch    GPU_mem   box_loss   cls_loss   dfl_loss  Instances       Size
                   all        444      11487        0.5      0.442      0.396       0.24

      Epoch    GPU_mem   box_loss   cls_loss   dfl_loss  Instances       Size
                   all        444      11487      0.483      0.438      0.387      0.233

      Epoch    GPU_mem   box_loss   cls_loss   dfl_loss  Instances       Size
                   all        444      11487      0.476      0.457      0.395      0.241

      Epoch    GPU_mem   box_loss   cls_loss   dfl_loss  Instances       Size
                   all        444      11487      0.525      0.456      0.424      0.257

      Epoch    GPU_mem   box_loss   cls_loss   dfl_loss  Instances       Size
                   all        444      11487      0.515      0.453       0.42      0.252

      Epoch    GPU_mem   box_loss   cls_loss   dfl_loss  Instances       Size
                   all        444      11487      0.508      0.433      0.402      0.238

      Epoch    GPU_mem   box_loss   cls_loss   dfl_loss  Instances       Size
                   all        444      11487      0.509      0.447      0.417      0.254

      Epoch    GPU_mem   box_loss   cls_loss   dfl_loss  Instances       Size
                   all        444      11487      0.507      0.451      0.417      0.252

      Epoch    GPU_mem   box_loss   cls_loss   dfl_loss  Instances       Size
                   all        444      11487      0.514      0.461      0.417      0.252

      Epoch    GPU_mem   box_loss   cls_loss   dfl_loss  Instances       Size
                   all        444      11487      0.511      0.468      0.423      0.254

      Epoch    GPU_mem   box_loss   cls_loss   dfl_loss  Instances       Size
                   all        444      11487      0.516      0.459      0.414      0.249

      Epoch    GPU_mem   box_loss   cls_loss   dfl_loss  Instances       Size
                   all        444      11487       0.53      0.453      0.425      0.264

      Epoch    GPU_mem   box_loss   cls_loss   dfl_loss  Instances       Size
                   all        444      11487      0.516      0.454      0.421       0.25

      Epoch    GPU_mem   box_loss   cls_loss   dfl_loss  Instances       Size
                   all        444      11487      0.528      0.447       0.42      0.253

      Epoch    GPU_mem   box_loss   cls_loss   dfl_loss  Instances       Size
                   all        444      11487      0.522      0.458      0.422      0.256

      Epoch    GPU_mem   box_loss   cls_loss   dfl_loss  Instances       Size
                   all        444      11487      0.518      0.448      0.415      0.252

      Epoch    GPU_mem   box_loss   cls_loss   dfl_loss  Instances       Size
                   all        444      11487      0.517      0.456      0.418      0.251

      Epoch    GPU_mem   box_loss   cls_loss   dfl_loss  Instances       Size
                   all        444      11487      0.511      0.472      0.423      0.259

      Epoch    GPU_mem   box_loss   cls_loss   dfl_loss  Instances       Size
                   all        444      11487      0.521      0.456      0.422      0.259

      Epoch    GPU_mem   box_loss   cls_loss   dfl_loss  Instances       Size
                   all        444      11487      0.518      0.466      0.423      0.256

      Epoch    GPU_mem   box_loss   cls_loss   dfl_loss  Instances       Size
                   all        444      11487      0.534      0.463      0.428      0.259

      Epoch    GPU_mem   box_loss   cls_loss   dfl_loss  Instances       Size
                   all        444      11487      0.523      0.462      0.423      0.258

      Epoch    GPU_mem   box_loss   cls_loss   dfl_loss  Instances       Size
                   all        444      11487      0.519      0.471      0.427      0.255

      Epoch    GPU_mem   box_loss   cls_loss   dfl_loss  Instances       Size
                   all        444      11487      0.518      0.461      0.421      0.263

      Epoch    GPU_mem   box_loss   cls_loss   dfl_loss  Instances       Size
                   all        444      11487      0.513      0.461      0.415      0.256

      Epoch    GPU_mem   box_loss   cls_loss   dfl_loss  Instances       Size
                   all        444      11487      0.509      0.454      0.415      0.253

      Epoch    GPU_mem   box_loss   cls_loss   dfl_loss  Instances       Size
                   all        444      11487      0.528      0.456      0.428      0.262

      Epoch    GPU_mem   box_loss   cls_loss   dfl_loss  Instances       Size
                   all        444      11487      0.524      0.445      0.416      0.259

      Epoch    GPU_mem   box_loss   cls_loss   dfl_loss  Instances       Size
                   all        444      11487      0.523      0.458      0.417      0.254

      Epoch    GPU_mem   box_loss   cls_loss   dfl_loss  Instances       Size
                   all        444      11487      0.518      0.452      0.415      0.257

      Epoch    GPU_mem   box_loss   cls_loss   dfl_loss  Instances       Size
                   all        444      11487      0.508      0.454      0.412      0.251

      Epoch    GPU_mem   box_loss   cls_loss   dfl_loss  Instances       Size
                   all        444      11487      0.526      0.459      0.419      0.261

      Epoch    GPU_mem   box_loss   cls_loss   dfl_loss  Instances       Size
                   all        444      11487       0.53      0.456      0.423      0.258

      Epoch    GPU_mem   box_loss   cls_loss   dfl_loss  Instances       Size
                   all        444      11487      0.515      0.462      0.418      0.262

      Epoch    GPU_mem   box_loss   cls_loss   dfl_loss  Instances       Size
                   all        444      11487      0.526      0.455      0.419      0.261

      Epoch    GPU_mem   box_loss   cls_loss   dfl_loss  Instances       Size
                   all        444      11487      0.528      0.452      0.419      0.256

      Epoch    GPU_mem   box_loss   cls_loss   dfl_loss  Instances       Size
                   all        444      11487      0.535      0.447      0.425      0.259

      Epoch    GPU_mem   box_loss   cls_loss   dfl_loss  Instances       Size
                   all        444      11487      0.528      0.445      0.414      0.253

      Epoch    GPU_mem   box_loss   cls_loss   dfl_loss  Instances       Size
                   all        444      11487      0.531      0.455      0.426       0.26

      Epoch    GPU_mem   box_loss   cls_loss   dfl_loss  Instances       Size
                   all        444      11487      0.527      0.455      0.419      0.258

      Epoch    GPU_mem   box_loss   cls_loss   dfl_loss  Instances       Size
                   all        444      11487      0.521      0.456      0.414      0.256

      Epoch    GPU_mem   box_loss   cls_loss   dfl_loss  Instances       Size
                   all        444      11487      0.534      0.452      0.423      0.262

      Epoch    GPU_mem   box_loss   cls_loss   dfl_loss  Instances       Size
                   all        444      11487      0.525      0.459      0.416      0.258

      Epoch    GPU_mem   box_loss   cls_loss   dfl_loss  Instances       Size
                   all        444      11487       0.53      0.457      0.423      0.254

      Epoch    GPU_mem   box_loss   cls_loss   dfl_loss  Instances       Size
                   all        444      11487      0.523      0.447      0.411      0.257

      Epoch    GPU_mem   box_loss   cls_loss   dfl_loss  Instances       Size
                   all        444      11487      0.529      0.447      0.414      0.255

      Epoch    GPU_mem   box_loss   cls_loss   dfl_loss  Instances       Size
                   all        444      11487      0.536      0.456       0.42      0.262

      Epoch    GPU_mem   box_loss   cls_loss   dfl_loss  Instances       Size
                   all        444      11487      0.532      0.454      0.421      0.263

      Epoch    GPU_mem   box_loss   cls_loss   dfl_loss  Instances       Size
                   all        444      11487       0.52      0.453      0.417      0.255

      Epoch    GPU_mem   box_loss   cls_loss   dfl_loss  Instances       Size
                   all        444      11487      0.533      0.456      0.418      0.258

      Epoch    GPU_mem   box_loss   cls_loss   dfl_loss  Instances       Size
                   all        444      11487      0.514      0.446      0.407      0.246

      Epoch    GPU_mem   box_loss   cls_loss   dfl_loss  Instances       Size
                   all        444      11487      0.516      0.449      0.409      0.256

      Epoch    GPU_mem   box_loss   cls_loss   dfl_loss  Instances       Size
                   all        444      11487      0.525      0.453      0.418      0.256

      Epoch    GPU_mem   box_loss   cls_loss   dfl_loss  Instances       Size
                   all        444      11487      0.523       0.46       0.42      0.261

      Epoch    GPU_mem   box_loss   cls_loss   dfl_loss  Instances       Size
                   all        444      11487      0.517      0.457      0.414      0.254

      Epoch    GPU_mem   box_loss   cls_loss   dfl_loss  Instances       Size
                   all        444      11487      0.533      0.454      0.418       0.26

      Epoch    GPU_mem   box_loss   cls_loss   dfl_loss  Instances       Size
                   all        444      11487      0.533      0.456      0.422      0.262

      Epoch    GPU_mem   box_loss   cls_loss   dfl_loss  Instances       Size
                   all        444      11487      0.535      0.449      0.417      0.259

      Epoch    GPU_mem   box_loss   cls_loss   dfl_loss  Instances       Size
                   all        444      11487      0.522      0.457      0.417      0.256

      Epoch    GPU_mem   box_loss   cls_loss   dfl_loss  Instances       Size
                   all        444      11487      0.519      0.454      0.415      0.253

      Epoch    GPU_mem   box_loss   cls_loss   dfl_loss  Instances       Size
                   all        444      11487      0.524      0.445      0.414      0.258

      Epoch    GPU_mem   box_loss   cls_loss   dfl_loss  Instances       Size
                   all        444      11487      0.519      0.449      0.407      0.254

      Epoch    GPU_mem   box_loss   cls_loss   dfl_loss  Instances       Size
                   all        444      11487      0.516      0.451       0.41      0.254

      Epoch    GPU_mem   box_loss   cls_loss   dfl_loss  Instances       Size
                   all        444      11487      0.515      0.455      0.415      0.256

      Epoch    GPU_mem   box_loss   cls_loss   dfl_loss  Instances       Size
                   all        444      11487      0.515      0.453      0.409      0.254

      Epoch    GPU_mem   box_loss   cls_loss   dfl_loss  Instances       Size
                   all        444      11487       0.52       0.46      0.413      0.256

      Epoch    GPU_mem   box_loss   cls_loss   dfl_loss  Instances       Size
                   all        444      11487       0.52      0.448       0.41      0.255

      Epoch    GPU_mem   box_loss   cls_loss   dfl_loss  Instances       Size
                   all        444      11487      0.524      0.452       0.41      0.254

      Epoch    GPU_mem   box_loss   cls_loss   dfl_loss  Instances       Size
                   all        444      11487      0.532      0.446      0.411      0.254

      Epoch    GPU_mem   box_loss   cls_loss   dfl_loss  Instances       Size
                   all        444      11487      0.518      0.457      0.412      0.253

      Epoch    GPU_mem   box_loss   cls_loss   dfl_loss  Instances       Size
                   all        444      11487      0.518      0.454      0.409      0.252

      Epoch    GPU_mem   box_loss   cls_loss   dfl_loss  Instances       Size
                   all        444      11487      0.517       0.46       0.41      0.254

      Epoch    GPU_mem   box_loss   cls_loss   dfl_loss  Instances       Size
                   all        444      11487      0.514      0.464       0.41      0.252

      Epoch    GPU_mem   box_loss   cls_loss   dfl_loss  Instances       Size
                   all        444      11487       0.52      0.455       0.41      0.254

      Epoch    GPU_mem   box_loss   cls_loss   dfl_loss  Instances       Size
                   all        444      11487      0.521      0.454      0.408      0.254

      Epoch    GPU_mem   box_loss   cls_loss   dfl_loss  Instances       Size
                   all        444      11487      0.517      0.452      0.405      0.249

      Epoch    GPU_mem   box_loss   cls_loss   dfl_loss  Instances       Size
                   all        444      11487      0.528      0.452      0.412      0.254

      Epoch    GPU_mem   box_loss   cls_loss   dfl_loss  Instances       Size
                   all        444      11487      0.514      0.453      0.405      0.252

      Epoch    GPU_mem   box_loss   cls_loss   dfl_loss  Instances       Size
                   all        444      11487      0.529      0.451      0.409      0.257

      Epoch    GPU_mem   box_loss   cls_loss   dfl_loss  Instances       Size
                   all        444      11487      0.529      0.441      0.406      0.253

      Epoch    GPU_mem   box_loss   cls_loss   dfl_loss  Instances       Size
                   all        444      11487      0.519      0.445        0.4      0.248

      Epoch    GPU_mem   box_loss   cls_loss   dfl_loss  Instances       Size
                   all        444      11487      0.524      0.444      0.408      0.253

      Epoch    GPU_mem   box_loss   cls_loss   dfl_loss  Instances       Size
                   all        444      11487      0.514      0.457      0.406      0.252

      Epoch    GPU_mem   box_loss   cls_loss   dfl_loss  Instances       Size
                   all        444      11487      0.527      0.445      0.402       0.25

      Epoch    GPU_mem   box_loss   cls_loss   dfl_loss  Instances       Size
                   all        444      11487      0.525      0.441      0.405      0.251

      Epoch    GPU_mem   box_loss   cls_loss   dfl_loss  Instances       Size
                   all        444      11487       0.53      0.438      0.403      0.253

      Epoch    GPU_mem   box_loss   cls_loss   dfl_loss  Instances       Size
                   all        444      11487       0.53      0.443      0.403      0.251

      Epoch    GPU_mem   box_loss   cls_loss   dfl_loss  Instances       Size
                   all        444      11487       0.52      0.449      0.402      0.249

      Epoch    GPU_mem   box_loss   cls_loss   dfl_loss  Instances       Size
                   all        444      11487      0.525      0.451      0.405      0.252

      Epoch    GPU_mem   box_loss   cls_loss   dfl_loss  Instances       Size
                   all        444      11487      0.531      0.441      0.402       0.25

      Epoch    GPU_mem   box_loss   cls_loss   dfl_loss  Instances       Size
                   all        444      11487      0.522      0.447      0.403      0.252

      Epoch    GPU_mem   box_loss   cls_loss   dfl_loss  Instances       Size
                   all        444      11487       0.52      0.447      0.401       0.25

      Epoch    GPU_mem   box_loss   cls_loss   dfl_loss  Instances       Size
                   all        444      11487      0.524      0.448      0.404      0.251

      Epoch    GPU_mem   box_loss   cls_loss   dfl_loss  Instances       Size
                   all        444      11487      0.526       0.45      0.404      0.252

      Epoch    GPU_mem   box_loss   cls_loss   dfl_loss  Instances       Size
                   all        444      11487      0.521      0.444      0.403      0.251

      Epoch    GPU_mem   box_loss   cls_loss   dfl_loss  Instances       Size
                   all        444      11487      0.522      0.447      0.403      0.249

      Epoch    GPU_mem   box_loss   cls_loss   dfl_loss  Instances       Size
                   all        444      11487      0.523      0.444      0.403      0.251

      Epoch    GPU_mem   box_loss   cls_loss   dfl_loss  Instances       Size
                   all        444      11487      0.524      0.444      0.402       0.25

      Epoch    GPU_mem   box_loss   cls_loss   dfl_loss  Instances       Size
                   all        444      11487      0.516      0.449      0.401      0.251

      Epoch    GPU_mem   box_loss   cls_loss   dfl_loss  Instances       Size
                   all        444      11487      0.517      0.449      0.402       0.25

      Epoch    GPU_mem   box_loss   cls_loss   dfl_loss  Instances       Size
                   all        444      11487       0.53      0.444      0.403      0.252

      Epoch    GPU_mem   box_loss   cls_loss   dfl_loss  Instances       Size
                   all        444      11487      0.529      0.447      0.403       0.25

      Epoch    GPU_mem   box_loss   cls_loss   dfl_loss  Instances       Size
                   all        444      11487       0.53      0.443      0.402      0.251

      Epoch    GPU_mem   box_loss   cls_loss   dfl_loss  Instances       Size
                   all        444      11487      0.528      0.441      0.401       0.25

      Epoch    GPU_mem   box_loss   cls_loss   dfl_loss  Instances       Size
                   all        444      11487      0.534      0.442      0.405      0.252

      Epoch    GPU_mem   box_loss   cls_loss   dfl_loss  Instances       Size
                   all        444      11487      0.527      0.443      0.403       0.25

      Epoch    GPU_mem   box_loss   cls_loss   dfl_loss  Instances       Size
                   all        444      11487      0.525      0.445      0.401      0.249

      Epoch    GPU_mem   box_loss   cls_loss   dfl_loss  Instances       Size
                   all        444      11487      0.524      0.444      0.402      0.249

      Epoch    GPU_mem   box_loss   cls_loss   dfl_loss  Instances       Size
                   all        444      11487      0.521      0.448        0.4      0.248

      Epoch    GPU_mem   box_loss   cls_loss   dfl_loss  Instances       Size
                   all        444      11487      0.528      0.442        0.4      0.248

      Epoch    GPU_mem   box_loss   cls_loss   dfl_loss  Instances       Size
                   all        444      11487      0.527      0.443      0.401      0.249

      Epoch    GPU_mem   box_loss   cls_loss   dfl_loss  Instances       Size
                   all        444      11487      0.526      0.444      0.403       0.25

      Epoch    GPU_mem   box_loss   cls_loss   dfl_loss  Instances       Size
                   all        444      11487      0.526      0.442      0.402       0.25

      Epoch    GPU_mem   box_loss   cls_loss   dfl_loss  Instances       Size
                   all        444      11487      0.523      0.447      0.401      0.249

      Epoch    GPU_mem   box_loss   cls_loss   dfl_loss  Instances       Size
                   all        444      11487      0.524      0.448      0.402       0.25

      Epoch    GPU_mem   box_loss   cls_loss   dfl_loss  Instances       Size
                   all        444      11487      0.526      0.447      0.402       0.25

      Epoch    GPU_mem   box_loss   cls_loss   dfl_loss  Instances       Size
                   all        444      11487      0.521       0.45      0.401      0.249

      Epoch    GPU_mem   box_loss   cls_loss   dfl_loss  Instances       Size
                   all        444      11487      0.522      0.447        0.4      0.249

      Epoch    GPU_mem   box_loss   cls_loss   dfl_loss  Instances       Size
                   all        444      11487      0.521      0.445        0.4      0.248

      Epoch    GPU_mem   box_loss   cls_loss   dfl_loss  Instances       Size
                   all        444      11487       0.52      0.447        0.4      0.249

      Epoch    GPU_mem   box_loss   cls_loss   dfl_loss  Instances       Size
                   all        444      11487      0.525      0.445      0.401      0.249

      Epoch    GPU_mem   box_loss   cls_loss   dfl_loss  Instances       Size
                   all        444      11487      0.527      0.443      0.401      0.249

      Epoch    GPU_mem   box_loss   cls_loss   dfl_loss  Instances       Size
                   all        444      11487      0.527      0.442      0.399      0.248

      Epoch    GPU_mem   box_loss   cls_loss   dfl_loss  Instances       Size
                   all        444      11487      0.527       0.44        0.4      0.248

      Epoch    GPU_mem   box_loss   cls_loss   dfl_loss  Instances       Size
                   all        444      11487      0.529       0.44      0.399      0.249

      Epoch    GPU_mem   box_loss   cls_loss   dfl_loss  Instances       Size
                   all        444      11487      0.528      0.442      0.401      0.249

      Epoch    GPU_mem   box_loss   cls_loss   dfl_loss  Instances       Size
                   all        444      11487      0.529      0.443      0.401       0.25

      Epoch    GPU_mem   box_loss   cls_loss   dfl_loss  Instances       Size
                   all        444      11487       0.53      0.442        0.4      0.249

      Epoch    GPU_mem   box_loss   cls_loss   dfl_loss  Instances       Size
                   all        444      11487      0.528      0.442      0.401      0.249

      Epoch    GPU_mem   box_loss   cls_loss   dfl_loss  Instances       Size
                   all        444      11487      0.528      0.443      0.401      0.249

      Epoch    GPU_mem   box_loss   cls_loss   dfl_loss  Instances       Size
                   all        444      11487      0.529      0.441      0.401      0.249

      Epoch    GPU_mem   box_loss   cls_loss   dfl_loss  Instances       Size
                   all        444      11487       0.53      0.442        0.4      0.248

200 epochs completed in 2.075 hours.
Optimizer stripped from yolo/pure_box/img512_ep200_yolo11m/weights/last.pt, 40.5MB
Optimizer stripped from yolo/pure_box/img512_ep200_yolo11m/weights/best.pt, 40.5MB

Validating yolo/pure_box/img512_ep200_yolo11m/weights/best.pt...
Ultralytics 8.3.88 🚀 Python-3.10.12 torch-2.6.0+cu124 CUDA:0 (NVIDIA A100 80GB PCIe, 81154MiB)
YOLO11m summary (fused): 125 layers, 20,031,574 parameters, 0 gradients, 67.7 GFLOPs
                   all        444      11487      0.529      0.453      0.424      0.264
            lymphocyte        375       7293       0.66      0.539      0.551      0.353
              monocyte        400       4194      0.399      0.366      0.298      0.175
Speed: 0.4ms preprocess, 1.5ms inference, 0.0ms loss, 2.1ms postprocess per image
Results saved to [1myolo/pure_box/img512_ep200_yolo11m[0m

Validating yolo with iou=0.7
Ultralytics 8.3.88 🚀 Python-3.10.12 torch-2.6.0+cu124 CUDA:0 (NVIDIA A100 80GB PCIe, 81154MiB)
YOLO11m summary (fused): 125 layers, 20,031,574 parameters, 0 gradients, 67.7 GFLOPs
                   all        444      11487      0.527      0.443        0.4      0.248
            lymphocyte        375       7293      0.627      0.556      0.533      0.341
              monocyte        400       4194      0.427      0.331      0.267      0.155
Speed: 0.7ms preprocess, 2.5ms inference, 0.0ms loss, 1.4ms postprocess per image
Results saved to [1myolo/pure_box/img512_ep200_yolo11m/iou0.7[0m

Validating yolo with iou=0.3
Ultralytics 8.3.88 🚀 Python-3.10.12 torch-2.6.0+cu124 CUDA:0 (NVIDIA A100 80GB PCIe, 81154MiB)
                   all        444      11487      0.533      0.442      0.412      0.259
            lymphocyte        375       7293      0.632      0.554      0.547      0.354
              monocyte        400       4194      0.433      0.329      0.277      0.163
Speed: 0.8ms preprocess, 2.3ms inference, 0.0ms loss, 1.4ms postprocess per image
Results saved to [1myolo/pure_box/img512_ep200_yolo11m/iou0.3[0m

Validating yolo with iou=0.1
Ultralytics 8.3.88 🚀 Python-3.10.12 torch-2.6.0+cu124 CUDA:0 (NVIDIA A100 80GB PCIe, 81154MiB)
                   all        444      11487      0.534      0.441      0.415      0.263
            lymphocyte        375       7293      0.632      0.554      0.549      0.359
              monocyte        400       4194      0.435      0.329      0.281      0.166
Speed: 0.9ms preprocess, 2.4ms inference, 0.0ms loss, 1.5ms postprocess per image
Results saved to [1myolo/pure_box/img512_ep200_yolo11m/iou0.1[0m
