Tue Mar 18 12:12:44 2025       
+-----------------------------------------------------------------------------------------+
| NVIDIA-SMI 570.124.06             Driver Version: 570.124.06     CUDA Version: 12.8     |
|-----------------------------------------+------------------------+----------------------+
| GPU  Name                 Persistence-M | Bus-Id          Disp.A | Volatile Uncorr. ECC |
| Fan  Temp   Perf          Pwr:Usage/Cap |           Memory-Usage | GPU-Util  Compute M. |
|                                         |                        |               MIG M. |
|=========================================+========================+======================|
|   0  Tesla P100-PCIE-16GB           On  |   00000000:0B:00.0 Off |                    0 |
| N/A   26C    P0             24W /  250W |       0MiB /  16384MiB |      0%      Default |
|                                         |                        |                  N/A |
+-----------------------------------------+------------------------+----------------------+
                                                                                         
+-----------------------------------------------------------------------------------------+
| Processes:                                                                              |
|  GPU   GI   CI              PID   Type   Process name                        GPU Memory |
|        ID   ID                                                               Usage      |
|=========================================================================================|
|  No running processes found                                                             |
+-----------------------------------------------------------------------------------------+
Downloading https://github.com/ultralytics/assets/releases/download/v8.3.0/yolo11x.pt to 'yolo11x.pt'...
New https://pypi.org/project/ultralytics/8.3.92 available 😃 Update with 'pip install -U ultralytics'
Ultralytics 8.3.88 🚀 Python-3.10.12 torch-2.6.0+cu124 CUDA:0 (Tesla P100-PCIE-16GB, 16269MiB)
[34m[1mengine/trainer: [0mtask=detect, mode=train, model=yolo11x.pt, data=data/pas-cpg256/dataset.yaml, epochs=200, time=None, patience=100, batch=16, imgsz=256, save=True, save_period=-1, cache=False, device=None, workers=0, project=yolo/yolo11x, name=img256_ep200, exist_ok=False, pretrained=True, optimizer=auto, verbose=True, seed=0, deterministic=True, single_cls=False, rect=False, cos_lr=True, close_mosaic=10, resume=False, amp=True, fraction=1.0, profile=False, freeze=None, multi_scale=False, overlap_mask=True, mask_ratio=4, dropout=0.0, val=True, split=val, save_json=False, save_hybrid=False, conf=None, iou=0.7, max_det=300, half=False, dnn=False, plots=True, source=None, vid_stride=1, stream_buffer=False, visualize=False, augment=False, agnostic_nms=False, classes=None, retina_masks=False, embed=None, show=False, save_frames=False, save_txt=False, save_conf=False, save_crop=False, show_labels=True, show_conf=True, show_boxes=True, line_width=None, format=torchscript, keras=False, optimize=False, int8=False, dynamic=False, simplify=True, opset=None, workspace=None, nms=False, lr0=0.01, lrf=0.01, momentum=0.937, weight_decay=0.0005, warmup_epochs=3.0, warmup_momentum=0.8, warmup_bias_lr=0.1, box=7.5, cls=0.5, dfl=1.5, pose=12.0, kobj=1.0, nbs=64, hsv_h=0.015, hsv_s=0.7, hsv_v=0.4, degrees=0.0, translate=0.1, scale=0.5, shear=0.0, perspective=0.0, flipud=0.0, fliplr=0.5, bgr=0.0, mosaic=1.0, mixup=0.0, copy_paste=0.0, copy_paste_mode=flip, auto_augment=randaugment, erasing=0.4, crop_fraction=1.0, cfg=None, tracker=botsort.yaml, save_dir=yolo/yolo11x/img256_ep200
Overriding model.yaml nc=80 with nc=2

                   from  n    params  module                                       arguments                     
  0                  -1  1      2784  ultralytics.nn.modules.conv.Conv             [3, 96, 3, 2]                 
  1                  -1  1    166272  ultralytics.nn.modules.conv.Conv             [96, 192, 3, 2]               
  2                  -1  2    389760  ultralytics.nn.modules.block.C3k2            [192, 384, 2, True, 0.25]     
  3                  -1  1   1327872  ultralytics.nn.modules.conv.Conv             [384, 384, 3, 2]              
  4                  -1  2   1553664  ultralytics.nn.modules.block.C3k2            [384, 768, 2, True, 0.25]     
  5                  -1  1   5309952  ultralytics.nn.modules.conv.Conv             [768, 768, 3, 2]              
  6                  -1  2   5022720  ultralytics.nn.modules.block.C3k2            [768, 768, 2, True]           
  7                  -1  1   5309952  ultralytics.nn.modules.conv.Conv             [768, 768, 3, 2]              
  8                  -1  2   5022720  ultralytics.nn.modules.block.C3k2            [768, 768, 2, True]           
  9                  -1  1   1476864  ultralytics.nn.modules.block.SPPF            [768, 768, 5]                 
 10                  -1  2   3264768  ultralytics.nn.modules.block.C2PSA           [768, 768, 2]                 
 11                  -1  1         0  torch.nn.modules.upsampling.Upsample         [None, 2, 'nearest']          
 12             [-1, 6]  1         0  ultralytics.nn.modules.conv.Concat           [1]                           
 13                  -1  2   5612544  ultralytics.nn.modules.block.C3k2            [1536, 768, 2, True]          
 14                  -1  1         0  torch.nn.modules.upsampling.Upsample         [None, 2, 'nearest']          
 15             [-1, 4]  1         0  ultralytics.nn.modules.conv.Concat           [1]                           
 16                  -1  2   1700352  ultralytics.nn.modules.block.C3k2            [1536, 384, 2, True]          
 17                  -1  1   1327872  ultralytics.nn.modules.conv.Conv             [384, 384, 3, 2]              
 18            [-1, 13]  1         0  ultralytics.nn.modules.conv.Concat           [1]                           
 19                  -1  2   5317632  ultralytics.nn.modules.block.C3k2            [1152, 768, 2, True]          
 20                  -1  1   5309952  ultralytics.nn.modules.conv.Conv             [768, 768, 3, 2]              
 21            [-1, 10]  1         0  ultralytics.nn.modules.conv.Concat           [1]                           
 22                  -1  2   5612544  ultralytics.nn.modules.block.C3k2            [1536, 768, 2, True]          
 23        [16, 19, 22]  1   3147862  ultralytics.nn.modules.head.Detect           [2, [384, 768, 768]]          
YOLO11x summary: 357 layers, 56,876,086 parameters, 56,876,070 gradients, 195.5 GFLOPs

Transferred 1009/1015 items from pretrained weights
Freezing layer 'model.23.dfl.conv.weight'
[34m[1mAMP: [0mrunning Automatic Mixed Precision (AMP) checks...
[34m[1mAMP: [0mchecks passed ✅
[34m[1mtrain: [0mNew cache created: /home/tupystep/monkey_challenge/data/pas-cpg256/labels.cache
[34m[1mval: [0mNew cache created: /home/tupystep/monkey_challenge/data/pas-cpg256/labels.cache
Plotting labels to yolo/yolo11x/img256_ep200/labels.jpg... 
[34m[1moptimizer:[0m 'optimizer=auto' found, ignoring 'lr0=0.01' and 'momentum=0.937' and determining best 'optimizer', 'lr0' and 'momentum' automatically... 
[34m[1moptimizer:[0m SGD(lr=0.01, momentum=0.9) with parameter groups 167 weight(decay=0.0), 174 weight(decay=0.0005), 173 bias(decay=0.0)
Image sizes 256 train, 256 val
Using 0 dataloader workers
Logging results to [1myolo/yolo11x/img256_ep200[0m
Starting training for 200 epochs...

      Epoch    GPU_mem   box_loss   cls_loss   dfl_loss  Instances       Size
                   all       1125       6901      0.393      0.563      0.438      0.241

      Epoch    GPU_mem   box_loss   cls_loss   dfl_loss  Instances       Size
                   all       1125       6901      0.376      0.512      0.418      0.224

      Epoch    GPU_mem   box_loss   cls_loss   dfl_loss  Instances       Size
                   all       1125       6901      0.279      0.431      0.282     0.0704

      Epoch    GPU_mem   box_loss   cls_loss   dfl_loss  Instances       Size
                   all       1125       6901      0.265      0.265      0.202     0.0572

      Epoch    GPU_mem   box_loss   cls_loss   dfl_loss  Instances       Size
                   all       1125       6901      0.378      0.528      0.416      0.218

      Epoch    GPU_mem   box_loss   cls_loss   dfl_loss  Instances       Size
                   all       1125       6901      0.318      0.563      0.416      0.226

      Epoch    GPU_mem   box_loss   cls_loss   dfl_loss  Instances       Size
                   all       1125       6901      0.381      0.581      0.459       0.22

      Epoch    GPU_mem   box_loss   cls_loss   dfl_loss  Instances       Size
                   all       1125       6901      0.417      0.551      0.467      0.273

      Epoch    GPU_mem   box_loss   cls_loss   dfl_loss  Instances       Size
                   all       1125       6901      0.372      0.548      0.431      0.245

      Epoch    GPU_mem   box_loss   cls_loss   dfl_loss  Instances       Size
                   all       1125       6901       0.39      0.597      0.477      0.278

      Epoch    GPU_mem   box_loss   cls_loss   dfl_loss  Instances       Size
                   all       1125       6901      0.424      0.567      0.477      0.248

      Epoch    GPU_mem   box_loss   cls_loss   dfl_loss  Instances       Size
                   all       1125       6901      0.399      0.572      0.474      0.258

      Epoch    GPU_mem   box_loss   cls_loss   dfl_loss  Instances       Size
                   all       1125       6901       0.43      0.563      0.453      0.245

      Epoch    GPU_mem   box_loss   cls_loss   dfl_loss  Instances       Size
                   all       1125       6901      0.408      0.571      0.488       0.28

      Epoch    GPU_mem   box_loss   cls_loss   dfl_loss  Instances       Size
                   all       1125       6901      0.445      0.568      0.491      0.295

      Epoch    GPU_mem   box_loss   cls_loss   dfl_loss  Instances       Size
                   all       1125       6901      0.433      0.588      0.506      0.278

      Epoch    GPU_mem   box_loss   cls_loss   dfl_loss  Instances       Size
                   all       1125       6901      0.452      0.581      0.506      0.309

      Epoch    GPU_mem   box_loss   cls_loss   dfl_loss  Instances       Size
                   all       1125       6901      0.459      0.581      0.514       0.31

      Epoch    GPU_mem   box_loss   cls_loss   dfl_loss  Instances       Size
                   all       1125       6901      0.449      0.584       0.51      0.306

      Epoch    GPU_mem   box_loss   cls_loss   dfl_loss  Instances       Size
                   all       1125       6901      0.458      0.584      0.516      0.292

      Epoch    GPU_mem   box_loss   cls_loss   dfl_loss  Instances       Size
                   all       1125       6901      0.439      0.607      0.523      0.325

      Epoch    GPU_mem   box_loss   cls_loss   dfl_loss  Instances       Size
                   all       1125       6901      0.472      0.582      0.519      0.311

      Epoch    GPU_mem   box_loss   cls_loss   dfl_loss  Instances       Size
                   all       1125       6901      0.451      0.589      0.513      0.286

      Epoch    GPU_mem   box_loss   cls_loss   dfl_loss  Instances       Size
                   all       1125       6901      0.468      0.557      0.508      0.305

      Epoch    GPU_mem   box_loss   cls_loss   dfl_loss  Instances       Size
                   all       1125       6901      0.465      0.587      0.514      0.282

      Epoch    GPU_mem   box_loss   cls_loss   dfl_loss  Instances       Size
                   all       1125       6901       0.47      0.602      0.538      0.321

      Epoch    GPU_mem   box_loss   cls_loss   dfl_loss  Instances       Size
                   all       1125       6901       0.48      0.595      0.533      0.314

      Epoch    GPU_mem   box_loss   cls_loss   dfl_loss  Instances       Size
                   all       1125       6901      0.485      0.593      0.546      0.327

      Epoch    GPU_mem   box_loss   cls_loss   dfl_loss  Instances       Size
                   all       1125       6901      0.473      0.602      0.543       0.33

      Epoch    GPU_mem   box_loss   cls_loss   dfl_loss  Instances       Size
                   all       1125       6901      0.481      0.583      0.533      0.281

      Epoch    GPU_mem   box_loss   cls_loss   dfl_loss  Instances       Size
                   all       1125       6901      0.498      0.594      0.555      0.318

      Epoch    GPU_mem   box_loss   cls_loss   dfl_loss  Instances       Size
                   all       1125       6901      0.482      0.582      0.534      0.295

      Epoch    GPU_mem   box_loss   cls_loss   dfl_loss  Instances       Size
                   all       1125       6901      0.478      0.599      0.541      0.306

      Epoch    GPU_mem   box_loss   cls_loss   dfl_loss  Instances       Size
                   all       1125       6901       0.49       0.59      0.555      0.322

      Epoch    GPU_mem   box_loss   cls_loss   dfl_loss  Instances       Size
                   all       1125       6901      0.491      0.605      0.545      0.312

      Epoch    GPU_mem   box_loss   cls_loss   dfl_loss  Instances       Size
                   all       1125       6901      0.507      0.602      0.556      0.323

      Epoch    GPU_mem   box_loss   cls_loss   dfl_loss  Instances       Size
                   all       1125       6901      0.499      0.608      0.556      0.317

      Epoch    GPU_mem   box_loss   cls_loss   dfl_loss  Instances       Size
                   all       1125       6901      0.494      0.616      0.564      0.336

      Epoch    GPU_mem   box_loss   cls_loss   dfl_loss  Instances       Size
                   all       1125       6901      0.497      0.614      0.561      0.339

      Epoch    GPU_mem   box_loss   cls_loss   dfl_loss  Instances       Size
                   all       1125       6901      0.496      0.594      0.549      0.308

      Epoch    GPU_mem   box_loss   cls_loss   dfl_loss  Instances       Size
                   all       1125       6901      0.503      0.602      0.558      0.324

      Epoch    GPU_mem   box_loss   cls_loss   dfl_loss  Instances       Size
                   all       1125       6901      0.508      0.612      0.568      0.331

      Epoch    GPU_mem   box_loss   cls_loss   dfl_loss  Instances       Size
                   all       1125       6901      0.486      0.596      0.554      0.319

      Epoch    GPU_mem   box_loss   cls_loss   dfl_loss  Instances       Size
                   all       1125       6901       0.51      0.612      0.566       0.33

      Epoch    GPU_mem   box_loss   cls_loss   dfl_loss  Instances       Size
                   all       1125       6901      0.509      0.604      0.567      0.318

      Epoch    GPU_mem   box_loss   cls_loss   dfl_loss  Instances       Size
                   all       1125       6901       0.51      0.608      0.571      0.334

      Epoch    GPU_mem   box_loss   cls_loss   dfl_loss  Instances       Size
                   all       1125       6901      0.508      0.625      0.574      0.338

      Epoch    GPU_mem   box_loss   cls_loss   dfl_loss  Instances       Size
                   all       1125       6901      0.516      0.603      0.571      0.331

      Epoch    GPU_mem   box_loss   cls_loss   dfl_loss  Instances       Size
                   all       1125       6901      0.508      0.616       0.58      0.339

      Epoch    GPU_mem   box_loss   cls_loss   dfl_loss  Instances       Size
                   all       1125       6901      0.516      0.612      0.576      0.342

      Epoch    GPU_mem   box_loss   cls_loss   dfl_loss  Instances       Size
                   all       1125       6901      0.515      0.612       0.58      0.347

      Epoch    GPU_mem   box_loss   cls_loss   dfl_loss  Instances       Size
                   all       1125       6901      0.529      0.603      0.586      0.344

      Epoch    GPU_mem   box_loss   cls_loss   dfl_loss  Instances       Size
                   all       1125       6901       0.52      0.614      0.585      0.345

      Epoch    GPU_mem   box_loss   cls_loss   dfl_loss  Instances       Size
                   all       1125       6901      0.508      0.621      0.584      0.326

      Epoch    GPU_mem   box_loss   cls_loss   dfl_loss  Instances       Size
                   all       1125       6901      0.518      0.615      0.582      0.336

      Epoch    GPU_mem   box_loss   cls_loss   dfl_loss  Instances       Size
                   all       1125       6901      0.513      0.617      0.581      0.338

      Epoch    GPU_mem   box_loss   cls_loss   dfl_loss  Instances       Size
                   all       1125       6901      0.521      0.605      0.584      0.336

      Epoch    GPU_mem   box_loss   cls_loss   dfl_loss  Instances       Size
                   all       1125       6901      0.524      0.616      0.591       0.35

      Epoch    GPU_mem   box_loss   cls_loss   dfl_loss  Instances       Size
                   all       1125       6901      0.525      0.627      0.592      0.354

      Epoch    GPU_mem   box_loss   cls_loss   dfl_loss  Instances       Size
                   all       1125       6901      0.538      0.598      0.589      0.349

      Epoch    GPU_mem   box_loss   cls_loss   dfl_loss  Instances       Size
                   all       1125       6901       0.53      0.598      0.581       0.33

      Epoch    GPU_mem   box_loss   cls_loss   dfl_loss  Instances       Size
                   all       1125       6901      0.527      0.618      0.585       0.34

      Epoch    GPU_mem   box_loss   cls_loss   dfl_loss  Instances       Size
                   all       1125       6901      0.531      0.624      0.595      0.351

      Epoch    GPU_mem   box_loss   cls_loss   dfl_loss  Instances       Size
                   all       1125       6901      0.541      0.614      0.598      0.358

      Epoch    GPU_mem   box_loss   cls_loss   dfl_loss  Instances       Size
                   all       1125       6901      0.534       0.62      0.599      0.357

      Epoch    GPU_mem   box_loss   cls_loss   dfl_loss  Instances       Size
                   all       1125       6901      0.539       0.62        0.6      0.362

      Epoch    GPU_mem   box_loss   cls_loss   dfl_loss  Instances       Size
                   all       1125       6901      0.538      0.621        0.6      0.363

      Epoch    GPU_mem   box_loss   cls_loss   dfl_loss  Instances       Size
                   all       1125       6901      0.543       0.62        0.6      0.364

      Epoch    GPU_mem   box_loss   cls_loss   dfl_loss  Instances       Size
                   all       1125       6901      0.533      0.627      0.602      0.358

      Epoch    GPU_mem   box_loss   cls_loss   dfl_loss  Instances       Size
                   all       1125       6901      0.542      0.618      0.602      0.364

      Epoch    GPU_mem   box_loss   cls_loss   dfl_loss  Instances       Size
                   all       1125       6901      0.535      0.624      0.601      0.371

      Epoch    GPU_mem   box_loss   cls_loss   dfl_loss  Instances       Size
                   all       1125       6901      0.541       0.62      0.604      0.373

      Epoch    GPU_mem   box_loss   cls_loss   dfl_loss  Instances       Size
                   all       1125       6901      0.546      0.617      0.603      0.365

      Epoch    GPU_mem   box_loss   cls_loss   dfl_loss  Instances       Size
                   all       1125       6901      0.537      0.626      0.603      0.364

      Epoch    GPU_mem   box_loss   cls_loss   dfl_loss  Instances       Size
                   all       1125       6901      0.541      0.613      0.601      0.357

      Epoch    GPU_mem   box_loss   cls_loss   dfl_loss  Instances       Size
                   all       1125       6901      0.542       0.62      0.603      0.356

      Epoch    GPU_mem   box_loss   cls_loss   dfl_loss  Instances       Size
                   all       1125       6901      0.544      0.621      0.603      0.357

      Epoch    GPU_mem   box_loss   cls_loss   dfl_loss  Instances       Size
                   all       1125       6901      0.537      0.625      0.605      0.361

      Epoch    GPU_mem   box_loss   cls_loss   dfl_loss  Instances       Size
                   all       1125       6901      0.542      0.619      0.606      0.366

      Epoch    GPU_mem   box_loss   cls_loss   dfl_loss  Instances       Size
                   all       1125       6901       0.55      0.616      0.611      0.371

      Epoch    GPU_mem   box_loss   cls_loss   dfl_loss  Instances       Size
                   all       1125       6901      0.552      0.619      0.611      0.373

      Epoch    GPU_mem   box_loss   cls_loss   dfl_loss  Instances       Size
                   all       1125       6901      0.547      0.632      0.612      0.375

      Epoch    GPU_mem   box_loss   cls_loss   dfl_loss  Instances       Size
                   all       1125       6901      0.552      0.626      0.614      0.376

      Epoch    GPU_mem   box_loss   cls_loss   dfl_loss  Instances       Size
                   all       1125       6901      0.551      0.623      0.614      0.375

      Epoch    GPU_mem   box_loss   cls_loss   dfl_loss  Instances       Size
                   all       1125       6901      0.549      0.631      0.614      0.374

      Epoch    GPU_mem   box_loss   cls_loss   dfl_loss  Instances       Size
                   all       1125       6901      0.557       0.62      0.614      0.375

      Epoch    GPU_mem   box_loss   cls_loss   dfl_loss  Instances       Size
                   all       1125       6901      0.555      0.618      0.613      0.374

      Epoch    GPU_mem   box_loss   cls_loss   dfl_loss  Instances       Size
                   all       1125       6901      0.552      0.623      0.613      0.373

      Epoch    GPU_mem   box_loss   cls_loss   dfl_loss  Instances       Size
                   all       1125       6901      0.547      0.629      0.613      0.371

      Epoch    GPU_mem   box_loss   cls_loss   dfl_loss  Instances       Size
                   all       1125       6901      0.549       0.63      0.613       0.37

      Epoch    GPU_mem   box_loss   cls_loss   dfl_loss  Instances       Size
                   all       1125       6901      0.542      0.635      0.612       0.37

      Epoch    GPU_mem   box_loss   cls_loss   dfl_loss  Instances       Size
                   all       1125       6901      0.545      0.634      0.613      0.371

      Epoch    GPU_mem   box_loss   cls_loss   dfl_loss  Instances       Size
                   all       1125       6901      0.548      0.632      0.613       0.37

      Epoch    GPU_mem   box_loss   cls_loss   dfl_loss  Instances       Size
                   all       1125       6901       0.55      0.629      0.613       0.37

      Epoch    GPU_mem   box_loss   cls_loss   dfl_loss  Instances       Size
                   all       1125       6901      0.549      0.629      0.614      0.371

      Epoch    GPU_mem   box_loss   cls_loss   dfl_loss  Instances       Size
                   all       1125       6901      0.549      0.628      0.614      0.371

      Epoch    GPU_mem   box_loss   cls_loss   dfl_loss  Instances       Size
                   all       1125       6901      0.549      0.635      0.615      0.373

      Epoch    GPU_mem   box_loss   cls_loss   dfl_loss  Instances       Size
                   all       1125       6901      0.549      0.637      0.616      0.374

      Epoch    GPU_mem   box_loss   cls_loss   dfl_loss  Instances       Size
                   all       1125       6901      0.551      0.634      0.616      0.376

      Epoch    GPU_mem   box_loss   cls_loss   dfl_loss  Instances       Size
                   all       1125       6901      0.548       0.64      0.617      0.378

      Epoch    GPU_mem   box_loss   cls_loss   dfl_loss  Instances       Size
                   all       1125       6901      0.551      0.634      0.617      0.378

      Epoch    GPU_mem   box_loss   cls_loss   dfl_loss  Instances       Size
                   all       1125       6901      0.548       0.64      0.618      0.379

      Epoch    GPU_mem   box_loss   cls_loss   dfl_loss  Instances       Size
                   all       1125       6901      0.549      0.638      0.618       0.38

      Epoch    GPU_mem   box_loss   cls_loss   dfl_loss  Instances       Size
                   all       1125       6901      0.553      0.634      0.619      0.381

      Epoch    GPU_mem   box_loss   cls_loss   dfl_loss  Instances       Size
                   all       1125       6901      0.551      0.638       0.62      0.381

      Epoch    GPU_mem   box_loss   cls_loss   dfl_loss  Instances       Size
                   all       1125       6901      0.554      0.632       0.62      0.381

      Epoch    GPU_mem   box_loss   cls_loss   dfl_loss  Instances       Size
                   all       1125       6901      0.553      0.633       0.62      0.382

      Epoch    GPU_mem   box_loss   cls_loss   dfl_loss  Instances       Size
                   all       1125       6901      0.551      0.635       0.62      0.381

      Epoch    GPU_mem   box_loss   cls_loss   dfl_loss  Instances       Size
                   all       1125       6901      0.553      0.634       0.62      0.382

      Epoch    GPU_mem   box_loss   cls_loss   dfl_loss  Instances       Size
                   all       1125       6901      0.553      0.631       0.62      0.382

      Epoch    GPU_mem   box_loss   cls_loss   dfl_loss  Instances       Size
                   all       1125       6901      0.552      0.634      0.621      0.383

      Epoch    GPU_mem   box_loss   cls_loss   dfl_loss  Instances       Size
                   all       1125       6901      0.552      0.635      0.621      0.382

      Epoch    GPU_mem   box_loss   cls_loss   dfl_loss  Instances       Size
                   all       1125       6901       0.55      0.636      0.621      0.382

      Epoch    GPU_mem   box_loss   cls_loss   dfl_loss  Instances       Size
                   all       1125       6901       0.55      0.638      0.622      0.383

      Epoch    GPU_mem   box_loss   cls_loss   dfl_loss  Instances       Size
                   all       1125       6901      0.552      0.636      0.622      0.383

      Epoch    GPU_mem   box_loss   cls_loss   dfl_loss  Instances       Size
                   all       1125       6901      0.553      0.637      0.622      0.384

      Epoch    GPU_mem   box_loss   cls_loss   dfl_loss  Instances       Size
                   all       1125       6901      0.551      0.641      0.623      0.384

      Epoch    GPU_mem   box_loss   cls_loss   dfl_loss  Instances       Size
                   all       1125       6901      0.553       0.64      0.623      0.384

      Epoch    GPU_mem   box_loss   cls_loss   dfl_loss  Instances       Size
                   all       1125       6901      0.553      0.638      0.623      0.385

      Epoch    GPU_mem   box_loss   cls_loss   dfl_loss  Instances       Size
                   all       1125       6901      0.553      0.642      0.623      0.385

      Epoch    GPU_mem   box_loss   cls_loss   dfl_loss  Instances       Size
                   all       1125       6901      0.551      0.644      0.623      0.385

      Epoch    GPU_mem   box_loss   cls_loss   dfl_loss  Instances       Size
                   all       1125       6901      0.553      0.643      0.624      0.385

      Epoch    GPU_mem   box_loss   cls_loss   dfl_loss  Instances       Size
                   all       1125       6901      0.553      0.643      0.624      0.385

      Epoch    GPU_mem   box_loss   cls_loss   dfl_loss  Instances       Size
                   all       1125       6901      0.553      0.642      0.624      0.385

      Epoch    GPU_mem   box_loss   cls_loss   dfl_loss  Instances       Size
                   all       1125       6901      0.554       0.64      0.624      0.385

      Epoch    GPU_mem   box_loss   cls_loss   dfl_loss  Instances       Size
                   all       1125       6901      0.555       0.64      0.624      0.385

      Epoch    GPU_mem   box_loss   cls_loss   dfl_loss  Instances       Size
                   all       1125       6901      0.556      0.639      0.625      0.385

      Epoch    GPU_mem   box_loss   cls_loss   dfl_loss  Instances       Size
                   all       1125       6901      0.555      0.639      0.625      0.385

      Epoch    GPU_mem   box_loss   cls_loss   dfl_loss  Instances       Size
                   all       1125       6901      0.556      0.637      0.625      0.385

      Epoch    GPU_mem   box_loss   cls_loss   dfl_loss  Instances       Size
                   all       1125       6901      0.556      0.637      0.625      0.385

      Epoch    GPU_mem   box_loss   cls_loss   dfl_loss  Instances       Size
                   all       1125       6901      0.556      0.637      0.626      0.385

      Epoch    GPU_mem   box_loss   cls_loss   dfl_loss  Instances       Size
                   all       1125       6901      0.556      0.639      0.626      0.385

      Epoch    GPU_mem   box_loss   cls_loss   dfl_loss  Instances       Size
                   all       1125       6901      0.557       0.64      0.626      0.385

      Epoch    GPU_mem   box_loss   cls_loss   dfl_loss  Instances       Size
                   all       1125       6901      0.555      0.643      0.626      0.385

      Epoch    GPU_mem   box_loss   cls_loss   dfl_loss  Instances       Size
                   all       1125       6901      0.555      0.643      0.626      0.385

      Epoch    GPU_mem   box_loss   cls_loss   dfl_loss  Instances       Size
                   all       1125       6901      0.554      0.643      0.626      0.386

      Epoch    GPU_mem   box_loss   cls_loss   dfl_loss  Instances       Size
                   all       1125       6901      0.557      0.641      0.627      0.386

      Epoch    GPU_mem   box_loss   cls_loss   dfl_loss  Instances       Size
                   all       1125       6901      0.556      0.641      0.626      0.386

      Epoch    GPU_mem   box_loss   cls_loss   dfl_loss  Instances       Size
                   all       1125       6901      0.556      0.642      0.626      0.386

      Epoch    GPU_mem   box_loss   cls_loss   dfl_loss  Instances       Size
                   all       1125       6901      0.557      0.641      0.627      0.386

      Epoch    GPU_mem   box_loss   cls_loss   dfl_loss  Instances       Size
                   all       1125       6901      0.557       0.64      0.627      0.386

      Epoch    GPU_mem   box_loss   cls_loss   dfl_loss  Instances       Size
                   all       1125       6901      0.559      0.639      0.627      0.386

      Epoch    GPU_mem   box_loss   cls_loss   dfl_loss  Instances       Size
                   all       1125       6901       0.56      0.638      0.627      0.386

      Epoch    GPU_mem   box_loss   cls_loss   dfl_loss  Instances       Size
                   all       1125       6901      0.559      0.637      0.627      0.386

      Epoch    GPU_mem   box_loss   cls_loss   dfl_loss  Instances       Size
                   all       1125       6901      0.559      0.638      0.627      0.386

      Epoch    GPU_mem   box_loss   cls_loss   dfl_loss  Instances       Size
                   all       1125       6901       0.56      0.638      0.627      0.386

      Epoch    GPU_mem   box_loss   cls_loss   dfl_loss  Instances       Size
                   all       1125       6901      0.561      0.638      0.627      0.386

      Epoch    GPU_mem   box_loss   cls_loss   dfl_loss  Instances       Size
                   all       1125       6901      0.561      0.636      0.627      0.386

      Epoch    GPU_mem   box_loss   cls_loss   dfl_loss  Instances       Size
                   all       1125       6901      0.559      0.639      0.627      0.386

      Epoch    GPU_mem   box_loss   cls_loss   dfl_loss  Instances       Size
                   all       1125       6901      0.561      0.636      0.627      0.386

      Epoch    GPU_mem   box_loss   cls_loss   dfl_loss  Instances       Size
                   all       1125       6901      0.559      0.638      0.627      0.386

      Epoch    GPU_mem   box_loss   cls_loss   dfl_loss  Instances       Size
                   all       1125       6901      0.558      0.639      0.628      0.386

      Epoch    GPU_mem   box_loss   cls_loss   dfl_loss  Instances       Size
                   all       1125       6901       0.56      0.636      0.628      0.386

      Epoch    GPU_mem   box_loss   cls_loss   dfl_loss  Instances       Size
                   all       1125       6901      0.567       0.63      0.628      0.386

      Epoch    GPU_mem   box_loss   cls_loss   dfl_loss  Instances       Size
                   all       1125       6901      0.568      0.629      0.628      0.386

      Epoch    GPU_mem   box_loss   cls_loss   dfl_loss  Instances       Size
                   all       1125       6901      0.569      0.629      0.628      0.387

      Epoch    GPU_mem   box_loss   cls_loss   dfl_loss  Instances       Size
                   all       1125       6901      0.569      0.629      0.628      0.387

      Epoch    GPU_mem   box_loss   cls_loss   dfl_loss  Instances       Size
                   all       1125       6901      0.571      0.628      0.628      0.387

      Epoch    GPU_mem   box_loss   cls_loss   dfl_loss  Instances       Size
                   all       1125       6901      0.569      0.628      0.628      0.387

      Epoch    GPU_mem   box_loss   cls_loss   dfl_loss  Instances       Size
                   all       1125       6901      0.568       0.63      0.628      0.387

      Epoch    GPU_mem   box_loss   cls_loss   dfl_loss  Instances       Size
                   all       1125       6901      0.568      0.629      0.628      0.387

      Epoch    GPU_mem   box_loss   cls_loss   dfl_loss  Instances       Size
                   all       1125       6901      0.567      0.631      0.628      0.387

      Epoch    GPU_mem   box_loss   cls_loss   dfl_loss  Instances       Size
                   all       1125       6901      0.568       0.63      0.628      0.387

      Epoch    GPU_mem   box_loss   cls_loss   dfl_loss  Instances       Size
                   all       1125       6901      0.566      0.632      0.628      0.387

      Epoch    GPU_mem   box_loss   cls_loss   dfl_loss  Instances       Size
                   all       1125       6901      0.561      0.636      0.628      0.387

      Epoch    GPU_mem   box_loss   cls_loss   dfl_loss  Instances       Size
                   all       1125       6901      0.562      0.636      0.628      0.387

      Epoch    GPU_mem   box_loss   cls_loss   dfl_loss  Instances       Size
                   all       1125       6901      0.563      0.635      0.628      0.387

      Epoch    GPU_mem   box_loss   cls_loss   dfl_loss  Instances       Size
                   all       1125       6901      0.563      0.635      0.628      0.388

      Epoch    GPU_mem   box_loss   cls_loss   dfl_loss  Instances       Size
                   all       1125       6901      0.563      0.635      0.628      0.388

      Epoch    GPU_mem   box_loss   cls_loss   dfl_loss  Instances       Size
                   all       1125       6901      0.558      0.641      0.628      0.387

      Epoch    GPU_mem   box_loss   cls_loss   dfl_loss  Instances       Size
                   all       1125       6901      0.557       0.64      0.628      0.387

      Epoch    GPU_mem   box_loss   cls_loss   dfl_loss  Instances       Size
                   all       1125       6901      0.558      0.641      0.627      0.387

      Epoch    GPU_mem   box_loss   cls_loss   dfl_loss  Instances       Size
                   all       1125       6901      0.557      0.641      0.627      0.387

      Epoch    GPU_mem   box_loss   cls_loss   dfl_loss  Instances       Size
                   all       1125       6901      0.557      0.641      0.627      0.387

      Epoch    GPU_mem   box_loss   cls_loss   dfl_loss  Instances       Size
                   all       1125       6901      0.556      0.643      0.627      0.387

      Epoch    GPU_mem   box_loss   cls_loss   dfl_loss  Instances       Size
                   all       1125       6901      0.556      0.643      0.628      0.387

      Epoch    GPU_mem   box_loss   cls_loss   dfl_loss  Instances       Size
                   all       1125       6901      0.556      0.643      0.628      0.387

      Epoch    GPU_mem   box_loss   cls_loss   dfl_loss  Instances       Size
                   all       1125       6901      0.572      0.622      0.627      0.387

      Epoch    GPU_mem   box_loss   cls_loss   dfl_loss  Instances       Size
                   all       1125       6901      0.572      0.621      0.627      0.387

      Epoch    GPU_mem   box_loss   cls_loss   dfl_loss  Instances       Size
                   all       1125       6901      0.552       0.65      0.627      0.387

      Epoch    GPU_mem   box_loss   cls_loss   dfl_loss  Instances       Size
                   all       1125       6901      0.552       0.65      0.628      0.388

      Epoch    GPU_mem   box_loss   cls_loss   dfl_loss  Instances       Size
                   all       1125       6901      0.553      0.647      0.627      0.387

      Epoch    GPU_mem   box_loss   cls_loss   dfl_loss  Instances       Size
                   all       1125       6901      0.553      0.647      0.627      0.387

      Epoch    GPU_mem   box_loss   cls_loss   dfl_loss  Instances       Size
                   all       1125       6901      0.567      0.628      0.627      0.387

      Epoch    GPU_mem   box_loss   cls_loss   dfl_loss  Instances       Size
                   all       1125       6901      0.567      0.628      0.627      0.387

      Epoch    GPU_mem   box_loss   cls_loss   dfl_loss  Instances       Size
                   all       1125       6901      0.566      0.629      0.627      0.387

      Epoch    GPU_mem   box_loss   cls_loss   dfl_loss  Instances       Size
                   all       1125       6901      0.563      0.632      0.627      0.387

      Epoch    GPU_mem   box_loss   cls_loss   dfl_loss  Instances       Size
                   all       1125       6901      0.562      0.632      0.627      0.387

      Epoch    GPU_mem   box_loss   cls_loss   dfl_loss  Instances       Size
                   all       1125       6901      0.563      0.633      0.627      0.387

      Epoch    GPU_mem   box_loss   cls_loss   dfl_loss  Instances       Size
                   all       1125       6901      0.564      0.632      0.627      0.386
Closing dataloader mosaic

      Epoch    GPU_mem   box_loss   cls_loss   dfl_loss  Instances       Size
                   all       1125       6901      0.565      0.631      0.627      0.387

      Epoch    GPU_mem   box_loss   cls_loss   dfl_loss  Instances       Size
                   all       1125       6901      0.566       0.63      0.627      0.387

      Epoch    GPU_mem   box_loss   cls_loss   dfl_loss  Instances       Size
                   all       1125       6901      0.566       0.63      0.627      0.387

      Epoch    GPU_mem   box_loss   cls_loss   dfl_loss  Instances       Size
                   all       1125       6901       0.55      0.651      0.627      0.388

      Epoch    GPU_mem   box_loss   cls_loss   dfl_loss  Instances       Size
                   all       1125       6901      0.551       0.65      0.627      0.388

      Epoch    GPU_mem   box_loss   cls_loss   dfl_loss  Instances       Size
                   all       1125       6901      0.553      0.647      0.627      0.388

      Epoch    GPU_mem   box_loss   cls_loss   dfl_loss  Instances       Size
                   all       1125       6901      0.552      0.648      0.627      0.388

      Epoch    GPU_mem   box_loss   cls_loss   dfl_loss  Instances       Size
                   all       1125       6901      0.552      0.648      0.627      0.389

      Epoch    GPU_mem   box_loss   cls_loss   dfl_loss  Instances       Size
                   all       1125       6901      0.552      0.648      0.627      0.389

      Epoch    GPU_mem   box_loss   cls_loss   dfl_loss  Instances       Size
                   all       1125       6901       0.56       0.64      0.627      0.389

200 epochs completed in 14.024 hours.
Optimizer stripped from yolo/yolo11x/img256_ep200/weights/last.pt, 114.4MB
Optimizer stripped from yolo/yolo11x/img256_ep200/weights/best.pt, 114.4MB

Validating yolo/yolo11x/img256_ep200/weights/best.pt...
Ultralytics 8.3.88 🚀 Python-3.10.12 torch-2.6.0+cu124 CUDA:0 (Tesla P100-PCIE-16GB, 16269MiB)
YOLO11x summary (fused): 190 layers, 56,829,334 parameters, 0 gradients, 194.4 GFLOPs
                   all       1125       6901      0.558      0.642      0.627      0.389
            lymphocyte        714       4398      0.679      0.729      0.761      0.452
              monocyte        702       2503      0.437      0.555      0.494      0.326
Speed: 0.0ms preprocess, 6.3ms inference, 0.0ms loss, 0.7ms postprocess per image
Results saved to [1myolo/yolo11x/img256_ep200[0m
