Fri Apr 11 08:17:45 2025       
+-----------------------------------------------------------------------------------------+
| NVIDIA-SMI 570.124.06             Driver Version: 570.124.06     CUDA Version: 12.8     |
|-----------------------------------------+------------------------+----------------------+
| GPU  Name                 Persistence-M | Bus-Id          Disp.A | Volatile Uncorr. ECC |
| Fan  Temp   Perf          Pwr:Usage/Cap |           Memory-Usage | GPU-Util  Compute M. |
|                                         |                        |               MIG M. |
|=========================================+========================+======================|
|   0  Tesla P100-PCIE-16GB           On  |   00000000:0B:00.0 Off |                    0 |
| N/A   57C    P0             40W /  250W |       0MiB /  16384MiB |      0%      Default |
|                                         |                        |                  N/A |
+-----------------------------------------+------------------------+----------------------+
                                                                                         
+-----------------------------------------------------------------------------------------+
| Processes:                                                                              |
|  GPU   GI   CI              PID   Type   Process name                        GPU Memory |
|        ID   ID                                                               Usage      |
|=========================================================================================|
|  No running processes found                                                             |
+-----------------------------------------------------------------------------------------+
New https://pypi.org/project/ultralytics/8.3.107 available 😃 Update with 'pip install -U ultralytics'
Ultralytics 8.3.88 🚀 Python-3.10.12 torch-2.6.0+cu124 CUDA:0 (Tesla P100-PCIE-16GB, 16269MiB)
[34m[1mengine/trainer: [0mtask=detect, mode=train, model=yolo11m.pt, data=data/basic_box/pas-cpg256/dataset.yaml, epochs=200, time=None, patience=200, batch=16, imgsz=256, save=True, save_period=-1, cache=disk, device=None, workers=0, project=yolo/basic_box, name=img256_ep200_yolo11m, exist_ok=False, pretrained=True, optimizer=auto, verbose=True, seed=0, deterministic=False, single_cls=False, rect=False, cos_lr=True, close_mosaic=0, resume=False, amp=True, fraction=1.0, profile=False, freeze=None, multi_scale=False, overlap_mask=True, mask_ratio=4, dropout=0.0, val=True, split=val, save_json=False, save_hybrid=False, conf=0.001, iou=0.7, max_det=None, half=False, dnn=False, plots=True, source=None, vid_stride=1, stream_buffer=False, visualize=False, augment=False, agnostic_nms=True, classes=None, retina_masks=False, embed=None, show=False, save_frames=False, save_txt=False, save_conf=False, save_crop=False, show_labels=True, show_conf=True, show_boxes=True, line_width=None, format=torchscript, keras=False, optimize=False, int8=False, dynamic=False, simplify=True, opset=None, workspace=None, nms=False, lr0=0.01, lrf=0.01, momentum=0.937, weight_decay=0.0005, warmup_epochs=3.0, warmup_momentum=0.8, warmup_bias_lr=0.1, box=7.5, cls=0.5, dfl=1.5, pose=12.0, kobj=1.0, nbs=64, hsv_h=0.015, hsv_s=0.4, hsv_v=0.4, degrees=15, translate=0.1, scale=0, shear=0.0, perspective=0.0, flipud=0.5, fliplr=0.5, bgr=0.0, mosaic=0, mixup=0.0, copy_paste=0.0, copy_paste_mode=flip, auto_augment=randaugment, erasing=0, crop_fraction=1.0, cfg=None, tracker=botsort.yaml, save_dir=yolo/basic_box/img256_ep200_yolo11m
Overriding model.yaml nc=80 with nc=2

                   from  n    params  module                                       arguments                     
  0                  -1  1      1856  ultralytics.nn.modules.conv.Conv             [3, 64, 3, 2]                 
  1                  -1  1     73984  ultralytics.nn.modules.conv.Conv             [64, 128, 3, 2]               
  2                  -1  1    111872  ultralytics.nn.modules.block.C3k2            [128, 256, 1, True, 0.25]     
  3                  -1  1    590336  ultralytics.nn.modules.conv.Conv             [256, 256, 3, 2]              
  4                  -1  1    444928  ultralytics.nn.modules.block.C3k2            [256, 512, 1, True, 0.25]     
  5                  -1  1   2360320  ultralytics.nn.modules.conv.Conv             [512, 512, 3, 2]              
  6                  -1  1   1380352  ultralytics.nn.modules.block.C3k2            [512, 512, 1, True]           
  7                  -1  1   2360320  ultralytics.nn.modules.conv.Conv             [512, 512, 3, 2]              
  8                  -1  1   1380352  ultralytics.nn.modules.block.C3k2            [512, 512, 1, True]           
  9                  -1  1    656896  ultralytics.nn.modules.block.SPPF            [512, 512, 5]                 
 10                  -1  1    990976  ultralytics.nn.modules.block.C2PSA           [512, 512, 1]                 
 11                  -1  1         0  torch.nn.modules.upsampling.Upsample         [None, 2, 'nearest']          
 12             [-1, 6]  1         0  ultralytics.nn.modules.conv.Concat           [1]                           
 13                  -1  1   1642496  ultralytics.nn.modules.block.C3k2            [1024, 512, 1, True]          
 14                  -1  1         0  torch.nn.modules.upsampling.Upsample         [None, 2, 'nearest']          
 15             [-1, 4]  1         0  ultralytics.nn.modules.conv.Concat           [1]                           
 16                  -1  1    542720  ultralytics.nn.modules.block.C3k2            [1024, 256, 1, True]          
 17                  -1  1    590336  ultralytics.nn.modules.conv.Conv             [256, 256, 3, 2]              
 18            [-1, 13]  1         0  ultralytics.nn.modules.conv.Concat           [1]                           
 19                  -1  1   1511424  ultralytics.nn.modules.block.C3k2            [768, 512, 1, True]           
 20                  -1  1   2360320  ultralytics.nn.modules.conv.Conv             [512, 512, 3, 2]              
 21            [-1, 10]  1         0  ultralytics.nn.modules.conv.Concat           [1]                           
 22                  -1  1   1642496  ultralytics.nn.modules.block.C3k2            [1024, 512, 1, True]          
 23        [16, 19, 22]  1   1412566  ultralytics.nn.modules.head.Detect           [2, [256, 512, 512]]          
YOLO11m summary: 231 layers, 20,054,550 parameters, 20,054,534 gradients, 68.2 GFLOPs

Transferred 643/649 items from pretrained weights
Freezing layer 'model.23.dfl.conv.weight'
[34m[1mAMP: [0mrunning Automatic Mixed Precision (AMP) checks...
[34m[1mAMP: [0mchecks passed ✅
[34m[1mtrain: [0mNew cache created: /home/tupystep/monkey_challenge/data/basic_box/pas-cpg256/labels.cache
[34m[1mval: [0mNew cache created: /home/tupystep/monkey_challenge/data/basic_box/pas-cpg256/labels.cache
Plotting labels to yolo/basic_box/img256_ep200_yolo11m/labels.jpg... 
[34m[1moptimizer:[0m 'optimizer=auto' found, ignoring 'lr0=0.01' and 'momentum=0.937' and determining best 'optimizer', 'lr0' and 'momentum' automatically... 
[34m[1moptimizer:[0m SGD(lr=0.01, momentum=0.9) with parameter groups 106 weight(decay=0.0), 113 weight(decay=0.0005), 112 bias(decay=0.0)
Image sizes 256 train, 256 val
Using 0 dataloader workers
Logging results to [1myolo/basic_box/img256_ep200_yolo11m[0m
Starting training for 200 epochs...

      Epoch    GPU_mem   box_loss   cls_loss   dfl_loss  Instances       Size
                   all       2139      14426        0.4      0.555      0.482      0.289

      Epoch    GPU_mem   box_loss   cls_loss   dfl_loss  Instances       Size
                   all       2139      14426      0.436      0.546       0.46      0.273

      Epoch    GPU_mem   box_loss   cls_loss   dfl_loss  Instances       Size
                   all       2139      14426      0.375      0.525      0.421      0.252

      Epoch    GPU_mem   box_loss   cls_loss   dfl_loss  Instances       Size
                   all       2139      14426      0.419      0.554      0.452      0.274

      Epoch    GPU_mem   box_loss   cls_loss   dfl_loss  Instances       Size
                   all       2139      14426      0.257      0.559      0.414      0.251

      Epoch    GPU_mem   box_loss   cls_loss   dfl_loss  Instances       Size
                   all       2139      14426       0.41      0.591      0.494      0.306

      Epoch    GPU_mem   box_loss   cls_loss   dfl_loss  Instances       Size
                   all       2139      14426      0.454      0.573      0.496      0.304

      Epoch    GPU_mem   box_loss   cls_loss   dfl_loss  Instances       Size
                   all       2139      14426      0.405      0.581      0.491      0.306

      Epoch    GPU_mem   box_loss   cls_loss   dfl_loss  Instances       Size
                   all       2139      14426      0.474      0.594       0.53      0.332

      Epoch    GPU_mem   box_loss   cls_loss   dfl_loss  Instances       Size
                   all       2139      14426      0.426      0.578      0.499      0.312

      Epoch    GPU_mem   box_loss   cls_loss   dfl_loss  Instances       Size
                   all       2139      14426      0.418      0.597       0.51       0.32

      Epoch    GPU_mem   box_loss   cls_loss   dfl_loss  Instances       Size
                   all       2139      14426       0.49      0.593      0.537      0.341

      Epoch    GPU_mem   box_loss   cls_loss   dfl_loss  Instances       Size
                   all       2139      14426      0.417      0.542      0.481      0.302

      Epoch    GPU_mem   box_loss   cls_loss   dfl_loss  Instances       Size
                   all       2139      14426      0.501      0.591      0.542      0.346

      Epoch    GPU_mem   box_loss   cls_loss   dfl_loss  Instances       Size
                   all       2139      14426      0.485      0.616       0.56      0.357

      Epoch    GPU_mem   box_loss   cls_loss   dfl_loss  Instances       Size
                   all       2139      14426      0.497      0.589      0.538       0.34

      Epoch    GPU_mem   box_loss   cls_loss   dfl_loss  Instances       Size
                   all       2139      14426      0.524      0.607      0.561      0.358

      Epoch    GPU_mem   box_loss   cls_loss   dfl_loss  Instances       Size
                   all       2139      14426      0.495      0.607       0.56      0.353

      Epoch    GPU_mem   box_loss   cls_loss   dfl_loss  Instances       Size
                   all       2139      14426      0.509        0.6      0.561      0.358

      Epoch    GPU_mem   box_loss   cls_loss   dfl_loss  Instances       Size
                   all       2139      14426      0.481      0.617      0.555      0.356

      Epoch    GPU_mem   box_loss   cls_loss   dfl_loss  Instances       Size
                   all       2139      14426      0.516      0.617       0.57      0.366

      Epoch    GPU_mem   box_loss   cls_loss   dfl_loss  Instances       Size
                   all       2139      14426      0.525      0.622       0.58      0.369

      Epoch    GPU_mem   box_loss   cls_loss   dfl_loss  Instances       Size
                   all       2139      14426      0.517      0.606      0.574       0.37

      Epoch    GPU_mem   box_loss   cls_loss   dfl_loss  Instances       Size
                   all       2139      14426      0.538      0.615      0.584      0.376

      Epoch    GPU_mem   box_loss   cls_loss   dfl_loss  Instances       Size
                   all       2139      14426      0.531      0.621      0.588      0.378

      Epoch    GPU_mem   box_loss   cls_loss   dfl_loss  Instances       Size
                   all       2139      14426      0.529      0.627      0.593      0.382

      Epoch    GPU_mem   box_loss   cls_loss   dfl_loss  Instances       Size
                   all       2139      14426      0.547      0.613       0.59      0.383

      Epoch    GPU_mem   box_loss   cls_loss   dfl_loss  Instances       Size
                   all       2139      14426      0.541      0.616      0.591      0.381

      Epoch    GPU_mem   box_loss   cls_loss   dfl_loss  Instances       Size
                   all       2139      14426      0.547      0.619      0.602      0.389

      Epoch    GPU_mem   box_loss   cls_loss   dfl_loss  Instances       Size
                   all       2139      14426      0.535      0.628      0.598      0.388

      Epoch    GPU_mem   box_loss   cls_loss   dfl_loss  Instances       Size
                   all       2139      14426      0.546      0.634      0.609      0.394

      Epoch    GPU_mem   box_loss   cls_loss   dfl_loss  Instances       Size
                   all       2139      14426      0.546      0.622      0.601      0.389

      Epoch    GPU_mem   box_loss   cls_loss   dfl_loss  Instances       Size
                   all       2139      14426       0.54      0.628      0.599      0.387

      Epoch    GPU_mem   box_loss   cls_loss   dfl_loss  Instances       Size
                   all       2139      14426      0.544      0.634      0.609      0.394

      Epoch    GPU_mem   box_loss   cls_loss   dfl_loss  Instances       Size
                   all       2139      14426      0.556       0.64      0.615      0.399

      Epoch    GPU_mem   box_loss   cls_loss   dfl_loss  Instances       Size
                   all       2139      14426      0.549      0.625      0.611      0.397

      Epoch    GPU_mem   box_loss   cls_loss   dfl_loss  Instances       Size
                   all       2139      14426      0.552      0.634      0.613      0.399

      Epoch    GPU_mem   box_loss   cls_loss   dfl_loss  Instances       Size
                   all       2139      14426      0.545      0.636      0.613      0.398

      Epoch    GPU_mem   box_loss   cls_loss   dfl_loss  Instances       Size
                   all       2139      14426      0.565      0.622      0.619      0.403

      Epoch    GPU_mem   box_loss   cls_loss   dfl_loss  Instances       Size
                   all       2139      14426      0.558      0.628      0.622      0.406

      Epoch    GPU_mem   box_loss   cls_loss   dfl_loss  Instances       Size
                   all       2139      14426      0.562      0.636      0.621      0.404

      Epoch    GPU_mem   box_loss   cls_loss   dfl_loss  Instances       Size
                   all       2139      14426      0.564       0.63      0.625      0.407

      Epoch    GPU_mem   box_loss   cls_loss   dfl_loss  Instances       Size
                   all       2139      14426      0.566      0.637      0.624      0.409

      Epoch    GPU_mem   box_loss   cls_loss   dfl_loss  Instances       Size
                   all       2139      14426      0.564      0.642      0.626      0.408

      Epoch    GPU_mem   box_loss   cls_loss   dfl_loss  Instances       Size
                   all       2139      14426      0.578      0.638      0.633      0.413

      Epoch    GPU_mem   box_loss   cls_loss   dfl_loss  Instances       Size
                   all       2139      14426      0.568       0.65      0.631      0.411

      Epoch    GPU_mem   box_loss   cls_loss   dfl_loss  Instances       Size
                   all       2139      14426      0.572       0.63      0.633      0.413

      Epoch    GPU_mem   box_loss   cls_loss   dfl_loss  Instances       Size
                   all       2139      14426      0.582      0.635      0.634      0.415

      Epoch    GPU_mem   box_loss   cls_loss   dfl_loss  Instances       Size
                   all       2139      14426      0.577      0.635      0.634      0.416

      Epoch    GPU_mem   box_loss   cls_loss   dfl_loss  Instances       Size
                   all       2139      14426      0.579      0.634      0.635      0.416

      Epoch    GPU_mem   box_loss   cls_loss   dfl_loss  Instances       Size
                   all       2139      14426      0.571      0.646      0.634      0.415

      Epoch    GPU_mem   box_loss   cls_loss   dfl_loss  Instances       Size
                   all       2139      14426      0.582      0.644      0.641      0.419

      Epoch    GPU_mem   box_loss   cls_loss   dfl_loss  Instances       Size
                   all       2139      14426      0.577      0.649      0.636      0.417

      Epoch    GPU_mem   box_loss   cls_loss   dfl_loss  Instances       Size
                   all       2139      14426      0.585      0.643      0.638      0.419

      Epoch    GPU_mem   box_loss   cls_loss   dfl_loss  Instances       Size
                   all       2139      14426      0.581       0.65       0.64       0.42

      Epoch    GPU_mem   box_loss   cls_loss   dfl_loss  Instances       Size
                   all       2139      14426       0.58       0.65       0.64      0.421

      Epoch    GPU_mem   box_loss   cls_loss   dfl_loss  Instances       Size
                   all       2139      14426      0.578      0.649      0.644      0.423

      Epoch    GPU_mem   box_loss   cls_loss   dfl_loss  Instances       Size
                   all       2139      14426      0.586      0.646      0.643      0.423

      Epoch    GPU_mem   box_loss   cls_loss   dfl_loss  Instances       Size
                   all       2139      14426      0.585      0.647      0.643      0.423

      Epoch    GPU_mem   box_loss   cls_loss   dfl_loss  Instances       Size
                   all       2139      14426      0.588      0.647      0.646      0.424

      Epoch    GPU_mem   box_loss   cls_loss   dfl_loss  Instances       Size
                   all       2139      14426      0.582      0.656      0.646      0.425

      Epoch    GPU_mem   box_loss   cls_loss   dfl_loss  Instances       Size
                   all       2139      14426      0.581       0.65      0.643      0.424

      Epoch    GPU_mem   box_loss   cls_loss   dfl_loss  Instances       Size
                   all       2139      14426      0.587      0.649      0.646      0.426

      Epoch    GPU_mem   box_loss   cls_loss   dfl_loss  Instances       Size
                   all       2139      14426      0.587      0.647      0.647      0.427

      Epoch    GPU_mem   box_loss   cls_loss   dfl_loss  Instances       Size
                   all       2139      14426      0.588      0.651      0.648      0.427

      Epoch    GPU_mem   box_loss   cls_loss   dfl_loss  Instances       Size
                   all       2139      14426      0.584      0.648      0.648      0.428

      Epoch    GPU_mem   box_loss   cls_loss   dfl_loss  Instances       Size
                   all       2139      14426      0.589      0.648       0.65      0.429

      Epoch    GPU_mem   box_loss   cls_loss   dfl_loss  Instances       Size
                   all       2139      14426      0.585      0.657      0.648      0.428

      Epoch    GPU_mem   box_loss   cls_loss   dfl_loss  Instances       Size
                   all       2139      14426      0.586      0.654       0.65      0.428

      Epoch    GPU_mem   box_loss   cls_loss   dfl_loss  Instances       Size
                   all       2139      14426      0.586      0.662      0.653       0.43

      Epoch    GPU_mem   box_loss   cls_loss   dfl_loss  Instances       Size
                   all       2139      14426      0.592      0.648      0.652       0.43

      Epoch    GPU_mem   box_loss   cls_loss   dfl_loss  Instances       Size
                   all       2139      14426      0.592      0.654      0.656      0.433

      Epoch    GPU_mem   box_loss   cls_loss   dfl_loss  Instances       Size
                   all       2139      14426      0.593      0.653      0.656      0.433

      Epoch    GPU_mem   box_loss   cls_loss   dfl_loss  Instances       Size
                   all       2139      14426      0.591      0.653      0.654      0.432

      Epoch    GPU_mem   box_loss   cls_loss   dfl_loss  Instances       Size
                   all       2139      14426      0.587      0.656      0.654      0.432

      Epoch    GPU_mem   box_loss   cls_loss   dfl_loss  Instances       Size
                   all       2139      14426      0.588      0.657      0.653      0.432

      Epoch    GPU_mem   box_loss   cls_loss   dfl_loss  Instances       Size
                   all       2139      14426      0.589      0.661      0.655      0.433

      Epoch    GPU_mem   box_loss   cls_loss   dfl_loss  Instances       Size
                   all       2139      14426      0.597      0.648      0.655      0.434

      Epoch    GPU_mem   box_loss   cls_loss   dfl_loss  Instances       Size
                   all       2139      14426      0.591      0.656      0.654      0.433

      Epoch    GPU_mem   box_loss   cls_loss   dfl_loss  Instances       Size
                   all       2139      14426      0.586      0.663      0.654      0.433

      Epoch    GPU_mem   box_loss   cls_loss   dfl_loss  Instances       Size
                   all       2139      14426      0.593      0.654      0.654      0.433

      Epoch    GPU_mem   box_loss   cls_loss   dfl_loss  Instances       Size
                   all       2139      14426      0.589      0.659      0.651      0.431

      Epoch    GPU_mem   box_loss   cls_loss   dfl_loss  Instances       Size
                   all       2139      14426      0.593      0.655      0.653      0.432

      Epoch    GPU_mem   box_loss   cls_loss   dfl_loss  Instances       Size
                   all       2139      14426      0.595      0.654      0.653      0.433

      Epoch    GPU_mem   box_loss   cls_loss   dfl_loss  Instances       Size
                   all       2139      14426      0.592       0.66      0.654      0.434

      Epoch    GPU_mem   box_loss   cls_loss   dfl_loss  Instances       Size
                   all       2139      14426      0.599      0.654      0.655      0.434

      Epoch    GPU_mem   box_loss   cls_loss   dfl_loss  Instances       Size
                   all       2139      14426      0.599      0.659      0.656      0.434

      Epoch    GPU_mem   box_loss   cls_loss   dfl_loss  Instances       Size
                   all       2139      14426      0.601      0.655      0.656      0.435

      Epoch    GPU_mem   box_loss   cls_loss   dfl_loss  Instances       Size
                   all       2139      14426      0.602      0.651      0.656      0.435

      Epoch    GPU_mem   box_loss   cls_loss   dfl_loss  Instances       Size
                   all       2139      14426      0.597      0.657      0.656      0.435

      Epoch    GPU_mem   box_loss   cls_loss   dfl_loss  Instances       Size
                   all       2139      14426      0.599      0.657      0.657      0.436

      Epoch    GPU_mem   box_loss   cls_loss   dfl_loss  Instances       Size
                   all       2139      14426      0.598       0.66      0.657      0.435

      Epoch    GPU_mem   box_loss   cls_loss   dfl_loss  Instances       Size
                   all       2139      14426      0.595      0.662      0.657      0.435

      Epoch    GPU_mem   box_loss   cls_loss   dfl_loss  Instances       Size
                   all       2139      14426      0.597      0.658      0.656      0.435

      Epoch    GPU_mem   box_loss   cls_loss   dfl_loss  Instances       Size
                   all       2139      14426      0.598      0.657      0.657      0.435

      Epoch    GPU_mem   box_loss   cls_loss   dfl_loss  Instances       Size
                   all       2139      14426      0.597      0.662      0.657      0.436

      Epoch    GPU_mem   box_loss   cls_loss   dfl_loss  Instances       Size
                   all       2139      14426      0.595      0.664      0.657      0.436

      Epoch    GPU_mem   box_loss   cls_loss   dfl_loss  Instances       Size
                   all       2139      14426      0.596      0.659      0.657      0.436

      Epoch    GPU_mem   box_loss   cls_loss   dfl_loss  Instances       Size
                   all       2139      14426      0.596      0.661      0.657      0.436

      Epoch    GPU_mem   box_loss   cls_loss   dfl_loss  Instances       Size
                   all       2139      14426      0.593      0.664      0.658      0.436

      Epoch    GPU_mem   box_loss   cls_loss   dfl_loss  Instances       Size
                   all       2139      14426      0.599      0.658      0.658      0.436

      Epoch    GPU_mem   box_loss   cls_loss   dfl_loss  Instances       Size
                   all       2139      14426      0.602      0.655      0.658      0.436

      Epoch    GPU_mem   box_loss   cls_loss   dfl_loss  Instances       Size
                   all       2139      14426        0.6      0.658      0.658      0.436

      Epoch    GPU_mem   box_loss   cls_loss   dfl_loss  Instances       Size
                   all       2139      14426        0.6      0.658      0.658      0.436

      Epoch    GPU_mem   box_loss   cls_loss   dfl_loss  Instances       Size
                   all       2139      14426      0.597      0.662      0.657      0.436

      Epoch    GPU_mem   box_loss   cls_loss   dfl_loss  Instances       Size
                   all       2139      14426      0.602      0.655      0.657      0.435

      Epoch    GPU_mem   box_loss   cls_loss   dfl_loss  Instances       Size
                   all       2139      14426      0.597       0.66      0.656      0.435

      Epoch    GPU_mem   box_loss   cls_loss   dfl_loss  Instances       Size
                   all       2139      14426      0.597      0.662      0.655      0.435

      Epoch    GPU_mem   box_loss   cls_loss   dfl_loss  Instances       Size
                   all       2139      14426      0.598      0.661      0.655      0.435

      Epoch    GPU_mem   box_loss   cls_loss   dfl_loss  Instances       Size
                   all       2139      14426      0.599      0.661      0.655      0.435

      Epoch    GPU_mem   box_loss   cls_loss   dfl_loss  Instances       Size
                   all       2139      14426      0.597      0.661      0.655      0.435

      Epoch    GPU_mem   box_loss   cls_loss   dfl_loss  Instances       Size
                   all       2139      14426      0.596      0.662      0.654      0.434

      Epoch    GPU_mem   box_loss   cls_loss   dfl_loss  Instances       Size
                   all       2139      14426      0.596      0.663      0.654      0.434

      Epoch    GPU_mem   box_loss   cls_loss   dfl_loss  Instances       Size
                   all       2139      14426      0.596       0.66      0.653      0.434

      Epoch    GPU_mem   box_loss   cls_loss   dfl_loss  Instances       Size
                   all       2139      14426      0.595      0.661      0.653      0.433

      Epoch    GPU_mem   box_loss   cls_loss   dfl_loss  Instances       Size
                   all       2139      14426      0.593      0.663      0.652      0.433

      Epoch    GPU_mem   box_loss   cls_loss   dfl_loss  Instances       Size
                   all       2139      14426      0.594       0.66      0.652      0.433

      Epoch    GPU_mem   box_loss   cls_loss   dfl_loss  Instances       Size
                   all       2139      14426      0.594       0.66      0.652      0.433

      Epoch    GPU_mem   box_loss   cls_loss   dfl_loss  Instances       Size
                   all       2139      14426      0.594      0.659      0.651      0.433

      Epoch    GPU_mem   box_loss   cls_loss   dfl_loss  Instances       Size
                   all       2139      14426      0.595      0.657      0.651      0.433

      Epoch    GPU_mem   box_loss   cls_loss   dfl_loss  Instances       Size
                   all       2139      14426      0.595      0.656      0.651      0.433

      Epoch    GPU_mem   box_loss   cls_loss   dfl_loss  Instances       Size
                   all       2139      14426      0.596      0.654      0.651      0.433

      Epoch    GPU_mem   box_loss   cls_loss   dfl_loss  Instances       Size
                   all       2139      14426      0.597      0.654       0.65      0.432

      Epoch    GPU_mem   box_loss   cls_loss   dfl_loss  Instances       Size
                   all       2139      14426      0.598      0.652       0.65      0.432

      Epoch    GPU_mem   box_loss   cls_loss   dfl_loss  Instances       Size
                   all       2139      14426      0.594      0.656       0.65      0.432

      Epoch    GPU_mem   box_loss   cls_loss   dfl_loss  Instances       Size
                   all       2139      14426      0.593      0.657      0.649      0.431

      Epoch    GPU_mem   box_loss   cls_loss   dfl_loss  Instances       Size
                   all       2139      14426      0.594      0.657      0.649      0.431

      Epoch    GPU_mem   box_loss   cls_loss   dfl_loss  Instances       Size
                   all       2139      14426      0.593      0.659      0.649      0.431

      Epoch    GPU_mem   box_loss   cls_loss   dfl_loss  Instances       Size
                   all       2139      14426      0.594      0.657      0.649      0.431

      Epoch    GPU_mem   box_loss   cls_loss   dfl_loss  Instances       Size
                   all       2139      14426      0.593      0.657      0.648      0.431

      Epoch    GPU_mem   box_loss   cls_loss   dfl_loss  Instances       Size
                   all       2139      14426      0.594      0.657      0.648       0.43

      Epoch    GPU_mem   box_loss   cls_loss   dfl_loss  Instances       Size
                   all       2139      14426      0.593      0.656      0.648       0.43

      Epoch    GPU_mem   box_loss   cls_loss   dfl_loss  Instances       Size
                   all       2139      14426      0.593      0.657      0.647       0.43

      Epoch    GPU_mem   box_loss   cls_loss   dfl_loss  Instances       Size
                   all       2139      14426      0.593      0.656      0.647       0.43

      Epoch    GPU_mem   box_loss   cls_loss   dfl_loss  Instances       Size
                   all       2139      14426      0.595      0.655      0.647      0.429

      Epoch    GPU_mem   box_loss   cls_loss   dfl_loss  Instances       Size
                   all       2139      14426      0.595      0.654      0.646      0.429

      Epoch    GPU_mem   box_loss   cls_loss   dfl_loss  Instances       Size
                   all       2139      14426      0.594      0.654      0.646      0.429

      Epoch    GPU_mem   box_loss   cls_loss   dfl_loss  Instances       Size
                   all       2139      14426      0.596      0.653      0.646      0.429

      Epoch    GPU_mem   box_loss   cls_loss   dfl_loss  Instances       Size
                   all       2139      14426      0.597      0.651      0.645      0.429

      Epoch    GPU_mem   box_loss   cls_loss   dfl_loss  Instances       Size
                   all       2139      14426      0.599      0.649      0.645      0.428

      Epoch    GPU_mem   box_loss   cls_loss   dfl_loss  Instances       Size
                   all       2139      14426        0.6      0.648      0.645      0.428

      Epoch    GPU_mem   box_loss   cls_loss   dfl_loss  Instances       Size
                   all       2139      14426      0.601      0.647      0.644      0.428

      Epoch    GPU_mem   box_loss   cls_loss   dfl_loss  Instances       Size
                   all       2139      14426      0.599      0.648      0.644      0.428

      Epoch    GPU_mem   box_loss   cls_loss   dfl_loss  Instances       Size
                   all       2139      14426      0.599      0.648      0.644      0.428

      Epoch    GPU_mem   box_loss   cls_loss   dfl_loss  Instances       Size
                   all       2139      14426      0.599      0.649      0.644      0.427

      Epoch    GPU_mem   box_loss   cls_loss   dfl_loss  Instances       Size
                   all       2139      14426      0.599      0.649      0.643      0.427

      Epoch    GPU_mem   box_loss   cls_loss   dfl_loss  Instances       Size
                   all       2139      14426      0.597      0.652      0.643      0.427

      Epoch    GPU_mem   box_loss   cls_loss   dfl_loss  Instances       Size
                   all       2139      14426      0.598       0.65      0.642      0.427

      Epoch    GPU_mem   box_loss   cls_loss   dfl_loss  Instances       Size
                   all       2139      14426      0.596      0.652      0.642      0.427

      Epoch    GPU_mem   box_loss   cls_loss   dfl_loss  Instances       Size
                   all       2139      14426      0.596      0.652      0.642      0.426

      Epoch    GPU_mem   box_loss   cls_loss   dfl_loss  Instances       Size
                   all       2139      14426      0.596      0.651      0.641      0.426

      Epoch    GPU_mem   box_loss   cls_loss   dfl_loss  Instances       Size
                   all       2139      14426      0.594      0.653      0.641      0.426

      Epoch    GPU_mem   box_loss   cls_loss   dfl_loss  Instances       Size
                   all       2139      14426      0.594      0.653      0.641      0.426

      Epoch    GPU_mem   box_loss   cls_loss   dfl_loss  Instances       Size
                   all       2139      14426      0.593      0.654      0.641      0.426

      Epoch    GPU_mem   box_loss   cls_loss   dfl_loss  Instances       Size
                   all       2139      14426      0.593      0.654       0.64      0.425

      Epoch    GPU_mem   box_loss   cls_loss   dfl_loss  Instances       Size
                   all       2139      14426      0.593      0.653       0.64      0.425

      Epoch    GPU_mem   box_loss   cls_loss   dfl_loss  Instances       Size
                   all       2139      14426      0.593      0.653       0.64      0.425

      Epoch    GPU_mem   box_loss   cls_loss   dfl_loss  Instances       Size
                   all       2139      14426      0.595      0.651      0.639      0.425

      Epoch    GPU_mem   box_loss   cls_loss   dfl_loss  Instances       Size
                   all       2139      14426      0.595      0.651      0.639      0.424

      Epoch    GPU_mem   box_loss   cls_loss   dfl_loss  Instances       Size
                   all       2139      14426      0.597      0.649      0.639      0.424

      Epoch    GPU_mem   box_loss   cls_loss   dfl_loss  Instances       Size
                   all       2139      14426      0.595      0.651      0.638      0.424

      Epoch    GPU_mem   box_loss   cls_loss   dfl_loss  Instances       Size
                   all       2139      14426      0.597      0.648      0.638      0.424

      Epoch    GPU_mem   box_loss   cls_loss   dfl_loss  Instances       Size
                   all       2139      14426      0.597      0.647      0.638      0.424

      Epoch    GPU_mem   box_loss   cls_loss   dfl_loss  Instances       Size
                   all       2139      14426      0.596      0.648      0.637      0.423

      Epoch    GPU_mem   box_loss   cls_loss   dfl_loss  Instances       Size
                   all       2139      14426      0.595       0.65      0.637      0.423

      Epoch    GPU_mem   box_loss   cls_loss   dfl_loss  Instances       Size
                   all       2139      14426      0.595      0.651      0.637      0.423

      Epoch    GPU_mem   box_loss   cls_loss   dfl_loss  Instances       Size
                   all       2139      14426      0.594      0.651      0.636      0.423

      Epoch    GPU_mem   box_loss   cls_loss   dfl_loss  Instances       Size
                   all       2139      14426      0.596       0.65      0.636      0.422

      Epoch    GPU_mem   box_loss   cls_loss   dfl_loss  Instances       Size
                   all       2139      14426      0.594       0.65      0.636      0.422

      Epoch    GPU_mem   box_loss   cls_loss   dfl_loss  Instances       Size
                   all       2139      14426      0.593      0.651      0.635      0.422

      Epoch    GPU_mem   box_loss   cls_loss   dfl_loss  Instances       Size
                   all       2139      14426      0.592      0.652      0.635      0.422

      Epoch    GPU_mem   box_loss   cls_loss   dfl_loss  Instances       Size
                   all       2139      14426      0.591      0.652      0.635      0.421

      Epoch    GPU_mem   box_loss   cls_loss   dfl_loss  Instances       Size
                   all       2139      14426      0.591      0.652      0.635      0.421

      Epoch    GPU_mem   box_loss   cls_loss   dfl_loss  Instances       Size
                   all       2139      14426      0.591      0.652      0.634      0.421

      Epoch    GPU_mem   box_loss   cls_loss   dfl_loss  Instances       Size
                   all       2139      14426      0.591      0.651      0.634      0.421

      Epoch    GPU_mem   box_loss   cls_loss   dfl_loss  Instances       Size
                   all       2139      14426      0.588      0.654      0.634       0.42

      Epoch    GPU_mem   box_loss   cls_loss   dfl_loss  Instances       Size
                   all       2139      14426      0.588      0.653      0.633       0.42

      Epoch    GPU_mem   box_loss   cls_loss   dfl_loss  Instances       Size
                   all       2139      14426      0.588      0.653      0.633       0.42

      Epoch    GPU_mem   box_loss   cls_loss   dfl_loss  Instances       Size
                   all       2139      14426      0.588      0.654      0.632       0.42

      Epoch    GPU_mem   box_loss   cls_loss   dfl_loss  Instances       Size
                   all       2139      14426      0.588      0.653      0.632      0.419

      Epoch    GPU_mem   box_loss   cls_loss   dfl_loss  Instances       Size
                   all       2139      14426      0.588      0.653      0.632      0.419

      Epoch    GPU_mem   box_loss   cls_loss   dfl_loss  Instances       Size
                   all       2139      14426      0.587      0.653      0.632      0.419

      Epoch    GPU_mem   box_loss   cls_loss   dfl_loss  Instances       Size
                   all       2139      14426      0.588      0.652      0.631      0.419

      Epoch    GPU_mem   box_loss   cls_loss   dfl_loss  Instances       Size
                   all       2139      14426      0.587      0.654      0.631      0.418

      Epoch    GPU_mem   box_loss   cls_loss   dfl_loss  Instances       Size
                   all       2139      14426      0.587      0.654      0.631      0.418

      Epoch    GPU_mem   box_loss   cls_loss   dfl_loss  Instances       Size
                   all       2139      14426      0.587      0.654       0.63      0.418

      Epoch    GPU_mem   box_loss   cls_loss   dfl_loss  Instances       Size
                   all       2139      14426      0.589      0.652       0.63      0.418

      Epoch    GPU_mem   box_loss   cls_loss   dfl_loss  Instances       Size
                   all       2139      14426      0.589      0.652       0.63      0.418

      Epoch    GPU_mem   box_loss   cls_loss   dfl_loss  Instances       Size
                   all       2139      14426      0.589      0.651      0.629      0.417

      Epoch    GPU_mem   box_loss   cls_loss   dfl_loss  Instances       Size
                   all       2139      14426      0.588      0.652      0.629      0.417

      Epoch    GPU_mem   box_loss   cls_loss   dfl_loss  Instances       Size
                   all       2139      14426      0.588      0.652      0.629      0.417

      Epoch    GPU_mem   box_loss   cls_loss   dfl_loss  Instances       Size
                   all       2139      14426      0.588      0.652      0.629      0.417

      Epoch    GPU_mem   box_loss   cls_loss   dfl_loss  Instances       Size
                   all       2139      14426      0.589       0.65      0.628      0.416

      Epoch    GPU_mem   box_loss   cls_loss   dfl_loss  Instances       Size
                   all       2139      14426      0.589       0.65      0.628      0.416

      Epoch    GPU_mem   box_loss   cls_loss   dfl_loss  Instances       Size
                   all       2139      14426      0.589       0.65      0.628      0.416

      Epoch    GPU_mem   box_loss   cls_loss   dfl_loss  Instances       Size
                   all       2139      14426      0.589       0.65      0.627      0.416

      Epoch    GPU_mem   box_loss   cls_loss   dfl_loss  Instances       Size
                   all       2139      14426      0.589      0.649      0.627      0.416

      Epoch    GPU_mem   box_loss   cls_loss   dfl_loss  Instances       Size
                   all       2139      14426      0.589      0.649      0.627      0.415

      Epoch    GPU_mem   box_loss   cls_loss   dfl_loss  Instances       Size
                   all       2139      14426       0.59      0.648      0.626      0.415

      Epoch    GPU_mem   box_loss   cls_loss   dfl_loss  Instances       Size
                   all       2139      14426      0.591      0.647      0.626      0.415

200 epochs completed in 6.979 hours.
Optimizer stripped from yolo/basic_box/img256_ep200_yolo11m/weights/last.pt, 40.5MB
Optimizer stripped from yolo/basic_box/img256_ep200_yolo11m/weights/best.pt, 40.5MB

Validating yolo/basic_box/img256_ep200_yolo11m/weights/best.pt...
Ultralytics 8.3.88 🚀 Python-3.10.12 torch-2.6.0+cu124 CUDA:0 (Tesla P100-PCIE-16GB, 16269MiB)
YOLO11m summary (fused): 125 layers, 20,031,574 parameters, 0 gradients, 67.7 GFLOPs
                   all       2139      14426      0.599       0.66      0.658      0.436
            lymphocyte       1384       9376      0.704      0.767       0.79      0.502
              monocyte       1372       5050      0.493      0.553      0.525      0.371
Speed: 0.0ms preprocess, 2.5ms inference, 0.0ms loss, 0.6ms postprocess per image
Results saved to [1myolo/basic_box/img256_ep200_yolo11m[0m

Validating yolo with iou=0.3
Ultralytics 8.3.88 🚀 Python-3.10.12 torch-2.6.0+cu124 CUDA:0 (Tesla P100-PCIE-16GB, 16269MiB)
YOLO11m summary (fused): 125 layers, 20,031,574 parameters, 0 gradients, 67.7 GFLOPs
                   all       2139      14426      0.609      0.615      0.592      0.393
            lymphocyte       1384       9376      0.709      0.734      0.733       0.47
              monocyte       1372       5050      0.509      0.495      0.451      0.316
Speed: 0.0ms preprocess, 2.8ms inference, 0.0ms loss, 0.6ms postprocess per image
Results saved to [1myolo/basic_box/img256_ep200_yolo11m/iou0.3[0m

Validating yolo with iou=0.1
Ultralytics 8.3.88 🚀 Python-3.10.12 torch-2.6.0+cu124 CUDA:0 (Tesla P100-PCIE-16GB, 16269MiB)
                   all       2139      14426      0.594      0.469      0.476      0.319
            lymphocyte       1384       9376      0.696      0.571      0.606      0.392
              monocyte       1372       5050      0.492      0.366      0.347      0.246
Speed: 0.0ms preprocess, 2.8ms inference, 0.0ms loss, 0.6ms postprocess per image
Results saved to [1myolo/basic_box/img256_ep200_yolo11m/iou0.1[0m
