Sun Apr 20 19:35:21 2025       
+-----------------------------------------------------------------------------------------+
| NVIDIA-SMI 570.124.06             Driver Version: 570.124.06     CUDA Version: 12.8     |
|-----------------------------------------+------------------------+----------------------+
| GPU  Name                 Persistence-M | Bus-Id          Disp.A | Volatile Uncorr. ECC |
| Fan  Temp   Perf          Pwr:Usage/Cap |           Memory-Usage | GPU-Util  Compute M. |
|                                         |                        |               MIG M. |
|=========================================+========================+======================|
|   0  NVIDIA A100-PCIE-40GB          On  |   00000000:0B:00.0 Off |                    0 |
| N/A   24C    P0             32W /  250W |       1MiB /  40960MiB |      0%      Default |
|                                         |                        |             Disabled |
+-----------------------------------------+------------------------+----------------------+
                                                                                         
+-----------------------------------------------------------------------------------------+
| Processes:                                                                              |
|  GPU   GI   CI              PID   Type   Process name                        GPU Memory |
|        ID   ID                                                               Usage      |
|=========================================================================================|
|  No running processes found                                                             |
+-----------------------------------------------------------------------------------------+
New https://pypi.org/project/ultralytics/8.3.111 available 😃 Update with 'pip install -U ultralytics'
Ultralytics 8.3.88 🚀 Python-3.10.12 torch-2.6.0+cu124 CUDA:0 (NVIDIA A100-PCIE-40GB, 40442MiB)
[34m[1mengine/trainer: [0mtask=detect, mode=train, model=yolo11m.pt, data=data/pure_seg_box/pas-cpg128/dataset.yaml, epochs=200, time=None, patience=200, batch=16, imgsz=128, save=True, save_period=-1, cache=disk, device=None, workers=0, project=yolo/pure_box, name=img128_ep200_yolo11m, exist_ok=False, pretrained=True, optimizer=auto, verbose=True, seed=0, deterministic=False, single_cls=False, rect=False, cos_lr=True, close_mosaic=0, resume=False, amp=True, fraction=1.0, profile=False, freeze=None, multi_scale=False, overlap_mask=True, mask_ratio=4, dropout=0.0, val=True, split=val, save_json=False, save_hybrid=False, conf=0.001, iou=0.7, max_det=None, half=False, dnn=False, plots=True, source=None, vid_stride=1, stream_buffer=False, visualize=False, augment=False, agnostic_nms=True, classes=None, retina_masks=False, embed=None, show=False, save_frames=False, save_txt=False, save_conf=False, save_crop=False, show_labels=True, show_conf=True, show_boxes=True, line_width=None, format=torchscript, keras=False, optimize=False, int8=False, dynamic=False, simplify=True, opset=None, workspace=None, nms=False, lr0=0.01, lrf=0.01, momentum=0.937, weight_decay=0.0005, warmup_epochs=3.0, warmup_momentum=0.8, warmup_bias_lr=0.1, box=7.5, cls=0.5, dfl=1.5, pose=12.0, kobj=1.0, nbs=64, hsv_h=0.015, hsv_s=0.4, hsv_v=0.4, degrees=15, translate=0.1, scale=0, shear=0.0, perspective=0.0, flipud=0.5, fliplr=0.5, bgr=0.0, mosaic=0, mixup=0.0, copy_paste=0.0, copy_paste_mode=flip, auto_augment=randaugment, erasing=0, crop_fraction=1.0, cfg=None, tracker=botsort.yaml, save_dir=yolo/pure_box/img128_ep200_yolo11m
Overriding model.yaml nc=80 with nc=2

                   from  n    params  module                                       arguments                     
  0                  -1  1      1856  ultralytics.nn.modules.conv.Conv             [3, 64, 3, 2]                 
  1                  -1  1     73984  ultralytics.nn.modules.conv.Conv             [64, 128, 3, 2]               
  2                  -1  1    111872  ultralytics.nn.modules.block.C3k2            [128, 256, 1, True, 0.25]     
  3                  -1  1    590336  ultralytics.nn.modules.conv.Conv             [256, 256, 3, 2]              
  4                  -1  1    444928  ultralytics.nn.modules.block.C3k2            [256, 512, 1, True, 0.25]     
  5                  -1  1   2360320  ultralytics.nn.modules.conv.Conv             [512, 512, 3, 2]              
  6                  -1  1   1380352  ultralytics.nn.modules.block.C3k2            [512, 512, 1, True]           
  7                  -1  1   2360320  ultralytics.nn.modules.conv.Conv             [512, 512, 3, 2]              
  8                  -1  1   1380352  ultralytics.nn.modules.block.C3k2            [512, 512, 1, True]           
  9                  -1  1    656896  ultralytics.nn.modules.block.SPPF            [512, 512, 5]                 
 10                  -1  1    990976  ultralytics.nn.modules.block.C2PSA           [512, 512, 1]                 
 11                  -1  1         0  torch.nn.modules.upsampling.Upsample         [None, 2, 'nearest']          
 12             [-1, 6]  1         0  ultralytics.nn.modules.conv.Concat           [1]                           
 13                  -1  1   1642496  ultralytics.nn.modules.block.C3k2            [1024, 512, 1, True]          
 14                  -1  1         0  torch.nn.modules.upsampling.Upsample         [None, 2, 'nearest']          
 15             [-1, 4]  1         0  ultralytics.nn.modules.conv.Concat           [1]                           
 16                  -1  1    542720  ultralytics.nn.modules.block.C3k2            [1024, 256, 1, True]          
 17                  -1  1    590336  ultralytics.nn.modules.conv.Conv             [256, 256, 3, 2]              
 18            [-1, 13]  1         0  ultralytics.nn.modules.conv.Concat           [1]                           
 19                  -1  1   1511424  ultralytics.nn.modules.block.C3k2            [768, 512, 1, True]           
 20                  -1  1   2360320  ultralytics.nn.modules.conv.Conv             [512, 512, 3, 2]              
 21            [-1, 10]  1         0  ultralytics.nn.modules.conv.Concat           [1]                           
 22                  -1  1   1642496  ultralytics.nn.modules.block.C3k2            [1024, 512, 1, True]          
 23        [16, 19, 22]  1   1412566  ultralytics.nn.modules.head.Detect           [2, [256, 512, 512]]          
YOLO11m summary: 231 layers, 20,054,550 parameters, 20,054,534 gradients, 68.2 GFLOPs

Transferred 643/649 items from pretrained weights
Freezing layer 'model.23.dfl.conv.weight'
[34m[1mAMP: [0mrunning Automatic Mixed Precision (AMP) checks...
[34m[1mAMP: [0mchecks passed ✅
[34m[1mtrain: [0mWARNING ⚠️ /home/tupystep/monkey_challenge/data/pure_seg_box/pas-cpg128/images/A_P000004_PAS_CPG_ROI1_182.png: 1 duplicate labels removed
[34m[1mtrain: [0mWARNING ⚠️ /home/tupystep/monkey_challenge/data/pure_seg_box/pas-cpg128/images/A_P000004_PAS_CPG_ROI1_490.png: 1 duplicate labels removed
[34m[1mtrain: [0mWARNING ⚠️ /home/tupystep/monkey_challenge/data/pure_seg_box/pas-cpg128/images/A_P000006_PAS_CPG_ROI0_503.png: 1 duplicate labels removed
[34m[1mtrain: [0mWARNING ⚠️ /home/tupystep/monkey_challenge/data/pure_seg_box/pas-cpg128/images/A_P000006_PAS_CPG_ROI1_153.png: 1 duplicate labels removed
[34m[1mtrain: [0mWARNING ⚠️ /home/tupystep/monkey_challenge/data/pure_seg_box/pas-cpg128/images/A_P000021_PAS_CPG_ROI0_255.png: 1 duplicate labels removed
[34m[1mtrain: [0mWARNING ⚠️ /home/tupystep/monkey_challenge/data/pure_seg_box/pas-cpg128/images/A_P000030_PAS_CPG_ROI0_163.png: 1 duplicate labels removed
[34m[1mtrain: [0mWARNING ⚠️ /home/tupystep/monkey_challenge/data/pure_seg_box/pas-cpg128/images/A_P000030_PAS_CPG_ROI1_66.png: 1 duplicate labels removed
[34m[1mtrain: [0mWARNING ⚠️ /home/tupystep/monkey_challenge/data/pure_seg_box/pas-cpg128/images/A_P000032_PAS_CPG_ROI0_316.png: 1 duplicate labels removed
[34m[1mtrain: [0mWARNING ⚠️ /home/tupystep/monkey_challenge/data/pure_seg_box/pas-cpg128/images/B_P000001_PAS_CPG_ROI0_48.png: 1 duplicate labels removed
[34m[1mtrain: [0mWARNING ⚠️ /home/tupystep/monkey_challenge/data/pure_seg_box/pas-cpg128/images/B_P000001_PAS_CPG_ROI0_5.png: 1 duplicate labels removed
[34m[1mtrain: [0mWARNING ⚠️ /home/tupystep/monkey_challenge/data/pure_seg_box/pas-cpg128/images/B_P000003_PAS_CPG_ROI2_63.png: 1 duplicate labels removed
[34m[1mtrain: [0mWARNING ⚠️ /home/tupystep/monkey_challenge/data/pure_seg_box/pas-cpg128/images/B_P000012_PAS_CPG_ROI1_144.png: 2 duplicate labels removed
[34m[1mtrain: [0mWARNING ⚠️ /home/tupystep/monkey_challenge/data/pure_seg_box/pas-cpg128/images/B_P000012_PAS_CPG_ROI1_86.png: 1 duplicate labels removed
[34m[1mtrain: [0mWARNING ⚠️ /home/tupystep/monkey_challenge/data/pure_seg_box/pas-cpg128/images/B_P000015_PAS_CPG_ROI0_129.png: 1 duplicate labels removed
[34m[1mtrain: [0mWARNING ⚠️ /home/tupystep/monkey_challenge/data/pure_seg_box/pas-cpg128/images/B_P000015_PAS_CPG_ROI0_242.png: 1 duplicate labels removed
[34m[1mtrain: [0mWARNING ⚠️ /home/tupystep/monkey_challenge/data/pure_seg_box/pas-cpg128/images/B_P000020_PAS_CPG_ROI0_221.png: 1 duplicate labels removed
[34m[1mtrain: [0mWARNING ⚠️ /home/tupystep/monkey_challenge/data/pure_seg_box/pas-cpg128/images/C_P000021_PAS_CPG_ROI1_3.png: 1 duplicate labels removed
[34m[1mtrain: [0mWARNING ⚠️ /home/tupystep/monkey_challenge/data/pure_seg_box/pas-cpg128/images/D_P000003_PAS_CPG_ROI0_134.png: 1 duplicate labels removed
[34m[1mtrain: [0mWARNING ⚠️ /home/tupystep/monkey_challenge/data/pure_seg_box/pas-cpg128/images/D_P000010_PAS_CPG_ROI0_7.png: 1 duplicate labels removed
[34m[1mtrain: [0mWARNING ⚠️ /home/tupystep/monkey_challenge/data/pure_seg_box/pas-cpg128/images/D_P000017_PAS_CPG_ROI0_12.png: 1 duplicate labels removed
[34m[1mtrain: [0mNew cache created: /home/tupystep/monkey_challenge/data/pure_seg_box/pas-cpg128/labels.cache
[34m[1mval: [0mWARNING ⚠️ /home/tupystep/monkey_challenge/data/pure_seg_box/pas-cpg128/images/A_P000005_PAS_CPG_ROI3_30.png: 1 duplicate labels removed
[34m[1mval: [0mWARNING ⚠️ /home/tupystep/monkey_challenge/data/pure_seg_box/pas-cpg128/images/A_P000007_PAS_CPG_ROI1_121.png: 1 duplicate labels removed
[34m[1mval: [0mWARNING ⚠️ /home/tupystep/monkey_challenge/data/pure_seg_box/pas-cpg128/images/A_P000021_PAS_CPG_ROI0_257.png: 1 duplicate labels removed
[34m[1mval: [0mWARNING ⚠️ /home/tupystep/monkey_challenge/data/pure_seg_box/pas-cpg128/images/A_P000030_PAS_CPG_ROI0_74.png: 1 duplicate labels removed
[34m[1mval: [0mWARNING ⚠️ /home/tupystep/monkey_challenge/data/pure_seg_box/pas-cpg128/images/B_P000001_PAS_CPG_ROI0_56.png: 1 duplicate labels removed
[34m[1mval: [0mWARNING ⚠️ /home/tupystep/monkey_challenge/data/pure_seg_box/pas-cpg128/images/C_P000037_PAS_CPG_ROI0_21.png: 1 duplicate labels removed
[34m[1mval: [0mWARNING ⚠️ /home/tupystep/monkey_challenge/data/pure_seg_box/pas-cpg128/images/D_P000002_PAS_CPG_ROI0_162.png: 1 duplicate labels removed
[34m[1mval: [0mWARNING ⚠️ /home/tupystep/monkey_challenge/data/pure_seg_box/pas-cpg128/images/D_P000010_PAS_CPG_ROI1_254.png: 1 duplicate labels removed
[34m[1mval: [0mWARNING ⚠️ /home/tupystep/monkey_challenge/data/pure_seg_box/pas-cpg128/images/D_P000017_PAS_CPG_ROI0_23.png: 1 duplicate labels removed
[34m[1mval: [0mNew cache created: /home/tupystep/monkey_challenge/data/pure_seg_box/pas-cpg128/labels.cache
Plotting labels to yolo/pure_box/img128_ep200_yolo11m/labels.jpg... 
[34m[1moptimizer:[0m 'optimizer=auto' found, ignoring 'lr0=0.01' and 'momentum=0.937' and determining best 'optimizer', 'lr0' and 'momentum' automatically... 
[34m[1moptimizer:[0m SGD(lr=0.01, momentum=0.9) with parameter groups 106 weight(decay=0.0), 113 weight(decay=0.0005), 112 bias(decay=0.0)
Image sizes 128 train, 128 val
Using 0 dataloader workers
Logging results to [1myolo/pure_box/img128_ep200_yolo11m[0m
Starting training for 200 epochs...

      Epoch    GPU_mem   box_loss   cls_loss   dfl_loss  Instances       Size
                   all       9561      16331      0.314      0.331       0.26      0.111

      Epoch    GPU_mem   box_loss   cls_loss   dfl_loss  Instances       Size
                   all       9561      16331       0.28      0.343      0.257        0.1

      Epoch    GPU_mem   box_loss   cls_loss   dfl_loss  Instances       Size
                   all       9561      16331      0.748      0.251      0.248      0.098

      Epoch    GPU_mem   box_loss   cls_loss   dfl_loss  Instances       Size
                   all       9561      16331      0.316      0.376      0.285      0.129

      Epoch    GPU_mem   box_loss   cls_loss   dfl_loss  Instances       Size
                   all       9561      16331      0.286      0.379      0.269      0.102

      Epoch    GPU_mem   box_loss   cls_loss   dfl_loss  Instances       Size
                   all       9561      16331       0.32      0.375      0.281      0.109

      Epoch    GPU_mem   box_loss   cls_loss   dfl_loss  Instances       Size
                   all       9561      16331      0.318      0.395      0.287      0.115

      Epoch    GPU_mem   box_loss   cls_loss   dfl_loss  Instances       Size
                   all       9561      16331      0.355      0.407      0.313      0.144

      Epoch    GPU_mem   box_loss   cls_loss   dfl_loss  Instances       Size
                   all       9561      16331      0.356      0.409      0.315      0.146

      Epoch    GPU_mem   box_loss   cls_loss   dfl_loss  Instances       Size
                   all       9561      16331      0.345      0.404      0.313      0.142

      Epoch    GPU_mem   box_loss   cls_loss   dfl_loss  Instances       Size
                   all       9561      16331      0.375      0.411       0.33      0.167

      Epoch    GPU_mem   box_loss   cls_loss   dfl_loss  Instances       Size
                   all       9561      16331      0.378      0.421      0.335      0.156

      Epoch    GPU_mem   box_loss   cls_loss   dfl_loss  Instances       Size
                   all       9561      16331      0.381      0.421      0.337      0.164

      Epoch    GPU_mem   box_loss   cls_loss   dfl_loss  Instances       Size
                   all       9561      16331      0.371      0.421      0.332      0.156

      Epoch    GPU_mem   box_loss   cls_loss   dfl_loss  Instances       Size
                   all       9561      16331      0.387      0.428      0.343      0.169

      Epoch    GPU_mem   box_loss   cls_loss   dfl_loss  Instances       Size
                   all       9561      16331      0.387      0.421      0.341      0.158

      Epoch    GPU_mem   box_loss   cls_loss   dfl_loss  Instances       Size
                   all       9561      16331      0.399      0.434      0.351      0.186

      Epoch    GPU_mem   box_loss   cls_loss   dfl_loss  Instances       Size
                   all       9561      16331      0.405      0.439      0.355      0.189

      Epoch    GPU_mem   box_loss   cls_loss   dfl_loss  Instances       Size
                   all       9561      16331      0.406      0.437      0.356      0.187

      Epoch    GPU_mem   box_loss   cls_loss   dfl_loss  Instances       Size
                   all       9561      16331      0.407      0.436      0.357      0.187

      Epoch    GPU_mem   box_loss   cls_loss   dfl_loss  Instances       Size
                   all       9561      16331      0.409      0.438      0.358      0.184

      Epoch    GPU_mem   box_loss   cls_loss   dfl_loss  Instances       Size
                   all       9561      16331      0.401      0.441      0.357      0.182

      Epoch    GPU_mem   box_loss   cls_loss   dfl_loss  Instances       Size
                   all       9561      16331      0.404      0.442      0.359      0.183

      Epoch    GPU_mem   box_loss   cls_loss   dfl_loss  Instances       Size
                   all       9561      16331      0.408      0.443       0.36      0.186

      Epoch    GPU_mem   box_loss   cls_loss   dfl_loss  Instances       Size
                   all       9561      16331      0.407      0.446      0.361      0.187

      Epoch    GPU_mem   box_loss   cls_loss   dfl_loss  Instances       Size
                   all       9561      16331      0.409      0.448      0.362      0.187

      Epoch    GPU_mem   box_loss   cls_loss   dfl_loss  Instances       Size
                   all       9561      16331      0.409      0.447      0.363      0.187

      Epoch    GPU_mem   box_loss   cls_loss   dfl_loss  Instances       Size
                   all       9561      16331      0.413      0.444      0.363      0.188

      Epoch    GPU_mem   box_loss   cls_loss   dfl_loss  Instances       Size
                   all       9561      16331      0.411      0.447      0.363      0.187

      Epoch    GPU_mem   box_loss   cls_loss   dfl_loss  Instances       Size
                   all       9561      16331      0.414      0.444      0.364      0.187

      Epoch    GPU_mem   box_loss   cls_loss   dfl_loss  Instances       Size
                   all       9561      16331      0.415      0.444      0.363      0.186

      Epoch    GPU_mem   box_loss   cls_loss   dfl_loss  Instances       Size
                   all       9561      16331      0.414      0.445      0.364      0.186

      Epoch    GPU_mem   box_loss   cls_loss   dfl_loss  Instances       Size
                   all       9561      16331      0.414      0.445      0.364      0.185

      Epoch    GPU_mem   box_loss   cls_loss   dfl_loss  Instances       Size
                   all       9561      16331      0.414      0.446      0.364      0.185

      Epoch    GPU_mem   box_loss   cls_loss   dfl_loss  Instances       Size
                   all       9561      16331      0.415      0.445      0.365      0.185

      Epoch    GPU_mem   box_loss   cls_loss   dfl_loss  Instances       Size
                   all       9561      16331      0.415      0.446      0.365      0.185

      Epoch    GPU_mem   box_loss   cls_loss   dfl_loss  Instances       Size
                   all       9561      16331      0.415      0.445      0.365      0.185

      Epoch    GPU_mem   box_loss   cls_loss   dfl_loss  Instances       Size
                   all       9561      16331      0.416      0.445      0.365      0.185

      Epoch    GPU_mem   box_loss   cls_loss   dfl_loss  Instances       Size
                   all       9561      16331      0.415      0.447      0.365      0.186

      Epoch    GPU_mem   box_loss   cls_loss   dfl_loss  Instances       Size
                   all       9561      16331      0.416      0.448      0.366      0.186

      Epoch    GPU_mem   box_loss   cls_loss   dfl_loss  Instances       Size
                   all       9561      16331      0.417      0.447      0.366      0.187

      Epoch    GPU_mem   box_loss   cls_loss   dfl_loss  Instances       Size
                   all       9561      16331      0.418      0.448      0.367      0.187

      Epoch    GPU_mem   box_loss   cls_loss   dfl_loss  Instances       Size
                   all       9561      16331      0.417      0.448      0.367      0.187

      Epoch    GPU_mem   box_loss   cls_loss   dfl_loss  Instances       Size
                   all       9561      16331      0.417      0.449      0.367      0.187

      Epoch    GPU_mem   box_loss   cls_loss   dfl_loss  Instances       Size
                   all       9561      16331      0.417      0.448      0.367      0.187

      Epoch    GPU_mem   box_loss   cls_loss   dfl_loss  Instances       Size
                   all       9561      16331      0.417      0.448      0.368      0.188

      Epoch    GPU_mem   box_loss   cls_loss   dfl_loss  Instances       Size
                   all       9561      16331      0.417      0.448      0.368      0.188

      Epoch    GPU_mem   box_loss   cls_loss   dfl_loss  Instances       Size
                   all       9561      16331      0.418      0.449      0.368      0.188

      Epoch    GPU_mem   box_loss   cls_loss   dfl_loss  Instances       Size
                   all       9561      16331      0.418      0.449      0.369      0.189

      Epoch    GPU_mem   box_loss   cls_loss   dfl_loss  Instances       Size
                   all       9561      16331      0.418      0.451      0.369      0.189

      Epoch    GPU_mem   box_loss   cls_loss   dfl_loss  Instances       Size
                   all       9561      16331       0.42      0.451       0.37      0.189

      Epoch    GPU_mem   box_loss   cls_loss   dfl_loss  Instances       Size
                   all       9561      16331       0.42      0.451       0.37      0.189

      Epoch    GPU_mem   box_loss   cls_loss   dfl_loss  Instances       Size
                   all       9561      16331      0.421      0.452       0.37      0.189

      Epoch    GPU_mem   box_loss   cls_loss   dfl_loss  Instances       Size
                   all       9561      16331      0.422      0.451      0.371      0.189

      Epoch    GPU_mem   box_loss   cls_loss   dfl_loss  Instances       Size
                   all       9561      16331      0.422      0.451      0.372       0.19

      Epoch    GPU_mem   box_loss   cls_loss   dfl_loss  Instances       Size
                   all       9561      16331      0.422      0.452      0.372       0.19

      Epoch    GPU_mem   box_loss   cls_loss   dfl_loss  Instances       Size
                   all       9561      16331      0.422      0.452      0.373      0.191

      Epoch    GPU_mem   box_loss   cls_loss   dfl_loss  Instances       Size
                   all       9561      16331      0.422      0.454      0.373      0.191

      Epoch    GPU_mem   box_loss   cls_loss   dfl_loss  Instances       Size
                   all       9561      16331      0.422      0.453      0.374      0.191

      Epoch    GPU_mem   box_loss   cls_loss   dfl_loss  Instances       Size
                   all       9561      16331      0.423      0.452      0.374      0.192

      Epoch    GPU_mem   box_loss   cls_loss   dfl_loss  Instances       Size
                   all       9561      16331      0.425      0.451      0.374      0.192

      Epoch    GPU_mem   box_loss   cls_loss   dfl_loss  Instances       Size
                   all       9561      16331      0.425      0.454      0.375      0.192

      Epoch    GPU_mem   box_loss   cls_loss   dfl_loss  Instances       Size
                   all       9561      16331      0.425      0.453      0.375      0.193

      Epoch    GPU_mem   box_loss   cls_loss   dfl_loss  Instances       Size
                   all       9561      16331      0.426      0.454      0.376      0.194

      Epoch    GPU_mem   box_loss   cls_loss   dfl_loss  Instances       Size
                   all       9561      16331      0.428      0.452      0.377      0.194

      Epoch    GPU_mem   box_loss   cls_loss   dfl_loss  Instances       Size
                   all       9561      16331      0.428      0.453      0.377      0.194

      Epoch    GPU_mem   box_loss   cls_loss   dfl_loss  Instances       Size
                   all       9561      16331      0.428      0.452      0.377      0.194

      Epoch    GPU_mem   box_loss   cls_loss   dfl_loss  Instances       Size
                   all       9561      16331      0.427      0.453      0.378      0.194

      Epoch    GPU_mem   box_loss   cls_loss   dfl_loss  Instances       Size
                   all       9561      16331      0.429      0.452      0.378      0.194

      Epoch    GPU_mem   box_loss   cls_loss   dfl_loss  Instances       Size
                   all       9561      16331       0.43      0.453      0.379      0.193

      Epoch    GPU_mem   box_loss   cls_loss   dfl_loss  Instances       Size
                   all       9561      16331      0.431      0.452      0.379      0.192

      Epoch    GPU_mem   box_loss   cls_loss   dfl_loss  Instances       Size
                   all       9561      16331      0.431      0.452      0.379      0.191

      Epoch    GPU_mem   box_loss   cls_loss   dfl_loss  Instances       Size
                   all       9561      16331      0.431      0.452      0.379      0.192

      Epoch    GPU_mem   box_loss   cls_loss   dfl_loss  Instances       Size
                   all       9561      16331      0.431      0.454      0.379      0.191

      Epoch    GPU_mem   box_loss   cls_loss   dfl_loss  Instances       Size
                   all       9561      16331      0.433      0.451      0.379      0.191

      Epoch    GPU_mem   box_loss   cls_loss   dfl_loss  Instances       Size
                   all       9561      16331      0.432      0.451      0.379      0.191

      Epoch    GPU_mem   box_loss   cls_loss   dfl_loss  Instances       Size
                   all       9561      16331      0.431      0.453       0.38      0.191

      Epoch    GPU_mem   box_loss   cls_loss   dfl_loss  Instances       Size
                   all       9561      16331      0.432      0.452       0.38      0.189

      Epoch    GPU_mem   box_loss   cls_loss   dfl_loss  Instances       Size
                   all       9561      16331      0.434      0.452       0.38       0.19

      Epoch    GPU_mem   box_loss   cls_loss   dfl_loss  Instances       Size
                   all       9561      16331      0.436       0.45       0.38      0.189

      Epoch    GPU_mem   box_loss   cls_loss   dfl_loss  Instances       Size
                   all       9561      16331      0.436      0.451       0.38      0.189

      Epoch    GPU_mem   box_loss   cls_loss   dfl_loss  Instances       Size
                   all       9561      16331      0.436      0.454      0.381      0.188

      Epoch    GPU_mem   box_loss   cls_loss   dfl_loss  Instances       Size
                   all       9561      16331      0.438      0.454      0.382      0.189

      Epoch    GPU_mem   box_loss   cls_loss   dfl_loss  Instances       Size
                   all       9561      16331      0.439      0.455      0.383      0.188

      Epoch    GPU_mem   box_loss   cls_loss   dfl_loss  Instances       Size
                   all       9561      16331      0.441      0.453      0.383      0.189

      Epoch    GPU_mem   box_loss   cls_loss   dfl_loss  Instances       Size
                   all       9561      16331      0.441      0.453      0.383      0.187

      Epoch    GPU_mem   box_loss   cls_loss   dfl_loss  Instances       Size
                   all       9561      16331      0.442      0.453      0.383      0.186

      Epoch    GPU_mem   box_loss   cls_loss   dfl_loss  Instances       Size
                   all       9561      16331      0.442      0.453      0.384      0.186

      Epoch    GPU_mem   box_loss   cls_loss   dfl_loss  Instances       Size
                   all       9561      16331      0.442      0.454      0.384      0.186

      Epoch    GPU_mem   box_loss   cls_loss   dfl_loss  Instances       Size
                   all       9561      16331      0.442      0.453      0.384      0.185

      Epoch    GPU_mem   box_loss   cls_loss   dfl_loss  Instances       Size
                   all       9561      16331      0.444      0.453      0.384      0.184

      Epoch    GPU_mem   box_loss   cls_loss   dfl_loss  Instances       Size
                   all       9561      16331      0.443      0.453      0.385      0.184

      Epoch    GPU_mem   box_loss   cls_loss   dfl_loss  Instances       Size
                   all       9561      16331      0.444      0.454      0.385      0.184

      Epoch    GPU_mem   box_loss   cls_loss   dfl_loss  Instances       Size
                   all       9561      16331      0.445      0.454      0.385      0.183

      Epoch    GPU_mem   box_loss   cls_loss   dfl_loss  Instances       Size
                   all       9561      16331      0.444      0.454      0.386      0.182

      Epoch    GPU_mem   box_loss   cls_loss   dfl_loss  Instances       Size
                   all       9561      16331      0.444      0.453      0.385      0.181

      Epoch    GPU_mem   box_loss   cls_loss   dfl_loss  Instances       Size
                   all       9561      16331      0.445      0.454      0.386      0.181

      Epoch    GPU_mem   box_loss   cls_loss   dfl_loss  Instances       Size
                   all       9561      16331      0.446      0.454      0.386      0.181

      Epoch    GPU_mem   box_loss   cls_loss   dfl_loss  Instances       Size
                   all       9561      16331      0.446      0.454      0.387      0.182

      Epoch    GPU_mem   box_loss   cls_loss   dfl_loss  Instances       Size
                   all       9561      16331      0.447      0.456      0.387      0.183

      Epoch    GPU_mem   box_loss   cls_loss   dfl_loss  Instances       Size
                   all       9561      16331      0.446      0.457      0.388      0.183

      Epoch    GPU_mem   box_loss   cls_loss   dfl_loss  Instances       Size
                   all       9561      16331      0.448      0.456      0.388      0.183

      Epoch    GPU_mem   box_loss   cls_loss   dfl_loss  Instances       Size
                   all       9561      16331      0.449      0.454      0.389      0.183

      Epoch    GPU_mem   box_loss   cls_loss   dfl_loss  Instances       Size
                   all       9561      16331       0.45      0.452      0.389      0.183

      Epoch    GPU_mem   box_loss   cls_loss   dfl_loss  Instances       Size
                   all       9561      16331      0.449      0.453      0.389      0.183

      Epoch    GPU_mem   box_loss   cls_loss   dfl_loss  Instances       Size
                   all       9561      16331      0.449      0.454      0.389      0.183

      Epoch    GPU_mem   box_loss   cls_loss   dfl_loss  Instances       Size
                   all       9561      16331       0.45      0.454       0.39      0.184

      Epoch    GPU_mem   box_loss   cls_loss   dfl_loss  Instances       Size
                   all       9561      16331       0.45      0.455       0.39      0.184

      Epoch    GPU_mem   box_loss   cls_loss   dfl_loss  Instances       Size
                   all       9561      16331       0.45      0.456      0.391      0.184

      Epoch    GPU_mem   box_loss   cls_loss   dfl_loss  Instances       Size
                   all       9561      16331      0.452      0.455      0.391      0.183

      Epoch    GPU_mem   box_loss   cls_loss   dfl_loss  Instances       Size
                   all       9561      16331      0.453      0.455      0.391      0.183

      Epoch    GPU_mem   box_loss   cls_loss   dfl_loss  Instances       Size
                   all       9561      16331      0.453      0.456      0.391      0.182

      Epoch    GPU_mem   box_loss   cls_loss   dfl_loss  Instances       Size
                   all       9561      16331      0.454      0.456      0.391      0.181

      Epoch    GPU_mem   box_loss   cls_loss   dfl_loss  Instances       Size
                   all       9561      16331      0.454      0.457      0.392      0.182

      Epoch    GPU_mem   box_loss   cls_loss   dfl_loss  Instances       Size
                   all       9561      16331      0.453      0.457      0.392      0.182

      Epoch    GPU_mem   box_loss   cls_loss   dfl_loss  Instances       Size
                   all       9561      16331      0.453      0.457      0.392      0.182

      Epoch    GPU_mem   box_loss   cls_loss   dfl_loss  Instances       Size
                   all       9561      16331      0.455      0.455      0.392      0.183

      Epoch    GPU_mem   box_loss   cls_loss   dfl_loss  Instances       Size
                   all       9561      16331      0.457      0.455      0.393      0.183

      Epoch    GPU_mem   box_loss   cls_loss   dfl_loss  Instances       Size
                   all       9561      16331      0.458      0.456      0.393      0.183

      Epoch    GPU_mem   box_loss   cls_loss   dfl_loss  Instances       Size
                   all       9561      16331      0.459      0.456      0.393      0.184

      Epoch    GPU_mem   box_loss   cls_loss   dfl_loss  Instances       Size
                   all       9561      16331       0.46      0.456      0.394      0.184

      Epoch    GPU_mem   box_loss   cls_loss   dfl_loss  Instances       Size
                   all       9561      16331      0.461      0.455      0.394      0.184

      Epoch    GPU_mem   box_loss   cls_loss   dfl_loss  Instances       Size
                   all       9561      16331      0.462      0.455      0.394      0.184

      Epoch    GPU_mem   box_loss   cls_loss   dfl_loss  Instances       Size
                   all       9561      16331      0.462      0.455      0.394      0.184

      Epoch    GPU_mem   box_loss   cls_loss   dfl_loss  Instances       Size
                   all       9561      16331      0.463      0.455      0.395      0.185

      Epoch    GPU_mem   box_loss   cls_loss   dfl_loss  Instances       Size
                   all       9561      16331      0.463      0.456      0.395      0.185

      Epoch    GPU_mem   box_loss   cls_loss   dfl_loss  Instances       Size
                   all       9561      16331      0.464      0.456      0.396      0.185

      Epoch    GPU_mem   box_loss   cls_loss   dfl_loss  Instances       Size
                   all       9561      16331      0.463      0.457      0.397      0.187

      Epoch    GPU_mem   box_loss   cls_loss   dfl_loss  Instances       Size
                   all       9561      16331      0.463      0.458      0.397      0.187

      Epoch    GPU_mem   box_loss   cls_loss   dfl_loss  Instances       Size
                   all       9561      16331      0.465      0.459      0.398      0.188

      Epoch    GPU_mem   box_loss   cls_loss   dfl_loss  Instances       Size
                   all       9561      16331      0.464      0.461      0.399      0.189

      Epoch    GPU_mem   box_loss   cls_loss   dfl_loss  Instances       Size
                   all       9561      16331      0.465      0.461      0.399       0.19

      Epoch    GPU_mem   box_loss   cls_loss   dfl_loss  Instances       Size
                   all       9561      16331      0.465      0.461      0.399       0.19

      Epoch    GPU_mem   box_loss   cls_loss   dfl_loss  Instances       Size
                   all       9561      16331      0.466      0.461      0.399       0.19

      Epoch    GPU_mem   box_loss   cls_loss   dfl_loss  Instances       Size
                   all       9561      16331      0.467      0.459        0.4      0.191

      Epoch    GPU_mem   box_loss   cls_loss   dfl_loss  Instances       Size
                   all       9561      16331      0.467      0.459        0.4      0.191

      Epoch    GPU_mem   box_loss   cls_loss   dfl_loss  Instances       Size
                   all       9561      16331      0.467      0.459      0.401      0.192

      Epoch    GPU_mem   box_loss   cls_loss   dfl_loss  Instances       Size
                   all       9561      16331      0.467      0.459      0.401      0.192

      Epoch    GPU_mem   box_loss   cls_loss   dfl_loss  Instances       Size
                   all       9561      16331      0.468      0.459      0.402      0.192

      Epoch    GPU_mem   box_loss   cls_loss   dfl_loss  Instances       Size
                   all       9561      16331      0.468       0.46      0.402      0.192

      Epoch    GPU_mem   box_loss   cls_loss   dfl_loss  Instances       Size
                   all       9561      16331      0.467      0.461      0.402      0.192

      Epoch    GPU_mem   box_loss   cls_loss   dfl_loss  Instances       Size
                   all       9561      16331      0.468      0.461      0.403      0.193

      Epoch    GPU_mem   box_loss   cls_loss   dfl_loss  Instances       Size
                   all       9561      16331      0.469      0.461      0.404      0.193

      Epoch    GPU_mem   box_loss   cls_loss   dfl_loss  Instances       Size
                   all       9561      16331       0.47      0.461      0.404      0.193

      Epoch    GPU_mem   box_loss   cls_loss   dfl_loss  Instances       Size
                   all       9561      16331      0.469      0.462      0.404      0.193

      Epoch    GPU_mem   box_loss   cls_loss   dfl_loss  Instances       Size
                   all       9561      16331      0.469      0.462      0.405      0.193

      Epoch    GPU_mem   box_loss   cls_loss   dfl_loss  Instances       Size
                   all       9561      16331       0.47      0.462      0.405      0.193

      Epoch    GPU_mem   box_loss   cls_loss   dfl_loss  Instances       Size
                   all       9561      16331      0.468      0.463      0.405      0.192

      Epoch    GPU_mem   box_loss   cls_loss   dfl_loss  Instances       Size
                   all       9561      16331       0.47      0.464      0.406      0.192

      Epoch    GPU_mem   box_loss   cls_loss   dfl_loss  Instances       Size
                   all       9561      16331      0.471      0.463      0.406      0.191

      Epoch    GPU_mem   box_loss   cls_loss   dfl_loss  Instances       Size
                   all       9561      16331      0.471      0.463      0.406      0.192

      Epoch    GPU_mem   box_loss   cls_loss   dfl_loss  Instances       Size
                   all       9561      16331       0.47      0.463      0.406      0.192

      Epoch    GPU_mem   box_loss   cls_loss   dfl_loss  Instances       Size
                   all       9561      16331       0.47      0.464      0.407      0.192

      Epoch    GPU_mem   box_loss   cls_loss   dfl_loss  Instances       Size
                   all       9561      16331      0.469      0.465      0.407      0.192

      Epoch    GPU_mem   box_loss   cls_loss   dfl_loss  Instances       Size
                   all       9561      16331      0.471      0.463      0.408      0.193

      Epoch    GPU_mem   box_loss   cls_loss   dfl_loss  Instances       Size
                   all       9561      16331      0.471      0.463      0.408      0.192

      Epoch    GPU_mem   box_loss   cls_loss   dfl_loss  Instances       Size
                   all       9561      16331      0.472      0.463      0.408      0.192

      Epoch    GPU_mem   box_loss   cls_loss   dfl_loss  Instances       Size
                   all       9561      16331      0.472      0.463      0.408      0.192

      Epoch    GPU_mem   box_loss   cls_loss   dfl_loss  Instances       Size
                   all       9561      16331      0.472      0.464      0.409      0.192

      Epoch    GPU_mem   box_loss   cls_loss   dfl_loss  Instances       Size
                   all       9561      16331      0.472      0.464      0.409      0.192

      Epoch    GPU_mem   box_loss   cls_loss   dfl_loss  Instances       Size
                   all       9561      16331      0.471      0.465      0.409      0.192

      Epoch    GPU_mem   box_loss   cls_loss   dfl_loss  Instances       Size
                   all       9561      16331       0.47      0.466      0.409      0.192

      Epoch    GPU_mem   box_loss   cls_loss   dfl_loss  Instances       Size
                   all       9561      16331       0.47      0.465      0.409      0.192

      Epoch    GPU_mem   box_loss   cls_loss   dfl_loss  Instances       Size
                   all       9561      16331       0.47      0.466      0.409      0.191

      Epoch    GPU_mem   box_loss   cls_loss   dfl_loss  Instances       Size
                   all       9561      16331       0.47      0.465      0.409      0.191

      Epoch    GPU_mem   box_loss   cls_loss   dfl_loss  Instances       Size
                   all       9561      16331       0.47      0.465      0.409      0.191

      Epoch    GPU_mem   box_loss   cls_loss   dfl_loss  Instances       Size
                   all       9561      16331      0.469      0.466      0.409       0.19

      Epoch    GPU_mem   box_loss   cls_loss   dfl_loss  Instances       Size
                   all       9561      16331      0.469      0.465      0.409       0.19

      Epoch    GPU_mem   box_loss   cls_loss   dfl_loss  Instances       Size
                   all       9561      16331      0.469      0.466      0.409       0.19

      Epoch    GPU_mem   box_loss   cls_loss   dfl_loss  Instances       Size
                   all       9561      16331      0.468      0.465      0.408      0.189

      Epoch    GPU_mem   box_loss   cls_loss   dfl_loss  Instances       Size
                   all       9561      16331      0.468      0.465      0.409      0.189

      Epoch    GPU_mem   box_loss   cls_loss   dfl_loss  Instances       Size
                   all       9561      16331      0.467      0.466      0.409      0.188

      Epoch    GPU_mem   box_loss   cls_loss   dfl_loss  Instances       Size
                   all       9561      16331      0.466      0.467      0.408      0.188

      Epoch    GPU_mem   box_loss   cls_loss   dfl_loss  Instances       Size
                   all       9561      16331      0.468      0.465      0.408      0.187

      Epoch    GPU_mem   box_loss   cls_loss   dfl_loss  Instances       Size
                   all       9561      16331      0.468      0.465      0.409      0.187

      Epoch    GPU_mem   box_loss   cls_loss   dfl_loss  Instances       Size
                   all       9561      16331      0.468      0.466      0.408      0.186

      Epoch    GPU_mem   box_loss   cls_loss   dfl_loss  Instances       Size
                   all       9561      16331       0.47      0.465      0.409      0.186

      Epoch    GPU_mem   box_loss   cls_loss   dfl_loss  Instances       Size
                   all       9561      16331       0.47      0.465      0.409      0.185

      Epoch    GPU_mem   box_loss   cls_loss   dfl_loss  Instances       Size
                   all       9561      16331      0.471      0.465      0.408      0.185

      Epoch    GPU_mem   box_loss   cls_loss   dfl_loss  Instances       Size
                   all       9561      16331      0.471      0.464      0.408      0.184

      Epoch    GPU_mem   box_loss   cls_loss   dfl_loss  Instances       Size
                   all       9561      16331      0.471      0.464      0.409      0.184

      Epoch    GPU_mem   box_loss   cls_loss   dfl_loss  Instances       Size
                   all       9561      16331       0.47      0.465      0.409      0.184

      Epoch    GPU_mem   box_loss   cls_loss   dfl_loss  Instances       Size
                   all       9561      16331       0.47      0.466      0.409      0.183

      Epoch    GPU_mem   box_loss   cls_loss   dfl_loss  Instances       Size
                   all       9561      16331      0.469      0.466      0.409      0.183

      Epoch    GPU_mem   box_loss   cls_loss   dfl_loss  Instances       Size
                   all       9561      16331      0.469      0.466      0.408      0.182

      Epoch    GPU_mem   box_loss   cls_loss   dfl_loss  Instances       Size
                   all       9561      16331      0.468      0.466      0.408      0.182

      Epoch    GPU_mem   box_loss   cls_loss   dfl_loss  Instances       Size
                   all       9561      16331      0.468      0.465      0.408      0.182

      Epoch    GPU_mem   box_loss   cls_loss   dfl_loss  Instances       Size
                   all       9561      16331      0.469      0.464      0.408      0.181

      Epoch    GPU_mem   box_loss   cls_loss   dfl_loss  Instances       Size
                   all       9561      16331       0.47      0.464      0.408      0.181

      Epoch    GPU_mem   box_loss   cls_loss   dfl_loss  Instances       Size
                   all       9561      16331      0.469      0.464      0.407       0.18

      Epoch    GPU_mem   box_loss   cls_loss   dfl_loss  Instances       Size
                   all       9561      16331      0.469      0.465      0.408       0.18

      Epoch    GPU_mem   box_loss   cls_loss   dfl_loss  Instances       Size
                   all       9561      16331      0.469      0.465      0.408      0.179

      Epoch    GPU_mem   box_loss   cls_loss   dfl_loss  Instances       Size
                   all       9561      16331      0.469      0.465      0.407      0.179

      Epoch    GPU_mem   box_loss   cls_loss   dfl_loss  Instances       Size
                   all       9561      16331      0.472      0.463      0.407      0.178

      Epoch    GPU_mem   box_loss   cls_loss   dfl_loss  Instances       Size
                   all       9561      16331      0.472      0.463      0.407      0.177

      Epoch    GPU_mem   box_loss   cls_loss   dfl_loss  Instances       Size
                   all       9561      16331      0.471      0.462      0.406      0.177

      Epoch    GPU_mem   box_loss   cls_loss   dfl_loss  Instances       Size
                   all       9561      16331       0.47      0.463      0.406      0.177

      Epoch    GPU_mem   box_loss   cls_loss   dfl_loss  Instances       Size
                   all       9561      16331       0.47      0.462      0.406      0.176

      Epoch    GPU_mem   box_loss   cls_loss   dfl_loss  Instances       Size
                   all       9561      16331       0.47      0.462      0.406      0.176

      Epoch    GPU_mem   box_loss   cls_loss   dfl_loss  Instances       Size
                   all       9561      16331      0.468      0.464      0.406      0.175

200 epochs completed in 22.855 hours.
Optimizer stripped from yolo/pure_box/img128_ep200_yolo11m/weights/last.pt, 40.5MB
Optimizer stripped from yolo/pure_box/img128_ep200_yolo11m/weights/best.pt, 40.5MB

Validating yolo/pure_box/img128_ep200_yolo11m/weights/best.pt...
Ultralytics 8.3.88 🚀 Python-3.10.12 torch-2.6.0+cu124 CUDA:0 (NVIDIA A100-PCIE-40GB, 40442MiB)
YOLO11m summary (fused): 125 layers, 20,031,574 parameters, 0 gradients, 67.7 GFLOPs
                   all       9561      16331      0.469       0.46      0.403      0.193
            lymphocyte       3731      10586      0.582      0.616      0.578      0.285
              monocyte       3213       5745      0.355      0.304      0.228      0.102
Speed: 0.0ms preprocess, 0.7ms inference, 0.0ms loss, 0.7ms postprocess per image
Results saved to [1myolo/pure_box/img128_ep200_yolo11m[0m

Validating yolo with iou=0.7
Ultralytics 8.3.88 🚀 Python-3.10.12 torch-2.6.0+cu124 CUDA:0 (NVIDIA A100-PCIE-40GB, 40442MiB)
YOLO11m summary (fused): 125 layers, 20,031,574 parameters, 0 gradients, 67.7 GFLOPs
[34m[1mval: [0mWARNING ⚠️ /home/tupystep/monkey_challenge/data/pure_seg_box/pas-cpg128/images/A_P000005_PAS_CPG_ROI3_30.png: 1 duplicate labels removed
[34m[1mval: [0mWARNING ⚠️ /home/tupystep/monkey_challenge/data/pure_seg_box/pas-cpg128/images/A_P000007_PAS_CPG_ROI1_121.png: 1 duplicate labels removed
[34m[1mval: [0mWARNING ⚠️ /home/tupystep/monkey_challenge/data/pure_seg_box/pas-cpg128/images/A_P000021_PAS_CPG_ROI0_257.png: 1 duplicate labels removed
[34m[1mval: [0mWARNING ⚠️ /home/tupystep/monkey_challenge/data/pure_seg_box/pas-cpg128/images/A_P000030_PAS_CPG_ROI0_74.png: 1 duplicate labels removed
[34m[1mval: [0mWARNING ⚠️ /home/tupystep/monkey_challenge/data/pure_seg_box/pas-cpg128/images/B_P000001_PAS_CPG_ROI0_56.png: 1 duplicate labels removed
[34m[1mval: [0mWARNING ⚠️ /home/tupystep/monkey_challenge/data/pure_seg_box/pas-cpg128/images/C_P000037_PAS_CPG_ROI0_21.png: 1 duplicate labels removed
[34m[1mval: [0mWARNING ⚠️ /home/tupystep/monkey_challenge/data/pure_seg_box/pas-cpg128/images/D_P000002_PAS_CPG_ROI0_162.png: 1 duplicate labels removed
[34m[1mval: [0mWARNING ⚠️ /home/tupystep/monkey_challenge/data/pure_seg_box/pas-cpg128/images/D_P000010_PAS_CPG_ROI1_254.png: 1 duplicate labels removed
[34m[1mval: [0mWARNING ⚠️ /home/tupystep/monkey_challenge/data/pure_seg_box/pas-cpg128/images/D_P000017_PAS_CPG_ROI0_23.png: 1 duplicate labels removed
                   all       9561      16331      0.469      0.464      0.406      0.175
            lymphocyte       3731      10586      0.588      0.614      0.576      0.256
              monocyte       3213       5745      0.349      0.315      0.235     0.0948
Speed: 0.0ms preprocess, 1.3ms inference, 0.0ms loss, 0.7ms postprocess per image
Results saved to [1myolo/pure_box/img128_ep200_yolo11m/iou0.7[0m

Validating yolo with iou=0.3
Ultralytics 8.3.88 🚀 Python-3.10.12 torch-2.6.0+cu124 CUDA:0 (NVIDIA A100-PCIE-40GB, 40442MiB)
[34m[1mval: [0mWARNING ⚠️ /home/tupystep/monkey_challenge/data/pure_seg_box/pas-cpg128/images/A_P000005_PAS_CPG_ROI3_30.png: 1 duplicate labels removed
[34m[1mval: [0mWARNING ⚠️ /home/tupystep/monkey_challenge/data/pure_seg_box/pas-cpg128/images/A_P000007_PAS_CPG_ROI1_121.png: 1 duplicate labels removed
[34m[1mval: [0mWARNING ⚠️ /home/tupystep/monkey_challenge/data/pure_seg_box/pas-cpg128/images/A_P000021_PAS_CPG_ROI0_257.png: 1 duplicate labels removed
[34m[1mval: [0mWARNING ⚠️ /home/tupystep/monkey_challenge/data/pure_seg_box/pas-cpg128/images/A_P000030_PAS_CPG_ROI0_74.png: 1 duplicate labels removed
[34m[1mval: [0mWARNING ⚠️ /home/tupystep/monkey_challenge/data/pure_seg_box/pas-cpg128/images/B_P000001_PAS_CPG_ROI0_56.png: 1 duplicate labels removed
[34m[1mval: [0mWARNING ⚠️ /home/tupystep/monkey_challenge/data/pure_seg_box/pas-cpg128/images/C_P000037_PAS_CPG_ROI0_21.png: 1 duplicate labels removed
[34m[1mval: [0mWARNING ⚠️ /home/tupystep/monkey_challenge/data/pure_seg_box/pas-cpg128/images/D_P000002_PAS_CPG_ROI0_162.png: 1 duplicate labels removed
[34m[1mval: [0mWARNING ⚠️ /home/tupystep/monkey_challenge/data/pure_seg_box/pas-cpg128/images/D_P000010_PAS_CPG_ROI1_254.png: 1 duplicate labels removed
[34m[1mval: [0mWARNING ⚠️ /home/tupystep/monkey_challenge/data/pure_seg_box/pas-cpg128/images/D_P000017_PAS_CPG_ROI0_23.png: 1 duplicate labels removed
                   all       9561      16331      0.462      0.476      0.411      0.179
            lymphocyte       3731      10586      0.581      0.623      0.583      0.262
              monocyte       3213       5745      0.343      0.329       0.24     0.0965
Speed: 0.0ms preprocess, 1.3ms inference, 0.0ms loss, 0.7ms postprocess per image
Results saved to [1myolo/pure_box/img128_ep200_yolo11m/iou0.3[0m

Validating yolo with iou=0.1
Ultralytics 8.3.88 🚀 Python-3.10.12 torch-2.6.0+cu124 CUDA:0 (NVIDIA A100-PCIE-40GB, 40442MiB)
[34m[1mval: [0mWARNING ⚠️ /home/tupystep/monkey_challenge/data/pure_seg_box/pas-cpg128/images/A_P000005_PAS_CPG_ROI3_30.png: 1 duplicate labels removed
[34m[1mval: [0mWARNING ⚠️ /home/tupystep/monkey_challenge/data/pure_seg_box/pas-cpg128/images/A_P000007_PAS_CPG_ROI1_121.png: 1 duplicate labels removed
[34m[1mval: [0mWARNING ⚠️ /home/tupystep/monkey_challenge/data/pure_seg_box/pas-cpg128/images/A_P000021_PAS_CPG_ROI0_257.png: 1 duplicate labels removed
[34m[1mval: [0mWARNING ⚠️ /home/tupystep/monkey_challenge/data/pure_seg_box/pas-cpg128/images/A_P000030_PAS_CPG_ROI0_74.png: 1 duplicate labels removed
[34m[1mval: [0mWARNING ⚠️ /home/tupystep/monkey_challenge/data/pure_seg_box/pas-cpg128/images/B_P000001_PAS_CPG_ROI0_56.png: 1 duplicate labels removed
[34m[1mval: [0mWARNING ⚠️ /home/tupystep/monkey_challenge/data/pure_seg_box/pas-cpg128/images/C_P000037_PAS_CPG_ROI0_21.png: 1 duplicate labels removed
[34m[1mval: [0mWARNING ⚠️ /home/tupystep/monkey_challenge/data/pure_seg_box/pas-cpg128/images/D_P000002_PAS_CPG_ROI0_162.png: 1 duplicate labels removed
[34m[1mval: [0mWARNING ⚠️ /home/tupystep/monkey_challenge/data/pure_seg_box/pas-cpg128/images/D_P000010_PAS_CPG_ROI1_254.png: 1 duplicate labels removed
[34m[1mval: [0mWARNING ⚠️ /home/tupystep/monkey_challenge/data/pure_seg_box/pas-cpg128/images/D_P000017_PAS_CPG_ROI0_23.png: 1 duplicate labels removed
                   all       9561      16331      0.463      0.475      0.412       0.18
            lymphocyte       3731      10586      0.582      0.622      0.583      0.263
              monocyte       3213       5745      0.343      0.328       0.24     0.0975
Speed: 0.0ms preprocess, 1.2ms inference, 0.0ms loss, 0.7ms postprocess per image
Results saved to [1myolo/pure_box/img128_ep200_yolo11m/iou0.1[0m
