Sat Apr 19 16:01:44 2025       
+-----------------------------------------------------------------------------------------+
| NVIDIA-SMI 570.124.06             Driver Version: 570.124.06     CUDA Version: 12.8     |
|-----------------------------------------+------------------------+----------------------+
| GPU  Name                 Persistence-M | Bus-Id          Disp.A | Volatile Uncorr. ECC |
| Fan  Temp   Perf          Pwr:Usage/Cap |           Memory-Usage | GPU-Util  Compute M. |
|                                         |                        |               MIG M. |
|=========================================+========================+======================|
|   0  NVIDIA A100-PCIE-40GB          On  |   00000000:0B:00.0 Off |                    0 |
| N/A   27C    P0             33W /  250W |       1MiB /  40960MiB |     20%      Default |
|                                         |                        |             Disabled |
+-----------------------------------------+------------------------+----------------------+
                                                                                         
+-----------------------------------------------------------------------------------------+
| Processes:                                                                              |
|  GPU   GI   CI              PID   Type   Process name                        GPU Memory |
|        ID   ID                                                               Usage      |
|=========================================================================================|
|  No running processes found                                                             |
+-----------------------------------------------------------------------------------------+
Downloading https://github.com/ultralytics/assets/releases/download/v8.3.0/yolo11x.pt to 'yolo11x.pt'...
New https://pypi.org/project/ultralytics/8.3.111 available 😃 Update with 'pip install -U ultralytics'
Ultralytics 8.3.88 🚀 Python-3.10.12 torch-2.6.0+cu124 CUDA:0 (NVIDIA A100-PCIE-40GB, 40442MiB)
[34m[1mengine/trainer: [0mtask=detect, mode=train, model=yolo11x.pt, data=data/basic_box/pas-cpg512/dataset.yaml, epochs=200, time=None, patience=200, batch=16, imgsz=512, save=True, save_period=-1, cache=disk, device=None, workers=0, project=yolo/basic_box, name=img512_ep200_yolo11x, exist_ok=False, pretrained=True, optimizer=auto, verbose=True, seed=0, deterministic=False, single_cls=False, rect=False, cos_lr=True, close_mosaic=0, resume=False, amp=True, fraction=1.0, profile=False, freeze=None, multi_scale=False, overlap_mask=True, mask_ratio=4, dropout=0.0, val=True, split=val, save_json=False, save_hybrid=False, conf=0.001, iou=0.7, max_det=None, half=False, dnn=False, plots=True, source=None, vid_stride=1, stream_buffer=False, visualize=False, augment=False, agnostic_nms=True, classes=None, retina_masks=False, embed=None, show=False, save_frames=False, save_txt=False, save_conf=False, save_crop=False, show_labels=True, show_conf=True, show_boxes=True, line_width=None, format=torchscript, keras=False, optimize=False, int8=False, dynamic=False, simplify=True, opset=None, workspace=None, nms=False, lr0=0.01, lrf=0.01, momentum=0.937, weight_decay=0.0005, warmup_epochs=3.0, warmup_momentum=0.8, warmup_bias_lr=0.1, box=7.5, cls=0.5, dfl=1.5, pose=12.0, kobj=1.0, nbs=64, hsv_h=0.015, hsv_s=0.4, hsv_v=0.4, degrees=15, translate=0.1, scale=0, shear=0.0, perspective=0.0, flipud=0.5, fliplr=0.5, bgr=0.0, mosaic=0, mixup=0.0, copy_paste=0.0, copy_paste_mode=flip, auto_augment=randaugment, erasing=0, crop_fraction=1.0, cfg=None, tracker=botsort.yaml, save_dir=yolo/basic_box/img512_ep200_yolo11x
Overriding model.yaml nc=80 with nc=2

                   from  n    params  module                                       arguments                     
  0                  -1  1      2784  ultralytics.nn.modules.conv.Conv             [3, 96, 3, 2]                 
  1                  -1  1    166272  ultralytics.nn.modules.conv.Conv             [96, 192, 3, 2]               
  2                  -1  2    389760  ultralytics.nn.modules.block.C3k2            [192, 384, 2, True, 0.25]     
  3                  -1  1   1327872  ultralytics.nn.modules.conv.Conv             [384, 384, 3, 2]              
  4                  -1  2   1553664  ultralytics.nn.modules.block.C3k2            [384, 768, 2, True, 0.25]     
  5                  -1  1   5309952  ultralytics.nn.modules.conv.Conv             [768, 768, 3, 2]              
  6                  -1  2   5022720  ultralytics.nn.modules.block.C3k2            [768, 768, 2, True]           
  7                  -1  1   5309952  ultralytics.nn.modules.conv.Conv             [768, 768, 3, 2]              
  8                  -1  2   5022720  ultralytics.nn.modules.block.C3k2            [768, 768, 2, True]           
  9                  -1  1   1476864  ultralytics.nn.modules.block.SPPF            [768, 768, 5]                 
 10                  -1  2   3264768  ultralytics.nn.modules.block.C2PSA           [768, 768, 2]                 
 11                  -1  1         0  torch.nn.modules.upsampling.Upsample         [None, 2, 'nearest']          
 12             [-1, 6]  1         0  ultralytics.nn.modules.conv.Concat           [1]                           
 13                  -1  2   5612544  ultralytics.nn.modules.block.C3k2            [1536, 768, 2, True]          
 14                  -1  1         0  torch.nn.modules.upsampling.Upsample         [None, 2, 'nearest']          
 15             [-1, 4]  1         0  ultralytics.nn.modules.conv.Concat           [1]                           
 16                  -1  2   1700352  ultralytics.nn.modules.block.C3k2            [1536, 384, 2, True]          
 17                  -1  1   1327872  ultralytics.nn.modules.conv.Conv             [384, 384, 3, 2]              
 18            [-1, 13]  1         0  ultralytics.nn.modules.conv.Concat           [1]                           
 19                  -1  2   5317632  ultralytics.nn.modules.block.C3k2            [1152, 768, 2, True]          
 20                  -1  1   5309952  ultralytics.nn.modules.conv.Conv             [768, 768, 3, 2]              
 21            [-1, 10]  1         0  ultralytics.nn.modules.conv.Concat           [1]                           
 22                  -1  2   5612544  ultralytics.nn.modules.block.C3k2            [1536, 768, 2, True]          
 23        [16, 19, 22]  1   3147862  ultralytics.nn.modules.head.Detect           [2, [384, 768, 768]]          
YOLO11x summary: 357 layers, 56,876,086 parameters, 56,876,070 gradients, 195.5 GFLOPs

Transferred 1009/1015 items from pretrained weights
Freezing layer 'model.23.dfl.conv.weight'
[34m[1mAMP: [0mrunning Automatic Mixed Precision (AMP) checks...
[34m[1mAMP: [0mchecks passed ✅
[34m[1mtrain: [0mNew cache created: /home/tupystep/monkey_challenge/data/basic_box/pas-cpg512/labels.cache
[34m[1mval: [0mNew cache created: /home/tupystep/monkey_challenge/data/basic_box/pas-cpg512/labels.cache
Plotting labels to yolo/basic_box/img512_ep200_yolo11x/labels.jpg... 
[34m[1moptimizer:[0m 'optimizer=auto' found, ignoring 'lr0=0.01' and 'momentum=0.937' and determining best 'optimizer', 'lr0' and 'momentum' automatically... 
[34m[1moptimizer:[0m AdamW(lr=0.001667, momentum=0.9) with parameter groups 167 weight(decay=0.0), 174 weight(decay=0.0005), 173 bias(decay=0.0)
Image sizes 512 train, 512 val
Using 0 dataloader workers
Logging results to [1myolo/basic_box/img512_ep200_yolo11x[0m
Starting training for 200 epochs...

      Epoch    GPU_mem   box_loss   cls_loss   dfl_loss  Instances       Size
                   all        444      11487     0.0376      0.538      0.037      0.015

      Epoch    GPU_mem   box_loss   cls_loss   dfl_loss  Instances       Size
                   all        444      11487     0.0103      0.032    0.00803    0.00474

      Epoch    GPU_mem   box_loss   cls_loss   dfl_loss  Instances       Size
                   all        444      11487      0.234      0.551      0.361      0.188

      Epoch    GPU_mem   box_loss   cls_loss   dfl_loss  Instances       Size
                   all        444      11487       0.27      0.609      0.428      0.218

      Epoch    GPU_mem   box_loss   cls_loss   dfl_loss  Instances       Size
                   all        444      11487      0.413      0.584      0.456      0.237

      Epoch    GPU_mem   box_loss   cls_loss   dfl_loss  Instances       Size
                   all        444      11487      0.341      0.397      0.308      0.155

      Epoch    GPU_mem   box_loss   cls_loss   dfl_loss  Instances       Size
                   all        444      11487      0.358      0.542      0.399      0.208

      Epoch    GPU_mem   box_loss   cls_loss   dfl_loss  Instances       Size
                   all        444      11487      0.358      0.565      0.446      0.238

      Epoch    GPU_mem   box_loss   cls_loss   dfl_loss  Instances       Size
                   all        444      11487      0.387      0.584      0.449      0.229

      Epoch    GPU_mem   box_loss   cls_loss   dfl_loss  Instances       Size
                   all        444      11487      0.418      0.604      0.507      0.265

      Epoch    GPU_mem   box_loss   cls_loss   dfl_loss  Instances       Size
                   all        444      11487      0.389      0.583      0.483      0.268

      Epoch    GPU_mem   box_loss   cls_loss   dfl_loss  Instances       Size
                   all        444      11487      0.367      0.579      0.476       0.25

      Epoch    GPU_mem   box_loss   cls_loss   dfl_loss  Instances       Size
                   all        444      11487      0.446      0.599      0.514      0.278

      Epoch    GPU_mem   box_loss   cls_loss   dfl_loss  Instances       Size
                   all        444      11487      0.418       0.59      0.503      0.263

      Epoch    GPU_mem   box_loss   cls_loss   dfl_loss  Instances       Size
                   all        444      11487      0.381      0.618      0.501      0.264

      Epoch    GPU_mem   box_loss   cls_loss   dfl_loss  Instances       Size
                   all        444      11487      0.437      0.606      0.528      0.275

      Epoch    GPU_mem   box_loss   cls_loss   dfl_loss  Instances       Size
                   all        444      11487      0.442      0.587      0.506      0.258

      Epoch    GPU_mem   box_loss   cls_loss   dfl_loss  Instances       Size
                   all        444      11487       0.43      0.612      0.525      0.279

      Epoch    GPU_mem   box_loss   cls_loss   dfl_loss  Instances       Size
                   all        444      11487      0.444      0.579      0.491      0.274

      Epoch    GPU_mem   box_loss   cls_loss   dfl_loss  Instances       Size
                   all        444      11487       0.41      0.569       0.49       0.26

      Epoch    GPU_mem   box_loss   cls_loss   dfl_loss  Instances       Size
                   all        444      11487      0.451      0.555      0.501      0.282

      Epoch    GPU_mem   box_loss   cls_loss   dfl_loss  Instances       Size
                   all        444      11487      0.473      0.604      0.546      0.294

      Epoch    GPU_mem   box_loss   cls_loss   dfl_loss  Instances       Size
                   all        444      11487      0.505      0.621       0.58      0.309

      Epoch    GPU_mem   box_loss   cls_loss   dfl_loss  Instances       Size
                   all        444      11487      0.479      0.571      0.521      0.272

      Epoch    GPU_mem   box_loss   cls_loss   dfl_loss  Instances       Size
                   all        444      11487      0.496      0.613      0.534      0.284

      Epoch    GPU_mem   box_loss   cls_loss   dfl_loss  Instances       Size
                   all        444      11487      0.456      0.615      0.551      0.292

      Epoch    GPU_mem   box_loss   cls_loss   dfl_loss  Instances       Size
                   all        444      11487      0.492       0.59      0.558      0.299

      Epoch    GPU_mem   box_loss   cls_loss   dfl_loss  Instances       Size
                   all        444      11487      0.502      0.615      0.577      0.312

      Epoch    GPU_mem   box_loss   cls_loss   dfl_loss  Instances       Size
                   all        444      11487      0.487      0.609      0.562      0.301

      Epoch    GPU_mem   box_loss   cls_loss   dfl_loss  Instances       Size
                   all        444      11487       0.47       0.61      0.557        0.3

      Epoch    GPU_mem   box_loss   cls_loss   dfl_loss  Instances       Size
                   all        444      11487      0.486      0.608       0.56      0.297

      Epoch    GPU_mem   box_loss   cls_loss   dfl_loss  Instances       Size
                   all        444      11487      0.481      0.629       0.57      0.309

      Epoch    GPU_mem   box_loss   cls_loss   dfl_loss  Instances       Size
                   all        444      11487      0.503      0.603      0.556      0.298

      Epoch    GPU_mem   box_loss   cls_loss   dfl_loss  Instances       Size
                   all        444      11487      0.472      0.622      0.563      0.302

      Epoch    GPU_mem   box_loss   cls_loss   dfl_loss  Instances       Size
                   all        444      11487      0.399      0.601      0.506      0.267

      Epoch    GPU_mem   box_loss   cls_loss   dfl_loss  Instances       Size
                   all        444      11487      0.509      0.618      0.581      0.313

      Epoch    GPU_mem   box_loss   cls_loss   dfl_loss  Instances       Size
                   all        444      11487      0.535      0.593      0.579      0.311

      Epoch    GPU_mem   box_loss   cls_loss   dfl_loss  Instances       Size
                   all        444      11487      0.459      0.632      0.563      0.309

      Epoch    GPU_mem   box_loss   cls_loss   dfl_loss  Instances       Size
                   all        444      11487      0.439      0.447       0.44      0.236

      Epoch    GPU_mem   box_loss   cls_loss   dfl_loss  Instances       Size
                   all        444      11487      0.467      0.602      0.555      0.297

      Epoch    GPU_mem   box_loss   cls_loss   dfl_loss  Instances       Size
                   all        444      11487      0.547      0.609      0.597      0.328

      Epoch    GPU_mem   box_loss   cls_loss   dfl_loss  Instances       Size
                   all        444      11487      0.543      0.625      0.597      0.333

      Epoch    GPU_mem   box_loss   cls_loss   dfl_loss  Instances       Size
                   all        444      11487       0.48      0.605      0.564      0.308

      Epoch    GPU_mem   box_loss   cls_loss   dfl_loss  Instances       Size
                   all        444      11487      0.529      0.612      0.578      0.312

      Epoch    GPU_mem   box_loss   cls_loss   dfl_loss  Instances       Size
                   all        444      11487      0.539      0.634      0.614       0.33

      Epoch    GPU_mem   box_loss   cls_loss   dfl_loss  Instances       Size
                   all        444      11487      0.543      0.629      0.605      0.333

      Epoch    GPU_mem   box_loss   cls_loss   dfl_loss  Instances       Size
                   all        444      11487      0.556      0.624       0.61      0.333

      Epoch    GPU_mem   box_loss   cls_loss   dfl_loss  Instances       Size
                   all        444      11487      0.515      0.602      0.585      0.314

      Epoch    GPU_mem   box_loss   cls_loss   dfl_loss  Instances       Size
                   all        444      11487      0.505      0.644      0.594      0.324

      Epoch    GPU_mem   box_loss   cls_loss   dfl_loss  Instances       Size
                   all        444      11487      0.512       0.62      0.588      0.317

      Epoch    GPU_mem   box_loss   cls_loss   dfl_loss  Instances       Size
                   all        444      11487      0.564      0.625      0.614      0.332

      Epoch    GPU_mem   box_loss   cls_loss   dfl_loss  Instances       Size
                   all        444      11487      0.563      0.629       0.62      0.341

      Epoch    GPU_mem   box_loss   cls_loss   dfl_loss  Instances       Size
                   all        444      11487      0.502       0.63      0.585      0.325

      Epoch    GPU_mem   box_loss   cls_loss   dfl_loss  Instances       Size
                   all        444      11487      0.534      0.605      0.585      0.321

      Epoch    GPU_mem   box_loss   cls_loss   dfl_loss  Instances       Size
                   all        444      11487      0.537      0.633      0.613      0.334

      Epoch    GPU_mem   box_loss   cls_loss   dfl_loss  Instances       Size
                   all        444      11487      0.565      0.637      0.624      0.341

      Epoch    GPU_mem   box_loss   cls_loss   dfl_loss  Instances       Size
                   all        444      11487       0.54      0.642      0.612      0.337

      Epoch    GPU_mem   box_loss   cls_loss   dfl_loss  Instances       Size
                   all        444      11487      0.531      0.634      0.615      0.337

      Epoch    GPU_mem   box_loss   cls_loss   dfl_loss  Instances       Size
                   all        444      11487       0.56      0.639      0.614      0.338

      Epoch    GPU_mem   box_loss   cls_loss   dfl_loss  Instances       Size
                   all        444      11487      0.536      0.623      0.601      0.332

      Epoch    GPU_mem   box_loss   cls_loss   dfl_loss  Instances       Size
                   all        444      11487      0.547      0.627      0.616      0.342

      Epoch    GPU_mem   box_loss   cls_loss   dfl_loss  Instances       Size
                   all        444      11487      0.527      0.626      0.604      0.332

      Epoch    GPU_mem   box_loss   cls_loss   dfl_loss  Instances       Size
                   all        444      11487      0.559       0.63      0.624      0.341

      Epoch    GPU_mem   box_loss   cls_loss   dfl_loss  Instances       Size
                   all        444      11487      0.578      0.633      0.629      0.352

      Epoch    GPU_mem   box_loss   cls_loss   dfl_loss  Instances       Size
                   all        444      11487      0.553      0.619       0.61      0.336

      Epoch    GPU_mem   box_loss   cls_loss   dfl_loss  Instances       Size
                   all        444      11487      0.544      0.645      0.619      0.342

      Epoch    GPU_mem   box_loss   cls_loss   dfl_loss  Instances       Size
                   all        444      11487      0.529      0.644      0.618      0.338

      Epoch    GPU_mem   box_loss   cls_loss   dfl_loss  Instances       Size
                   all        444      11487      0.581      0.626      0.634      0.346

      Epoch    GPU_mem   box_loss   cls_loss   dfl_loss  Instances       Size
                   all        444      11487      0.548      0.618       0.61      0.348

      Epoch    GPU_mem   box_loss   cls_loss   dfl_loss  Instances       Size
                   all        444      11487      0.571      0.648      0.637      0.359

      Epoch    GPU_mem   box_loss   cls_loss   dfl_loss  Instances       Size
                   all        444      11487      0.545      0.626      0.611      0.338

      Epoch    GPU_mem   box_loss   cls_loss   dfl_loss  Instances       Size
                   all        444      11487      0.542      0.637      0.616      0.338

      Epoch    GPU_mem   box_loss   cls_loss   dfl_loss  Instances       Size
                   all        444      11487      0.526      0.651       0.62      0.343

      Epoch    GPU_mem   box_loss   cls_loss   dfl_loss  Instances       Size
                   all        444      11487      0.562      0.647      0.631      0.361

      Epoch    GPU_mem   box_loss   cls_loss   dfl_loss  Instances       Size
                   all        444      11487      0.547      0.644      0.627      0.347

      Epoch    GPU_mem   box_loss   cls_loss   dfl_loss  Instances       Size
                   all        444      11487      0.552      0.642      0.625      0.343

      Epoch    GPU_mem   box_loss   cls_loss   dfl_loss  Instances       Size
                   all        444      11487      0.562      0.627      0.615      0.342

      Epoch    GPU_mem   box_loss   cls_loss   dfl_loss  Instances       Size
                   all        444      11487      0.559      0.626       0.62      0.344

      Epoch    GPU_mem   box_loss   cls_loss   dfl_loss  Instances       Size
                   all        444      11487      0.563      0.643      0.637      0.355

      Epoch    GPU_mem   box_loss   cls_loss   dfl_loss  Instances       Size
                   all        444      11487       0.56      0.647      0.634       0.35

      Epoch    GPU_mem   box_loss   cls_loss   dfl_loss  Instances       Size
                   all        444      11487      0.579      0.641      0.636      0.353

      Epoch    GPU_mem   box_loss   cls_loss   dfl_loss  Instances       Size
                   all        444      11487      0.578      0.646      0.635      0.349

      Epoch    GPU_mem   box_loss   cls_loss   dfl_loss  Instances       Size
                   all        444      11487      0.567      0.652      0.641      0.361

      Epoch    GPU_mem   box_loss   cls_loss   dfl_loss  Instances       Size
                   all        444      11487      0.586      0.634       0.64      0.356

      Epoch    GPU_mem   box_loss   cls_loss   dfl_loss  Instances       Size
                   all        444      11487      0.583      0.642      0.633      0.363

      Epoch    GPU_mem   box_loss   cls_loss   dfl_loss  Instances       Size
                   all        444      11487      0.589       0.64      0.643      0.355

      Epoch    GPU_mem   box_loss   cls_loss   dfl_loss  Instances       Size
                   all        444      11487      0.576      0.645      0.644      0.372

      Epoch    GPU_mem   box_loss   cls_loss   dfl_loss  Instances       Size
                   all        444      11487      0.573      0.653       0.64      0.359

      Epoch    GPU_mem   box_loss   cls_loss   dfl_loss  Instances       Size
                   all        444      11487      0.586      0.631      0.634      0.361

      Epoch    GPU_mem   box_loss   cls_loss   dfl_loss  Instances       Size
                   all        444      11487      0.595      0.649      0.655      0.373

      Epoch    GPU_mem   box_loss   cls_loss   dfl_loss  Instances       Size
                   all        444      11487      0.573      0.656       0.65       0.37

      Epoch    GPU_mem   box_loss   cls_loss   dfl_loss  Instances       Size
                   all        444      11487      0.576       0.64      0.635      0.354

      Epoch    GPU_mem   box_loss   cls_loss   dfl_loss  Instances       Size
                   all        444      11487       0.57      0.634      0.637      0.354

      Epoch    GPU_mem   box_loss   cls_loss   dfl_loss  Instances       Size
                   all        444      11487      0.573      0.633       0.63      0.354

      Epoch    GPU_mem   box_loss   cls_loss   dfl_loss  Instances       Size
                   all        444      11487      0.576      0.646      0.645      0.367

      Epoch    GPU_mem   box_loss   cls_loss   dfl_loss  Instances       Size
                   all        444      11487      0.567      0.651      0.642      0.357

      Epoch    GPU_mem   box_loss   cls_loss   dfl_loss  Instances       Size
                   all        444      11487      0.579      0.646      0.645       0.36

      Epoch    GPU_mem   box_loss   cls_loss   dfl_loss  Instances       Size
                   all        444      11487      0.581      0.653      0.646      0.361

      Epoch    GPU_mem   box_loss   cls_loss   dfl_loss  Instances       Size
                   all        444      11487      0.588      0.644      0.646      0.359

      Epoch    GPU_mem   box_loss   cls_loss   dfl_loss  Instances       Size
                   all        444      11487      0.603      0.635      0.652      0.367

      Epoch    GPU_mem   box_loss   cls_loss   dfl_loss  Instances       Size
                   all        444      11487      0.588      0.643      0.641       0.37

      Epoch    GPU_mem   box_loss   cls_loss   dfl_loss  Instances       Size
                   all        444      11487      0.593      0.659      0.654      0.366

      Epoch    GPU_mem   box_loss   cls_loss   dfl_loss  Instances       Size
                   all        444      11487      0.597      0.643      0.651      0.367

      Epoch    GPU_mem   box_loss   cls_loss   dfl_loss  Instances       Size
                   all        444      11487      0.595      0.644      0.652      0.367

      Epoch    GPU_mem   box_loss   cls_loss   dfl_loss  Instances       Size
                   all        444      11487      0.595      0.645      0.647      0.365

      Epoch    GPU_mem   box_loss   cls_loss   dfl_loss  Instances       Size
                   all        444      11487       0.59      0.653      0.655      0.382

      Epoch    GPU_mem   box_loss   cls_loss   dfl_loss  Instances       Size
                   all        444      11487      0.574       0.66      0.646      0.375

      Epoch    GPU_mem   box_loss   cls_loss   dfl_loss  Instances       Size
                   all        444      11487      0.591      0.649      0.652      0.385

      Epoch    GPU_mem   box_loss   cls_loss   dfl_loss  Instances       Size
                   all        444      11487      0.584      0.658      0.648      0.367

      Epoch    GPU_mem   box_loss   cls_loss   dfl_loss  Instances       Size
                   all        444      11487      0.592      0.661      0.654      0.365

      Epoch    GPU_mem   box_loss   cls_loss   dfl_loss  Instances       Size
                   all        444      11487      0.595      0.648      0.649      0.381

      Epoch    GPU_mem   box_loss   cls_loss   dfl_loss  Instances       Size
                   all        444      11487      0.597      0.648      0.651      0.364

      Epoch    GPU_mem   box_loss   cls_loss   dfl_loss  Instances       Size
                   all        444      11487      0.605      0.645      0.654      0.376

      Epoch    GPU_mem   box_loss   cls_loss   dfl_loss  Instances       Size
                   all        444      11487      0.586      0.647      0.648      0.365

      Epoch    GPU_mem   box_loss   cls_loss   dfl_loss  Instances       Size
                   all        444      11487      0.591      0.654      0.648      0.364

      Epoch    GPU_mem   box_loss   cls_loss   dfl_loss  Instances       Size
                   all        444      11487       0.59      0.642      0.651      0.375

      Epoch    GPU_mem   box_loss   cls_loss   dfl_loss  Instances       Size
                   all        444      11487      0.594       0.65      0.654      0.378

      Epoch    GPU_mem   box_loss   cls_loss   dfl_loss  Instances       Size
                   all        444      11487      0.592      0.649      0.649      0.383

      Epoch    GPU_mem   box_loss   cls_loss   dfl_loss  Instances       Size
                   all        444      11487      0.599      0.644      0.653      0.371

      Epoch    GPU_mem   box_loss   cls_loss   dfl_loss  Instances       Size
                   all        444      11487      0.587      0.644      0.651      0.382

      Epoch    GPU_mem   box_loss   cls_loss   dfl_loss  Instances       Size
                   all        444      11487      0.592       0.64      0.648      0.365

      Epoch    GPU_mem   box_loss   cls_loss   dfl_loss  Instances       Size
                   all        444      11487      0.586      0.652      0.645      0.377

      Epoch    GPU_mem   box_loss   cls_loss   dfl_loss  Instances       Size
                   all        444      11487      0.591      0.645      0.647       0.37

      Epoch    GPU_mem   box_loss   cls_loss   dfl_loss  Instances       Size
                   all        444      11487        0.6      0.641      0.647      0.383

      Epoch    GPU_mem   box_loss   cls_loss   dfl_loss  Instances       Size
                   all        444      11487      0.593      0.653      0.651      0.374

      Epoch    GPU_mem   box_loss   cls_loss   dfl_loss  Instances       Size
                   all        444      11487      0.582      0.658       0.65      0.367

      Epoch    GPU_mem   box_loss   cls_loss   dfl_loss  Instances       Size
                   all        444      11487      0.582      0.661      0.652      0.386

      Epoch    GPU_mem   box_loss   cls_loss   dfl_loss  Instances       Size
                   all        444      11487      0.606      0.639       0.65      0.385

      Epoch    GPU_mem   box_loss   cls_loss   dfl_loss  Instances       Size
                   all        444      11487       0.58      0.663      0.651      0.387

      Epoch    GPU_mem   box_loss   cls_loss   dfl_loss  Instances       Size
                   all        444      11487      0.587      0.658      0.655      0.382

      Epoch    GPU_mem   box_loss   cls_loss   dfl_loss  Instances       Size
                   all        444      11487      0.595      0.652      0.651      0.385

      Epoch    GPU_mem   box_loss   cls_loss   dfl_loss  Instances       Size
                   all        444      11487      0.593      0.651      0.649      0.383

      Epoch    GPU_mem   box_loss   cls_loss   dfl_loss  Instances       Size
                   all        444      11487      0.577      0.654      0.637      0.396

      Epoch    GPU_mem   box_loss   cls_loss   dfl_loss  Instances       Size
                   all        444      11487      0.572      0.652      0.629        0.4

      Epoch    GPU_mem   box_loss   cls_loss   dfl_loss  Instances       Size
                   all        444      11487      0.566       0.66      0.636      0.409

      Epoch    GPU_mem   box_loss   cls_loss   dfl_loss  Instances       Size
                   all        444      11487      0.588      0.654      0.643      0.417

      Epoch    GPU_mem   box_loss   cls_loss   dfl_loss  Instances       Size
                   all        444      11487      0.579      0.664      0.645      0.418

      Epoch    GPU_mem   box_loss   cls_loss   dfl_loss  Instances       Size
                   all        444      11487      0.571      0.657      0.644      0.418

      Epoch    GPU_mem   box_loss   cls_loss   dfl_loss  Instances       Size
                   all        444      11487       0.58      0.658      0.645      0.418

      Epoch    GPU_mem   box_loss   cls_loss   dfl_loss  Instances       Size
                   all        444      11487      0.591      0.659      0.651      0.424

      Epoch    GPU_mem   box_loss   cls_loss   dfl_loss  Instances       Size
                   all        444      11487      0.592      0.642      0.645       0.42

      Epoch    GPU_mem   box_loss   cls_loss   dfl_loss  Instances       Size
                   all        444      11487      0.588      0.655      0.648      0.421

      Epoch    GPU_mem   box_loss   cls_loss   dfl_loss  Instances       Size
                   all        444      11487      0.588      0.657      0.644       0.42

      Epoch    GPU_mem   box_loss   cls_loss   dfl_loss  Instances       Size
                   all        444      11487      0.587      0.651      0.643       0.42

      Epoch    GPU_mem   box_loss   cls_loss   dfl_loss  Instances       Size
                   all        444      11487       0.58      0.662      0.646      0.421

      Epoch    GPU_mem   box_loss   cls_loss   dfl_loss  Instances       Size
                   all        444      11487      0.589       0.65      0.644       0.42

      Epoch    GPU_mem   box_loss   cls_loss   dfl_loss  Instances       Size
                   all        444      11487      0.583      0.661      0.643      0.419

      Epoch    GPU_mem   box_loss   cls_loss   dfl_loss  Instances       Size
                   all        444      11487       0.59      0.659      0.644      0.421

      Epoch    GPU_mem   box_loss   cls_loss   dfl_loss  Instances       Size
                   all        444      11487      0.597       0.64       0.64      0.417

      Epoch    GPU_mem   box_loss   cls_loss   dfl_loss  Instances       Size
                   all        444      11487      0.594      0.654      0.638      0.416

      Epoch    GPU_mem   box_loss   cls_loss   dfl_loss  Instances       Size
                   all        444      11487      0.603      0.638      0.642      0.418

      Epoch    GPU_mem   box_loss   cls_loss   dfl_loss  Instances       Size
                   all        444      11487      0.596      0.648      0.644       0.42

      Epoch    GPU_mem   box_loss   cls_loss   dfl_loss  Instances       Size
                   all        444      11487      0.585      0.647      0.637      0.413

      Epoch    GPU_mem   box_loss   cls_loss   dfl_loss  Instances       Size
                   all        444      11487      0.605      0.642      0.646       0.42

      Epoch    GPU_mem   box_loss   cls_loss   dfl_loss  Instances       Size
                   all        444      11487      0.594      0.653      0.642      0.418

      Epoch    GPU_mem   box_loss   cls_loss   dfl_loss  Instances       Size
                   all        444      11487      0.591       0.65       0.64      0.416

      Epoch    GPU_mem   box_loss   cls_loss   dfl_loss  Instances       Size
                   all        444      11487      0.593      0.643      0.641      0.417

      Epoch    GPU_mem   box_loss   cls_loss   dfl_loss  Instances       Size
                   all        444      11487       0.59       0.65      0.642      0.417

      Epoch    GPU_mem   box_loss   cls_loss   dfl_loss  Instances       Size
                   all        444      11487      0.589       0.66       0.64      0.417

      Epoch    GPU_mem   box_loss   cls_loss   dfl_loss  Instances       Size
                   all        444      11487      0.591      0.654      0.643      0.418

      Epoch    GPU_mem   box_loss   cls_loss   dfl_loss  Instances       Size
                   all        444      11487       0.59      0.656      0.642      0.417

      Epoch    GPU_mem   box_loss   cls_loss   dfl_loss  Instances       Size
                   all        444      11487      0.592      0.648      0.638      0.416

      Epoch    GPU_mem   box_loss   cls_loss   dfl_loss  Instances       Size
                   all        444      11487      0.595      0.641      0.636      0.415

      Epoch    GPU_mem   box_loss   cls_loss   dfl_loss  Instances       Size
                   all        444      11487      0.593      0.649       0.64      0.417

      Epoch    GPU_mem   box_loss   cls_loss   dfl_loss  Instances       Size
                   all        444      11487      0.603      0.644       0.64      0.416

      Epoch    GPU_mem   box_loss   cls_loss   dfl_loss  Instances       Size
                   all        444      11487      0.596      0.646      0.638      0.416

      Epoch    GPU_mem   box_loss   cls_loss   dfl_loss  Instances       Size
                   all        444      11487      0.599      0.643       0.64      0.417

      Epoch    GPU_mem   box_loss   cls_loss   dfl_loss  Instances       Size
                   all        444      11487      0.595      0.645      0.637      0.414

      Epoch    GPU_mem   box_loss   cls_loss   dfl_loss  Instances       Size
                   all        444      11487      0.591      0.646      0.637      0.415

      Epoch    GPU_mem   box_loss   cls_loss   dfl_loss  Instances       Size
                   all        444      11487      0.591      0.646      0.637      0.414

      Epoch    GPU_mem   box_loss   cls_loss   dfl_loss  Instances       Size
                   all        444      11487      0.606      0.633      0.636      0.414

      Epoch    GPU_mem   box_loss   cls_loss   dfl_loss  Instances       Size
                   all        444      11487      0.598      0.639      0.636      0.413

      Epoch    GPU_mem   box_loss   cls_loss   dfl_loss  Instances       Size
                   all        444      11487      0.602      0.636      0.636      0.413

      Epoch    GPU_mem   box_loss   cls_loss   dfl_loss  Instances       Size
                   all        444      11487      0.598      0.643      0.635      0.413

      Epoch    GPU_mem   box_loss   cls_loss   dfl_loss  Instances       Size
                   all        444      11487      0.594      0.645      0.633      0.412

      Epoch    GPU_mem   box_loss   cls_loss   dfl_loss  Instances       Size
                   all        444      11487      0.594      0.647      0.634      0.412

      Epoch    GPU_mem   box_loss   cls_loss   dfl_loss  Instances       Size
                   all        444      11487      0.597      0.643      0.633      0.412

      Epoch    GPU_mem   box_loss   cls_loss   dfl_loss  Instances       Size
                   all        444      11487      0.591      0.643      0.631      0.411

      Epoch    GPU_mem   box_loss   cls_loss   dfl_loss  Instances       Size
                   all        444      11487      0.592      0.641      0.632      0.411

      Epoch    GPU_mem   box_loss   cls_loss   dfl_loss  Instances       Size
                   all        444      11487      0.596      0.646      0.632      0.411

      Epoch    GPU_mem   box_loss   cls_loss   dfl_loss  Instances       Size
                   all        444      11487      0.599      0.643      0.631       0.41

      Epoch    GPU_mem   box_loss   cls_loss   dfl_loss  Instances       Size
                   all        444      11487      0.602      0.639      0.632      0.411

      Epoch    GPU_mem   box_loss   cls_loss   dfl_loss  Instances       Size
                   all        444      11487      0.608      0.633      0.632      0.411

      Epoch    GPU_mem   box_loss   cls_loss   dfl_loss  Instances       Size
                   all        444      11487      0.598       0.64      0.632      0.411

      Epoch    GPU_mem   box_loss   cls_loss   dfl_loss  Instances       Size
                   all        444      11487      0.589      0.649      0.632      0.411

      Epoch    GPU_mem   box_loss   cls_loss   dfl_loss  Instances       Size
                   all        444      11487      0.593      0.643      0.633      0.411

      Epoch    GPU_mem   box_loss   cls_loss   dfl_loss  Instances       Size
                   all        444      11487      0.597      0.642      0.632      0.411

      Epoch    GPU_mem   box_loss   cls_loss   dfl_loss  Instances       Size
                   all        444      11487      0.599       0.64      0.633      0.412

      Epoch    GPU_mem   box_loss   cls_loss   dfl_loss  Instances       Size
                   all        444      11487      0.598      0.641      0.632      0.411

      Epoch    GPU_mem   box_loss   cls_loss   dfl_loss  Instances       Size
                   all        444      11487      0.597      0.643      0.632      0.411

      Epoch    GPU_mem   box_loss   cls_loss   dfl_loss  Instances       Size
                   all        444      11487      0.599      0.638      0.632       0.41

      Epoch    GPU_mem   box_loss   cls_loss   dfl_loss  Instances       Size
                   all        444      11487      0.599      0.636      0.631       0.41

      Epoch    GPU_mem   box_loss   cls_loss   dfl_loss  Instances       Size
                   all        444      11487      0.601      0.635      0.632       0.41

      Epoch    GPU_mem   box_loss   cls_loss   dfl_loss  Instances       Size
                   all        444      11487      0.601      0.635      0.631       0.41

      Epoch    GPU_mem   box_loss   cls_loss   dfl_loss  Instances       Size
                   all        444      11487      0.594      0.643      0.632      0.411

      Epoch    GPU_mem   box_loss   cls_loss   dfl_loss  Instances       Size
                   all        444      11487        0.6      0.637      0.632      0.411

      Epoch    GPU_mem   box_loss   cls_loss   dfl_loss  Instances       Size
                   all        444      11487      0.594      0.642      0.631       0.41

      Epoch    GPU_mem   box_loss   cls_loss   dfl_loss  Instances       Size
                   all        444      11487      0.598      0.638      0.631       0.41

      Epoch    GPU_mem   box_loss   cls_loss   dfl_loss  Instances       Size
                   all        444      11487      0.594       0.64      0.631       0.41

      Epoch    GPU_mem   box_loss   cls_loss   dfl_loss  Instances       Size
                   all        444      11487      0.595       0.64       0.63       0.41

200 epochs completed in 1.884 hours.
Optimizer stripped from yolo/basic_box/img512_ep200_yolo11x/weights/last.pt, 114.4MB
Optimizer stripped from yolo/basic_box/img512_ep200_yolo11x/weights/best.pt, 114.4MB

Validating yolo/basic_box/img512_ep200_yolo11x/weights/best.pt...
Ultralytics 8.3.88 🚀 Python-3.10.12 torch-2.6.0+cu124 CUDA:0 (NVIDIA A100-PCIE-40GB, 40442MiB)
YOLO11x summary (fused): 190 layers, 56,829,334 parameters, 0 gradients, 194.4 GFLOPs
                   all        444      11487      0.591      0.658      0.651      0.424
            lymphocyte        375       7293      0.701      0.753       0.78      0.485
              monocyte        400       4194      0.481      0.564      0.523      0.362
Speed: 0.2ms preprocess, 3.1ms inference, 0.0ms loss, 1.4ms postprocess per image
Results saved to [1myolo/basic_box/img512_ep200_yolo11x[0m

Validating yolo with iou=0.7
Ultralytics 8.3.88 🚀 Python-3.10.12 torch-2.6.0+cu124 CUDA:0 (NVIDIA A100-PCIE-40GB, 40442MiB)
YOLO11x summary (fused): 190 layers, 56,829,334 parameters, 0 gradients, 194.4 GFLOPs
                   all        444      11487      0.595       0.64       0.63       0.41
            lymphocyte        375       7293      0.702       0.75      0.764      0.476
              monocyte        400       4194      0.489       0.53      0.497      0.344
Speed: 0.7ms preprocess, 4.7ms inference, 0.0ms loss, 1.2ms postprocess per image
Results saved to [1myolo/basic_box/img512_ep200_yolo11x/iou0.7[0m

Validating yolo with iou=0.3
Ultralytics 8.3.88 🚀 Python-3.10.12 torch-2.6.0+cu124 CUDA:0 (NVIDIA A100-PCIE-40GB, 40442MiB)
                   all        444      11487      0.605      0.597      0.571      0.373
            lymphocyte        375       7293      0.708      0.718      0.713      0.451
              monocyte        400       4194      0.502      0.476      0.428      0.294
Speed: 0.7ms preprocess, 4.7ms inference, 0.0ms loss, 1.1ms postprocess per image
Results saved to [1myolo/basic_box/img512_ep200_yolo11x/iou0.3[0m

Validating yolo with iou=0.1
Ultralytics 8.3.88 🚀 Python-3.10.12 torch-2.6.0+cu124 CUDA:0 (NVIDIA A100-PCIE-40GB, 40442MiB)
                   all        444      11487       0.59      0.455      0.459      0.306
            lymphocyte        375       7293      0.691      0.545      0.578      0.371
              monocyte        400       4194      0.489      0.366      0.341      0.241
Speed: 0.6ms preprocess, 4.7ms inference, 0.0ms loss, 0.9ms postprocess per image
Results saved to [1myolo/basic_box/img512_ep200_yolo11x/iou0.1[0m
