Wed Apr 16 22:50:39 2025       
+-----------------------------------------------------------------------------------------+
| NVIDIA-SMI 570.124.06             Driver Version: 570.124.06     CUDA Version: 12.8     |
|-----------------------------------------+------------------------+----------------------+
| GPU  Name                 Persistence-M | Bus-Id          Disp.A | Volatile Uncorr. ECC |
| Fan  Temp   Perf          Pwr:Usage/Cap |           Memory-Usage | GPU-Util  Compute M. |
|                                         |                        |               MIG M. |
|=========================================+========================+======================|
|   0  NVIDIA A100-PCIE-40GB          On  |   00000000:0B:00.0 Off |                    0 |
| N/A   29C    P0             32W /  250W |       1MiB /  40960MiB |      0%      Default |
|                                         |                        |             Disabled |
+-----------------------------------------+------------------------+----------------------+
                                                                                         
+-----------------------------------------------------------------------------------------+
| Processes:                                                                              |
|  GPU   GI   CI              PID   Type   Process name                        GPU Memory |
|        ID   ID                                                               Usage      |
|=========================================================================================|
|  No running processes found                                                             |
+-----------------------------------------------------------------------------------------+
New https://pypi.org/project/ultralytics/8.3.109 available 😃 Update with 'pip install -U ultralytics'
Ultralytics 8.3.88 🚀 Python-3.10.12 torch-2.6.0+cu124 CUDA:0 (NVIDIA A100-PCIE-40GB, 40442MiB)
[34m[1mengine/trainer: [0mtask=detect, mode=train, model=yolo11m.pt, data=data/basic_box/pas-cpg256/dataset.yaml, epochs=100, time=None, patience=100, batch=16, imgsz=256, save=True, save_period=-1, cache=disk, device=None, workers=0, project=yolo/basic_box, name=img256_ep100_yolo11m, exist_ok=False, pretrained=True, optimizer=auto, verbose=True, seed=0, deterministic=False, single_cls=False, rect=False, cos_lr=True, close_mosaic=0, resume=False, amp=True, fraction=1.0, profile=False, freeze=None, multi_scale=False, overlap_mask=True, mask_ratio=4, dropout=0.0, val=True, split=val, save_json=False, save_hybrid=False, conf=0.001, iou=0.7, max_det=None, half=False, dnn=False, plots=True, source=None, vid_stride=1, stream_buffer=False, visualize=False, augment=False, agnostic_nms=True, classes=None, retina_masks=False, embed=None, show=False, save_frames=False, save_txt=False, save_conf=False, save_crop=False, show_labels=True, show_conf=True, show_boxes=True, line_width=None, format=torchscript, keras=False, optimize=False, int8=False, dynamic=False, simplify=True, opset=None, workspace=None, nms=False, lr0=0.01, lrf=0.01, momentum=0.937, weight_decay=0.0005, warmup_epochs=3.0, warmup_momentum=0.8, warmup_bias_lr=0.1, box=7.5, cls=0.5, dfl=1.5, pose=12.0, kobj=1.0, nbs=64, hsv_h=0.015, hsv_s=0.4, hsv_v=0.4, degrees=15, translate=0.1, scale=0, shear=0.0, perspective=0.0, flipud=0.5, fliplr=0.5, bgr=0.0, mosaic=0, mixup=0.0, copy_paste=0.0, copy_paste_mode=flip, auto_augment=randaugment, erasing=0, crop_fraction=1.0, cfg=None, tracker=botsort.yaml, save_dir=yolo/basic_box/img256_ep100_yolo11m
Overriding model.yaml nc=80 with nc=2

                   from  n    params  module                                       arguments                     
  0                  -1  1      1856  ultralytics.nn.modules.conv.Conv             [3, 64, 3, 2]                 
  1                  -1  1     73984  ultralytics.nn.modules.conv.Conv             [64, 128, 3, 2]               
  2                  -1  1    111872  ultralytics.nn.modules.block.C3k2            [128, 256, 1, True, 0.25]     
  3                  -1  1    590336  ultralytics.nn.modules.conv.Conv             [256, 256, 3, 2]              
  4                  -1  1    444928  ultralytics.nn.modules.block.C3k2            [256, 512, 1, True, 0.25]     
  5                  -1  1   2360320  ultralytics.nn.modules.conv.Conv             [512, 512, 3, 2]              
  6                  -1  1   1380352  ultralytics.nn.modules.block.C3k2            [512, 512, 1, True]           
  7                  -1  1   2360320  ultralytics.nn.modules.conv.Conv             [512, 512, 3, 2]              
  8                  -1  1   1380352  ultralytics.nn.modules.block.C3k2            [512, 512, 1, True]           
  9                  -1  1    656896  ultralytics.nn.modules.block.SPPF            [512, 512, 5]                 
 10                  -1  1    990976  ultralytics.nn.modules.block.C2PSA           [512, 512, 1]                 
 11                  -1  1         0  torch.nn.modules.upsampling.Upsample         [None, 2, 'nearest']          
 12             [-1, 6]  1         0  ultralytics.nn.modules.conv.Concat           [1]                           
 13                  -1  1   1642496  ultralytics.nn.modules.block.C3k2            [1024, 512, 1, True]          
 14                  -1  1         0  torch.nn.modules.upsampling.Upsample         [None, 2, 'nearest']          
 15             [-1, 4]  1         0  ultralytics.nn.modules.conv.Concat           [1]                           
 16                  -1  1    542720  ultralytics.nn.modules.block.C3k2            [1024, 256, 1, True]          
 17                  -1  1    590336  ultralytics.nn.modules.conv.Conv             [256, 256, 3, 2]              
 18            [-1, 13]  1         0  ultralytics.nn.modules.conv.Concat           [1]                           
 19                  -1  1   1511424  ultralytics.nn.modules.block.C3k2            [768, 512, 1, True]           
 20                  -1  1   2360320  ultralytics.nn.modules.conv.Conv             [512, 512, 3, 2]              
 21            [-1, 10]  1         0  ultralytics.nn.modules.conv.Concat           [1]                           
 22                  -1  1   1642496  ultralytics.nn.modules.block.C3k2            [1024, 512, 1, True]          
 23        [16, 19, 22]  1   1412566  ultralytics.nn.modules.head.Detect           [2, [256, 512, 512]]          
YOLO11m summary: 231 layers, 20,054,550 parameters, 20,054,534 gradients, 68.2 GFLOPs

Transferred 643/649 items from pretrained weights
Freezing layer 'model.23.dfl.conv.weight'
[34m[1mAMP: [0mrunning Automatic Mixed Precision (AMP) checks...
[34m[1mAMP: [0mchecks passed ✅
[34m[1mtrain: [0mNew cache created: /home/tupystep/monkey_challenge/data/basic_box/pas-cpg256/labels.cache
[34m[1mval: [0mNew cache created: /home/tupystep/monkey_challenge/data/basic_box/pas-cpg256/labels.cache
Plotting labels to yolo/basic_box/img256_ep100_yolo11m/labels.jpg... 
[34m[1moptimizer:[0m 'optimizer=auto' found, ignoring 'lr0=0.01' and 'momentum=0.937' and determining best 'optimizer', 'lr0' and 'momentum' automatically... 
[34m[1moptimizer:[0m SGD(lr=0.01, momentum=0.9) with parameter groups 106 weight(decay=0.0), 113 weight(decay=0.0005), 112 bias(decay=0.0)
Image sizes 256 train, 256 val
Using 0 dataloader workers
Logging results to [1myolo/basic_box/img256_ep100_yolo11m[0m
Starting training for 100 epochs...

      Epoch    GPU_mem   box_loss   cls_loss   dfl_loss  Instances       Size
                   all       2139      14426      0.389      0.592      0.476      0.285

      Epoch    GPU_mem   box_loss   cls_loss   dfl_loss  Instances       Size
                   all       2139      14426      0.419       0.56      0.463      0.269

      Epoch    GPU_mem   box_loss   cls_loss   dfl_loss  Instances       Size
                   all       2139      14426      0.343      0.543      0.415      0.242

      Epoch    GPU_mem   box_loss   cls_loss   dfl_loss  Instances       Size
                   all       2139      14426      0.411      0.557      0.433      0.264

      Epoch    GPU_mem   box_loss   cls_loss   dfl_loss  Instances       Size
                   all       2139      14426      0.398      0.562      0.465      0.287

      Epoch    GPU_mem   box_loss   cls_loss   dfl_loss  Instances       Size
                   all       2139      14426      0.438      0.572      0.494      0.304

      Epoch    GPU_mem   box_loss   cls_loss   dfl_loss  Instances       Size
                   all       2139      14426      0.457      0.586      0.513      0.317

      Epoch    GPU_mem   box_loss   cls_loss   dfl_loss  Instances       Size
                   all       2139      14426      0.406      0.584      0.488      0.304

      Epoch    GPU_mem   box_loss   cls_loss   dfl_loss  Instances       Size
                   all       2139      14426      0.483      0.584      0.529      0.331

      Epoch    GPU_mem   box_loss   cls_loss   dfl_loss  Instances       Size
                   all       2139      14426      0.427       0.59      0.518      0.324

      Epoch    GPU_mem   box_loss   cls_loss   dfl_loss  Instances       Size
                   all       2139      14426      0.415      0.607      0.513      0.323

      Epoch    GPU_mem   box_loss   cls_loss   dfl_loss  Instances       Size
                   all       2139      14426      0.476       0.61      0.538       0.34

      Epoch    GPU_mem   box_loss   cls_loss   dfl_loss  Instances       Size
                   all       2139      14426      0.474      0.594      0.535      0.339

      Epoch    GPU_mem   box_loss   cls_loss   dfl_loss  Instances       Size
                   all       2139      14426      0.495      0.601      0.555      0.352

      Epoch    GPU_mem   box_loss   cls_loss   dfl_loss  Instances       Size
                   all       2139      14426       0.47      0.596      0.535       0.34

      Epoch    GPU_mem   box_loss   cls_loss   dfl_loss  Instances       Size
                   all       2139      14426      0.512      0.606      0.568      0.361

      Epoch    GPU_mem   box_loss   cls_loss   dfl_loss  Instances       Size
                   all       2139      14426      0.524      0.608      0.574      0.366

      Epoch    GPU_mem   box_loss   cls_loss   dfl_loss  Instances       Size
                   all       2139      14426      0.496      0.622      0.569      0.359

      Epoch    GPU_mem   box_loss   cls_loss   dfl_loss  Instances       Size
                   all       2139      14426       0.51      0.607      0.561      0.357

      Epoch    GPU_mem   box_loss   cls_loss   dfl_loss  Instances       Size
                   all       2139      14426      0.486      0.615      0.563       0.36

      Epoch    GPU_mem   box_loss   cls_loss   dfl_loss  Instances       Size
                   all       2139      14426      0.516      0.609      0.572      0.369

      Epoch    GPU_mem   box_loss   cls_loss   dfl_loss  Instances       Size
                   all       2139      14426      0.529      0.612      0.582      0.369

      Epoch    GPU_mem   box_loss   cls_loss   dfl_loss  Instances       Size
                   all       2139      14426      0.518      0.624      0.592      0.381

      Epoch    GPU_mem   box_loss   cls_loss   dfl_loss  Instances       Size
                   all       2139      14426      0.529      0.615      0.582      0.377

      Epoch    GPU_mem   box_loss   cls_loss   dfl_loss  Instances       Size
                   all       2139      14426       0.52      0.629      0.588      0.378

      Epoch    GPU_mem   box_loss   cls_loss   dfl_loss  Instances       Size
                   all       2139      14426      0.522      0.616      0.589      0.379

      Epoch    GPU_mem   box_loss   cls_loss   dfl_loss  Instances       Size
                   all       2139      14426       0.54      0.626      0.592      0.385

      Epoch    GPU_mem   box_loss   cls_loss   dfl_loss  Instances       Size
                   all       2139      14426      0.544      0.624      0.596      0.386

      Epoch    GPU_mem   box_loss   cls_loss   dfl_loss  Instances       Size
                   all       2139      14426      0.559      0.617      0.606      0.393

      Epoch    GPU_mem   box_loss   cls_loss   dfl_loss  Instances       Size
                   all       2139      14426      0.534       0.62      0.596      0.387

      Epoch    GPU_mem   box_loss   cls_loss   dfl_loss  Instances       Size
                   all       2139      14426      0.548      0.638      0.608      0.393

      Epoch    GPU_mem   box_loss   cls_loss   dfl_loss  Instances       Size
                   all       2139      14426      0.551      0.622      0.608      0.395

      Epoch    GPU_mem   box_loss   cls_loss   dfl_loss  Instances       Size
                   all       2139      14426      0.546      0.617      0.601       0.39

      Epoch    GPU_mem   box_loss   cls_loss   dfl_loss  Instances       Size
                   all       2139      14426      0.553      0.627      0.611      0.397

      Epoch    GPU_mem   box_loss   cls_loss   dfl_loss  Instances       Size
                   all       2139      14426      0.562      0.633      0.615        0.4

      Epoch    GPU_mem   box_loss   cls_loss   dfl_loss  Instances       Size
                   all       2139      14426      0.569       0.62      0.619      0.403

      Epoch    GPU_mem   box_loss   cls_loss   dfl_loss  Instances       Size
                   all       2139      14426      0.553      0.633      0.614      0.401

      Epoch    GPU_mem   box_loss   cls_loss   dfl_loss  Instances       Size
                   all       2139      14426      0.558      0.633       0.62      0.404

      Epoch    GPU_mem   box_loss   cls_loss   dfl_loss  Instances       Size
                   all       2139      14426      0.562      0.635      0.618      0.402

      Epoch    GPU_mem   box_loss   cls_loss   dfl_loss  Instances       Size
                   all       2139      14426      0.577      0.635      0.627       0.41

      Epoch    GPU_mem   box_loss   cls_loss   dfl_loss  Instances       Size
                   all       2139      14426      0.561      0.636      0.623      0.409

      Epoch    GPU_mem   box_loss   cls_loss   dfl_loss  Instances       Size
                   all       2139      14426      0.571      0.631      0.627       0.41

      Epoch    GPU_mem   box_loss   cls_loss   dfl_loss  Instances       Size
                   all       2139      14426      0.559      0.643      0.625      0.409

      Epoch    GPU_mem   box_loss   cls_loss   dfl_loss  Instances       Size
                   all       2139      14426       0.57      0.639      0.633      0.413

      Epoch    GPU_mem   box_loss   cls_loss   dfl_loss  Instances       Size
                   all       2139      14426      0.568      0.645      0.631      0.414

      Epoch    GPU_mem   box_loss   cls_loss   dfl_loss  Instances       Size
                   all       2139      14426      0.567      0.636      0.626       0.41

      Epoch    GPU_mem   box_loss   cls_loss   dfl_loss  Instances       Size
                   all       2139      14426      0.579      0.641      0.632      0.414

      Epoch    GPU_mem   box_loss   cls_loss   dfl_loss  Instances       Size
                   all       2139      14426      0.575      0.644      0.635      0.418

      Epoch    GPU_mem   box_loss   cls_loss   dfl_loss  Instances       Size
                   all       2139      14426      0.577      0.649      0.641      0.421

      Epoch    GPU_mem   box_loss   cls_loss   dfl_loss  Instances       Size
                   all       2139      14426      0.587      0.646      0.642      0.422

      Epoch    GPU_mem   box_loss   cls_loss   dfl_loss  Instances       Size
                   all       2139      14426       0.58      0.641      0.637       0.42

      Epoch    GPU_mem   box_loss   cls_loss   dfl_loss  Instances       Size
                   all       2139      14426      0.583      0.642      0.639      0.421

      Epoch    GPU_mem   box_loss   cls_loss   dfl_loss  Instances       Size
                   all       2139      14426      0.575      0.648      0.639      0.421

      Epoch    GPU_mem   box_loss   cls_loss   dfl_loss  Instances       Size
                   all       2139      14426      0.583      0.647      0.641      0.423

      Epoch    GPU_mem   box_loss   cls_loss   dfl_loss  Instances       Size
                   all       2139      14426      0.583      0.649      0.641      0.424

      Epoch    GPU_mem   box_loss   cls_loss   dfl_loss  Instances       Size
                   all       2139      14426      0.583       0.65      0.643      0.424

      Epoch    GPU_mem   box_loss   cls_loss   dfl_loss  Instances       Size
                   all       2139      14426      0.586      0.647      0.641      0.424

      Epoch    GPU_mem   box_loss   cls_loss   dfl_loss  Instances       Size
                   all       2139      14426      0.584      0.641      0.638      0.422

      Epoch    GPU_mem   box_loss   cls_loss   dfl_loss  Instances       Size
                   all       2139      14426      0.588      0.644       0.64      0.422

      Epoch    GPU_mem   box_loss   cls_loss   dfl_loss  Instances       Size
                   all       2139      14426      0.583      0.657      0.644      0.425

      Epoch    GPU_mem   box_loss   cls_loss   dfl_loss  Instances       Size
                   all       2139      14426      0.588      0.647      0.642      0.425

      Epoch    GPU_mem   box_loss   cls_loss   dfl_loss  Instances       Size
                   all       2139      14426      0.588      0.643      0.642      0.425

      Epoch    GPU_mem   box_loss   cls_loss   dfl_loss  Instances       Size
                   all       2139      14426      0.586       0.65      0.643      0.426

      Epoch    GPU_mem   box_loss   cls_loss   dfl_loss  Instances       Size
                   all       2139      14426       0.59      0.652      0.643      0.426

      Epoch    GPU_mem   box_loss   cls_loss   dfl_loss  Instances       Size
                   all       2139      14426      0.592      0.653      0.644      0.426

      Epoch    GPU_mem   box_loss   cls_loss   dfl_loss  Instances       Size
                   all       2139      14426      0.591      0.649      0.643      0.425

      Epoch    GPU_mem   box_loss   cls_loss   dfl_loss  Instances       Size
                   all       2139      14426      0.589      0.651      0.645      0.427

      Epoch    GPU_mem   box_loss   cls_loss   dfl_loss  Instances       Size
                   all       2139      14426      0.587      0.655      0.647      0.429

      Epoch    GPU_mem   box_loss   cls_loss   dfl_loss  Instances       Size
                   all       2139      14426      0.585      0.658      0.645      0.428

      Epoch    GPU_mem   box_loss   cls_loss   dfl_loss  Instances       Size
                   all       2139      14426      0.592      0.651      0.644      0.427

      Epoch    GPU_mem   box_loss   cls_loss   dfl_loss  Instances       Size
                   all       2139      14426      0.578      0.668      0.643      0.426

      Epoch    GPU_mem   box_loss   cls_loss   dfl_loss  Instances       Size
                   all       2139      14426      0.595      0.649      0.644      0.428

      Epoch    GPU_mem   box_loss   cls_loss   dfl_loss  Instances       Size
                   all       2139      14426      0.591      0.654      0.645      0.428

      Epoch    GPU_mem   box_loss   cls_loss   dfl_loss  Instances       Size
                   all       2139      14426      0.592      0.654      0.644      0.428

      Epoch    GPU_mem   box_loss   cls_loss   dfl_loss  Instances       Size
                   all       2139      14426      0.593      0.649      0.644      0.427

      Epoch    GPU_mem   box_loss   cls_loss   dfl_loss  Instances       Size
                   all       2139      14426      0.591      0.652      0.644      0.427

      Epoch    GPU_mem   box_loss   cls_loss   dfl_loss  Instances       Size
                   all       2139      14426      0.592       0.65      0.644      0.427

      Epoch    GPU_mem   box_loss   cls_loss   dfl_loss  Instances       Size
                   all       2139      14426      0.589      0.653      0.643      0.428

      Epoch    GPU_mem   box_loss   cls_loss   dfl_loss  Instances       Size
                   all       2139      14426      0.588      0.655      0.645      0.429

      Epoch    GPU_mem   box_loss   cls_loss   dfl_loss  Instances       Size
                   all       2139      14426      0.587      0.654      0.644      0.428

      Epoch    GPU_mem   box_loss   cls_loss   dfl_loss  Instances       Size
                   all       2139      14426      0.591      0.648      0.643      0.427

      Epoch    GPU_mem   box_loss   cls_loss   dfl_loss  Instances       Size
                   all       2139      14426      0.591      0.648      0.642      0.426

      Epoch    GPU_mem   box_loss   cls_loss   dfl_loss  Instances       Size
                   all       2139      14426      0.589      0.652       0.64      0.425

      Epoch    GPU_mem   box_loss   cls_loss   dfl_loss  Instances       Size
                   all       2139      14426      0.588      0.653       0.64      0.424

      Epoch    GPU_mem   box_loss   cls_loss   dfl_loss  Instances       Size
                   all       2139      14426      0.586      0.654      0.638      0.423

      Epoch    GPU_mem   box_loss   cls_loss   dfl_loss  Instances       Size
                   all       2139      14426      0.588      0.651      0.637      0.423

      Epoch    GPU_mem   box_loss   cls_loss   dfl_loss  Instances       Size
                   all       2139      14426      0.585      0.653      0.636      0.422

      Epoch    GPU_mem   box_loss   cls_loss   dfl_loss  Instances       Size
                   all       2139      14426      0.585      0.652      0.635      0.422

      Epoch    GPU_mem   box_loss   cls_loss   dfl_loss  Instances       Size
                   all       2139      14426      0.588      0.648      0.635      0.421

      Epoch    GPU_mem   box_loss   cls_loss   dfl_loss  Instances       Size
                   all       2139      14426      0.585      0.651      0.634      0.421

      Epoch    GPU_mem   box_loss   cls_loss   dfl_loss  Instances       Size
                   all       2139      14426      0.585      0.651      0.633       0.42

      Epoch    GPU_mem   box_loss   cls_loss   dfl_loss  Instances       Size
                   all       2139      14426      0.586      0.648      0.632       0.42

      Epoch    GPU_mem   box_loss   cls_loss   dfl_loss  Instances       Size
                   all       2139      14426      0.588      0.648      0.632      0.419

      Epoch    GPU_mem   box_loss   cls_loss   dfl_loss  Instances       Size
                   all       2139      14426      0.585      0.651      0.631      0.419

      Epoch    GPU_mem   box_loss   cls_loss   dfl_loss  Instances       Size
                   all       2139      14426      0.584      0.651      0.631      0.418

      Epoch    GPU_mem   box_loss   cls_loss   dfl_loss  Instances       Size
                   all       2139      14426      0.584      0.649       0.63      0.418

      Epoch    GPU_mem   box_loss   cls_loss   dfl_loss  Instances       Size
                   all       2139      14426      0.584      0.649       0.63      0.418

      Epoch    GPU_mem   box_loss   cls_loss   dfl_loss  Instances       Size
                   all       2139      14426      0.583      0.651       0.63      0.417

      Epoch    GPU_mem   box_loss   cls_loss   dfl_loss  Instances       Size
                   all       2139      14426      0.581      0.653      0.629      0.417

      Epoch    GPU_mem   box_loss   cls_loss   dfl_loss  Instances       Size
                   all       2139      14426      0.582      0.652      0.629      0.417

100 epochs completed in 2.839 hours.
Optimizer stripped from yolo/basic_box/img256_ep100_yolo11m/weights/last.pt, 40.5MB
Optimizer stripped from yolo/basic_box/img256_ep100_yolo11m/weights/best.pt, 40.5MB

Validating yolo/basic_box/img256_ep100_yolo11m/weights/best.pt...
Ultralytics 8.3.88 🚀 Python-3.10.12 torch-2.6.0+cu124 CUDA:0 (NVIDIA A100-PCIE-40GB, 40442MiB)
YOLO11m summary (fused): 125 layers, 20,031,574 parameters, 0 gradients, 67.7 GFLOPs
                   all       2139      14426      0.587      0.655      0.647      0.429
            lymphocyte       1384       9376      0.694      0.762      0.783      0.497
              monocyte       1372       5050      0.481      0.549      0.511      0.361
Speed: 0.1ms preprocess, 0.7ms inference, 0.0ms loss, 0.8ms postprocess per image
Results saved to [1myolo/basic_box/img256_ep100_yolo11m[0m

Validating yolo with iou=0.3
Ultralytics 8.3.88 🚀 Python-3.10.12 torch-2.6.0+cu124 CUDA:0 (NVIDIA A100-PCIE-40GB, 40442MiB)
YOLO11m summary (fused): 125 layers, 20,031,574 parameters, 0 gradients, 67.7 GFLOPs
                   all       2139      14426      0.593      0.603      0.566      0.375
            lymphocyte       1384       9376      0.702      0.715      0.712      0.458
              monocyte       1372       5050      0.485       0.49       0.42      0.293
Speed: 0.1ms preprocess, 1.3ms inference, 0.0ms loss, 0.8ms postprocess per image
Results saved to [1myolo/basic_box/img256_ep100_yolo11m/iou0.3[0m

Validating yolo with iou=0.1
Ultralytics 8.3.88 🚀 Python-3.10.12 torch-2.6.0+cu124 CUDA:0 (NVIDIA A100-PCIE-40GB, 40442MiB)
                   all       2139      14426      0.576      0.458      0.457      0.306
            lymphocyte       1384       9376      0.687      0.556      0.585       0.38
              monocyte       1372       5050      0.465       0.36      0.328      0.232
Speed: 0.1ms preprocess, 1.2ms inference, 0.0ms loss, 0.8ms postprocess per image
Results saved to [1myolo/basic_box/img256_ep100_yolo11m/iou0.1[0m
