Fri Apr 11 09:01:34 2025       
+-----------------------------------------------------------------------------------------+
| NVIDIA-SMI 570.124.06             Driver Version: 570.124.06     CUDA Version: 12.8     |
|-----------------------------------------+------------------------+----------------------+
| GPU  Name                 Persistence-M | Bus-Id          Disp.A | Volatile Uncorr. ECC |
| Fan  Temp   Perf          Pwr:Usage/Cap |           Memory-Usage | GPU-Util  Compute M. |
|                                         |                        |               MIG M. |
|=========================================+========================+======================|
|   0  NVIDIA A100 80GB PCIe          On  |   00000000:0B:00.0 Off |                    0 |
| N/A   36C    P0             66W /  300W |       1MiB /  81920MiB |      0%      Default |
|                                         |                        |             Disabled |
+-----------------------------------------+------------------------+----------------------+
                                                                                         
+-----------------------------------------------------------------------------------------+
| Processes:                                                                              |
|  GPU   GI   CI              PID   Type   Process name                        GPU Memory |
|        ID   ID                                                               Usage      |
|=========================================================================================|
|  No running processes found                                                             |
+-----------------------------------------------------------------------------------------+
New https://pypi.org/project/ultralytics/8.3.107 available 😃 Update with 'pip install -U ultralytics'
Ultralytics 8.3.88 🚀 Python-3.10.12 torch-2.6.0+cu124 CUDA:0 (NVIDIA A100 80GB PCIe, 81154MiB)
[34m[1mengine/trainer: [0mtask=detect, mode=train, model=yolo11m.pt, data=data/basic_box/pas-cpg512/dataset.yaml, epochs=200, time=None, patience=200, batch=16, imgsz=512, save=True, save_period=-1, cache=disk, device=None, workers=0, project=yolo/basic_box, name=img512_ep200_yolo11m, exist_ok=False, pretrained=True, optimizer=auto, verbose=True, seed=0, deterministic=False, single_cls=False, rect=False, cos_lr=True, close_mosaic=0, resume=False, amp=True, fraction=1.0, profile=False, freeze=None, multi_scale=False, overlap_mask=True, mask_ratio=4, dropout=0.0, val=True, split=val, save_json=False, save_hybrid=False, conf=0.001, iou=0.7, max_det=None, half=False, dnn=False, plots=True, source=None, vid_stride=1, stream_buffer=False, visualize=False, augment=False, agnostic_nms=True, classes=None, retina_masks=False, embed=None, show=False, save_frames=False, save_txt=False, save_conf=False, save_crop=False, show_labels=True, show_conf=True, show_boxes=True, line_width=None, format=torchscript, keras=False, optimize=False, int8=False, dynamic=False, simplify=True, opset=None, workspace=None, nms=False, lr0=0.01, lrf=0.01, momentum=0.937, weight_decay=0.0005, warmup_epochs=3.0, warmup_momentum=0.8, warmup_bias_lr=0.1, box=7.5, cls=0.5, dfl=1.5, pose=12.0, kobj=1.0, nbs=64, hsv_h=0.015, hsv_s=0.4, hsv_v=0.4, degrees=15, translate=0.1, scale=0, shear=0.0, perspective=0.0, flipud=0.5, fliplr=0.5, bgr=0.0, mosaic=0, mixup=0.0, copy_paste=0.0, copy_paste_mode=flip, auto_augment=randaugment, erasing=0, crop_fraction=1.0, cfg=None, tracker=botsort.yaml, save_dir=yolo/basic_box/img512_ep200_yolo11m
Overriding model.yaml nc=80 with nc=2

                   from  n    params  module                                       arguments                     
  0                  -1  1      1856  ultralytics.nn.modules.conv.Conv             [3, 64, 3, 2]                 
  1                  -1  1     73984  ultralytics.nn.modules.conv.Conv             [64, 128, 3, 2]               
  2                  -1  1    111872  ultralytics.nn.modules.block.C3k2            [128, 256, 1, True, 0.25]     
  3                  -1  1    590336  ultralytics.nn.modules.conv.Conv             [256, 256, 3, 2]              
  4                  -1  1    444928  ultralytics.nn.modules.block.C3k2            [256, 512, 1, True, 0.25]     
  5                  -1  1   2360320  ultralytics.nn.modules.conv.Conv             [512, 512, 3, 2]              
  6                  -1  1   1380352  ultralytics.nn.modules.block.C3k2            [512, 512, 1, True]           
  7                  -1  1   2360320  ultralytics.nn.modules.conv.Conv             [512, 512, 3, 2]              
  8                  -1  1   1380352  ultralytics.nn.modules.block.C3k2            [512, 512, 1, True]           
  9                  -1  1    656896  ultralytics.nn.modules.block.SPPF            [512, 512, 5]                 
 10                  -1  1    990976  ultralytics.nn.modules.block.C2PSA           [512, 512, 1]                 
 11                  -1  1         0  torch.nn.modules.upsampling.Upsample         [None, 2, 'nearest']          
 12             [-1, 6]  1         0  ultralytics.nn.modules.conv.Concat           [1]                           
 13                  -1  1   1642496  ultralytics.nn.modules.block.C3k2            [1024, 512, 1, True]          
 14                  -1  1         0  torch.nn.modules.upsampling.Upsample         [None, 2, 'nearest']          
 15             [-1, 4]  1         0  ultralytics.nn.modules.conv.Concat           [1]                           
 16                  -1  1    542720  ultralytics.nn.modules.block.C3k2            [1024, 256, 1, True]          
 17                  -1  1    590336  ultralytics.nn.modules.conv.Conv             [256, 256, 3, 2]              
 18            [-1, 13]  1         0  ultralytics.nn.modules.conv.Concat           [1]                           
 19                  -1  1   1511424  ultralytics.nn.modules.block.C3k2            [768, 512, 1, True]           
 20                  -1  1   2360320  ultralytics.nn.modules.conv.Conv             [512, 512, 3, 2]              
 21            [-1, 10]  1         0  ultralytics.nn.modules.conv.Concat           [1]                           
 22                  -1  1   1642496  ultralytics.nn.modules.block.C3k2            [1024, 512, 1, True]          
 23        [16, 19, 22]  1   1412566  ultralytics.nn.modules.head.Detect           [2, [256, 512, 512]]          
YOLO11m summary: 231 layers, 20,054,550 parameters, 20,054,534 gradients, 68.2 GFLOPs

Transferred 643/649 items from pretrained weights
Freezing layer 'model.23.dfl.conv.weight'
[34m[1mAMP: [0mrunning Automatic Mixed Precision (AMP) checks...
[34m[1mAMP: [0mchecks passed ✅
[34m[1mtrain: [0mNew cache created: /home/tupystep/monkey_challenge/data/basic_box/pas-cpg512/labels.cache
[34m[1mval: [0mNew cache created: /home/tupystep/monkey_challenge/data/basic_box/pas-cpg512/labels.cache
Plotting labels to yolo/basic_box/img512_ep200_yolo11m/labels.jpg... 
[34m[1moptimizer:[0m 'optimizer=auto' found, ignoring 'lr0=0.01' and 'momentum=0.937' and determining best 'optimizer', 'lr0' and 'momentum' automatically... 
[34m[1moptimizer:[0m AdamW(lr=0.001667, momentum=0.9) with parameter groups 106 weight(decay=0.0), 113 weight(decay=0.0005), 112 bias(decay=0.0)
Image sizes 512 train, 512 val
Using 0 dataloader workers
Logging results to [1myolo/basic_box/img512_ep200_yolo11m[0m
Starting training for 200 epochs...

      Epoch    GPU_mem   box_loss   cls_loss   dfl_loss  Instances       Size
                   all        444      11487      0.169      0.606      0.152     0.0759

      Epoch    GPU_mem   box_loss   cls_loss   dfl_loss  Instances       Size
                   all        444      11487      0.314      0.475      0.362      0.191

      Epoch    GPU_mem   box_loss   cls_loss   dfl_loss  Instances       Size
                   all        444      11487      0.292      0.516      0.364       0.21

      Epoch    GPU_mem   box_loss   cls_loss   dfl_loss  Instances       Size
                   all        444      11487      0.292      0.591      0.412      0.228

      Epoch    GPU_mem   box_loss   cls_loss   dfl_loss  Instances       Size
                   all        444      11487      0.429      0.592      0.484      0.293

      Epoch    GPU_mem   box_loss   cls_loss   dfl_loss  Instances       Size
                   all        444      11487      0.338      0.598      0.468      0.284

      Epoch    GPU_mem   box_loss   cls_loss   dfl_loss  Instances       Size
                   all        444      11487      0.397      0.567      0.471      0.281

      Epoch    GPU_mem   box_loss   cls_loss   dfl_loss  Instances       Size
                   all        444      11487      0.453      0.598      0.521      0.317

      Epoch    GPU_mem   box_loss   cls_loss   dfl_loss  Instances       Size
                   all        444      11487      0.355      0.614      0.473       0.29

      Epoch    GPU_mem   box_loss   cls_loss   dfl_loss  Instances       Size
                   all        444      11487      0.463      0.579      0.502      0.314

      Epoch    GPU_mem   box_loss   cls_loss   dfl_loss  Instances       Size
                   all        444      11487      0.397      0.621       0.51      0.318

      Epoch    GPU_mem   box_loss   cls_loss   dfl_loss  Instances       Size
                   all        444      11487      0.463      0.606      0.541      0.337

      Epoch    GPU_mem   box_loss   cls_loss   dfl_loss  Instances       Size
                   all        444      11487      0.463      0.611      0.538      0.323

      Epoch    GPU_mem   box_loss   cls_loss   dfl_loss  Instances       Size
                   all        444      11487      0.471      0.603      0.528      0.324

      Epoch    GPU_mem   box_loss   cls_loss   dfl_loss  Instances       Size
                   all        444      11487       0.47      0.605      0.537      0.313

      Epoch    GPU_mem   box_loss   cls_loss   dfl_loss  Instances       Size
                   all        444      11487      0.423      0.625      0.512      0.311

      Epoch    GPU_mem   box_loss   cls_loss   dfl_loss  Instances       Size
                   all        444      11487      0.469      0.596      0.542      0.337

      Epoch    GPU_mem   box_loss   cls_loss   dfl_loss  Instances       Size
                   all        444      11487       0.38      0.615      0.515      0.319

      Epoch    GPU_mem   box_loss   cls_loss   dfl_loss  Instances       Size
                   all        444      11487      0.479      0.604      0.541      0.338

      Epoch    GPU_mem   box_loss   cls_loss   dfl_loss  Instances       Size
                   all        444      11487      0.479      0.581      0.515      0.321

      Epoch    GPU_mem   box_loss   cls_loss   dfl_loss  Instances       Size
                   all        444      11487      0.472      0.587      0.508      0.315

      Epoch    GPU_mem   box_loss   cls_loss   dfl_loss  Instances       Size
                   all        444      11487       0.48      0.598      0.548      0.343

      Epoch    GPU_mem   box_loss   cls_loss   dfl_loss  Instances       Size
                   all        444      11487      0.525      0.613      0.587       0.37

      Epoch    GPU_mem   box_loss   cls_loss   dfl_loss  Instances       Size
                   all        444      11487      0.457      0.572      0.509      0.319

      Epoch    GPU_mem   box_loss   cls_loss   dfl_loss  Instances       Size
                   all        444      11487      0.459      0.572      0.534      0.334

      Epoch    GPU_mem   box_loss   cls_loss   dfl_loss  Instances       Size
                   all        444      11487      0.497      0.623      0.577      0.365

      Epoch    GPU_mem   box_loss   cls_loss   dfl_loss  Instances       Size
                   all        444      11487      0.485      0.601      0.548      0.344

      Epoch    GPU_mem   box_loss   cls_loss   dfl_loss  Instances       Size
                   all        444      11487      0.471      0.614      0.565      0.359

      Epoch    GPU_mem   box_loss   cls_loss   dfl_loss  Instances       Size
                   all        444      11487      0.506      0.613      0.577      0.366

      Epoch    GPU_mem   box_loss   cls_loss   dfl_loss  Instances       Size
                   all        444      11487      0.383      0.636      0.545      0.344

      Epoch    GPU_mem   box_loss   cls_loss   dfl_loss  Instances       Size
                   all        444      11487      0.527      0.617      0.583       0.37

      Epoch    GPU_mem   box_loss   cls_loss   dfl_loss  Instances       Size
                   all        444      11487      0.465      0.623      0.563      0.349

      Epoch    GPU_mem   box_loss   cls_loss   dfl_loss  Instances       Size
                   all        444      11487      0.524      0.613      0.581      0.368

      Epoch    GPU_mem   box_loss   cls_loss   dfl_loss  Instances       Size
                   all        444      11487      0.421      0.502      0.459      0.287

      Epoch    GPU_mem   box_loss   cls_loss   dfl_loss  Instances       Size
                   all        444      11487      0.515      0.615       0.59      0.378

      Epoch    GPU_mem   box_loss   cls_loss   dfl_loss  Instances       Size
                   all        444      11487       0.52      0.622      0.585      0.371

      Epoch    GPU_mem   box_loss   cls_loss   dfl_loss  Instances       Size
                   all        444      11487      0.522      0.627      0.586      0.369

      Epoch    GPU_mem   box_loss   cls_loss   dfl_loss  Instances       Size
                   all        444      11487      0.479      0.615      0.566      0.361

      Epoch    GPU_mem   box_loss   cls_loss   dfl_loss  Instances       Size
                   all        444      11487      0.475      0.573       0.53      0.331

      Epoch    GPU_mem   box_loss   cls_loss   dfl_loss  Instances       Size
                   all        444      11487       0.54      0.623      0.601      0.388

      Epoch    GPU_mem   box_loss   cls_loss   dfl_loss  Instances       Size
                   all        444      11487      0.541      0.631      0.614      0.393

      Epoch    GPU_mem   box_loss   cls_loss   dfl_loss  Instances       Size
                   all        444      11487        0.5      0.634      0.588      0.376

      Epoch    GPU_mem   box_loss   cls_loss   dfl_loss  Instances       Size
                   all        444      11487      0.505      0.603      0.578      0.364

      Epoch    GPU_mem   box_loss   cls_loss   dfl_loss  Instances       Size
                   all        444      11487      0.543      0.634       0.61      0.393

      Epoch    GPU_mem   box_loss   cls_loss   dfl_loss  Instances       Size
                   all        444      11487      0.534      0.629      0.605      0.388

      Epoch    GPU_mem   box_loss   cls_loss   dfl_loss  Instances       Size
                   all        444      11487      0.535      0.615      0.594      0.378

      Epoch    GPU_mem   box_loss   cls_loss   dfl_loss  Instances       Size
                   all        444      11487      0.538      0.621      0.603      0.382

      Epoch    GPU_mem   box_loss   cls_loss   dfl_loss  Instances       Size
                   all        444      11487      0.536      0.634      0.609      0.386

      Epoch    GPU_mem   box_loss   cls_loss   dfl_loss  Instances       Size
                   all        444      11487      0.546       0.62       0.61      0.393

      Epoch    GPU_mem   box_loss   cls_loss   dfl_loss  Instances       Size
                   all        444      11487      0.532      0.626      0.604      0.384

      Epoch    GPU_mem   box_loss   cls_loss   dfl_loss  Instances       Size
                   all        444      11487      0.553      0.639      0.606      0.386

      Epoch    GPU_mem   box_loss   cls_loss   dfl_loss  Instances       Size
                   all        444      11487       0.53      0.641      0.607      0.392

      Epoch    GPU_mem   box_loss   cls_loss   dfl_loss  Instances       Size
                   all        444      11487      0.532      0.634      0.603      0.392

      Epoch    GPU_mem   box_loss   cls_loss   dfl_loss  Instances       Size
                   all        444      11487      0.486      0.637      0.588      0.378

      Epoch    GPU_mem   box_loss   cls_loss   dfl_loss  Instances       Size
                   all        444      11487      0.504      0.615      0.585      0.374

      Epoch    GPU_mem   box_loss   cls_loss   dfl_loss  Instances       Size
                   all        444      11487      0.548      0.642      0.619      0.398

      Epoch    GPU_mem   box_loss   cls_loss   dfl_loss  Instances       Size
                   all        444      11487      0.512      0.643      0.589       0.38

      Epoch    GPU_mem   box_loss   cls_loss   dfl_loss  Instances       Size
                   all        444      11487      0.559      0.639      0.619      0.401

      Epoch    GPU_mem   box_loss   cls_loss   dfl_loss  Instances       Size
                   all        444      11487      0.563      0.642      0.633      0.402

      Epoch    GPU_mem   box_loss   cls_loss   dfl_loss  Instances       Size
                   all        444      11487        0.5      0.635      0.596      0.384

      Epoch    GPU_mem   box_loss   cls_loss   dfl_loss  Instances       Size
                   all        444      11487      0.518      0.628        0.6      0.388

      Epoch    GPU_mem   box_loss   cls_loss   dfl_loss  Instances       Size
                   all        444      11487      0.561      0.637      0.623      0.401

      Epoch    GPU_mem   box_loss   cls_loss   dfl_loss  Instances       Size
                   all        444      11487       0.56      0.634       0.63      0.405

      Epoch    GPU_mem   box_loss   cls_loss   dfl_loss  Instances       Size
                   all        444      11487      0.556      0.642      0.629      0.406

      Epoch    GPU_mem   box_loss   cls_loss   dfl_loss  Instances       Size
                   all        444      11487      0.571      0.639       0.63      0.406

      Epoch    GPU_mem   box_loss   cls_loss   dfl_loss  Instances       Size
                   all        444      11487      0.565      0.638      0.623      0.404

      Epoch    GPU_mem   box_loss   cls_loss   dfl_loss  Instances       Size
                   all        444      11487       0.56      0.638      0.629      0.403

      Epoch    GPU_mem   box_loss   cls_loss   dfl_loss  Instances       Size
                   all        444      11487      0.574      0.635      0.632      0.408

      Epoch    GPU_mem   box_loss   cls_loss   dfl_loss  Instances       Size
                   all        444      11487      0.565      0.635      0.623      0.403

      Epoch    GPU_mem   box_loss   cls_loss   dfl_loss  Instances       Size
                   all        444      11487      0.558      0.643       0.62        0.4

      Epoch    GPU_mem   box_loss   cls_loss   dfl_loss  Instances       Size
                   all        444      11487      0.563      0.628      0.629      0.407

      Epoch    GPU_mem   box_loss   cls_loss   dfl_loss  Instances       Size
                   all        444      11487      0.582      0.626       0.63      0.409

      Epoch    GPU_mem   box_loss   cls_loss   dfl_loss  Instances       Size
                   all        444      11487      0.549      0.641      0.623      0.403

      Epoch    GPU_mem   box_loss   cls_loss   dfl_loss  Instances       Size
                   all        444      11487      0.545      0.633      0.615      0.393

      Epoch    GPU_mem   box_loss   cls_loss   dfl_loss  Instances       Size
                   all        444      11487      0.566      0.645      0.637       0.41

      Epoch    GPU_mem   box_loss   cls_loss   dfl_loss  Instances       Size
                   all        444      11487      0.549      0.632      0.622      0.401

      Epoch    GPU_mem   box_loss   cls_loss   dfl_loss  Instances       Size
                   all        444      11487      0.582      0.645      0.638      0.413

      Epoch    GPU_mem   box_loss   cls_loss   dfl_loss  Instances       Size
                   all        444      11487      0.572      0.644      0.635      0.413

      Epoch    GPU_mem   box_loss   cls_loss   dfl_loss  Instances       Size
                   all        444      11487      0.569      0.648      0.628      0.408

      Epoch    GPU_mem   box_loss   cls_loss   dfl_loss  Instances       Size
                   all        444      11487       0.58      0.646      0.634      0.412

      Epoch    GPU_mem   box_loss   cls_loss   dfl_loss  Instances       Size
                   all        444      11487       0.58      0.644      0.643      0.419

      Epoch    GPU_mem   box_loss   cls_loss   dfl_loss  Instances       Size
                   all        444      11487      0.581       0.64      0.642      0.416

      Epoch    GPU_mem   box_loss   cls_loss   dfl_loss  Instances       Size
                   all        444      11487       0.59      0.644      0.651      0.421

      Epoch    GPU_mem   box_loss   cls_loss   dfl_loss  Instances       Size
                   all        444      11487      0.582      0.644      0.641      0.415

      Epoch    GPU_mem   box_loss   cls_loss   dfl_loss  Instances       Size
                   all        444      11487       0.58      0.631      0.629      0.408

      Epoch    GPU_mem   box_loss   cls_loss   dfl_loss  Instances       Size
                   all        444      11487      0.581      0.651      0.641      0.415

      Epoch    GPU_mem   box_loss   cls_loss   dfl_loss  Instances       Size
                   all        444      11487      0.583      0.649      0.643      0.418

      Epoch    GPU_mem   box_loss   cls_loss   dfl_loss  Instances       Size
                   all        444      11487      0.593      0.646      0.648      0.422

      Epoch    GPU_mem   box_loss   cls_loss   dfl_loss  Instances       Size
                   all        444      11487      0.598      0.648      0.651      0.425

      Epoch    GPU_mem   box_loss   cls_loss   dfl_loss  Instances       Size
                   all        444      11487      0.584      0.651      0.642      0.419

      Epoch    GPU_mem   box_loss   cls_loss   dfl_loss  Instances       Size
                   all        444      11487      0.573      0.639      0.636      0.416

      Epoch    GPU_mem   box_loss   cls_loss   dfl_loss  Instances       Size
                   all        444      11487       0.58      0.646      0.638      0.415

      Epoch    GPU_mem   box_loss   cls_loss   dfl_loss  Instances       Size
                   all        444      11487      0.589       0.65      0.652      0.425

      Epoch    GPU_mem   box_loss   cls_loss   dfl_loss  Instances       Size
                   all        444      11487      0.572      0.646      0.642      0.419

      Epoch    GPU_mem   box_loss   cls_loss   dfl_loss  Instances       Size
                   all        444      11487      0.583      0.646      0.646      0.423

      Epoch    GPU_mem   box_loss   cls_loss   dfl_loss  Instances       Size
                   all        444      11487      0.582      0.643      0.644      0.421

      Epoch    GPU_mem   box_loss   cls_loss   dfl_loss  Instances       Size
                   all        444      11487      0.577      0.651      0.641      0.419

      Epoch    GPU_mem   box_loss   cls_loss   dfl_loss  Instances       Size
                   all        444      11487      0.578      0.645       0.64      0.419

      Epoch    GPU_mem   box_loss   cls_loss   dfl_loss  Instances       Size
                   all        444      11487      0.578      0.653      0.643      0.418

      Epoch    GPU_mem   box_loss   cls_loss   dfl_loss  Instances       Size
                   all        444      11487      0.587      0.655      0.646       0.42

      Epoch    GPU_mem   box_loss   cls_loss   dfl_loss  Instances       Size
                   all        444      11487      0.574       0.65      0.637      0.417

      Epoch    GPU_mem   box_loss   cls_loss   dfl_loss  Instances       Size
                   all        444      11487      0.577      0.662      0.646      0.421

      Epoch    GPU_mem   box_loss   cls_loss   dfl_loss  Instances       Size
                   all        444      11487      0.596      0.658      0.648      0.423

      Epoch    GPU_mem   box_loss   cls_loss   dfl_loss  Instances       Size
                   all        444      11487      0.575      0.653      0.639      0.416

      Epoch    GPU_mem   box_loss   cls_loss   dfl_loss  Instances       Size
                   all        444      11487      0.586      0.651      0.644       0.42

      Epoch    GPU_mem   box_loss   cls_loss   dfl_loss  Instances       Size
                   all        444      11487      0.563      0.663      0.648      0.422

      Epoch    GPU_mem   box_loss   cls_loss   dfl_loss  Instances       Size
                   all        444      11487        0.6      0.645      0.649      0.423

      Epoch    GPU_mem   box_loss   cls_loss   dfl_loss  Instances       Size
                   all        444      11487      0.572      0.654       0.64      0.417

      Epoch    GPU_mem   box_loss   cls_loss   dfl_loss  Instances       Size
                   all        444      11487      0.568      0.655      0.641      0.417

      Epoch    GPU_mem   box_loss   cls_loss   dfl_loss  Instances       Size
                   all        444      11487      0.589      0.659      0.647      0.421

      Epoch    GPU_mem   box_loss   cls_loss   dfl_loss  Instances       Size
                   all        444      11487      0.591      0.648      0.644      0.421

      Epoch    GPU_mem   box_loss   cls_loss   dfl_loss  Instances       Size
                   all        444      11487      0.607       0.64      0.649      0.423

      Epoch    GPU_mem   box_loss   cls_loss   dfl_loss  Instances       Size
                   all        444      11487      0.597      0.646      0.648      0.424

      Epoch    GPU_mem   box_loss   cls_loss   dfl_loss  Instances       Size
                   all        444      11487      0.586       0.65      0.641      0.417

      Epoch    GPU_mem   box_loss   cls_loss   dfl_loss  Instances       Size
                   all        444      11487      0.599      0.648      0.647      0.423

      Epoch    GPU_mem   box_loss   cls_loss   dfl_loss  Instances       Size
                   all        444      11487      0.579       0.66      0.649      0.422

      Epoch    GPU_mem   box_loss   cls_loss   dfl_loss  Instances       Size
                   all        444      11487      0.587      0.654      0.642      0.419

      Epoch    GPU_mem   box_loss   cls_loss   dfl_loss  Instances       Size
                   all        444      11487      0.581      0.661      0.646      0.422

      Epoch    GPU_mem   box_loss   cls_loss   dfl_loss  Instances       Size
                   all        444      11487      0.595      0.655      0.645      0.421

      Epoch    GPU_mem   box_loss   cls_loss   dfl_loss  Instances       Size
                   all        444      11487      0.591      0.648       0.64      0.419

      Epoch    GPU_mem   box_loss   cls_loss   dfl_loss  Instances       Size
                   all        444      11487      0.578      0.648      0.644      0.421

      Epoch    GPU_mem   box_loss   cls_loss   dfl_loss  Instances       Size
                   all        444      11487       0.58      0.665      0.641      0.419

      Epoch    GPU_mem   box_loss   cls_loss   dfl_loss  Instances       Size
                   all        444      11487       0.59      0.638      0.637      0.414

      Epoch    GPU_mem   box_loss   cls_loss   dfl_loss  Instances       Size
                   all        444      11487       0.59      0.627      0.631      0.412

      Epoch    GPU_mem   box_loss   cls_loss   dfl_loss  Instances       Size
                   all        444      11487      0.594      0.653      0.643      0.421

      Epoch    GPU_mem   box_loss   cls_loss   dfl_loss  Instances       Size
                   all        444      11487      0.585       0.66      0.639      0.417

      Epoch    GPU_mem   box_loss   cls_loss   dfl_loss  Instances       Size
                   all        444      11487      0.598      0.635      0.638      0.417

      Epoch    GPU_mem   box_loss   cls_loss   dfl_loss  Instances       Size
                   all        444      11487      0.587      0.647      0.635      0.415

      Epoch    GPU_mem   box_loss   cls_loss   dfl_loss  Instances       Size
                   all        444      11487      0.596      0.642      0.639      0.418

      Epoch    GPU_mem   box_loss   cls_loss   dfl_loss  Instances       Size
                   all        444      11487      0.585      0.636      0.639      0.417

      Epoch    GPU_mem   box_loss   cls_loss   dfl_loss  Instances       Size
                   all        444      11487       0.59      0.644      0.637      0.415

      Epoch    GPU_mem   box_loss   cls_loss   dfl_loss  Instances       Size
                   all        444      11487      0.591      0.647      0.637      0.416

      Epoch    GPU_mem   box_loss   cls_loss   dfl_loss  Instances       Size
                   all        444      11487       0.59      0.652      0.638      0.418

      Epoch    GPU_mem   box_loss   cls_loss   dfl_loss  Instances       Size
                   all        444      11487      0.591      0.653      0.635      0.415

      Epoch    GPU_mem   box_loss   cls_loss   dfl_loss  Instances       Size
                   all        444      11487      0.573      0.663      0.631      0.413

      Epoch    GPU_mem   box_loss   cls_loss   dfl_loss  Instances       Size
                   all        444      11487      0.595       0.64      0.635      0.415

      Epoch    GPU_mem   box_loss   cls_loss   dfl_loss  Instances       Size
                   all        444      11487      0.576      0.655      0.635      0.413

      Epoch    GPU_mem   box_loss   cls_loss   dfl_loss  Instances       Size
                   all        444      11487      0.583      0.644      0.632      0.414

      Epoch    GPU_mem   box_loss   cls_loss   dfl_loss  Instances       Size
                   all        444      11487       0.59      0.646      0.634      0.413

      Epoch    GPU_mem   box_loss   cls_loss   dfl_loss  Instances       Size
                   all        444      11487      0.581      0.663      0.633      0.413

      Epoch    GPU_mem   box_loss   cls_loss   dfl_loss  Instances       Size
                   all        444      11487      0.587      0.643      0.631      0.411

      Epoch    GPU_mem   box_loss   cls_loss   dfl_loss  Instances       Size
                   all        444      11487      0.588      0.645      0.638      0.416

      Epoch    GPU_mem   box_loss   cls_loss   dfl_loss  Instances       Size
                   all        444      11487      0.583      0.653      0.632      0.414

      Epoch    GPU_mem   box_loss   cls_loss   dfl_loss  Instances       Size
                   all        444      11487      0.579      0.649       0.63      0.411

      Epoch    GPU_mem   box_loss   cls_loss   dfl_loss  Instances       Size
                   all        444      11487      0.577      0.646      0.629      0.411

      Epoch    GPU_mem   box_loss   cls_loss   dfl_loss  Instances       Size
                   all        444      11487      0.585       0.64      0.634      0.414

      Epoch    GPU_mem   box_loss   cls_loss   dfl_loss  Instances       Size
                   all        444      11487      0.592      0.645      0.632      0.412

      Epoch    GPU_mem   box_loss   cls_loss   dfl_loss  Instances       Size
                   all        444      11487      0.584      0.636      0.631      0.411

      Epoch    GPU_mem   box_loss   cls_loss   dfl_loss  Instances       Size
                   all        444      11487      0.584      0.654      0.629      0.411

      Epoch    GPU_mem   box_loss   cls_loss   dfl_loss  Instances       Size
                   all        444      11487      0.581      0.641      0.626      0.409

      Epoch    GPU_mem   box_loss   cls_loss   dfl_loss  Instances       Size
                   all        444      11487      0.588      0.635      0.625      0.408

      Epoch    GPU_mem   box_loss   cls_loss   dfl_loss  Instances       Size
                   all        444      11487      0.583      0.655      0.629      0.412

      Epoch    GPU_mem   box_loss   cls_loss   dfl_loss  Instances       Size
                   all        444      11487      0.587       0.64      0.625      0.408

      Epoch    GPU_mem   box_loss   cls_loss   dfl_loss  Instances       Size
                   all        444      11487      0.589      0.642      0.626       0.41

      Epoch    GPU_mem   box_loss   cls_loss   dfl_loss  Instances       Size
                   all        444      11487      0.588      0.644      0.625      0.409

      Epoch    GPU_mem   box_loss   cls_loss   dfl_loss  Instances       Size
                   all        444      11487      0.587      0.639      0.624      0.408

      Epoch    GPU_mem   box_loss   cls_loss   dfl_loss  Instances       Size
                   all        444      11487      0.585      0.645       0.62      0.405

      Epoch    GPU_mem   box_loss   cls_loss   dfl_loss  Instances       Size
                   all        444      11487      0.593      0.634      0.624      0.406

      Epoch    GPU_mem   box_loss   cls_loss   dfl_loss  Instances       Size
                   all        444      11487      0.584      0.648       0.62      0.405

      Epoch    GPU_mem   box_loss   cls_loss   dfl_loss  Instances       Size
                   all        444      11487      0.596      0.633      0.623      0.407

      Epoch    GPU_mem   box_loss   cls_loss   dfl_loss  Instances       Size
                   all        444      11487      0.586      0.641      0.621      0.404

      Epoch    GPU_mem   box_loss   cls_loss   dfl_loss  Instances       Size
                   all        444      11487      0.587      0.643      0.622      0.406

      Epoch    GPU_mem   box_loss   cls_loss   dfl_loss  Instances       Size
                   all        444      11487      0.577      0.649      0.619      0.405

      Epoch    GPU_mem   box_loss   cls_loss   dfl_loss  Instances       Size
                   all        444      11487      0.584      0.646      0.619      0.405

      Epoch    GPU_mem   box_loss   cls_loss   dfl_loss  Instances       Size
                   all        444      11487      0.591      0.641      0.621      0.405

      Epoch    GPU_mem   box_loss   cls_loss   dfl_loss  Instances       Size
                   all        444      11487      0.591      0.637       0.62      0.404

      Epoch    GPU_mem   box_loss   cls_loss   dfl_loss  Instances       Size
                   all        444      11487      0.584      0.643      0.618      0.404

      Epoch    GPU_mem   box_loss   cls_loss   dfl_loss  Instances       Size
                   all        444      11487       0.58      0.645      0.613        0.4

      Epoch    GPU_mem   box_loss   cls_loss   dfl_loss  Instances       Size
                   all        444      11487      0.582       0.64      0.613      0.401

      Epoch    GPU_mem   box_loss   cls_loss   dfl_loss  Instances       Size
                   all        444      11487      0.585      0.635      0.615      0.402

      Epoch    GPU_mem   box_loss   cls_loss   dfl_loss  Instances       Size
                   all        444      11487      0.584      0.642      0.615      0.401

      Epoch    GPU_mem   box_loss   cls_loss   dfl_loss  Instances       Size
                   all        444      11487      0.587      0.637      0.613        0.4

      Epoch    GPU_mem   box_loss   cls_loss   dfl_loss  Instances       Size
                   all        444      11487      0.579      0.642      0.614        0.4

      Epoch    GPU_mem   box_loss   cls_loss   dfl_loss  Instances       Size
                   all        444      11487      0.582      0.643      0.613      0.399

      Epoch    GPU_mem   box_loss   cls_loss   dfl_loss  Instances       Size
                   all        444      11487      0.582      0.641      0.612      0.398

      Epoch    GPU_mem   box_loss   cls_loss   dfl_loss  Instances       Size
                   all        444      11487       0.59      0.634      0.613      0.399

      Epoch    GPU_mem   box_loss   cls_loss   dfl_loss  Instances       Size
                   all        444      11487       0.59      0.633      0.613      0.399

      Epoch    GPU_mem   box_loss   cls_loss   dfl_loss  Instances       Size
                   all        444      11487      0.581      0.645      0.611      0.398

      Epoch    GPU_mem   box_loss   cls_loss   dfl_loss  Instances       Size
                   all        444      11487      0.575      0.646      0.609      0.397

      Epoch    GPU_mem   box_loss   cls_loss   dfl_loss  Instances       Size
                   all        444      11487       0.58      0.639       0.61      0.398

      Epoch    GPU_mem   box_loss   cls_loss   dfl_loss  Instances       Size
                   all        444      11487       0.58      0.643       0.61      0.398

      Epoch    GPU_mem   box_loss   cls_loss   dfl_loss  Instances       Size
                   all        444      11487      0.585      0.639      0.611      0.399

      Epoch    GPU_mem   box_loss   cls_loss   dfl_loss  Instances       Size
                   all        444      11487      0.579      0.644       0.61      0.397

      Epoch    GPU_mem   box_loss   cls_loss   dfl_loss  Instances       Size
                   all        444      11487      0.572      0.654      0.611      0.398

      Epoch    GPU_mem   box_loss   cls_loss   dfl_loss  Instances       Size
                   all        444      11487       0.58      0.648       0.61      0.398

      Epoch    GPU_mem   box_loss   cls_loss   dfl_loss  Instances       Size
                   all        444      11487      0.577      0.647      0.611      0.398

      Epoch    GPU_mem   box_loss   cls_loss   dfl_loss  Instances       Size
                   all        444      11487       0.58      0.645       0.61      0.399

      Epoch    GPU_mem   box_loss   cls_loss   dfl_loss  Instances       Size
                   all        444      11487      0.583      0.643       0.61      0.398

      Epoch    GPU_mem   box_loss   cls_loss   dfl_loss  Instances       Size
                   all        444      11487      0.582       0.64      0.609      0.397

      Epoch    GPU_mem   box_loss   cls_loss   dfl_loss  Instances       Size
                   all        444      11487      0.583       0.64      0.609      0.397

      Epoch    GPU_mem   box_loss   cls_loss   dfl_loss  Instances       Size
                   all        444      11487      0.577      0.643      0.607      0.396

      Epoch    GPU_mem   box_loss   cls_loss   dfl_loss  Instances       Size
                   all        444      11487      0.584      0.636      0.609      0.397

      Epoch    GPU_mem   box_loss   cls_loss   dfl_loss  Instances       Size
                   all        444      11487      0.586      0.633      0.609      0.397

      Epoch    GPU_mem   box_loss   cls_loss   dfl_loss  Instances       Size
                   all        444      11487      0.581      0.644       0.61      0.398

      Epoch    GPU_mem   box_loss   cls_loss   dfl_loss  Instances       Size
                   all        444      11487      0.583      0.638      0.609      0.397

      Epoch    GPU_mem   box_loss   cls_loss   dfl_loss  Instances       Size
                   all        444      11487      0.581      0.642      0.608      0.397

      Epoch    GPU_mem   box_loss   cls_loss   dfl_loss  Instances       Size
                   all        444      11487      0.584      0.639      0.608      0.397

      Epoch    GPU_mem   box_loss   cls_loss   dfl_loss  Instances       Size
                   all        444      11487      0.588      0.637      0.608      0.397

      Epoch    GPU_mem   box_loss   cls_loss   dfl_loss  Instances       Size
                   all        444      11487      0.591       0.63      0.608      0.397

      Epoch    GPU_mem   box_loss   cls_loss   dfl_loss  Instances       Size
                   all        444      11487      0.584      0.638      0.607      0.396

200 epochs completed in 1.485 hours.
Optimizer stripped from yolo/basic_box/img512_ep200_yolo11m/weights/last.pt, 40.5MB
Optimizer stripped from yolo/basic_box/img512_ep200_yolo11m/weights/best.pt, 40.5MB

Validating yolo/basic_box/img512_ep200_yolo11m/weights/best.pt...
Ultralytics 8.3.88 🚀 Python-3.10.12 torch-2.6.0+cu124 CUDA:0 (NVIDIA A100 80GB PCIe, 81154MiB)
YOLO11m summary (fused): 125 layers, 20,031,574 parameters, 0 gradients, 67.7 GFLOPs
                   all        444      11487      0.599      0.646      0.651      0.425
            lymphocyte        375       7293      0.724      0.726      0.781      0.491
              monocyte        400       4194      0.475      0.566       0.52      0.359
Speed: 0.3ms preprocess, 1.5ms inference, 0.0ms loss, 1.4ms postprocess per image
Results saved to [1myolo/basic_box/img512_ep200_yolo11m[0m

Validating yolo with iou=0.3
Ultralytics 8.3.88 🚀 Python-3.10.12 torch-2.6.0+cu124 CUDA:0 (NVIDIA A100 80GB PCIe, 81154MiB)
YOLO11m summary (fused): 125 layers, 20,031,574 parameters, 0 gradients, 67.7 GFLOPs
                   all        444      11487      0.611      0.603      0.583      0.381
            lymphocyte        375       7293      0.729      0.696      0.713      0.455
              monocyte        400       4194      0.494      0.509      0.452      0.306
Speed: 0.6ms preprocess, 2.2ms inference, 0.0ms loss, 1.3ms postprocess per image
Results saved to [1myolo/basic_box/img512_ep200_yolo11m/iou0.3[0m

Validating yolo with iou=0.1
Ultralytics 8.3.88 🚀 Python-3.10.12 torch-2.6.0+cu124 CUDA:0 (NVIDIA A100 80GB PCIe, 81154MiB)
                   all        444      11487      0.606      0.456      0.468      0.312
            lymphocyte        375       7293      0.719      0.533      0.579      0.375
              monocyte        400       4194      0.493      0.379      0.356      0.249
Speed: 0.4ms preprocess, 2.1ms inference, 0.0ms loss, 1.3ms postprocess per image
Results saved to [1myolo/basic_box/img512_ep200_yolo11m/iou0.1[0m
