Thu Apr 10 18:17:30 2025       
+-----------------------------------------------------------------------------------------+
| NVIDIA-SMI 570.124.06             Driver Version: 570.124.06     CUDA Version: 12.8     |
|-----------------------------------------+------------------------+----------------------+
| GPU  Name                 Persistence-M | Bus-Id          Disp.A | Volatile Uncorr. ECC |
| Fan  Temp   Perf          Pwr:Usage/Cap |           Memory-Usage | GPU-Util  Compute M. |
|                                         |                        |               MIG M. |
|=========================================+========================+======================|
|   0  Tesla P100-PCIE-16GB           On  |   00000000:0B:00.0 Off |                    0 |
| N/A   29C    P0             25W /  250W |       0MiB /  16384MiB |      0%      Default |
|                                         |                        |                  N/A |
+-----------------------------------------+------------------------+----------------------+
                                                                                         
+-----------------------------------------------------------------------------------------+
| Processes:                                                                              |
|  GPU   GI   CI              PID   Type   Process name                        GPU Memory |
|        ID   ID                                                               Usage      |
|=========================================================================================|
|  No running processes found                                                             |
+-----------------------------------------------------------------------------------------+
New https://pypi.org/project/ultralytics/8.3.106 available 😃 Update with 'pip install -U ultralytics'
Ultralytics 8.3.88 🚀 Python-3.10.12 torch-2.6.0+cu124 CUDA:0 (Tesla P100-PCIE-16GB, 16269MiB)
[34m[1mengine/trainer: [0mtask=detect, mode=train, model=yolo11m.pt, data=data/basic_box/pas-cpg512/dataset.yaml, epochs=200, time=None, patience=200, batch=16, imgsz=512, save=True, save_period=-1, cache=disk, device=None, workers=0, project=yolo/basic_box/default_aug, name=img512_ep200_yolo11m, exist_ok=False, pretrained=True, optimizer=auto, verbose=True, seed=0, deterministic=False, single_cls=False, rect=False, cos_lr=True, close_mosaic=10, resume=False, amp=True, fraction=1.0, profile=False, freeze=None, multi_scale=False, overlap_mask=True, mask_ratio=4, dropout=0.0, val=True, split=val, save_json=False, save_hybrid=False, conf=0.001, iou=0.7, max_det=None, half=False, dnn=False, plots=True, source=None, vid_stride=1, stream_buffer=False, visualize=False, augment=False, agnostic_nms=True, classes=None, retina_masks=False, embed=None, show=False, save_frames=False, save_txt=False, save_conf=False, save_crop=False, show_labels=True, show_conf=True, show_boxes=True, line_width=None, format=torchscript, keras=False, optimize=False, int8=False, dynamic=False, simplify=True, opset=None, workspace=None, nms=False, lr0=0.01, lrf=0.01, momentum=0.937, weight_decay=0.0005, warmup_epochs=3.0, warmup_momentum=0.8, warmup_bias_lr=0.1, box=7.5, cls=0.5, dfl=1.5, pose=12.0, kobj=1.0, nbs=64, hsv_h=0.015, hsv_s=0.7, hsv_v=0.4, degrees=0.0, translate=0.1, scale=0.5, shear=0.0, perspective=0.0, flipud=0.0, fliplr=0.5, bgr=0.0, mosaic=1.0, mixup=0.0, copy_paste=0.0, copy_paste_mode=flip, auto_augment=randaugment, erasing=0.4, crop_fraction=1.0, cfg=None, tracker=botsort.yaml, save_dir=yolo/basic_box/default_aug/img512_ep200_yolo11m
Overriding model.yaml nc=80 with nc=2

                   from  n    params  module                                       arguments                     
  0                  -1  1      1856  ultralytics.nn.modules.conv.Conv             [3, 64, 3, 2]                 
  1                  -1  1     73984  ultralytics.nn.modules.conv.Conv             [64, 128, 3, 2]               
  2                  -1  1    111872  ultralytics.nn.modules.block.C3k2            [128, 256, 1, True, 0.25]     
  3                  -1  1    590336  ultralytics.nn.modules.conv.Conv             [256, 256, 3, 2]              
  4                  -1  1    444928  ultralytics.nn.modules.block.C3k2            [256, 512, 1, True, 0.25]     
  5                  -1  1   2360320  ultralytics.nn.modules.conv.Conv             [512, 512, 3, 2]              
  6                  -1  1   1380352  ultralytics.nn.modules.block.C3k2            [512, 512, 1, True]           
  7                  -1  1   2360320  ultralytics.nn.modules.conv.Conv             [512, 512, 3, 2]              
  8                  -1  1   1380352  ultralytics.nn.modules.block.C3k2            [512, 512, 1, True]           
  9                  -1  1    656896  ultralytics.nn.modules.block.SPPF            [512, 512, 5]                 
 10                  -1  1    990976  ultralytics.nn.modules.block.C2PSA           [512, 512, 1]                 
 11                  -1  1         0  torch.nn.modules.upsampling.Upsample         [None, 2, 'nearest']          
 12             [-1, 6]  1         0  ultralytics.nn.modules.conv.Concat           [1]                           
 13                  -1  1   1642496  ultralytics.nn.modules.block.C3k2            [1024, 512, 1, True]          
 14                  -1  1         0  torch.nn.modules.upsampling.Upsample         [None, 2, 'nearest']          
 15             [-1, 4]  1         0  ultralytics.nn.modules.conv.Concat           [1]                           
 16                  -1  1    542720  ultralytics.nn.modules.block.C3k2            [1024, 256, 1, True]          
 17                  -1  1    590336  ultralytics.nn.modules.conv.Conv             [256, 256, 3, 2]              
 18            [-1, 13]  1         0  ultralytics.nn.modules.conv.Concat           [1]                           
 19                  -1  1   1511424  ultralytics.nn.modules.block.C3k2            [768, 512, 1, True]           
 20                  -1  1   2360320  ultralytics.nn.modules.conv.Conv             [512, 512, 3, 2]              
 21            [-1, 10]  1         0  ultralytics.nn.modules.conv.Concat           [1]                           
 22                  -1  1   1642496  ultralytics.nn.modules.block.C3k2            [1024, 512, 1, True]          
 23        [16, 19, 22]  1   1412566  ultralytics.nn.modules.head.Detect           [2, [256, 512, 512]]          
YOLO11m summary: 231 layers, 20,054,550 parameters, 20,054,534 gradients, 68.2 GFLOPs

Transferred 643/649 items from pretrained weights
Freezing layer 'model.23.dfl.conv.weight'
[34m[1mAMP: [0mrunning Automatic Mixed Precision (AMP) checks...
[34m[1mAMP: [0mchecks passed ✅
[34m[1mtrain: [0mNew cache created: /home/tupystep/monkey_challenge/data/basic_box/pas-cpg512/labels.cache
[34m[1mval: [0mNew cache created: /home/tupystep/monkey_challenge/data/basic_box/pas-cpg512/labels.cache
Plotting labels to yolo/basic_box/default_aug/img512_ep200_yolo11m/labels.jpg... 
[34m[1moptimizer:[0m 'optimizer=auto' found, ignoring 'lr0=0.01' and 'momentum=0.937' and determining best 'optimizer', 'lr0' and 'momentum' automatically... 
[34m[1moptimizer:[0m AdamW(lr=0.001667, momentum=0.9) with parameter groups 106 weight(decay=0.0), 113 weight(decay=0.0005), 112 bias(decay=0.0)
Image sizes 512 train, 512 val
Using 0 dataloader workers
Logging results to [1myolo/basic_box/default_aug/img512_ep200_yolo11m[0m
Starting training for 200 epochs...

      Epoch    GPU_mem   box_loss   cls_loss   dfl_loss  Instances       Size
                   all        444      11487      0.375      0.535      0.383      0.195

      Epoch    GPU_mem   box_loss   cls_loss   dfl_loss  Instances       Size
                   all        444      11487      0.102      0.302     0.0567     0.0125

      Epoch    GPU_mem   box_loss   cls_loss   dfl_loss  Instances       Size
                   all        444      11487      0.319      0.451      0.345      0.162

      Epoch    GPU_mem   box_loss   cls_loss   dfl_loss  Instances       Size
                   all        444      11487      0.257      0.567      0.376       0.19

      Epoch    GPU_mem   box_loss   cls_loss   dfl_loss  Instances       Size
                   all        444      11487      0.319      0.582      0.413      0.211

      Epoch    GPU_mem   box_loss   cls_loss   dfl_loss  Instances       Size
                   all        444      11487      0.277      0.636      0.434      0.224

      Epoch    GPU_mem   box_loss   cls_loss   dfl_loss  Instances       Size
                   all        444      11487      0.345      0.528        0.4      0.162

      Epoch    GPU_mem   box_loss   cls_loss   dfl_loss  Instances       Size
                   all        444      11487      0.355      0.582      0.445      0.243

      Epoch    GPU_mem   box_loss   cls_loss   dfl_loss  Instances       Size
                   all        444      11487      0.408      0.556      0.449      0.223

      Epoch    GPU_mem   box_loss   cls_loss   dfl_loss  Instances       Size
                   all        444      11487      0.377      0.573      0.463        0.2

      Epoch    GPU_mem   box_loss   cls_loss   dfl_loss  Instances       Size
                   all        444      11487      0.416      0.553      0.453      0.201

      Epoch    GPU_mem   box_loss   cls_loss   dfl_loss  Instances       Size
                   all        444      11487      0.423      0.599      0.489      0.243

      Epoch    GPU_mem   box_loss   cls_loss   dfl_loss  Instances       Size
                   all        444      11487      0.375      0.599      0.477      0.263

      Epoch    GPU_mem   box_loss   cls_loss   dfl_loss  Instances       Size
                   all        444      11487      0.461      0.579      0.508      0.294

      Epoch    GPU_mem   box_loss   cls_loss   dfl_loss  Instances       Size
                   all        444      11487      0.391      0.572      0.474      0.268

      Epoch    GPU_mem   box_loss   cls_loss   dfl_loss  Instances       Size
                   all        444      11487      0.393      0.611        0.5      0.295

      Epoch    GPU_mem   box_loss   cls_loss   dfl_loss  Instances       Size
                   all        444      11487      0.416      0.545      0.444      0.187

      Epoch    GPU_mem   box_loss   cls_loss   dfl_loss  Instances       Size
                   all        444      11487      0.323       0.41      0.313     0.0848

      Epoch    GPU_mem   box_loss   cls_loss   dfl_loss  Instances       Size
                   all        444      11487      0.424      0.584      0.508      0.243

      Epoch    GPU_mem   box_loss   cls_loss   dfl_loss  Instances       Size
                   all        444      11487      0.383      0.611      0.493      0.234

      Epoch    GPU_mem   box_loss   cls_loss   dfl_loss  Instances       Size
                   all        444      11487      0.475      0.595      0.517      0.322

      Epoch    GPU_mem   box_loss   cls_loss   dfl_loss  Instances       Size
                   all        444      11487       0.35      0.481      0.386       0.21

      Epoch    GPU_mem   box_loss   cls_loss   dfl_loss  Instances       Size
                   all        444      11487      0.437      0.608      0.523      0.319

      Epoch    GPU_mem   box_loss   cls_loss   dfl_loss  Instances       Size
                   all        444      11487        0.4      0.603      0.506      0.219

      Epoch    GPU_mem   box_loss   cls_loss   dfl_loss  Instances       Size
                   all        444      11487      0.297      0.431      0.326     0.0998

      Epoch    GPU_mem   box_loss   cls_loss   dfl_loss  Instances       Size
                   all        444      11487      0.468      0.592       0.53      0.319

      Epoch    GPU_mem   box_loss   cls_loss   dfl_loss  Instances       Size
                   all        444      11487      0.418      0.538      0.453      0.185

      Epoch    GPU_mem   box_loss   cls_loss   dfl_loss  Instances       Size
                   all        444      11487      0.389      0.509      0.416      0.137

      Epoch    GPU_mem   box_loss   cls_loss   dfl_loss  Instances       Size
                   all        444      11487      0.467        0.6      0.539      0.314

      Epoch    GPU_mem   box_loss   cls_loss   dfl_loss  Instances       Size
                   all        444      11487      0.461      0.571      0.518      0.319

      Epoch    GPU_mem   box_loss   cls_loss   dfl_loss  Instances       Size
                   all        444      11487      0.397      0.506      0.431       0.21

      Epoch    GPU_mem   box_loss   cls_loss   dfl_loss  Instances       Size
                   all        444      11487      0.365      0.464      0.368      0.139

      Epoch    GPU_mem   box_loss   cls_loss   dfl_loss  Instances       Size
                   all        444      11487      0.415       0.61      0.516       0.23

      Epoch    GPU_mem   box_loss   cls_loss   dfl_loss  Instances       Size
                   all        444      11487      0.387      0.565      0.466      0.189

      Epoch    GPU_mem   box_loss   cls_loss   dfl_loss  Instances       Size
                   all        444      11487      0.446      0.616       0.54       0.29

      Epoch    GPU_mem   box_loss   cls_loss   dfl_loss  Instances       Size
                   all        444      11487      0.461      0.597      0.537      0.328

      Epoch    GPU_mem   box_loss   cls_loss   dfl_loss  Instances       Size
                   all        444      11487      0.436       0.58      0.506      0.249

      Epoch    GPU_mem   box_loss   cls_loss   dfl_loss  Instances       Size
                   all        444      11487      0.414      0.521      0.432      0.232

      Epoch    GPU_mem   box_loss   cls_loss   dfl_loss  Instances       Size
                   all        444      11487      0.475      0.589      0.511       0.28

      Epoch    GPU_mem   box_loss   cls_loss   dfl_loss  Instances       Size
                   all        444      11487      0.503      0.591      0.549      0.323

      Epoch    GPU_mem   box_loss   cls_loss   dfl_loss  Instances       Size
                   all        444      11487      0.454      0.613      0.545      0.321

      Epoch    GPU_mem   box_loss   cls_loss   dfl_loss  Instances       Size
                   all        444      11487       0.46      0.598      0.511      0.287

      Epoch    GPU_mem   box_loss   cls_loss   dfl_loss  Instances       Size
                   all        444      11487      0.492      0.595      0.556      0.286

      Epoch    GPU_mem   box_loss   cls_loss   dfl_loss  Instances       Size
                   all        444      11487      0.463       0.57      0.517      0.227

      Epoch    GPU_mem   box_loss   cls_loss   dfl_loss  Instances       Size
                   all        444      11487      0.493      0.581      0.544      0.274

      Epoch    GPU_mem   box_loss   cls_loss   dfl_loss  Instances       Size
                   all        444      11487      0.488      0.575      0.535       0.29

      Epoch    GPU_mem   box_loss   cls_loss   dfl_loss  Instances       Size
                   all        444      11487      0.472      0.593      0.545      0.268

      Epoch    GPU_mem   box_loss   cls_loss   dfl_loss  Instances       Size
                   all        444      11487      0.442      0.592      0.526      0.307

      Epoch    GPU_mem   box_loss   cls_loss   dfl_loss  Instances       Size
                   all        444      11487      0.465      0.626      0.555      0.309

      Epoch    GPU_mem   box_loss   cls_loss   dfl_loss  Instances       Size
                   all        444      11487      0.456       0.63      0.557      0.337

      Epoch    GPU_mem   box_loss   cls_loss   dfl_loss  Instances       Size
                   all        444      11487      0.515      0.591      0.561      0.339

      Epoch    GPU_mem   box_loss   cls_loss   dfl_loss  Instances       Size
                   all        444      11487      0.488      0.619      0.571      0.346

      Epoch    GPU_mem   box_loss   cls_loss   dfl_loss  Instances       Size
                   all        444      11487      0.497      0.596      0.552      0.274

      Epoch    GPU_mem   box_loss   cls_loss   dfl_loss  Instances       Size
                   all        444      11487      0.446      0.621      0.549      0.335

      Epoch    GPU_mem   box_loss   cls_loss   dfl_loss  Instances       Size
                   all        444      11487      0.493      0.575      0.532      0.281

      Epoch    GPU_mem   box_loss   cls_loss   dfl_loss  Instances       Size
                   all        444      11487      0.504      0.594      0.547      0.261

      Epoch    GPU_mem   box_loss   cls_loss   dfl_loss  Instances       Size
                   all        444      11487      0.481       0.57      0.516       0.24

      Epoch    GPU_mem   box_loss   cls_loss   dfl_loss  Instances       Size
                   all        444      11487      0.503      0.603      0.562      0.348

      Epoch    GPU_mem   box_loss   cls_loss   dfl_loss  Instances       Size
                   all        444      11487      0.457      0.592      0.538      0.315

      Epoch    GPU_mem   box_loss   cls_loss   dfl_loss  Instances       Size
                   all        444      11487      0.512        0.6       0.57      0.319

      Epoch    GPU_mem   box_loss   cls_loss   dfl_loss  Instances       Size
                   all        444      11487      0.522       0.61      0.587      0.371

      Epoch    GPU_mem   box_loss   cls_loss   dfl_loss  Instances       Size
                   all        444      11487      0.471      0.609      0.548      0.334

      Epoch    GPU_mem   box_loss   cls_loss   dfl_loss  Instances       Size
                   all        444      11487      0.489      0.595      0.558      0.303

      Epoch    GPU_mem   box_loss   cls_loss   dfl_loss  Instances       Size
                   all        444      11487      0.496      0.596      0.551      0.279

      Epoch    GPU_mem   box_loss   cls_loss   dfl_loss  Instances       Size
                   all        444      11487      0.462      0.584       0.52      0.211

      Epoch    GPU_mem   box_loss   cls_loss   dfl_loss  Instances       Size
                   all        444      11487      0.536      0.603      0.587      0.356

      Epoch    GPU_mem   box_loss   cls_loss   dfl_loss  Instances       Size
                   all        444      11487      0.516      0.604      0.571      0.342

      Epoch    GPU_mem   box_loss   cls_loss   dfl_loss  Instances       Size
                   all        444      11487      0.507      0.593      0.555      0.305

      Epoch    GPU_mem   box_loss   cls_loss   dfl_loss  Instances       Size
                   all        444      11487      0.476      0.569      0.514      0.218

      Epoch    GPU_mem   box_loss   cls_loss   dfl_loss  Instances       Size
                   all        444      11487      0.541      0.606       0.59      0.327

      Epoch    GPU_mem   box_loss   cls_loss   dfl_loss  Instances       Size
                   all        444      11487      0.527       0.61      0.589      0.356

      Epoch    GPU_mem   box_loss   cls_loss   dfl_loss  Instances       Size
                   all        444      11487      0.478      0.577      0.526      0.251

      Epoch    GPU_mem   box_loss   cls_loss   dfl_loss  Instances       Size
                   all        444      11487      0.497      0.611      0.573      0.355

      Epoch    GPU_mem   box_loss   cls_loss   dfl_loss  Instances       Size
                   all        444      11487      0.526      0.606      0.577      0.302

      Epoch    GPU_mem   box_loss   cls_loss   dfl_loss  Instances       Size
                   all        444      11487      0.513       0.62      0.589      0.352

      Epoch    GPU_mem   box_loss   cls_loss   dfl_loss  Instances       Size
                   all        444      11487      0.499      0.607      0.557      0.295

      Epoch    GPU_mem   box_loss   cls_loss   dfl_loss  Instances       Size
                   all        444      11487      0.526        0.6      0.565      0.293

      Epoch    GPU_mem   box_loss   cls_loss   dfl_loss  Instances       Size
                   all        444      11487       0.51      0.619      0.584      0.366

      Epoch    GPU_mem   box_loss   cls_loss   dfl_loss  Instances       Size
                   all        444      11487      0.519        0.6      0.566      0.345

      Epoch    GPU_mem   box_loss   cls_loss   dfl_loss  Instances       Size
                   all        444      11487      0.534       0.61      0.592      0.358

      Epoch    GPU_mem   box_loss   cls_loss   dfl_loss  Instances       Size
                   all        444      11487       0.51      0.598      0.551      0.296

      Epoch    GPU_mem   box_loss   cls_loss   dfl_loss  Instances       Size
                   all        444      11487       0.53      0.618      0.594       0.37

      Epoch    GPU_mem   box_loss   cls_loss   dfl_loss  Instances       Size
                   all        444      11487      0.496      0.643      0.595      0.357

      Epoch    GPU_mem   box_loss   cls_loss   dfl_loss  Instances       Size
                   all        444      11487      0.529      0.614      0.594      0.339

      Epoch    GPU_mem   box_loss   cls_loss   dfl_loss  Instances       Size
                   all        444      11487      0.515      0.615      0.583      0.299

      Epoch    GPU_mem   box_loss   cls_loss   dfl_loss  Instances       Size
                   all        444      11487      0.528      0.612      0.591      0.329

      Epoch    GPU_mem   box_loss   cls_loss   dfl_loss  Instances       Size
                   all        444      11487      0.528      0.617       0.59      0.349

      Epoch    GPU_mem   box_loss   cls_loss   dfl_loss  Instances       Size
                   all        444      11487      0.537      0.614      0.597      0.347

      Epoch    GPU_mem   box_loss   cls_loss   dfl_loss  Instances       Size
                   all        444      11487      0.539      0.631      0.613      0.384

      Epoch    GPU_mem   box_loss   cls_loss   dfl_loss  Instances       Size
                   all        444      11487       0.51       0.59      0.554      0.253

      Epoch    GPU_mem   box_loss   cls_loss   dfl_loss  Instances       Size
                   all        444      11487      0.523      0.624      0.595      0.311

      Epoch    GPU_mem   box_loss   cls_loss   dfl_loss  Instances       Size
                   all        444      11487      0.538      0.622      0.606      0.365

      Epoch    GPU_mem   box_loss   cls_loss   dfl_loss  Instances       Size
                   all        444      11487      0.509      0.601      0.558      0.239

      Epoch    GPU_mem   box_loss   cls_loss   dfl_loss  Instances       Size
                   all        444      11487      0.536      0.612      0.589      0.307

      Epoch    GPU_mem   box_loss   cls_loss   dfl_loss  Instances       Size
                   all        444      11487      0.531       0.62      0.597      0.327

      Epoch    GPU_mem   box_loss   cls_loss   dfl_loss  Instances       Size
                   all        444      11487      0.533      0.631      0.612      0.368

      Epoch    GPU_mem   box_loss   cls_loss   dfl_loss  Instances       Size
                   all        444      11487       0.55      0.618      0.605      0.357

      Epoch    GPU_mem   box_loss   cls_loss   dfl_loss  Instances       Size
                   all        444      11487      0.513      0.622      0.588      0.315

      Epoch    GPU_mem   box_loss   cls_loss   dfl_loss  Instances       Size
                   all        444      11487      0.517      0.592      0.558      0.273

      Epoch    GPU_mem   box_loss   cls_loss   dfl_loss  Instances       Size
                   all        444      11487       0.55      0.617      0.602      0.336

      Epoch    GPU_mem   box_loss   cls_loss   dfl_loss  Instances       Size
                   all        444      11487      0.535      0.611      0.594       0.35

      Epoch    GPU_mem   box_loss   cls_loss   dfl_loss  Instances       Size
                   all        444      11487      0.538      0.625      0.595      0.351

      Epoch    GPU_mem   box_loss   cls_loss   dfl_loss  Instances       Size
                   all        444      11487      0.547      0.612      0.606      0.365

      Epoch    GPU_mem   box_loss   cls_loss   dfl_loss  Instances       Size
                   all        444      11487      0.552      0.619      0.599      0.311

      Epoch    GPU_mem   box_loss   cls_loss   dfl_loss  Instances       Size
                   all        444      11487       0.55      0.609      0.599      0.347

      Epoch    GPU_mem   box_loss   cls_loss   dfl_loss  Instances       Size
                   all        444      11487      0.558      0.626      0.613      0.349

      Epoch    GPU_mem   box_loss   cls_loss   dfl_loss  Instances       Size
                   all        444      11487      0.542      0.622      0.602       0.33

      Epoch    GPU_mem   box_loss   cls_loss   dfl_loss  Instances       Size
                   all        444      11487      0.546      0.613      0.604      0.354

      Epoch    GPU_mem   box_loss   cls_loss   dfl_loss  Instances       Size
                   all        444      11487      0.535      0.632       0.61      0.371

      Epoch    GPU_mem   box_loss   cls_loss   dfl_loss  Instances       Size
                   all        444      11487      0.538      0.619        0.6      0.341

      Epoch    GPU_mem   box_loss   cls_loss   dfl_loss  Instances       Size
                   all        444      11487      0.561      0.611      0.605      0.369

      Epoch    GPU_mem   box_loss   cls_loss   dfl_loss  Instances       Size
                   all        444      11487      0.563      0.625      0.614      0.342

      Epoch    GPU_mem   box_loss   cls_loss   dfl_loss  Instances       Size
                   all        444      11487      0.549      0.614      0.606      0.368

      Epoch    GPU_mem   box_loss   cls_loss   dfl_loss  Instances       Size
                   all        444      11487      0.547      0.626      0.599      0.325

      Epoch    GPU_mem   box_loss   cls_loss   dfl_loss  Instances       Size
                   all        444      11487      0.562      0.624      0.614      0.381

      Epoch    GPU_mem   box_loss   cls_loss   dfl_loss  Instances       Size
                   all        444      11487       0.55      0.615      0.601      0.318

      Epoch    GPU_mem   box_loss   cls_loss   dfl_loss  Instances       Size
                   all        444      11487      0.554      0.627      0.617       0.36

      Epoch    GPU_mem   box_loss   cls_loss   dfl_loss  Instances       Size
                   all        444      11487      0.556      0.615      0.613      0.358

      Epoch    GPU_mem   box_loss   cls_loss   dfl_loss  Instances       Size
                   all        444      11487      0.537      0.607      0.585      0.287

      Epoch    GPU_mem   box_loss   cls_loss   dfl_loss  Instances       Size
                   all        444      11487      0.564      0.628      0.621      0.368

      Epoch    GPU_mem   box_loss   cls_loss   dfl_loss  Instances       Size
                   all        444      11487      0.568      0.619      0.617      0.386

      Epoch    GPU_mem   box_loss   cls_loss   dfl_loss  Instances       Size
                   all        444      11487      0.566      0.618      0.611      0.344

      Epoch    GPU_mem   box_loss   cls_loss   dfl_loss  Instances       Size
                   all        444      11487      0.548      0.634      0.604      0.323

      Epoch    GPU_mem   box_loss   cls_loss   dfl_loss  Instances       Size
                   all        444      11487      0.551      0.633       0.61      0.333

      Epoch    GPU_mem   box_loss   cls_loss   dfl_loss  Instances       Size
                   all        444      11487      0.556      0.622      0.611      0.358

      Epoch    GPU_mem   box_loss   cls_loss   dfl_loss  Instances       Size
                   all        444      11487      0.553      0.633      0.615      0.351

      Epoch    GPU_mem   box_loss   cls_loss   dfl_loss  Instances       Size
                   all        444      11487      0.573      0.626      0.618      0.371

      Epoch    GPU_mem   box_loss   cls_loss   dfl_loss  Instances       Size
                   all        444      11487      0.567      0.625      0.625      0.379

      Epoch    GPU_mem   box_loss   cls_loss   dfl_loss  Instances       Size
                   all        444      11487      0.566      0.626      0.612      0.328

      Epoch    GPU_mem   box_loss   cls_loss   dfl_loss  Instances       Size
                   all        444      11487      0.545      0.634      0.614      0.374

      Epoch    GPU_mem   box_loss   cls_loss   dfl_loss  Instances       Size
                   all        444      11487      0.559      0.633      0.615      0.358

      Epoch    GPU_mem   box_loss   cls_loss   dfl_loss  Instances       Size
                   all        444      11487      0.547      0.636      0.615      0.369

      Epoch    GPU_mem   box_loss   cls_loss   dfl_loss  Instances       Size
                   all        444      11487      0.556      0.639      0.618      0.369

      Epoch    GPU_mem   box_loss   cls_loss   dfl_loss  Instances       Size
                   all        444      11487      0.555      0.628      0.617      0.347

      Epoch    GPU_mem   box_loss   cls_loss   dfl_loss  Instances       Size
                   all        444      11487      0.559      0.627      0.616      0.356

      Epoch    GPU_mem   box_loss   cls_loss   dfl_loss  Instances       Size
                   all        444      11487      0.558      0.637      0.625      0.379

      Epoch    GPU_mem   box_loss   cls_loss   dfl_loss  Instances       Size
                   all        444      11487      0.558      0.623      0.616       0.36

      Epoch    GPU_mem   box_loss   cls_loss   dfl_loss  Instances       Size
                   all        444      11487       0.57      0.632       0.62      0.366

      Epoch    GPU_mem   box_loss   cls_loss   dfl_loss  Instances       Size
                   all        444      11487       0.56      0.622      0.616      0.344

      Epoch    GPU_mem   box_loss   cls_loss   dfl_loss  Instances       Size
                   all        444      11487      0.564       0.64      0.627      0.378

      Epoch    GPU_mem   box_loss   cls_loss   dfl_loss  Instances       Size
                   all        444      11487      0.572      0.628      0.619      0.377

      Epoch    GPU_mem   box_loss   cls_loss   dfl_loss  Instances       Size
                   all        444      11487      0.565       0.63      0.622      0.365

      Epoch    GPU_mem   box_loss   cls_loss   dfl_loss  Instances       Size
                   all        444      11487      0.564      0.631      0.612      0.339

      Epoch    GPU_mem   box_loss   cls_loss   dfl_loss  Instances       Size
                   all        444      11487      0.565      0.625      0.619      0.356

      Epoch    GPU_mem   box_loss   cls_loss   dfl_loss  Instances       Size
                   all        444      11487      0.564      0.624      0.615      0.345

      Epoch    GPU_mem   box_loss   cls_loss   dfl_loss  Instances       Size
                   all        444      11487      0.564      0.621      0.615      0.342

      Epoch    GPU_mem   box_loss   cls_loss   dfl_loss  Instances       Size
                   all        444      11487      0.564      0.625      0.615      0.349

      Epoch    GPU_mem   box_loss   cls_loss   dfl_loss  Instances       Size
                   all        444      11487      0.562      0.622      0.611      0.336

      Epoch    GPU_mem   box_loss   cls_loss   dfl_loss  Instances       Size
                   all        444      11487       0.56      0.626      0.618      0.366

      Epoch    GPU_mem   box_loss   cls_loss   dfl_loss  Instances       Size
                   all        444      11487      0.567      0.627      0.617      0.347

      Epoch    GPU_mem   box_loss   cls_loss   dfl_loss  Instances       Size
                   all        444      11487      0.561      0.627      0.619      0.367

      Epoch    GPU_mem   box_loss   cls_loss   dfl_loss  Instances       Size
                   all        444      11487      0.558      0.629      0.617      0.361

      Epoch    GPU_mem   box_loss   cls_loss   dfl_loss  Instances       Size
                   all        444      11487      0.566      0.623      0.614      0.348

      Epoch    GPU_mem   box_loss   cls_loss   dfl_loss  Instances       Size
                   all        444      11487      0.558      0.631       0.62       0.36

      Epoch    GPU_mem   box_loss   cls_loss   dfl_loss  Instances       Size
                   all        444      11487      0.559      0.633      0.615      0.339

      Epoch    GPU_mem   box_loss   cls_loss   dfl_loss  Instances       Size
                   all        444      11487      0.557      0.627      0.617      0.351

      Epoch    GPU_mem   box_loss   cls_loss   dfl_loss  Instances       Size
                   all        444      11487      0.549      0.638      0.617      0.348

      Epoch    GPU_mem   box_loss   cls_loss   dfl_loss  Instances       Size
                   all        444      11487      0.562      0.621      0.618      0.341

      Epoch    GPU_mem   box_loss   cls_loss   dfl_loss  Instances       Size
                   all        444      11487      0.557       0.63      0.617      0.352

      Epoch    GPU_mem   box_loss   cls_loss   dfl_loss  Instances       Size
                   all        444      11487       0.57      0.627      0.622      0.373

      Epoch    GPU_mem   box_loss   cls_loss   dfl_loss  Instances       Size
                   all        444      11487      0.558      0.629      0.616      0.343

      Epoch    GPU_mem   box_loss   cls_loss   dfl_loss  Instances       Size
                   all        444      11487      0.564      0.622      0.619      0.361

      Epoch    GPU_mem   box_loss   cls_loss   dfl_loss  Instances       Size
                   all        444      11487      0.577      0.616      0.621      0.364

      Epoch    GPU_mem   box_loss   cls_loss   dfl_loss  Instances       Size
                   all        444      11487      0.563      0.637      0.622      0.364

      Epoch    GPU_mem   box_loss   cls_loss   dfl_loss  Instances       Size
                   all        444      11487      0.573      0.619      0.617      0.351

      Epoch    GPU_mem   box_loss   cls_loss   dfl_loss  Instances       Size
                   all        444      11487      0.578      0.612      0.619      0.356

      Epoch    GPU_mem   box_loss   cls_loss   dfl_loss  Instances       Size
                   all        444      11487      0.571      0.624      0.621      0.363

      Epoch    GPU_mem   box_loss   cls_loss   dfl_loss  Instances       Size
                   all        444      11487      0.575      0.624       0.62      0.364

      Epoch    GPU_mem   box_loss   cls_loss   dfl_loss  Instances       Size
                   all        444      11487      0.564      0.633      0.619      0.362

      Epoch    GPU_mem   box_loss   cls_loss   dfl_loss  Instances       Size
                   all        444      11487      0.566      0.626      0.619      0.357

      Epoch    GPU_mem   box_loss   cls_loss   dfl_loss  Instances       Size
                   all        444      11487      0.568      0.626      0.619      0.357

      Epoch    GPU_mem   box_loss   cls_loss   dfl_loss  Instances       Size
                   all        444      11487      0.568      0.625      0.618      0.363

      Epoch    GPU_mem   box_loss   cls_loss   dfl_loss  Instances       Size
                   all        444      11487      0.572      0.621      0.621      0.367

      Epoch    GPU_mem   box_loss   cls_loss   dfl_loss  Instances       Size
                   all        444      11487      0.561      0.632      0.619      0.353

      Epoch    GPU_mem   box_loss   cls_loss   dfl_loss  Instances       Size
                   all        444      11487      0.557       0.64      0.621      0.365

      Epoch    GPU_mem   box_loss   cls_loss   dfl_loss  Instances       Size
                   all        444      11487      0.565      0.632      0.621      0.365

      Epoch    GPU_mem   box_loss   cls_loss   dfl_loss  Instances       Size
                   all        444      11487      0.563       0.63       0.62      0.369

      Epoch    GPU_mem   box_loss   cls_loss   dfl_loss  Instances       Size
                   all        444      11487      0.557      0.636      0.619      0.362

      Epoch    GPU_mem   box_loss   cls_loss   dfl_loss  Instances       Size
                   all        444      11487       0.56      0.631       0.62      0.365

      Epoch    GPU_mem   box_loss   cls_loss   dfl_loss  Instances       Size
                   all        444      11487       0.56      0.635      0.622      0.367

      Epoch    GPU_mem   box_loss   cls_loss   dfl_loss  Instances       Size
                   all        444      11487      0.564      0.627      0.618      0.359

      Epoch    GPU_mem   box_loss   cls_loss   dfl_loss  Instances       Size
                   all        444      11487      0.569      0.625      0.618      0.358

      Epoch    GPU_mem   box_loss   cls_loss   dfl_loss  Instances       Size
                   all        444      11487      0.565      0.632       0.62      0.358

      Epoch    GPU_mem   box_loss   cls_loss   dfl_loss  Instances       Size
                   all        444      11487      0.572      0.621      0.619      0.361

      Epoch    GPU_mem   box_loss   cls_loss   dfl_loss  Instances       Size
                   all        444      11487       0.57      0.623       0.62      0.363

      Epoch    GPU_mem   box_loss   cls_loss   dfl_loss  Instances       Size
                   all        444      11487      0.569      0.623      0.619       0.36

      Epoch    GPU_mem   box_loss   cls_loss   dfl_loss  Instances       Size
                   all        444      11487      0.572      0.621      0.619       0.36

      Epoch    GPU_mem   box_loss   cls_loss   dfl_loss  Instances       Size
                   all        444      11487       0.57      0.623       0.62      0.361

      Epoch    GPU_mem   box_loss   cls_loss   dfl_loss  Instances       Size
                   all        444      11487      0.574      0.619       0.62      0.365

      Epoch    GPU_mem   box_loss   cls_loss   dfl_loss  Instances       Size
                   all        444      11487      0.571      0.625      0.621      0.367
Closing dataloader mosaic

      Epoch    GPU_mem   box_loss   cls_loss   dfl_loss  Instances       Size
                   all        444      11487      0.549      0.634      0.607      0.357

      Epoch    GPU_mem   box_loss   cls_loss   dfl_loss  Instances       Size
                   all        444      11487      0.555      0.621      0.605      0.349

      Epoch    GPU_mem   box_loss   cls_loss   dfl_loss  Instances       Size
                   all        444      11487      0.558      0.627      0.609      0.352

      Epoch    GPU_mem   box_loss   cls_loss   dfl_loss  Instances       Size
                   all        444      11487      0.563      0.625      0.611      0.351

      Epoch    GPU_mem   box_loss   cls_loss   dfl_loss  Instances       Size
                   all        444      11487      0.566       0.62      0.612      0.349

      Epoch    GPU_mem   box_loss   cls_loss   dfl_loss  Instances       Size
                   all        444      11487      0.569      0.618      0.614      0.352

      Epoch    GPU_mem   box_loss   cls_loss   dfl_loss  Instances       Size
                   all        444      11487      0.566      0.619      0.613      0.351

      Epoch    GPU_mem   box_loss   cls_loss   dfl_loss  Instances       Size
                   all        444      11487      0.567      0.621      0.614      0.356

      Epoch    GPU_mem   box_loss   cls_loss   dfl_loss  Instances       Size
                   all        444      11487      0.567      0.623      0.614      0.357

      Epoch    GPU_mem   box_loss   cls_loss   dfl_loss  Instances       Size
                   all        444      11487      0.564      0.624      0.612      0.348

200 epochs completed in 3.861 hours.
Optimizer stripped from yolo/basic_box/default_aug/img512_ep200_yolo11m/weights/last.pt, 40.5MB
Optimizer stripped from yolo/basic_box/default_aug/img512_ep200_yolo11m/weights/best.pt, 40.5MB

Validating yolo/basic_box/default_aug/img512_ep200_yolo11m/weights/best.pt...
Ultralytics 8.3.88 🚀 Python-3.10.12 torch-2.6.0+cu124 CUDA:0 (Tesla P100-PCIE-16GB, 16269MiB)
YOLO11m summary (fused): 125 layers, 20,031,574 parameters, 0 gradients, 67.7 GFLOPs
                   all        444      11487      0.567       0.62      0.617      0.386
            lymphocyte        375       7293      0.681      0.731      0.756      0.453
              monocyte        400       4194      0.453      0.508      0.478      0.319
Speed: 0.2ms preprocess, 8.4ms inference, 0.0ms loss, 1.5ms postprocess per image
Results saved to [1myolo/basic_box/default_aug/img512_ep200_yolo11m[0m

Validating yolo with iou=0.3
Ultralytics 8.3.88 🚀 Python-3.10.12 torch-2.6.0+cu124 CUDA:0 (Tesla P100-PCIE-16GB, 16269MiB)
YOLO11m summary (fused): 125 layers, 20,031,574 parameters, 0 gradients, 67.7 GFLOPs
                   all        444      11487      0.571      0.599      0.563      0.353
            lymphocyte        375       7293      0.684      0.716      0.705      0.429
              monocyte        400       4194      0.457      0.483      0.421      0.277
Speed: 0.7ms preprocess, 9.5ms inference, 0.0ms loss, 1.2ms postprocess per image
Results saved to [1myolo/basic_box/default_aug/img512_ep200_yolo11m/iou0.3[0m

Validating yolo with iou=0.1
Ultralytics 8.3.88 🚀 Python-3.10.12 torch-2.6.0+cu124 CUDA:0 (Tesla P100-PCIE-16GB, 16269MiB)
                   all        444      11487      0.569      0.463      0.458       0.29
            lymphocyte        375       7293      0.687      0.569      0.593      0.365
              monocyte        400       4194      0.451      0.357      0.323      0.216
Speed: 0.4ms preprocess, 9.6ms inference, 0.0ms loss, 1.1ms postprocess per image
Results saved to [1myolo/basic_box/default_aug/img512_ep200_yolo11m/iou0.1[0m
